<?xml version="1.0"?>
<suiteResults>
  <FitNesseVersion>v20151230</FitNesseVersion>
  <rootPath>BizOpsAutomation.SalesForce.FinecastRegressionSuite</rootPath>
  <pageHistoryReference>
    <name>BizOpsAutomation.SalesForce.FinecastRegressionSuite.AustraliaSuite.Test01LogInUserTest</name>
    <date>2019-10-08T13:25:27-04:00</date>
    <pageHistoryLink>BizOpsAutomation.SalesForce.FinecastRegressionSuite.AustraliaSuite.Test01LogInUserTest?pageHistory&amp;resultDate=20191008132527</pageHistoryLink>
    <counts>
      <right>13</right>
      <wrong>0</wrong>
      <ignores>0</ignores>
      <exceptions>0</exceptions>
    </counts>
    <runTimeInMillis>35935</runTimeInMillis>
  </pageHistoryReference>
  <pageHistoryReference>
    <name>BizOpsAutomation.SalesForce.FinecastRegressionSuite.AustraliaSuite.Test02CreateParentAgencyTest</name>
    <date>2019-10-08T13:26:03-04:00</date>
    <pageHistoryLink>BizOpsAutomation.SalesForce.FinecastRegressionSuite.AustraliaSuite.Test02CreateParentAgencyTest?pageHistory&amp;resultDate=20191008132603</pageHistoryLink>
    <counts>
      <right>14</right>
      <wrong>0</wrong>
      <ignores>0</ignores>
      <exceptions>0</exceptions>
    </counts>
    <runTimeInMillis>14828</runTimeInMillis>
  </pageHistoryReference>
  <pageHistoryReference>
    <name>BizOpsAutomation.SalesForce.FinecastRegressionSuite.AustraliaSuite.Test02bCreateChildAgencyTest</name>
    <date>2019-10-08T13:26:18-04:00</date>
    <pageHistoryLink>BizOpsAutomation.SalesForce.FinecastRegressionSuite.AustraliaSuite.Test02bCreateChildAgencyTest?pageHistory&amp;resultDate=20191008132618</pageHistoryLink>
    <counts>
      <right>14</right>
      <wrong>0</wrong>
      <ignores>0</ignores>
      <exceptions>0</exceptions>
    </counts>
    <runTimeInMillis>15099</runTimeInMillis>
  </pageHistoryReference>
  <pageHistoryReference>
    <name>BizOpsAutomation.SalesForce.FinecastRegressionSuite.AustraliaSuite.Test03CreateParentAdvertiserTest</name>
    <date>2019-10-08T13:26:33-04:00</date>
    <pageHistoryLink>BizOpsAutomation.SalesForce.FinecastRegressionSuite.AustraliaSuite.Test03CreateParentAdvertiserTest?pageHistory&amp;resultDate=20191008132633</pageHistoryLink>
    <counts>
      <right>11</right>
      <wrong>0</wrong>
      <ignores>0</ignores>
      <exceptions>0</exceptions>
    </counts>
    <runTimeInMillis>13402</runTimeInMillis>
  </pageHistoryReference>
  <pageHistoryReference>
    <name>BizOpsAutomation.SalesForce.FinecastRegressionSuite.AustraliaSuite.Test03bCreateChildAdvertiserTest</name>
    <date>2019-10-08T13:26:46-04:00</date>
    <pageHistoryLink>BizOpsAutomation.SalesForce.FinecastRegressionSuite.AustraliaSuite.Test03bCreateChildAdvertiserTest?pageHistory&amp;resultDate=20191008132646</pageHistoryLink>
    <counts>
      <right>18</right>
      <wrong>0</wrong>
      <ignores>0</ignores>
      <exceptions>0</exceptions>
    </counts>
    <runTimeInMillis>18403</runTimeInMillis>
  </pageHistoryReference>
  <pageHistoryReference>
    <name>BizOpsAutomation.SalesForce.FinecastRegressionSuite.AustraliaSuite.Test03cCreateUkChildAdvertiserTest</name>
    <date>2019-10-08T13:27:05-04:00</date>
    <pageHistoryLink>BizOpsAutomation.SalesForce.FinecastRegressionSuite.AustraliaSuite.Test03cCreateUkChildAdvertiserTest?pageHistory&amp;resultDate=20191008132705</pageHistoryLink>
    <counts>
      <right>18</right>
      <wrong>0</wrong>
      <ignores>0</ignores>
      <exceptions>0</exceptions>
    </counts>
    <runTimeInMillis>18272</runTimeInMillis>
  </pageHistoryReference>
  <pageHistoryReference>
    <name>BizOpsAutomation.SalesForce.FinecastRegressionSuite.AustraliaSuite.Test04CreateFinecastAccountTest</name>
    <date>2019-10-08T13:27:23-04:00</date>
    <pageHistoryLink>BizOpsAutomation.SalesForce.FinecastRegressionSuite.AustraliaSuite.Test04CreateFinecastAccountTest?pageHistory&amp;resultDate=20191008132723</pageHistoryLink>
    <counts>
      <right>31</right>
      <wrong>0</wrong>
      <ignores>0</ignores>
      <exceptions>0</exceptions>
    </counts>
    <runTimeInMillis>36328</runTimeInMillis>
  </pageHistoryReference>
  <pageHistoryReference>
    <name>BizOpsAutomation.SalesForce.FinecastRegressionSuite.AustraliaSuite.Test04bVerifyAllButtonsOnAccountTest</name>
    <date>2019-10-08T13:27:59-04:00</date>
    <pageHistoryLink>BizOpsAutomation.SalesForce.FinecastRegressionSuite.AustraliaSuite.Test04bVerifyAllButtonsOnAccountTest?pageHistory&amp;resultDate=20191008132759</pageHistoryLink>
    <counts>
      <right>29</right>
      <wrong>0</wrong>
      <ignores>0</ignores>
      <exceptions>0</exceptions>
    </counts>
    <runTimeInMillis>48809</runTimeInMillis>
  </pageHistoryReference>
  <pageHistoryReference>
    <name>BizOpsAutomation.SalesForce.FinecastRegressionSuite.AustraliaSuite.Test05CreateFinecastOpportunityTest</name>
    <date>2019-10-08T13:28:48-04:00</date>
    <pageHistoryLink>BizOpsAutomation.SalesForce.FinecastRegressionSuite.AustraliaSuite.Test05CreateFinecastOpportunityTest?pageHistory&amp;resultDate=20191008132848</pageHistoryLink>
    <counts>
      <right>15</right>
      <wrong>0</wrong>
      <ignores>0</ignores>
      <exceptions>0</exceptions>
    </counts>
    <runTimeInMillis>15401</runTimeInMillis>
  </pageHistoryReference>
  <pageHistoryReference>
    <name>BizOpsAutomation.SalesForce.FinecastRegressionSuite.AustraliaSuite.Test06CreateContactRolestest</name>
    <date>2019-10-08T13:29:04-04:00</date>
    <pageHistoryLink>BizOpsAutomation.SalesForce.FinecastRegressionSuite.AustraliaSuite.Test06CreateContactRolestest?pageHistory&amp;resultDate=20191008132904</pageHistoryLink>
    <counts>
      <right>9</right>
      <wrong>0</wrong>
      <ignores>0</ignores>
      <exceptions>0</exceptions>
    </counts>
    <runTimeInMillis>13005</runTimeInMillis>
  </pageHistoryReference>
  <pageHistoryReference>
    <name>BizOpsAutomation.SalesForce.FinecastRegressionSuite.AustraliaSuite.Test07aVerifyAllFieldsForBuyLineTest</name>
    <date>2019-10-08T13:29:17-04:00</date>
    <pageHistoryLink>BizOpsAutomation.SalesForce.FinecastRegressionSuite.AustraliaSuite.Test07aVerifyAllFieldsForBuyLineTest?pageHistory&amp;resultDate=20191008132917</pageHistoryLink>
    <counts>
      <right>0</right>
      <wrong>0</wrong>
      <ignores>0</ignores>
      <exceptions>0</exceptions>
    </counts>
    <runTimeInMillis>252</runTimeInMillis>
  </pageHistoryReference>
  <pageHistoryReference>
    <name>BizOpsAutomation.SalesForce.FinecastRegressionSuite.AustraliaSuite.Test07bCreateBuyLineTest</name>
    <date>2019-10-08T13:29:17-04:00</date>
    <pageHistoryLink>BizOpsAutomation.SalesForce.FinecastRegressionSuite.AustraliaSuite.Test07bCreateBuyLineTest?pageHistory&amp;resultDate=20191008132917</pageHistoryLink>
    <counts>
      <right>17</right>
      <wrong>0</wrong>
      <ignores>0</ignores>
      <exceptions>0</exceptions>
    </counts>
    <runTimeInMillis>16912</runTimeInMillis>
  </pageHistoryReference>
  <pageHistoryReference>
    <name>BizOpsAutomation.SalesForce.FinecastRegressionSuite.AustraliaSuite.Test07cVerifyAllButtonsOnOppTest</name>
    <date>2019-10-08T13:29:34-04:00</date>
    <pageHistoryLink>BizOpsAutomation.SalesForce.FinecastRegressionSuite.AustraliaSuite.Test07cVerifyAllButtonsOnOppTest?pageHistory&amp;resultDate=20191008132934</pageHistoryLink>
    <counts>
      <right>25</right>
      <wrong>0</wrong>
      <ignores>0</ignores>
      <exceptions>1</exceptions>
    </counts>
    <runTimeInMillis>92745</runTimeInMillis>
  </pageHistoryReference>
  <pageHistoryReference>
    <name>BizOpsAutomation.SalesForce.FinecastRegressionSuite.AustraliaSuite.Test08AddOpportunityTeamTest</name>
    <date>2019-10-08T13:31:07-04:00</date>
    <pageHistoryLink>BizOpsAutomation.SalesForce.FinecastRegressionSuite.AustraliaSuite.Test08AddOpportunityTeamTest?pageHistory&amp;resultDate=20191008133107</pageHistoryLink>
    <counts>
      <right>11</right>
      <wrong>0</wrong>
      <ignores>0</ignores>
      <exceptions>0</exceptions>
    </counts>
    <runTimeInMillis>15830</runTimeInMillis>
  </pageHistoryReference>
  <pageHistoryReference>
    <name>BizOpsAutomation.SalesForce.FinecastRegressionSuite.AustraliaSuite.Test09aCreateCaseAvailsTest</name>
    <date>2019-10-08T13:31:23-04:00</date>
    <pageHistoryLink>BizOpsAutomation.SalesForce.FinecastRegressionSuite.AustraliaSuite.Test09aCreateCaseAvailsTest?pageHistory&amp;resultDate=20191008133123</pageHistoryLink>
    <counts>
      <right>13</right>
      <wrong>0</wrong>
      <ignores>0</ignores>
      <exceptions>0</exceptions>
    </counts>
    <runTimeInMillis>21429</runTimeInMillis>
  </pageHistoryReference>
  <pageHistoryReference>
    <name>BizOpsAutomation.SalesForce.FinecastRegressionSuite.AustraliaSuite.Test09bCloseCaseAvailsTest</name>
    <date>2019-10-08T13:31:45-04:00</date>
    <pageHistoryLink>BizOpsAutomation.SalesForce.FinecastRegressionSuite.AustraliaSuite.Test09bCloseCaseAvailsTest?pageHistory&amp;resultDate=20191008133145</pageHistoryLink>
    <counts>
      <right>5</right>
      <wrong>0</wrong>
      <ignores>0</ignores>
      <exceptions>0</exceptions>
    </counts>
    <runTimeInMillis>9518</runTimeInMillis>
  </pageHistoryReference>
  <pageHistoryReference>
    <name>BizOpsAutomation.SalesForce.FinecastRegressionSuite.AustraliaSuite.Test11UpdateOppStagesTest</name>
    <date>2019-10-08T13:31:54-04:00</date>
    <pageHistoryLink>BizOpsAutomation.SalesForce.FinecastRegressionSuite.AustraliaSuite.Test11UpdateOppStagesTest?pageHistory&amp;resultDate=20191008133154</pageHistoryLink>
    <counts>
      <right>33</right>
      <wrong>0</wrong>
      <ignores>0</ignores>
      <exceptions>0</exceptions>
    </counts>
    <runTimeInMillis>55521</runTimeInMillis>
  </pageHistoryReference>
  <pageHistoryReference>
    <name>BizOpsAutomation.SalesForce.FinecastRegressionSuite.AustraliaSuite.Test12aDeleteCaseAvailsTest</name>
    <date>2019-10-08T13:32:50-04:00</date>
    <pageHistoryLink>BizOpsAutomation.SalesForce.FinecastRegressionSuite.AustraliaSuite.Test12aDeleteCaseAvailsTest?pageHistory&amp;resultDate=20191008133250</pageHistoryLink>
    <counts>
      <right>6</right>
      <wrong>0</wrong>
      <ignores>0</ignores>
      <exceptions>0</exceptions>
    </counts>
    <runTimeInMillis>8785</runTimeInMillis>
  </pageHistoryReference>
  <pageHistoryReference>
    <name>BizOpsAutomation.SalesForce.FinecastRegressionSuite.AustraliaSuite.Test12bDeleteOpportunityTest</name>
    <date>2019-10-08T13:32:59-04:00</date>
    <pageHistoryLink>BizOpsAutomation.SalesForce.FinecastRegressionSuite.AustraliaSuite.Test12bDeleteOpportunityTest?pageHistory&amp;resultDate=20191008133259</pageHistoryLink>
    <counts>
      <right>8</right>
      <wrong>0</wrong>
      <ignores>0</ignores>
      <exceptions>0</exceptions>
    </counts>
    <runTimeInMillis>16967</runTimeInMillis>
  </pageHistoryReference>
  <pageHistoryReference>
    <name>BizOpsAutomation.SalesForce.FinecastRegressionSuite.AustraliaSuite.Test12cDeleteAccountTest</name>
    <date>2019-10-08T13:33:16-04:00</date>
    <pageHistoryLink>BizOpsAutomation.SalesForce.FinecastRegressionSuite.AustraliaSuite.Test12cDeleteAccountTest?pageHistory&amp;resultDate=20191008133316</pageHistoryLink>
    <counts>
      <right>4</right>
      <wrong>0</wrong>
      <ignores>0</ignores>
      <exceptions>0</exceptions>
    </counts>
    <runTimeInMillis>6736</runTimeInMillis>
  </pageHistoryReference>
  <pageHistoryReference>
    <name>BizOpsAutomation.SalesForce.FinecastRegressionSuite.AustraliaSuite.Test12dDeleteChildAgencyTest</name>
    <date>2019-10-08T13:33:23-04:00</date>
    <pageHistoryLink>BizOpsAutomation.SalesForce.FinecastRegressionSuite.AustraliaSuite.Test12dDeleteChildAgencyTest?pageHistory&amp;resultDate=20191008133323</pageHistoryLink>
    <counts>
      <right>4</right>
      <wrong>0</wrong>
      <ignores>0</ignores>
      <exceptions>0</exceptions>
    </counts>
    <runTimeInMillis>5578</runTimeInMillis>
  </pageHistoryReference>
  <pageHistoryReference>
    <name>BizOpsAutomation.SalesForce.FinecastRegressionSuite.AustraliaSuite.Test12eDeleteChildAdvertiserTest</name>
    <date>2019-10-08T13:33:28-04:00</date>
    <pageHistoryLink>BizOpsAutomation.SalesForce.FinecastRegressionSuite.AustraliaSuite.Test12eDeleteChildAdvertiserTest?pageHistory&amp;resultDate=20191008133328</pageHistoryLink>
    <counts>
      <right>4</right>
      <wrong>0</wrong>
      <ignores>0</ignores>
      <exceptions>0</exceptions>
    </counts>
    <runTimeInMillis>5607</runTimeInMillis>
  </pageHistoryReference>
  <pageHistoryReference>
    <name>BizOpsAutomation.SalesForce.FinecastRegressionSuite.AustraliaSuite.Test12fDeleteAusChildAdvertiserTest</name>
    <date>2019-10-08T13:33:34-04:00</date>
    <pageHistoryLink>BizOpsAutomation.SalesForce.FinecastRegressionSuite.AustraliaSuite.Test12fDeleteAusChildAdvertiserTest?pageHistory&amp;resultDate=20191008133334</pageHistoryLink>
    <counts>
      <right>4</right>
      <wrong>0</wrong>
      <ignores>0</ignores>
      <exceptions>0</exceptions>
    </counts>
    <runTimeInMillis>5533</runTimeInMillis>
  </pageHistoryReference>
  <pageHistoryReference>
    <name>BizOpsAutomation.SalesForce.FinecastRegressionSuite.AustraliaSuite.Test12gDeleteParentAgencyTest</name>
    <date>2019-10-08T13:33:40-04:00</date>
    <pageHistoryLink>BizOpsAutomation.SalesForce.FinecastRegressionSuite.AustraliaSuite.Test12gDeleteParentAgencyTest?pageHistory&amp;resultDate=20191008133340</pageHistoryLink>
    <counts>
      <right>4</right>
      <wrong>0</wrong>
      <ignores>0</ignores>
      <exceptions>0</exceptions>
    </counts>
    <runTimeInMillis>5389</runTimeInMillis>
  </pageHistoryReference>
  <pageHistoryReference>
    <name>BizOpsAutomation.SalesForce.FinecastRegressionSuite.AustraliaSuite.Test12hDeleteParentAdvertiserTest</name>
    <date>2019-10-08T13:33:45-04:00</date>
    <pageHistoryLink>BizOpsAutomation.SalesForce.FinecastRegressionSuite.AustraliaSuite.Test12hDeleteParentAdvertiserTest?pageHistory&amp;resultDate=20191008133345</pageHistoryLink>
    <counts>
      <right>4</right>
      <wrong>0</wrong>
      <ignores>0</ignores>
      <exceptions>0</exceptions>
    </counts>
    <runTimeInMillis>5348</runTimeInMillis>
  </pageHistoryReference>
  <pageHistoryReference>
    <name>BizOpsAutomation.SalesForce.FinecastRegressionSuite.AutraliaSuite.Test03cCreateUkChildAdvertiserTest</name>
    <date>2019-10-08T13:33:51-04:00</date>
    <pageHistoryLink>BizOpsAutomation.SalesForce.FinecastRegressionSuite.AutraliaSuite.Test03cCreateUkChildAdvertiserTest?pageHistory&amp;resultDate=20191008133351</pageHistoryLink>
    <counts>
      <right>17</right>
      <wrong>0</wrong>
      <ignores>0</ignores>
      <exceptions>1</exceptions>
    </counts>
    <runTimeInMillis>29228</runTimeInMillis>
  </pageHistoryReference>
  <pageHistoryReference>
    <name>BizOpsAutomation.SalesForce.FinecastRegressionSuite.UnitedKingdomSuite.Test01LogInUserTest</name>
    <date>2019-10-08T13:34:20-04:00</date>
    <pageHistoryLink>BizOpsAutomation.SalesForce.FinecastRegressionSuite.UnitedKingdomSuite.Test01LogInUserTest?pageHistory&amp;resultDate=20191008133420</pageHistoryLink>
    <counts>
      <right>13</right>
      <wrong>0</wrong>
      <ignores>0</ignores>
      <exceptions>0</exceptions>
    </counts>
    <runTimeInMillis>35037</runTimeInMillis>
  </pageHistoryReference>
  <pageHistoryReference>
    <name>BizOpsAutomation.SalesForce.FinecastRegressionSuite.UnitedKingdomSuite.Test02CreateParentAgencyTest</name>
    <date>2019-10-08T13:34:55-04:00</date>
    <pageHistoryLink>BizOpsAutomation.SalesForce.FinecastRegressionSuite.UnitedKingdomSuite.Test02CreateParentAgencyTest?pageHistory&amp;resultDate=20191008133455</pageHistoryLink>
    <counts>
      <right>14</right>
      <wrong>0</wrong>
      <ignores>0</ignores>
      <exceptions>0</exceptions>
    </counts>
    <runTimeInMillis>14271</runTimeInMillis>
  </pageHistoryReference>
  <pageHistoryReference>
    <name>BizOpsAutomation.SalesForce.FinecastRegressionSuite.UnitedKingdomSuite.Test02bCreateChildAgencyTest</name>
    <date>2019-10-08T13:35:09-04:00</date>
    <pageHistoryLink>BizOpsAutomation.SalesForce.FinecastRegressionSuite.UnitedKingdomSuite.Test02bCreateChildAgencyTest?pageHistory&amp;resultDate=20191008133509</pageHistoryLink>
    <counts>
      <right>14</right>
      <wrong>0</wrong>
      <ignores>0</ignores>
      <exceptions>0</exceptions>
    </counts>
    <runTimeInMillis>13972</runTimeInMillis>
  </pageHistoryReference>
  <pageHistoryReference>
    <name>BizOpsAutomation.SalesForce.FinecastRegressionSuite.UnitedKingdomSuite.Test03CreateParentAdvertiserTest</name>
    <date>2019-10-08T13:35:23-04:00</date>
    <pageHistoryLink>BizOpsAutomation.SalesForce.FinecastRegressionSuite.UnitedKingdomSuite.Test03CreateParentAdvertiserTest?pageHistory&amp;resultDate=20191008133523</pageHistoryLink>
    <counts>
      <right>6</right>
      <wrong>0</wrong>
      <ignores>0</ignores>
      <exceptions>1</exceptions>
    </counts>
    <runTimeInMillis>14848</runTimeInMillis>
  </pageHistoryReference>
  <pageHistoryReference>
    <name>BizOpsAutomation.SalesForce.FinecastRegressionSuite.UnitedKingdomSuite.Test03bCreateChildAdvertiserTest</name>
    <date>2019-10-08T13:35:38-04:00</date>
    <pageHistoryLink>BizOpsAutomation.SalesForce.FinecastRegressionSuite.UnitedKingdomSuite.Test03bCreateChildAdvertiserTest?pageHistory&amp;resultDate=20191008133538</pageHistoryLink>
    <counts>
      <right>0</right>
      <wrong>0</wrong>
      <ignores>0</ignores>
      <exceptions>1</exceptions>
    </counts>
    <runTimeInMillis>6803</runTimeInMillis>
  </pageHistoryReference>
  <executionLog>
    <testSystem>slim:fitnesse.slim.SlimService</testSystem>
    <command>"C:/Program Files/Java/jdk1.8.0_91\bin\java" -cp C:\Users\SumonK\.m2\repository\org\fitnesse\fitnesse\20151230\fitnesse-20151230.jar;C:\Users\SumonK\Desktop\FitNesseWithSelenium\target\classes;C:\Users\SumonK\.m2\repository\org\seleniumhq\selenium\selenium-remote-driver\2.53.0\selenium-remote-driver-2.53.0.jar;C:\Users\SumonK\.m2\repository\org\testng\testng\6.9.10\testng-6.9.10.jar;C:\Users\SumonK\.m2\repository\com\relevantcodes\extentreports\2.40.2\extentreports-2.40.2.jar;C:\Users\SumonK\.m2\repository\org\freemarker\freemarker\2.3.23\freemarker-2.3.23.jar;C:\Users\SumonK\.m2\repository\org\jsoup\jsoup\1.8.3\jsoup-1.8.3.jar;C:\Users\SumonK\.m2\repository\net\sourceforge\jexcelapi\jxl\2.6.12\jxl-2.6.12.jar;C:\Users\SumonK\.m2\repository\org\seleniumhq\selenium\selenium-server\2.53.0\selenium-server-2.53.0.jar;C:\Users\SumonK\.m2\repository\org\seleniumhq\selenium\selenium-java\2.53.0\selenium-java-2.53.0.jar;C:\Users\SumonK\.m2\repository\com\beust\jcommander\1.48\jcommander-1.48.jar;C:\Users\SumonK\.m2\repository\org\bouncycastle\bcprov-jdk15on\1.48\bcprov-jdk15on-1.48.jar;C:\Users\SumonK\.m2\repository\org\bouncycastle\bcpkix-jdk15on\1.48\bcpkix-jdk15on-1.48.jar;C:\Users\SumonK\.m2\repository\mx4j\mx4j-tools\3.0.1\mx4j-tools-3.0.1.jar;C:\Users\SumonK\.m2\repository\org\seleniumhq\selenium\jetty-repacked\9.2.13.v20150730\jetty-repacked-9.2.13.v20150730.jar;C:\Users\SumonK\.m2\repository\javax\servlet\javax.servlet-api\3.1.0\javax.servlet-api-3.1.0.jar;C:\Users\SumonK\.m2\repository\org\seleniumhq\selenium\jetty-rc-repacked\5\jetty-rc-repacked-5.jar;C:\Users\SumonK\.m2\repository\net\jcip\jcip-annotations\1.0\jcip-annotations-1.0.jar;C:\Users\SumonK\.m2\repository\org\yaml\snakeyaml\1.8\snakeyaml-1.8.jar;C:\Users\SumonK\.m2\repository\commons-codec\commons-codec\1.10\commons-codec-1.10.jar;C:\Users\SumonK\.m2\repository\org\seleniumhq\selenium\selenium-api\2.53.0\selenium-api-2.53.0.jar;C:\Users\SumonK\.m2\repository\com\google\code\gson\gson\2.3.1\gson-2.3.1.jar;C:\Users\SumonK\.m2\repository\org\apache\httpcomponents\httpclient\4.5.1\httpclient-4.5.1.jar;C:\Users\SumonK\.m2\repository\org\apache\httpcomponents\httpcore\4.4.3\httpcore-4.4.3.jar;C:\Users\SumonK\.m2\repository\commons-logging\commons-logging\1.2\commons-logging-1.2.jar;C:\Users\SumonK\.m2\repository\cglib\cglib-nodep\2.1_3\cglib-nodep-2.1_3.jar;C:\Users\SumonK\.m2\repository\org\apache\commons\commons-exec\1.3\commons-exec-1.3.jar;C:\Users\SumonK\.m2\repository\net\java\dev\jna\jna\4.1.0\jna-4.1.0.jar;C:\Users\SumonK\.m2\repository\net\java\dev\jna\jna-platform\4.1.0\jna-platform-4.1.0.jar;C:\Users\SumonK\.m2\repository\org\seleniumhq\selenium\selenium-chrome-driver\2.53.0\selenium-chrome-driver-2.53.0.jar;C:\Users\SumonK\.m2\repository\org\seleniumhq\selenium\selenium-edge-driver\2.53.0\selenium-edge-driver-2.53.0.jar;C:\Users\SumonK\.m2\repository\commons-io\commons-io\2.4\commons-io-2.4.jar;C:\Users\SumonK\.m2\repository\org\seleniumhq\selenium\selenium-htmlunit-driver\2.53.0\selenium-htmlunit-driver-2.53.0.jar;C:\Users\SumonK\.m2\repository\net\sourceforge\htmlunit\htmlunit\2.18\htmlunit-2.18.jar;C:\Users\SumonK\.m2\repository\xalan\xalan\2.7.2\xalan-2.7.2.jar;C:\Users\SumonK\.m2\repository\xalan\serializer\2.7.2\serializer-2.7.2.jar;C:\Users\SumonK\.m2\repository\org\apache\commons\commons-lang3\3.4\commons-lang3-3.4.jar;C:\Users\SumonK\.m2\repository\org\apache\httpcomponents\httpmime\4.5\httpmime-4.5.jar;C:\Users\SumonK\.m2\repository\net\sourceforge\htmlunit\htmlunit-core-js\2.17\htmlunit-core-js-2.17.jar;C:\Users\SumonK\.m2\repository\xerces\xercesImpl\2.11.0\xercesImpl-2.11.0.jar;C:\Users\SumonK\.m2\repository\xml-apis\xml-apis\1.4.01\xml-apis-1.4.01.jar;C:\Users\SumonK\.m2\repository\net\sourceforge\nekohtml\nekohtml\1.9.22\nekohtml-1.9.22.jar;C:\Users\SumonK\.m2\repository\net\sourceforge\cssparser\cssparser\0.9.16\cssparser-0.9.16.jar;C:\Users\SumonK\.m2\repository\org\w3c\css\sac\1.3\sac-1.3.jar;C:\Users\SumonK\.m2\repository\org\eclipse\jetty\websocket\websocket-client\9.2.12.v20150709\websocket-client-9.2.12.v20150709.jar;C:\Users\SumonK\.m2\repository\org\eclipse\jetty\jetty-util\9.2.12.v20150709\jetty-util-9.2.12.v20150709.jar;C:\Users\SumonK\.m2\repository\org\eclipse\jetty\jetty-io\9.2.12.v20150709\jetty-io-9.2.12.v20150709.jar;C:\Users\SumonK\.m2\repository\org\eclipse\jetty\websocket\websocket-common\9.2.12.v20150709\websocket-common-9.2.12.v20150709.jar;C:\Users\SumonK\.m2\repository\org\eclipse\jetty\websocket\websocket-api\9.2.12.v20150709\websocket-api-9.2.12.v20150709.jar;C:\Users\SumonK\.m2\repository\commons-collections\commons-collections\3.2.2\commons-collections-3.2.2.jar;C:\Users\SumonK\.m2\repository\org\seleniumhq\selenium\selenium-firefox-driver\2.53.0\selenium-firefox-driver-2.53.0.jar;C:\Users\SumonK\.m2\repository\org\seleniumhq\selenium\selenium-ie-driver\2.53.0\selenium-ie-driver-2.53.0.jar;C:\Users\SumonK\.m2\repository\org\seleniumhq\selenium\selenium-safari-driver\2.53.0\selenium-safari-driver-2.53.0.jar;C:\Users\SumonK\.m2\repository\org\seleniumhq\selenium\selenium-support\2.53.0\selenium-support-2.53.0.jar;C:\Users\SumonK\.m2\repository\org\webbitserver\webbit\0.4.14\webbit-0.4.14.jar;C:\Users\SumonK\.m2\repository\io\netty\netty\3.5.2.Final\netty-3.5.2.Final.jar;C:\Users\SumonK\.m2\repository\org\seleniumhq\selenium\selenium-leg-rc\2.53.0\selenium-leg-rc-2.53.0.jar;C:\Users\SumonK\.m2\repository\org\slf4j\slf4j-api\1.7.12\slf4j-api-1.7.12.jar;C:\Users\SumonK\.m2\repository\com\opera\operadriver\1.1\operadriver-1.1.jar;C:\Users\SumonK\.m2\repository\com\opera\operalaunchers\1.1\operalaunchers-1.1.jar;C:\Users\SumonK\.m2\repository\com\google\protobuf\protobuf-java\2.4.1\protobuf-java-2.4.1.jar;C:\Users\SumonK\.m2\repository\commons-jxpath\commons-jxpath\1.3\commons-jxpath-1.3.jar;C:\Users\SumonK\.m2\repository\org\ini4j\ini4j\0.5.2\ini4j-0.5.2.jar;C:\Users\SumonK\.m2\repository\com\codeborne\phantomjsdriver\1.2.1\phantomjsdriver-1.2.1.jar;C:\Users\SumonK\.m2\repository\commons-lang\commons-lang\2.6\commons-lang-2.6.jar;C:\Users\SumonK\.m2\repository\org\json\json\20140107\json-20140107.jar;C:\Users\SumonK\.m2\repository\com\google\guava\guava\14.0\guava-14.0.jar;C:\Users\SumonK\.m2\repository\org\fitnesse\fitnesse\20151230\fitnesse-20151230.jar;C:\Users\SumonK\.m2\repository\org\htmlparser\htmlparser\2.1\htmlparser-2.1.jar;C:\Users\SumonK\.m2\repository\org\htmlparser\htmllexer\2.1\htmllexer-2.1.jar;C:\Users\SumonK\.m2\repository\org\apache\velocity\velocity\1.7\velocity-1.7.jar;C:\Users\SumonK\.m2\repository\com\googlecode\java-diff-utils\diffutils\1.3.0\diffutils-1.3.0.jar;C:\Users\SumonK\.m2\repository\org\slf4j\slf4j-simple\1.7.12\slf4j-simple-1.7.12.jar;C:\Users\SumonK\.m2\repository\org\fitnesse\plugins\maven-classpath-plugin\1.9\maven-classpath-plugin-1.9.jar;C:\Users\SumonK\.m2\repository\org\apache\maven\maven-embedder\3.0.4\maven-embedder-3.0.4.jar;C:\Users\SumonK\.m2\repository\org\apache\maven\maven-settings\3.0.4\maven-settings-3.0.4.jar;C:\Users\SumonK\.m2\repository\org\apache\maven\maven-core\3.0.4\maven-core-3.0.4.jar;C:\Users\SumonK\.m2\repository\org\apache\maven\maven-model\3.0.4\maven-model-3.0.4.jar;C:\Users\SumonK\.m2\repository\org\apache\maven\maven-settings-builder\3.0.4\maven-settings-builder-3.0.4.jar;C:\Users\SumonK\.m2\repository\org\apache\maven\maven-repository-metadata\3.0.4\maven-repository-metadata-3.0.4.jar;C:\Users\SumonK\.m2\repository\org\apache\maven\maven-artifact\3.0.4\maven-artifact-3.0.4.jar;C:\Users\SumonK\.m2\repository\org\apache\maven\maven-aether-provider\3.0.4\maven-aether-provider-3.0.4.jar;C:\Users\SumonK\.m2\repository\org\sonatype\aether\aether-spi\1.13.1\aether-spi-1.13.1.jar;C:\Users\SumonK\.m2\repository\org\sonatype\aether\aether-impl\1.13.1\aether-impl-1.13.1.jar;C:\Users\SumonK\.m2\repository\org\sonatype\aether\aether-api\1.13.1\aether-api-1.13.1.jar;C:\Users\SumonK\.m2\repository\org\sonatype\aether\aether-util\1.13.1\aether-util-1.13.1.jar;C:\Users\SumonK\.m2\repository\org\codehaus\plexus\plexus-interpolation\1.14\plexus-interpolation-1.14.jar;C:\Users\SumonK\.m2\repository\org\apache\maven\maven-plugin-api\3.0.4\maven-plugin-api-3.0.4.jar;C:\Users\SumonK\.m2\repository\org\apache\maven\maven-model-builder\3.0.4\maven-model-builder-3.0.4.jar;C:\Users\SumonK\.m2\repository\org\apache\maven\maven-compat\3.0.4\maven-compat-3.0.4.jar;C:\Users\SumonK\.m2\repository\org\apache\maven\wagon\wagon-provider-api\2.2\wagon-provider-api-2.2.jar;C:\Users\SumonK\.m2\repository\org\codehaus\plexus\plexus-utils\2.0.6\plexus-utils-2.0.6.jar;C:\Users\SumonK\.m2\repository\org\codehaus\plexus\plexus-classworlds\2.4\plexus-classworlds-2.4.jar;C:\Users\SumonK\.m2\repository\org\sonatype\sisu\sisu-inject-plexus\2.3.0\sisu-inject-plexus-2.3.0.jar;C:\Users\SumonK\.m2\repository\org\sonatype\sisu\sisu-inject-bean\2.3.0\sisu-inject-bean-2.3.0.jar;C:\Users\SumonK\.m2\repository\org\sonatype\sisu\sisu-guice\3.1.0\sisu-guice-3.1.0-no_aop.jar;C:\Users\SumonK\.m2\repository\org\sonatype\sisu\sisu-guava\0.9.9\sisu-guava-0.9.9.jar;C:\Users\SumonK\.m2\repository\org\codehaus\plexus\plexus-component-annotations\1.5.5\plexus-component-annotations-1.5.5.jar;C:\Users\SumonK\.m2\repository\org\sonatype\plexus\plexus-sec-dispatcher\1.3\plexus-sec-dispatcher-1.3.jar;C:\Users\SumonK\.m2\repository\org\sonatype\plexus\plexus-cipher\1.7\plexus-cipher-1.7.jar;C:\Users\SumonK\.m2\repository\commons-cli\commons-cli\1.2\commons-cli-1.2.jar fitnesse.slim.SlimService 8088</command>
    <exitCode>1</exitCode>
    <stdOut>:::::::::::::::::: CLOSING ALL INSTANCES OF CHROME BROWSER AND DRIVER ::::::::::::::::::
================= STARTING AUTOMATION TEST ON ENVIRONMENT: STAGING =================
Chrome Browser is used
Navigating to url https://test.salesforce.com
Clicking on LogIn Button
Text value - Sumon Kashem exist as expected
Clicking on Search Button
Clicking on Display Name Link
Clicking on User Action Dropdown
Clicking on User Detail Link
Clicking on LogIn Button
Text value - Logged in as Tania David (tania.david@finecast.com.fcqa2) exist as expected
Clicking on + icon Tab
Clicking on Companies Tab
Clicking on New Button
Clicking on Continue Button
Clicking on Save Button
Text value - Aus QA Test Finecast Parent Agency-191008-0125 exist as expected
Clicking on + icon Tab
Clicking on Companies Tab
Clicking on New Button
Clicking on Continue Button
Clicking on Save Button
Text value - Aus QA Test Finecast Child Agency-191008-0125 exist as expected
Clicking on + icon Tab
Clicking on Companies Tab
Clicking on New Button
Clicking on Continue Button
Clicking on Save Button
Text value - Aus QA Test Finecast Parent Advertiser-191008-0125 exist as expected
Clicking on + icon Tab
Clicking on Companies Tab
Clicking on New Button
Clicking on Continue Button
Clicking on Opt-in Status Date Link
Clicking on Save Button
Text value - Aus QA Test Finecast Child Advertiser-191008-0125 exist as expected
Clicking on + icon Tab
Clicking on Companies Tab
Clicking on New Button
Clicking on Continue Button
Clicking on Opt-in Status Date Link
Clicking on Save Button
Text value - UK QA Test Finecast Child Advertiser-191008-0125 exist as expected
Clicking on Accounts Tab
Clicking on New Button
Clicking on Continue Button
Clicking on Create Account Button
Text value - Agency and Advertiser must be from same Market. exist as expected
Clicking on Create Account Button
Text value - Agency and Advertiser must be from same Market. exist as expected
Attribute value - Aus QA Test Finecast Child Agency-191008-0125 - AUS - Aus QA Test Finecast Child Advertiser-191008-0125 exist as expected
clearing field
Clicking on Save Button
Text value - Finecast exist as expected
Text value - QA Test Finecast AUS Account-191008-0125 [View Hierarchy] exist as expected
Text value - Australia exist as expected
Clicking on Edit Button
clearing field
Clicking on Save Button
Text value - You cannot edit Brand once Account is created exist as expected
Navigating to url https://finecast--fcqa2.my.salesforce.com/0011F00000VxSbn
Clicking on Edit Button
Clicking on Cancel Button
Clicking on Delete Button
Clicking on New Contact Button
Clicking on Cancel Button
Clicking on Merge Contacts Button
Navigating to url https://finecast--fcqa2.my.salesforce.com/0011F00000VxSbn
Clicking on New Opportunity Button
Clicking on Cancel Button
Clicking on New Button
Clicking on Cancel Button
Clicking on New Case Button
Clicking on Cancel Button
Clicking on New Task Button
Clicking on Cancel Button
Clicking on New Event Button
Clicking on Cancel Button
Clicking on Log a Call Button
Clicking on Cancel Button
Clicking on New Note Button
Clicking on Cancel Button
Clicking on Add Team Button
Clicking on Cancel Button
Clicking on Attach File Button
Navigating to url https://finecast--fcqa2.my.salesforce.com/0011F00000VxSbn
Clicking on New Button
clearing field
clearing field
Clicking on Save Button
Text value - QA Test Finecast AUS Opportunity-191008-0125 exist as expected
Text value - 25% exist as expected
Text value - Aus Brand exist as expected
Text value - FC-APAC exist as expected
Navigating to url https://finecast--fcqa2.my.salesforce.com/0061F000007oArEQAU?nooverride=1
Clicking on Contact Roles 'New' Button
clearing field
Clicking on Save Button
Clicking on Save Button
Navigating to url https://finecast--fcqa2.my.salesforce.com/0061F000007oArEQAU?nooverride=1
Clicking on New Buy Line Button
Text value - QA Test Finecast Buy Line-191008-0125 exist as expected
Text value - 4,000 exist as expected
Text value - FC-APAC exist as expected
Navigating to url https://finecast--fcqa2.my.salesforce.com/0061F000007oArEQAU?nooverride=1
Clicking on Edit Button
Clicking on Cancel Button
Clicking on Delete Button
Clicking on Clone Button
Clicking on Cancel Button
Clicking on Change Curreny Code Button
Clicking on Back to Opportunity Button
Clicking on Create Documents Button
Clicking on Back to Opportunity Button
Clicking on Send Email to Opp Button
Clicking on Cancel Button
Clicking on New Avails Case Button
Clicking on Cancel Button
Clicking on New Camp Management Case Button
Clicking on Cancel Button
Clicking on New Creatives Case Button
Clicking on Cancel Button
Clicking on New Buy Line Button
Clicking on Cancel Button
Clicking on New Button
Clicking on Cancel Button
Clicking on Cancel Button
Fail - Unable to click on button/link
Navigating to url https://finecast--fcqa2.my.salesforce.com/0061F000007oArEQAU?nooverride=1
Clicking on Add Button
Clicking on Save Button
Navigating to url https://finecast--fcqa2.my.salesforce.com/0061F000007oArEQAU?nooverride=1
Clicking on New Avails Case Button
Clicking on Opp Buyline Checkbox
Clicking on Add Selected Button
Clicking on Save Button
Text value - Finecast AU Ops [Change] exist as expected
Text value - Avails exist as expected
Navigating to url https://finecast--fcqa2.my.salesforce.com/5001F000004uqgY
Clicking on Close Case Button
Clicking on Save Button
Text value - Closed exist as expected
Navigating to url https://finecast--fcqa2.my.salesforce.com/0061F000007oArEQAU?nooverride=1
Clicking on Edit Button
Clicking on Save Button
Text value - 10% exist as expected
Clicking on Edit Button
Clicking on Save Button
Text value - 25% exist as expected
Clicking on Edit Button
Clicking on Save Button
Text value - 50% exist as expected
Clicking on Edit Button
Clicking on Save Button
Text value - 75% exist as expected
Navigating to url https://finecast--fcqa2.my.salesforce.com/a011F00000BLnRx
Clicking on Edit Button
Clicking on Save Button
Navigating to url https://finecast--fcqa2.my.salesforce.com/0061F000007oArEQAU?nooverride=1
Clicking on Edit Button
Clicking on Save Button
Text value - 100% exist as expected
Clicking on Edit Button
Clicking on Save Button
Text value - 0% exist as expected
Text value - Closed Lost exist as expected
Clicking on User Nav Arrow
Clicking on Log Out Button
Navigating to url https://finecast--fcqa2.my.salesforce.com/5001F000004uqgY
Clicking on Delete Button
Navigating to url https://finecast--fcqa2.my.salesforce.com/0061F000007oArEQAU?nooverride=1
Clicking on Delete Button
Clicking on Delete Anyway Button
Navigating to url https://finecast--fcqa2.my.salesforce.com/0011F00000VxSbn
Clicking on Delete Button
Navigating to url https://finecast--fcqa2.my.salesforce.com/a011F00000BLnRn
Clicking on Delete Button
Navigating to url https://finecast--fcqa2.my.salesforce.com/a011F00000BLnS2
Clicking on Delete Button
Navigating to url https://finecast--fcqa2.my.salesforce.com/a011F00000BLnRx
Clicking on Delete Button
Navigating to url https://finecast--fcqa2.my.salesforce.com/a011F00000BLnRi
Clicking on Delete Button
Navigating to url https://finecast--fcqa2.my.salesforce.com/a011F00000BLnRs
Clicking on Delete Button
Clicking on + icon Tab
Clicking on Companies Tab
Clicking on New Button
Clicking on Continue Button
Clicking on Opt-in Status Date Link
Clicking on Save Button
Fail - Verification object is not present/visible
:::::::::::::::::: CLOSING ALL INSTANCES OF CHROME BROWSER AND DRIVER ::::::::::::::::::
================= STARTING AUTOMATION TEST ON ENVIRONMENT: STAGING =================
Chrome Browser is used
Navigating to url https://test.salesforce.com
Clicking on LogIn Button
Text value - Sumon Kashem exist as expected
Clicking on Search Button
Clicking on Display Name Link
Clicking on User Action Dropdown
Clicking on User Detail Link
Clicking on LogIn Button
Text value - Logged in as Livvy Button (livvy.button@finecast.com.fcqa2) exist as expected
Clicking on + icon Tab
Clicking on Companies Tab
Clicking on New Button
Clicking on Continue Button
Clicking on Save Button
Text value - QA Test Finecast Parent Agency-191008-0125 exist as expected
Clicking on + icon Tab
Clicking on Companies Tab
Clicking on New Button
Clicking on Continue Button
Clicking on Save Button
Text value - QA Test Finecast Child Agency-191008-0125 exist as expected
Clicking on + icon Tab
Clicking on Companies Tab
Clicking on New Button
Clicking on Continue Button
Fail - Unable to enter keyword on input field
Clicking on + icon Tab
Fail - Unable to click on button/link
Clicking on + icon Tab
</stdOut>
    <stdErr>Starting ChromeDriver 2.44.609538 (b655c5a60b0b544917107a59d4153d4bf78e1b90) on port 7034
Only local connections are allowed.
Starting ChromeDriver 2.44.609538 (b655c5a60b0b544917107a59d4153d4bf78e1b90) on port 33655
Only local connections are allowed.
Oct 08, 2019 1:35:35 PM org.openqa.selenium.support.ui.ExpectedConditions findElement
WARNING: WebDriverException thrown by findElement(By.xpath: //*[@id="Name"])
org.openqa.selenium.remote.UnreachableBrowserException: Error communicating with the remote browser. It may have died.
Build info: version: '2.53.0', revision: '35ae25b1534ae328c771e0856c93e187490ca824', time: '2016-03-15 10:43:46'
System info: host: 'EC2AMAZ-FEFP0OS', ip: '10.199.140.93', os.name: 'Windows NT (unknown)', os.arch: 'amd64', os.version: '10.0', java.version: '1.8.0_91'
Driver info: driver.version: RemoteWebDriver
Capabilities [{mobileEmulationEnabled=false, hasTouchScreen=false, platform=XP, acceptSslCerts=false, goog:chromeOptions={debuggerAddress=localhost:50538}, acceptInsecureCerts=false, webStorageEnabled=true, browserName=chrome, takesScreenshot=true, javascriptEnabled=true, setWindowRect=true, unexpectedAlertBehaviour=ignore, applicationCacheEnabled=false, rotatable=false, networkConnectionEnabled=false, chrome={chromedriverVersion=2.44.609538 (b655c5a60b0b544917107a59d4153d4bf78e1b90), userDataDir=C:\Users\SumonK\AppData\Local\Temp\2\scoped_dir2076_19670}, takesHeapSnapshot=true, pageLoadStrategy=normal, databaseEnabled=false, handlesAlerts=true, version=77.0.3865.90, browserConnectionEnabled=false, nativeEvents=true, locationContextEnabled=true, cssSelectorsEnabled=true}]
Session ID: 56b637c7d5960ea1205ef840dfb7643e
	at org.openqa.selenium.remote.RemoteWebDriver.execute(RemoteWebDriver.java:665)
	at org.openqa.selenium.remote.RemoteWebDriver.findElement(RemoteWebDriver.java:363)
	at org.openqa.selenium.remote.RemoteWebDriver.findElementByXPath(RemoteWebDriver.java:500)
	at org.openqa.selenium.By$ByXPath.findElement(By.java:361)
	at org.openqa.selenium.remote.RemoteWebDriver.findElement(RemoteWebDriver.java:355)
	at org.openqa.selenium.support.ui.ExpectedConditions.findElement(ExpectedConditions.java:899)
	at org.openqa.selenium.support.ui.ExpectedConditions.access$000(ExpectedConditions.java:41)
	at org.openqa.selenium.support.ui.ExpectedConditions$7.apply(ExpectedConditions.java:205)
	at org.openqa.selenium.support.ui.ExpectedConditions$7.apply(ExpectedConditions.java:201)
	at org.openqa.selenium.support.ui.FluentWait.until(FluentWait.java:238)
	at com.fitNesse.DriverClass.type(DriverClass.java:374)
	at sun.reflect.GeneratedMethodAccessor33.invoke(Unknown Source)
	at sun.reflect.DelegatingMethodAccessorImpl.invoke(DelegatingMethodAccessorImpl.java:43)
	at java.lang.reflect.Method.invoke(Method.java:498)
	at fitnesse.slim.fixtureInteraction.DefaultInteraction.methodInvoke(DefaultInteraction.java:81)
	at fitnesse.slim.MethodExecutor.callMethod(MethodExecutor.java:57)
	at fitnesse.slim.MethodExecutor.invokeMethod(MethodExecutor.java:38)
	at fitnesse.slim.MethodExecutor.findAndInvoke(MethodExecutor.java:72)
	at fitnesse.slim.FixtureMethodExecutor.execute(FixtureMethodExecutor.java:20)
	at fitnesse.slim.StatementExecutor.getMethodExecutionResult(StatementExecutor.java:135)
	at fitnesse.slim.StatementExecutor.call(StatementExecutor.java:108)
	at fitnesse.slim.instructions.CallInstruction.executeInternal(CallInstruction.java:35)
	at fitnesse.slim.instructions.Instruction.execute(Instruction.java:29)
	at fitnesse.slim.ListExecutor$Executive.executeStatement(ListExecutor.java:49)
	at fitnesse.slim.ListExecutor$Executive.executeStatements(ListExecutor.java:43)
	at fitnesse.slim.ListExecutor.execute(ListExecutor.java:85)
	at fitnesse.slim.SlimServer.executeInstructions(SlimServer.java:84)
	at fitnesse.slim.SlimServer.processOneSetOfInstructions(SlimServer.java:77)
	at fitnesse.slim.SlimServer.tryProcessInstructions(SlimServer.java:64)
	at fitnesse.slim.SlimServer.serve(SlimServer.java:49)
	at fitnesse.slim.SlimService.handle(SlimService.java:154)
	at fitnesse.slim.SlimService.acceptOne(SlimService.java:162)
	at fitnesse.slim.SlimService.accept(SlimService.java:124)
	at fitnesse.slim.SlimService.startWithFactory(SlimService.java:76)
	at fitnesse.slim.SlimService.main(SlimService.java:56)
Caused by: org.openqa.selenium.WebDriverException: org.apache.http.conn.HttpHostConnectException: Connect to localhost:33655 [localhost/127.0.0.1, localhost/0:0:0:0:0:0:0:1] failed: Connection refused: connect
Build info: version: '2.53.0', revision: '35ae25b1534ae328c771e0856c93e187490ca824', time: '2016-03-15 10:43:46'
System info: host: 'EC2AMAZ-FEFP0OS', ip: '10.199.140.93', os.name: 'Windows NT (unknown)', os.arch: 'amd64', os.version: '10.0', java.version: '1.8.0_91'
Driver info: driver.version: RemoteWebDriver
	at org.openqa.selenium.remote.service.DriverCommandExecutor.execute(DriverCommandExecutor.java:91)
	at org.openqa.selenium.remote.RemoteWebDriver.execute(RemoteWebDriver.java:644)
	... 34 more
Caused by: org.apache.http.conn.HttpHostConnectException: Connect to localhost:33655 [localhost/127.0.0.1, localhost/0:0:0:0:0:0:0:1] failed: Connection refused: connect
	at org.apache.http.impl.conn.DefaultHttpClientConnectionOperator.connect(DefaultHttpClientConnectionOperator.java:151)
	at org.apache.http.impl.conn.PoolingHttpClientConnectionManager.connect(PoolingHttpClientConnectionManager.java:353)
	at org.apache.http.impl.execchain.MainClientExec.establishRoute(MainClientExec.java:380)
	at org.apache.http.impl.execchain.MainClientExec.execute(MainClientExec.java:236)
	at org.apache.http.impl.execchain.ProtocolExec.execute(ProtocolExec.java:184)
	at org.apache.http.impl.execchain.RetryExec.execute(RetryExec.java:88)
	at org.apache.http.impl.execchain.RedirectExec.execute(RedirectExec.java:110)
	at org.apache.http.impl.client.InternalHttpClient.doExecute(InternalHttpClient.java:184)
	at org.apache.http.impl.client.CloseableHttpClient.execute(CloseableHttpClient.java:71)
	at org.apache.http.impl.client.CloseableHttpClient.execute(CloseableHttpClient.java:55)
	at org.openqa.selenium.remote.internal.ApacheHttpClient.fallBackExecute(ApacheHttpClient.java:144)
	at org.openqa.selenium.remote.internal.ApacheHttpClient.execute(ApacheHttpClient.java:90)
	at org.openqa.selenium.remote.HttpCommandExecutor.execute(HttpCommandExecutor.java:142)
	at org.openqa.selenium.remote.service.DriverCommandExecutor.execute(DriverCommandExecutor.java:82)
	... 35 more
Caused by: java.net.ConnectException: Connection refused: connect
	at java.net.DualStackPlainSocketImpl.waitForConnect(Native Method)
	at java.net.DualStackPlainSocketImpl.socketConnect(DualStackPlainSocketImpl.java:85)
	at java.net.AbstractPlainSocketImpl.doConnect(AbstractPlainSocketImpl.java:350)
	at java.net.AbstractPlainSocketImpl.connectToAddress(AbstractPlainSocketImpl.java:206)
	at java.net.AbstractPlainSocketImpl.connect(AbstractPlainSocketImpl.java:188)
	at java.net.PlainSocketImpl.connect(PlainSocketImpl.java:172)
	at java.net.SocksSocketImpl.connect(SocksSocketImpl.java:392)
	at java.net.Socket.connect(Socket.java:589)
	at org.apache.http.conn.socket.PlainConnectionSocketFactory.connectSocket(PlainConnectionSocketFactory.java:74)
	at org.apache.http.impl.conn.DefaultHttpClientConnectionOperator.connect(DefaultHttpClientConnectionOperator.java:134)
	... 48 more

org.openqa.selenium.remote.UnreachableBrowserException: Error communicating with the remote browser. It may have died.
Build info: version: '2.53.0', revision: '35ae25b1534ae328c771e0856c93e187490ca824', time: '2016-03-15 10:43:46'
System info: host: 'EC2AMAZ-FEFP0OS', ip: '10.199.140.93', os.name: 'Windows NT (unknown)', os.arch: 'amd64', os.version: '10.0', java.version: '1.8.0_91'
Driver info: driver.version: RemoteWebDriver
Capabilities [{mobileEmulationEnabled=false, hasTouchScreen=false, platform=XP, acceptSslCerts=false, goog:chromeOptions={debuggerAddress=localhost:50538}, acceptInsecureCerts=false, webStorageEnabled=true, browserName=chrome, takesScreenshot=true, javascriptEnabled=true, setWindowRect=true, unexpectedAlertBehaviour=ignore, applicationCacheEnabled=false, rotatable=false, networkConnectionEnabled=false, chrome={chromedriverVersion=2.44.609538 (b655c5a60b0b544917107a59d4153d4bf78e1b90), userDataDir=C:\Users\SumonK\AppData\Local\Temp\2\scoped_dir2076_19670}, takesHeapSnapshot=true, pageLoadStrategy=normal, databaseEnabled=false, handlesAlerts=true, version=77.0.3865.90, browserConnectionEnabled=false, nativeEvents=true, locationContextEnabled=true, cssSelectorsEnabled=true}]
Session ID: 56b637c7d5960ea1205ef840dfb7643e
	at org.openqa.selenium.remote.RemoteWebDriver.execute(RemoteWebDriver.java:665)
	at org.openqa.selenium.remote.RemoteWebDriver.execute(RemoteWebDriver.java:701)
	at org.openqa.selenium.remote.RemoteWebDriver.getScreenshotAs(RemoteWebDriver.java:335)
	at com.fitNesse.DriverClass.getScreenShot(DriverClass.java:2754)
	at com.fitNesse.DriverClass.type(DriverClass.java:380)
	at sun.reflect.GeneratedMethodAccessor33.invoke(Unknown Source)
	at sun.reflect.DelegatingMethodAccessorImpl.invoke(DelegatingMethodAccessorImpl.java:43)
	at java.lang.reflect.Method.invoke(Method.java:498)
	at fitnesse.slim.fixtureInteraction.DefaultInteraction.methodInvoke(DefaultInteraction.java:81)
	at fitnesse.slim.MethodExecutor.callMethod(MethodExecutor.java:57)
	at fitnesse.slim.MethodExecutor.invokeMethod(MethodExecutor.java:38)
	at fitnesse.slim.MethodExecutor.findAndInvoke(MethodExecutor.java:72)
	at fitnesse.slim.FixtureMethodExecutor.execute(FixtureMethodExecutor.java:20)
	at fitnesse.slim.StatementExecutor.getMethodExecutionResult(StatementExecutor.java:135)
	at fitnesse.slim.StatementExecutor.call(StatementExecutor.java:108)
	at fitnesse.slim.instructions.CallInstruction.executeInternal(CallInstruction.java:35)
	at fitnesse.slim.instructions.Instruction.execute(Instruction.java:29)
	at fitnesse.slim.ListExecutor$Executive.executeStatement(ListExecutor.java:49)
	at fitnesse.slim.ListExecutor$Executive.executeStatements(ListExecutor.java:43)
	at fitnesse.slim.ListExecutor.execute(ListExecutor.java:85)
	at fitnesse.slim.SlimServer.executeInstructions(SlimServer.java:84)
	at fitnesse.slim.SlimServer.processOneSetOfInstructions(SlimServer.java:77)
	at fitnesse.slim.SlimServer.tryProcessInstructions(SlimServer.java:64)
	at fitnesse.slim.SlimServer.serve(SlimServer.java:49)
	at fitnesse.slim.SlimService.handle(SlimService.java:154)
	at fitnesse.slim.SlimService.acceptOne(SlimService.java:162)
	at fitnesse.slim.SlimService.accept(SlimService.java:124)
	at fitnesse.slim.SlimService.startWithFactory(SlimService.java:76)
	at fitnesse.slim.SlimService.main(SlimService.java:56)
Caused by: org.openqa.selenium.WebDriverException: org.apache.http.conn.HttpHostConnectException: Connect to localhost:33655 [localhost/127.0.0.1, localhost/0:0:0:0:0:0:0:1] failed: Connection refused: connect
Build info: version: '2.53.0', revision: '35ae25b1534ae328c771e0856c93e187490ca824', time: '2016-03-15 10:43:46'
System info: host: 'EC2AMAZ-FEFP0OS', ip: '10.199.140.93', os.name: 'Windows NT (unknown)', os.arch: 'amd64', os.version: '10.0', java.version: '1.8.0_91'
Driver info: driver.version: RemoteWebDriver
	at org.openqa.selenium.remote.service.DriverCommandExecutor.execute(DriverCommandExecutor.java:91)
	at org.openqa.selenium.remote.RemoteWebDriver.execute(RemoteWebDriver.java:644)
	... 28 more
Caused by: org.apache.http.conn.HttpHostConnectException: Connect to localhost:33655 [localhost/127.0.0.1, localhost/0:0:0:0:0:0:0:1] failed: Connection refused: connect
	at org.apache.http.impl.conn.DefaultHttpClientConnectionOperator.connect(DefaultHttpClientConnectionOperator.java:151)
	at org.apache.http.impl.conn.PoolingHttpClientConnectionManager.connect(PoolingHttpClientConnectionManager.java:353)
	at org.apache.http.impl.execchain.MainClientExec.establishRoute(MainClientExec.java:380)
	at org.apache.http.impl.execchain.MainClientExec.execute(MainClientExec.java:236)
	at org.apache.http.impl.execchain.ProtocolExec.execute(ProtocolExec.java:184)
	at org.apache.http.impl.execchain.RetryExec.execute(RetryExec.java:88)
	at org.apache.http.impl.execchain.RedirectExec.execute(RedirectExec.java:110)
	at org.apache.http.impl.client.InternalHttpClient.doExecute(InternalHttpClient.java:184)
	at org.apache.http.impl.client.CloseableHttpClient.execute(CloseableHttpClient.java:71)
	at org.apache.http.impl.client.CloseableHttpClient.execute(CloseableHttpClient.java:55)
	at org.openqa.selenium.remote.internal.ApacheHttpClient.fallBackExecute(ApacheHttpClient.java:144)
	at org.openqa.selenium.remote.internal.ApacheHttpClient.execute(ApacheHttpClient.java:90)
	at org.openqa.selenium.remote.HttpCommandExecutor.execute(HttpCommandExecutor.java:142)
	at org.openqa.selenium.remote.service.DriverCommandExecutor.execute(DriverCommandExecutor.java:82)
	... 29 more
Caused by: java.net.ConnectException: Connection refused: connect
	at java.net.DualStackPlainSocketImpl.waitForConnect(Native Method)
	at java.net.DualStackPlainSocketImpl.socketConnect(DualStackPlainSocketImpl.java:85)
	at java.net.AbstractPlainSocketImpl.doConnect(AbstractPlainSocketImpl.java:350)
	at java.net.AbstractPlainSocketImpl.connectToAddress(AbstractPlainSocketImpl.java:206)
	at java.net.AbstractPlainSocketImpl.connect(AbstractPlainSocketImpl.java:188)
	at java.net.PlainSocketImpl.connect(PlainSocketImpl.java:172)
	at java.net.SocksSocketImpl.connect(SocksSocketImpl.java:392)
	at java.net.Socket.connect(Socket.java:589)
	at org.apache.http.conn.socket.PlainConnectionSocketFactory.connectSocket(PlainConnectionSocketFactory.java:74)
	at org.apache.http.impl.conn.DefaultHttpClientConnectionOperator.connect(DefaultHttpClientConnectionOperator.java:134)
	... 42 more
Oct 08, 2019 1:35:42 PM org.openqa.selenium.support.ui.ExpectedConditions findElement
WARNING: WebDriverException thrown by findElement(By.xpath: //*[@id="AllTab_Tab"]/a/img)
org.openqa.selenium.remote.UnreachableBrowserException: Error communicating with the remote browser. It may have died.
Build info: version: '2.53.0', revision: '35ae25b1534ae328c771e0856c93e187490ca824', time: '2016-03-15 10:43:46'
System info: host: 'EC2AMAZ-FEFP0OS', ip: '10.199.140.93', os.name: 'Windows NT (unknown)', os.arch: 'amd64', os.version: '10.0', java.version: '1.8.0_91'
Driver info: driver.version: RemoteWebDriver
Capabilities [{mobileEmulationEnabled=false, hasTouchScreen=false, platform=XP, acceptSslCerts=false, goog:chromeOptions={debuggerAddress=localhost:50538}, acceptInsecureCerts=false, webStorageEnabled=true, browserName=chrome, takesScreenshot=true, javascriptEnabled=true, setWindowRect=true, unexpectedAlertBehaviour=ignore, applicationCacheEnabled=false, rotatable=false, networkConnectionEnabled=false, chrome={chromedriverVersion=2.44.609538 (b655c5a60b0b544917107a59d4153d4bf78e1b90), userDataDir=C:\Users\SumonK\AppData\Local\Temp\2\scoped_dir2076_19670}, takesHeapSnapshot=true, pageLoadStrategy=normal, databaseEnabled=false, handlesAlerts=true, version=77.0.3865.90, browserConnectionEnabled=false, nativeEvents=true, locationContextEnabled=true, cssSelectorsEnabled=true}]
Session ID: 56b637c7d5960ea1205ef840dfb7643e
	at org.openqa.selenium.remote.RemoteWebDriver.execute(RemoteWebDriver.java:665)
	at org.openqa.selenium.remote.RemoteWebDriver.findElement(RemoteWebDriver.java:363)
	at org.openqa.selenium.remote.RemoteWebDriver.findElementByXPath(RemoteWebDriver.java:500)
	at org.openqa.selenium.By$ByXPath.findElement(By.java:361)
	at org.openqa.selenium.remote.RemoteWebDriver.findElement(RemoteWebDriver.java:355)
	at org.openqa.selenium.support.ui.ExpectedConditions.findElement(ExpectedConditions.java:899)
	at org.openqa.selenium.support.ui.ExpectedConditions.access$000(ExpectedConditions.java:41)
	at org.openqa.selenium.support.ui.ExpectedConditions$7.apply(ExpectedConditions.java:205)
	at org.openqa.selenium.support.ui.ExpectedConditions$7.apply(ExpectedConditions.java:201)
	at org.openqa.selenium.support.ui.FluentWait.until(FluentWait.java:238)
	at com.fitNesse.DriverClass.click(DriverClass.java:422)
	at sun.reflect.GeneratedMethodAccessor16.invoke(Unknown Source)
	at sun.reflect.DelegatingMethodAccessorImpl.invoke(DelegatingMethodAccessorImpl.java:43)
	at java.lang.reflect.Method.invoke(Method.java:498)
	at fitnesse.slim.fixtureInteraction.DefaultInteraction.methodInvoke(DefaultInteraction.java:81)
	at fitnesse.slim.MethodExecutor.callMethod(MethodExecutor.java:57)
	at fitnesse.slim.MethodExecutor.invokeMethod(MethodExecutor.java:38)
	at fitnesse.slim.MethodExecutor.findAndInvoke(MethodExecutor.java:72)
	at fitnesse.slim.FixtureMethodExecutor.execute(FixtureMethodExecutor.java:20)
	at fitnesse.slim.StatementExecutor.getMethodExecutionResult(StatementExecutor.java:135)
	at fitnesse.slim.StatementExecutor.call(StatementExecutor.java:108)
	at fitnesse.slim.instructions.CallInstruction.executeInternal(CallInstruction.java:35)
	at fitnesse.slim.instructions.Instruction.execute(Instruction.java:29)
	at fitnesse.slim.ListExecutor$Executive.executeStatement(ListExecutor.java:49)
	at fitnesse.slim.ListExecutor$Executive.executeStatements(ListExecutor.java:43)
	at fitnesse.slim.ListExecutor.execute(ListExecutor.java:85)
	at fitnesse.slim.SlimServer.executeInstructions(SlimServer.java:84)
	at fitnesse.slim.SlimServer.processOneSetOfInstructions(SlimServer.java:77)
	at fitnesse.slim.SlimServer.tryProcessInstructions(SlimServer.java:64)
	at fitnesse.slim.SlimServer.serve(SlimServer.java:49)
	at fitnesse.slim.SlimService.handle(SlimService.java:154)
	at fitnesse.slim.SlimService.acceptOne(SlimService.java:162)
	at fitnesse.slim.SlimService.accept(SlimService.java:124)
	at fitnesse.slim.SlimService.startWithFactory(SlimService.java:76)
	at fitnesse.slim.SlimService.main(SlimService.java:56)
Caused by: org.openqa.selenium.WebDriverException: org.apache.http.conn.HttpHostConnectException: Connect to localhost:33655 [localhost/127.0.0.1, localhost/0:0:0:0:0:0:0:1] failed: Connection refused: connect
Build info: version: '2.53.0', revision: '35ae25b1534ae328c771e0856c93e187490ca824', time: '2016-03-15 10:43:46'
System info: host: 'EC2AMAZ-FEFP0OS', ip: '10.199.140.93', os.name: 'Windows NT (unknown)', os.arch: 'amd64', os.version: '10.0', java.version: '1.8.0_91'
Driver info: driver.version: RemoteWebDriver
	at org.openqa.selenium.remote.service.DriverCommandExecutor.execute(DriverCommandExecutor.java:91)
	at org.openqa.selenium.remote.RemoteWebDriver.execute(RemoteWebDriver.java:644)
	... 34 more
Caused by: org.apache.http.conn.HttpHostConnectException: Connect to localhost:33655 [localhost/127.0.0.1, localhost/0:0:0:0:0:0:0:1] failed: Connection refused: connect
	at org.apache.http.impl.conn.DefaultHttpClientConnectionOperator.connect(DefaultHttpClientConnectionOperator.java:151)
	at org.apache.http.impl.conn.PoolingHttpClientConnectionManager.connect(PoolingHttpClientConnectionManager.java:353)
	at org.apache.http.impl.execchain.MainClientExec.establishRoute(MainClientExec.java:380)
	at org.apache.http.impl.execchain.MainClientExec.execute(MainClientExec.java:236)
	at org.apache.http.impl.execchain.ProtocolExec.execute(ProtocolExec.java:184)
	at org.apache.http.impl.execchain.RetryExec.execute(RetryExec.java:88)
	at org.apache.http.impl.execchain.RedirectExec.execute(RedirectExec.java:110)
	at org.apache.http.impl.client.InternalHttpClient.doExecute(InternalHttpClient.java:184)
	at org.apache.http.impl.client.CloseableHttpClient.execute(CloseableHttpClient.java:71)
	at org.apache.http.impl.client.CloseableHttpClient.execute(CloseableHttpClient.java:55)
	at org.openqa.selenium.remote.internal.ApacheHttpClient.fallBackExecute(ApacheHttpClient.java:144)
	at org.openqa.selenium.remote.internal.ApacheHttpClient.execute(ApacheHttpClient.java:90)
	at org.openqa.selenium.remote.HttpCommandExecutor.execute(HttpCommandExecutor.java:142)
	at org.openqa.selenium.remote.service.DriverCommandExecutor.execute(DriverCommandExecutor.java:82)
	... 35 more
Caused by: java.net.ConnectException: Connection refused: connect
	at java.net.DualStackPlainSocketImpl.waitForConnect(Native Method)
	at java.net.DualStackPlainSocketImpl.socketConnect(DualStackPlainSocketImpl.java:85)
	at java.net.AbstractPlainSocketImpl.doConnect(AbstractPlainSocketImpl.java:350)
	at java.net.AbstractPlainSocketImpl.connectToAddress(AbstractPlainSocketImpl.java:206)
	at java.net.AbstractPlainSocketImpl.connect(AbstractPlainSocketImpl.java:188)
	at java.net.PlainSocketImpl.connect(PlainSocketImpl.java:172)
	at java.net.SocksSocketImpl.connect(SocksSocketImpl.java:392)
	at java.net.Socket.connect(Socket.java:589)
	at org.apache.http.conn.socket.PlainConnectionSocketFactory.connectSocket(PlainConnectionSocketFactory.java:74)
	at org.apache.http.impl.conn.DefaultHttpClientConnectionOperator.connect(DefaultHttpClientConnectionOperator.java:134)
	... 48 more

org.openqa.selenium.remote.UnreachableBrowserException: Error communicating with the remote browser. It may have died.
Build info: version: '2.53.0', revision: '35ae25b1534ae328c771e0856c93e187490ca824', time: '2016-03-15 10:43:46'
System info: host: 'EC2AMAZ-FEFP0OS', ip: '10.199.140.93', os.name: 'Windows NT (unknown)', os.arch: 'amd64', os.version: '10.0', java.version: '1.8.0_91'
Driver info: driver.version: RemoteWebDriver
Capabilities [{mobileEmulationEnabled=false, hasTouchScreen=false, platform=XP, acceptSslCerts=false, goog:chromeOptions={debuggerAddress=localhost:50538}, acceptInsecureCerts=false, webStorageEnabled=true, browserName=chrome, takesScreenshot=true, javascriptEnabled=true, setWindowRect=true, unexpectedAlertBehaviour=ignore, applicationCacheEnabled=false, rotatable=false, networkConnectionEnabled=false, chrome={chromedriverVersion=2.44.609538 (b655c5a60b0b544917107a59d4153d4bf78e1b90), userDataDir=C:\Users\SumonK\AppData\Local\Temp\2\scoped_dir2076_19670}, takesHeapSnapshot=true, pageLoadStrategy=normal, databaseEnabled=false, handlesAlerts=true, version=77.0.3865.90, browserConnectionEnabled=false, nativeEvents=true, locationContextEnabled=true, cssSelectorsEnabled=true}]
Session ID: 56b637c7d5960ea1205ef840dfb7643e
	at org.openqa.selenium.remote.RemoteWebDriver.execute(RemoteWebDriver.java:665)
	at org.openqa.selenium.remote.RemoteWebDriver.execute(RemoteWebDriver.java:701)
	at org.openqa.selenium.remote.RemoteWebDriver.getScreenshotAs(RemoteWebDriver.java:335)
	at com.fitNesse.DriverClass.getScreenShot(DriverClass.java:2754)
	at com.fitNesse.DriverClass.click(DriverClass.java:428)
	at sun.reflect.GeneratedMethodAccessor16.invoke(Unknown Source)
	at sun.reflect.DelegatingMethodAccessorImpl.invoke(DelegatingMethodAccessorImpl.java:43)
	at java.lang.reflect.Method.invoke(Method.java:498)
	at fitnesse.slim.fixtureInteraction.DefaultInteraction.methodInvoke(DefaultInteraction.java:81)
	at fitnesse.slim.MethodExecutor.callMethod(MethodExecutor.java:57)
	at fitnesse.slim.MethodExecutor.invokeMethod(MethodExecutor.java:38)
	at fitnesse.slim.MethodExecutor.findAndInvoke(MethodExecutor.java:72)
	at fitnesse.slim.FixtureMethodExecutor.execute(FixtureMethodExecutor.java:20)
	at fitnesse.slim.StatementExecutor.getMethodExecutionResult(StatementExecutor.java:135)
	at fitnesse.slim.StatementExecutor.call(StatementExecutor.java:108)
	at fitnesse.slim.instructions.CallInstruction.executeInternal(CallInstruction.java:35)
	at fitnesse.slim.instructions.Instruction.execute(Instruction.java:29)
	at fitnesse.slim.ListExecutor$Executive.executeStatement(ListExecutor.java:49)
	at fitnesse.slim.ListExecutor$Executive.executeStatements(ListExecutor.java:43)
	at fitnesse.slim.ListExecutor.execute(ListExecutor.java:85)
	at fitnesse.slim.SlimServer.executeInstructions(SlimServer.java:84)
	at fitnesse.slim.SlimServer.processOneSetOfInstructions(SlimServer.java:77)
	at fitnesse.slim.SlimServer.tryProcessInstructions(SlimServer.java:64)
	at fitnesse.slim.SlimServer.serve(SlimServer.java:49)
	at fitnesse.slim.SlimService.handle(SlimService.java:154)
	at fitnesse.slim.SlimService.acceptOne(SlimService.java:162)
	at fitnesse.slim.SlimService.accept(SlimService.java:124)
	at fitnesse.slim.SlimService.startWithFactory(SlimService.java:76)
	at fitnesse.slim.SlimService.main(SlimService.java:56)
Caused by: org.openqa.selenium.WebDriverException: org.apache.http.conn.HttpHostConnectException: Connect to localhost:33655 [localhost/127.0.0.1, localhost/0:0:0:0:0:0:0:1] failed: Connection refused: connect
Build info: version: '2.53.0', revision: '35ae25b1534ae328c771e0856c93e187490ca824', time: '2016-03-15 10:43:46'
System info: host: 'EC2AMAZ-FEFP0OS', ip: '10.199.140.93', os.name: 'Windows NT (unknown)', os.arch: 'amd64', os.version: '10.0', java.version: '1.8.0_91'
Driver info: driver.version: RemoteWebDriver
	at org.openqa.selenium.remote.service.DriverCommandExecutor.execute(DriverCommandExecutor.java:91)
	at org.openqa.selenium.remote.RemoteWebDriver.execute(RemoteWebDriver.java:644)
	... 28 more
Caused by: org.apache.http.conn.HttpHostConnectException: Connect to localhost:33655 [localhost/127.0.0.1, localhost/0:0:0:0:0:0:0:1] failed: Connection refused: connect
	at org.apache.http.impl.conn.DefaultHttpClientConnectionOperator.connect(DefaultHttpClientConnectionOperator.java:151)
	at org.apache.http.impl.conn.PoolingHttpClientConnectionManager.connect(PoolingHttpClientConnectionManager.java:353)
	at org.apache.http.impl.execchain.MainClientExec.establishRoute(MainClientExec.java:380)
	at org.apache.http.impl.execchain.MainClientExec.execute(MainClientExec.java:236)
	at org.apache.http.impl.execchain.ProtocolExec.execute(ProtocolExec.java:184)
	at org.apache.http.impl.execchain.RetryExec.execute(RetryExec.java:88)
	at org.apache.http.impl.execchain.RedirectExec.execute(RedirectExec.java:110)
	at org.apache.http.impl.client.InternalHttpClient.doExecute(InternalHttpClient.java:184)
	at org.apache.http.impl.client.CloseableHttpClient.execute(CloseableHttpClient.java:71)
	at org.apache.http.impl.client.CloseableHttpClient.execute(CloseableHttpClient.java:55)
	at org.openqa.selenium.remote.internal.ApacheHttpClient.fallBackExecute(ApacheHttpClient.java:144)
	at org.openqa.selenium.remote.internal.ApacheHttpClient.execute(ApacheHttpClient.java:90)
	at org.openqa.selenium.remote.HttpCommandExecutor.execute(HttpCommandExecutor.java:142)
	at org.openqa.selenium.remote.service.DriverCommandExecutor.execute(DriverCommandExecutor.java:82)
	... 29 more
Caused by: java.net.ConnectException: Connection refused: connect
	at java.net.DualStackPlainSocketImpl.waitForConnect(Native Method)
	at java.net.DualStackPlainSocketImpl.socketConnect(DualStackPlainSocketImpl.java:85)
	at java.net.AbstractPlainSocketImpl.doConnect(AbstractPlainSocketImpl.java:350)
	at java.net.AbstractPlainSocketImpl.connectToAddress(AbstractPlainSocketImpl.java:206)
	at java.net.AbstractPlainSocketImpl.connect(AbstractPlainSocketImpl.java:188)
	at java.net.PlainSocketImpl.connect(PlainSocketImpl.java:172)
	at java.net.SocksSocketImpl.connect(SocksSocketImpl.java:392)
	at java.net.Socket.connect(Socket.java:589)
	at org.apache.http.conn.socket.PlainConnectionSocketFactory.connectSocket(PlainConnectionSocketFactory.java:74)
	at org.apache.http.impl.conn.DefaultHttpClientConnectionOperator.connect(DefaultHttpClientConnectionOperator.java:134)
	... 42 more
</stdErr>
    <exception>Socket closed</exception>
  </executionLog>
  <finalCounts>
    <right>26</right>
    <wrong>0</wrong>
    <ignores>1</ignores>
    <exceptions>5</exceptions>
  </finalCounts>
  <totalRunTimeInMillis>624207</totalRunTimeInMillis>
</suiteResults>

