
<!DOCTYPE html>
<html>
<head>
<!--
ExtentReports Library 2.40.2 | http://relevantcodes.com/extentreports-for-selenium/ | https://github.com/anshooarora/
Copyright (c) 2015, Anshoo Arora (Relevant Codes) | Copyrights licensed under the New BSD License | http://opensource.org/licenses/BSD-3-Clause
Documentation: http://extentreports.relevantcodes.com 
-->

<meta charset='UTF-8' /> 
<meta name='description' content='ExtentReports (by Anshoo Arora) is a reporting library for automation testing for .NET and Java. It creates detailed and beautiful HTML reports for modern browsers. ExtentReports shows test and step summary along with dashboards, system and environment details for quick analysis of your tests.' />
<meta name='robots' content='noodp, noydir' />
<meta name='viewport' content='width=device-width, initial-scale=1' />

<title>
ExtentReports 2.0
</title>


<link href='https://fonts.googleapis.com/css?family=Source+Sans+Pro:400,600' rel='stylesheet' type='text/css'>
<link href='https://cdn.rawgit.com/anshooarora/extentreports/e4f8ea1de961161791c01b99a71a1e17f81125cf/cdn/extent.css' type='text/css' rel='stylesheet' />

<style>

            
                
            
        
</style>
</head>


<body class='extent standard hide-overflow'>
<!-- nav -->
<nav>
<div class='logo-container'>
<a class='logo-content' href='http://extentreports.relevantcodes.com'>
<span>ExtentReports</span>
</a>
<a href='#' data-activates='slide-out' class='button-collapse hide-on-large-only'><i class='mdi-navigation-apps'></i></a>
</div>
<ul id='slide-out' class='side-nav fixed hide-on-med-and-down'>
<li class='analysis waves-effect active'><a href='#!' class='test-view' onclick="_updateCurrentStage(0)"><i class='mdi-action-dashboard'></i>Test Details</a></li>
<li class='analysis waves-effect'><a href='#!' class='categories-view' onclick="_updateCurrentStage(1)"><i class='mdi-maps-local-offer'></i>Categories</a></li>
<li class='analysis waves-effect'><a href='#!' class='dashboard-view'><i class='mdi-action-track-changes'></i></i>Analysis</a></li>
</ul>
<span class='report-name'>Automation Report</span> <span class='report-headline'></span>
<ul class='right hide-on-med-and-down nav-right'>
<li class='theme-selector' alt='Click to toggle dark theme. To enable by default, use js configuration $("body").addClass("dark");' title='Click to toggle dark theme. To enable by default, use js configuration $("body").addClass("dark");'>
<i class='mdi-hardware-desktop-windows'></i>
</li>
<li>
<span class='suite-started-time'>2019-09-16 11:03:39</span>
</li>
<li>
<span>v2.40.2</span>
</li>
</ul>
</nav>
<!-- /nav -->

<!-- container -->
<div class='container'>

<!-- dashboard -->
<div id='dashboard-view' class='row'>
<div class='time-totals'>
<div class='col l2 m4 s6'>
<div class='card suite-total-tests'> 
<span class='panel-name'>Total Tests</span> 
<span class='total-tests'> <span class='panel-lead'></span> </span> 
</div> 
</div>
<div class='col l2 m4 s6'>
<div class='card suite-total-steps'> 
<span class='panel-name'>Total Steps</span> 
<span class='total-steps'> <span class='panel-lead'></span> </span> 
</div> 
</div>
<div class='col l2 m4 s12'>
<div class='card suite-total-time-current'> 
<span class='panel-name'>Total Time Taken (Current Run)</span> 
<span class='suite-total-time-current-value panel-lead'>0h 7m 27s+52ms</span> 
</div> 
</div>
<div class='col l2 m4 s12'>
<div class='card suite-total-time-overall'> 
<span class='panel-name'>Total Time Taken (Overall)</span> 
<span class='suite-total-time-overall-value panel-lead'>48h 2937m 176220s+832ms</span> 
</div> 
</div>
<div class='col l2 m4 s6 suite-start-time'>
<div class='card accent green-accent'> 
<span class='panel-name'>Start</span> 
<span class='panel-lead suite-started-time'>2019-09-16 10:56:12</span> 
</div> 
</div>
<div class='col l2 m4 s6 suite-end-time'>
<div class='card accent pink-accent'> 
<span class='panel-name'>End</span> 
<span class='panel-lead suite-ended-time'>2019-09-16 11:03:39</span> 
</div> 
</div>
</div>
<div class='charts'>
<div class='col s12 m6 l4 fh'> 
<div class='card-panel'> 
<div>
<span class='panel-name'>Tests View</span>
</div> 
<div class='panel-setting modal-trigger test-count-setting right'>
<a href='#test-count-setting'><i class='mdi-navigation-more-vert text-md'></i></a>
</div> 
<div class='chart-box'>
<canvas class='text-centered' id='test-analysis'></canvas>
</div> 
<div>
<span class='weight-light'><span class='t-pass-count weight-normal'></span> test(s) passed</span>
</div> 
<div>
<span class='weight-light'><span class='t-fail-count weight-normal'></span> test(s) failed, <span class='t-others-count weight-normal'></span> others</span>
</div> 
</div> 
</div> 
<div class='col s12 m6 l4 fh'> 
<div class='card-panel'> 
<div>
<span class='panel-name'>Steps View</span>
</div> 
<div class='panel-setting modal-trigger step-status-filter right'>
<a href='#step-status-filter'><i class='mdi-navigation-more-vert text-md'></i></a>
</div> 
<div class='chart-box'>
<canvas class='text-centered' id='step-analysis'></canvas>
</div> 
<div>
<span class='weight-light'><span class='s-pass-count weight-normal'></span> step(s) passed </span>
</div> 
<div>
<span class='weight-light'><span class='s-fail-count weight-normal'></span> step(s) failed, <span class='s-others-count weight-normal'></span> others</span>
</div> 
</div> 
</div>
<div class='col s12 m12 l4 fh'> 
<div class='card-panel'> 
<span class='panel-name'>Pass Percentage</span> 
<span class='pass-percentage panel-lead'></span> 
<div class='progress light-blue lighten-3'> 
<div class='determinate light-blue'></div> 
</div> 
</div> 
</div>
</div>
<div class='system-view'>
<div class='col l4 m12 s12'>
<div class='card-panel'>
<span class='label info outline right'>Environment</span>
<table>
<thead>
<tr>
<th>Param</th>
<th>Value</th>
</tr>
</thead>
<tbody>
<tr>
<td>OS</td>
<td>Windows NT (unknown)</td>
</tr>
<tr>
<td>User Name</td>
<td>SumonK</td>
</tr>
<tr>
<td>Java Version</td>
<td>1.8.0_91</td>
</tr>
<tr>
<td>Test Environment</td>
<td>Staging</td>
</tr>
<tr>
<td>Host Name</td>
<td>EC2AMAZ-FEFP0OS</td>
</tr>
<tr>
<td>Browser Name</td>
<td>Chrome</td>
</tr>
</tbody>
</table>
</div>
</div>
</div>
<div class='category-summary-view'>
<div class='col l4 m6 s12'>
<div class='card-panel'>
<span class='label info outline right'>Categories</span>
<table>
<thead>
<tr>
<th>Name</th>
</tr>
</thead>
<tbody>
<tr>
<td>
Test01Aus-Log In as an APAC user Apurva Prasanna
</td>
</tr>
<tr>
<td>
Test01Ger-Log In as a Germany user Frank Adams
</td>
</tr>
<tr>
<td>
Test01INCAInd-Log In as a INCA India user sf qa team
</td>
</tr>
<tr>
<td>
Test01INCAUK-Log In as a INCA UK user sf qa team
</td>
</tr>
<tr>
<td>
Test01IncaUser-Verify User sf qa team is Active
</td>
</tr>
<tr>
<td>
Test01UK-Log In as a UK user Natasa Tintor
</td>
</tr>
<tr>
<td>
Test02INCAInd-Create an INCA India agency
</td>
</tr>
<tr>
<td>
Test02INCAUK-Create an INCA UK agency
</td>
</tr>
<tr>
<td>
Test02IncaUser-Verify User sf qa team has Manage Companies
</td>
</tr>
<tr>
<td>
Test03INCAInd-Create an INCA India Advertiser
</td>
</tr>
<tr>
<td>
Test03INCAUK-Create an INCA UK Advertiser
</td>
</tr>
<tr>
<td>
Test04aINCAUK-Try to create a INCA user account with UK user
</td>
</tr>
<tr>
<td>
Test05INCAInd-Create an INCA India Opportunity
</td>
</tr>
<tr>
<td>
Test06aINCAInd-Verify All Fields Available for INCA APAC Sell Line
</td>
</tr>
<tr>
<td>
Test06bINCAInd-Create an INCA India Sell Line
</td>
</tr>
<tr>
<td>
Test06cINCAInd-Update SLMS APAC Fields for SL Rollup
</td>
</tr>
<tr>
<td>
Test06dINCAInd-Create an 'INCA' Fee Buy Placement
</td>
</tr>
<tr>
<td>
Test07aINCAInd-Create an APAC 'INCA' Buy Placement
</td>
</tr>
<tr>
<td>
Test07bINCAInd-Capturing Actuals for Sell Line
</td>
</tr>
<tr>
<td>
Test07cINCAIndia-Capturing Actuals for Buy Placements
</td>
</tr>
<tr>
<td>
Test08INCAInd- Accessing INCA account with Non INCA users
</td>
</tr>
</tbody>
</table>
</div>
</div>
</div>
</div>
<!-- /dashboard -->

<!-- tests -->
<div id='test-view' class='row _addedTable'>
<div class='col _addedCell1'>
<div class='contents'>
<div class='card-panel heading'>
<h5>Tests</h5>
</div>
<div class='card-panel filters'>
<div>
<a data-activates='tests-toggle' data-constrainwidth='true' data-beloworigin='true' data-hover='true' href='#' class='dropdown-button button tests-toggle'><i class='mdi-action-subject icon'></i></a>
<ul id='tests-toggle' class='dropdown-content'>
<li class='pass'><a href='#!'>Pass</a></li>
<li class='fail'><a href='#!'>Fail</a></li>
<li class='skip'><a href='#!'>Skip</a></li>
<li class='divider'></li>
<li class='clear'><a href='#!'>Clear Filters</a></li>
</ul>
</div>
<div>
<a data-activates='category-toggle' data-constrainwidth='false' data-beloworigin='true' data-hover='true' href='#' class='category-toggle dropdown-button button'><i class='mdi-maps-local-offer icon'></i></a>
<ul id='category-toggle' class='dropdown-content'>
<li class='Test01Aus-Log In as an APAC user Apurva Prasanna'><a href='#!'>Test01Aus-Log In as an APAC user Apurva Prasanna</a></li>
<li class='Test01Ger-Log In as a Germany user Frank Adams'><a href='#!'>Test01Ger-Log In as a Germany user Frank Adams</a></li>
<li class='Test01INCAInd-Log In as a INCA India user sf qa team'><a href='#!'>Test01INCAInd-Log In as a INCA India user sf qa team</a></li>
<li class='Test01INCAUK-Log In as a INCA UK user sf qa team'><a href='#!'>Test01INCAUK-Log In as a INCA UK user sf qa team</a></li>
<li class='Test01IncaUser-Verify User sf qa team is Active'><a href='#!'>Test01IncaUser-Verify User sf qa team is Active</a></li>
<li class='Test01UK-Log In as a UK user Natasa Tintor'><a href='#!'>Test01UK-Log In as a UK user Natasa Tintor</a></li>
<li class='Test02INCAInd-Create an INCA India agency'><a href='#!'>Test02INCAInd-Create an INCA India agency</a></li>
<li class='Test02INCAUK-Create an INCA UK agency'><a href='#!'>Test02INCAUK-Create an INCA UK agency</a></li>
<li class='Test02IncaUser-Verify User sf qa team has Manage Companies'><a href='#!'>Test02IncaUser-Verify User sf qa team has Manage Companies</a></li>
<li class='Test03INCAInd-Create an INCA India Advertiser'><a href='#!'>Test03INCAInd-Create an INCA India Advertiser</a></li>
<li class='Test03INCAUK-Create an INCA UK Advertiser'><a href='#!'>Test03INCAUK-Create an INCA UK Advertiser</a></li>
<li class='Test04aINCAUK-Try to create a INCA user account with UK user'><a href='#!'>Test04aINCAUK-Try to create a INCA user account with UK user</a></li>
<li class='Test05INCAInd-Create an INCA India Opportunity'><a href='#!'>Test05INCAInd-Create an INCA India Opportunity</a></li>
<li class='Test06aINCAInd-Verify All Fields Available for INCA APAC Sell Line'><a href='#!'>Test06aINCAInd-Verify All Fields Available for INCA APAC Sell Line</a></li>
<li class='Test06bINCAInd-Create an INCA India Sell Line'><a href='#!'>Test06bINCAInd-Create an INCA India Sell Line</a></li>
<li class='Test06cINCAInd-Update SLMS APAC Fields for SL Rollup'><a href='#!'>Test06cINCAInd-Update SLMS APAC Fields for SL Rollup</a></li>
<li class='Test06dINCAInd-Create an 'INCA' Fee Buy Placement'><a href='#!'>Test06dINCAInd-Create an 'INCA' Fee Buy Placement</a></li>
<li class='Test07aINCAInd-Create an APAC 'INCA' Buy Placement'><a href='#!'>Test07aINCAInd-Create an APAC 'INCA' Buy Placement</a></li>
<li class='Test07bINCAInd-Capturing Actuals for Sell Line'><a href='#!'>Test07bINCAInd-Capturing Actuals for Sell Line</a></li>
<li class='Test07cINCAIndia-Capturing Actuals for Buy Placements'><a href='#!'>Test07cINCAIndia-Capturing Actuals for Buy Placements</a></li>
<li class='Test08INCAInd- Accessing INCA account with Non INCA users'><a href='#!'>Test08INCAInd- Accessing INCA account with Non INCA users</a></li>
<li class='divider'></li>
<li class='clear'><a href='#!'>Clear Filters</a></li>
</ul>
</div>
<div>
<a id='clear-filters' alt='Clear Filters' title='Clear Filters'><i class='mdi-navigation-close icon'></i></a>
</div>
<div>&nbsp;&middot;&nbsp;</div>
<div>
<a id='enableDashboard' alt='Enable Dashboard' title='Enable Dashboard'><i class='mdi-action-track-changes icon'></i></a>
</div>
<div>
<a id='refreshCharts' alt='Refresh Charts on Filters' title='Refresh Charts on Filters' class='enabled'><i class='mdi-navigation-refresh icon'></i></i></a>
</div>
<div>&nbsp;&middot;</div>
<div class='search' alt='Search Tests' title='Search Tests'>
<div class='input-field left'>
<input id='searchTests' type='text' class='validate' placeholder='Search Tests...'>
</div>
<i class='mdi-action-search icon'></i>
</div>
</div>
<div class='card-panel no-padding-h no-padding-v no-margin-v'>
<div class='wrapper'>
<ul id='test-collection' class='test-collection'>
<li class='collection-item test displayed active fail ' extentid='7fdcb059-7d16-4bf5-9aaa-79f41dbcf575'>
<div class='test-head'>
<span class='test-name'>EMEA_INCA_Suite_Test01SfUserActivationTest </span>
<span class='test-status label right outline capitalize fail'>fail</span>
<span class='category-assigned hide  test01incauser-verifyusersfqateamisactive'></span>
</div>
<div class='test-body'>
<div class='test-info'>
<span title='Test started time' alt='Test started time' class='test-started-time label green lighten-1 text-white'>2019-09-16 10:56:12</span>
<span title='Test ended time' alt='Test ended time' class='test-ended-time label red lighten-1 text-white'>2019-09-16 10:56:31</span>
<span title='Time taken to finish' alt='Time taken to finish' class='test-time-taken label blue-grey lighten-3 text-white'>0h 0m 19s+0ms</span>
</div>
<div class='test-desc'></div>
<div class='test-attributes'>
<div class='categories'>
<span class='category text-white'>Test01IncaUser-Verify User sf qa team is Active</span>
</div>
</div>
<div class='test-steps'>
<table class='bordered table-results'>
<thead>
<tr>
<th>Status</th>
<th>Timestamp</th>
<th>Details</th>
</tr>
</thead>
<tbody>
<tr>
<td class='status info' title='info' alt='info'><i class='mdi-action-info-outline'></i></td>
<td class='timestamp'>10:56:12</td>
<td class='step-details'>TEST STARTED:</td>
</tr>
<tr>
<td class='status info' title='info' alt='info'><i class='mdi-action-info-outline'></i></td>
<td class='timestamp'>10:56:12</td>
<td class='step-details'>Navigating to url https://test.salesforce.com</td>
</tr>
<tr>
<td class='status info' title='info' alt='info'><i class='mdi-action-info-outline'></i></td>
<td class='timestamp'>10:56:26</td>
<td class='step-details'>Entering key word sumon.kashem@xaxis.com.glstaging on UserName Field</td>
</tr>
<tr>
<td class='status fail' title='fail' alt='fail'><i class='mdi-navigation-cancel'></i></td>
<td class='timestamp'>10:56:29</td>
<td class='step-details'>Unable to enter keyword on UserName Field</td>
</tr>
<tr>
<td class='status fail' title='fail' alt='fail'><i class='mdi-navigation-cancel'></i></td>
<td class='timestamp'>10:56:31</td>
<td class='step-details'>Error Occured while taking SCREENSHOT!!!</td>
</tr>
<tr>
<td class='status info' title='info' alt='info'><i class='mdi-action-info-outline'></i></td>
<td class='timestamp'>10:56:31</td>
<td class='step-details'>Total Execution Time for Test Suite: : 0:00:18</td>
</tr>
<tr>
<td class='status info' title='info' alt='info'><i class='mdi-action-info-outline'></i></td>
<td class='timestamp'>10:56:31</td>
<td class='step-details'>********************* END OF AUTOMATION TEST *********************</td>
</tr>
<tr>
<td class='status info' title='info' alt='info'><i class='mdi-action-info-outline'></i></td>
<td class='timestamp'>10:56:31</td>
<td class='step-details'>TEST RESULT SAVED IN: FitNesseRoot/files/testResults/ExtentReport/STAGING/AutomationReport190916-1056.html</td>
</tr>
</tbody>
</table>
<ul class='collapsible node-list' data-collapsible='accordion'>
</ul>
</div>
</div>
</li>
<li class='collection-item test displayed active fail ' extentid='36a2e834-c33f-4815-b44e-590b5e61be23'>
<div class='test-head'>
<span class='test-name'>APAC_INCA_India_Suite_Test02CreateAgencyTest </span>
<span class='test-status label right outline capitalize fail'>fail</span>
<span class='category-assigned hide  test02incaind-createanincaindiaagency'></span>
</div>
<div class='test-body'>
<div class='test-info'>
<span title='Test started time' alt='Test started time' class='test-started-time label green lighten-1 text-white'>2019-09-16 10:56:34</span>
<span title='Test ended time' alt='Test ended time' class='test-ended-time label red lighten-1 text-white'>2019-09-16 10:56:39</span>
<span title='Time taken to finish' alt='Time taken to finish' class='test-time-taken label blue-grey lighten-3 text-white'>0h 0m 5s+0ms</span>
</div>
<div class='test-desc'></div>
<div class='test-attributes'>
<div class='categories'>
<span class='category text-white'>Test02INCAInd-Create an INCA India agency</span>
</div>
</div>
<div class='test-steps'>
<table class='bordered table-results'>
<thead>
<tr>
<th>Status</th>
<th>Timestamp</th>
<th>Details</th>
</tr>
</thead>
<tbody>
<tr>
<td class='status info' title='info' alt='info'><i class='mdi-action-info-outline'></i></td>
<td class='timestamp'>10:56:34</td>
<td class='step-details'>TEST STARTED:</td>
</tr>
<tr>
<td class='status info' title='info' alt='info'><i class='mdi-action-info-outline'></i></td>
<td class='timestamp'>10:56:34</td>
<td class='step-details'>Clicking on + icon Tab</td>
</tr>
<tr>
<td class='status fail' title='fail' alt='fail'><i class='mdi-navigation-cancel'></i></td>
<td class='timestamp'>10:56:37</td>
<td class='step-details'>Unable to click on + icon Tab Exception: org.openqa.selenium.remote.UnreachableBrowserException: Error communicating with the remote browser. It may have died. Build info: version: '2.53.0', revision: '35ae25b1534ae328c771e0856c93e187490ca824', time: '2016-03-15 10:43:46' System info: host: 'EC2AMAZ-FEFP0OS', ip: '10.199.140.93', os.name: 'Windows NT (unknown)', os.arch: 'amd64', os.version: '10.0', java.version: '1.8.0_91' Driver info: driver.version: RemoteWebDriver Capabilities [{mobileEmulationEnabled=false, hasTouchScreen=false, platform=XP, acceptSslCerts=false, goog:chromeOptions={debuggerAddress=localhost:50713}, acceptInsecureCerts=false, webStorageEnabled=true, browserName=chrome, takesScreenshot=true, javascriptEnabled=true, setWindowRect=true, unexpectedAlertBehaviour=ignore, applicationCacheEnabled=false, rotatable=false, networkConnectionEnabled=false, chrome={chromedriverVersion=2.44.609538 (b655c5a60b0b544917107a59d4153d4bf78e1b90), userDataDir=C:\Users\SumonK\AppData\Local\Temp\2\scoped_dir992_414}, takesHeapSnapshot=true, pageLoadStrategy=normal, databaseEnabled=false, handlesAlerts=true, version=76.0.3809.132, browserConnectionEnabled=false, nativeEvents=true, locationContextEnabled=true, cssSelectorsEnabled=true}] Session ID: ad9db0fd4c60532fefa60671bba77aac</td>
</tr>
<tr>
<td class='status fail' title='fail' alt='fail'><i class='mdi-navigation-cancel'></i></td>
<td class='timestamp'>10:56:39</td>
<td class='step-details'>Error Occured while taking SCREENSHOT!!!</td>
</tr>
<tr>
<td class='status info' title='info' alt='info'><i class='mdi-action-info-outline'></i></td>
<td class='timestamp'>10:56:39</td>
<td class='step-details'>Total Execution Time for Test Suite: : 0:00:05</td>
</tr>
<tr>
<td class='status info' title='info' alt='info'><i class='mdi-action-info-outline'></i></td>
<td class='timestamp'>10:56:39</td>
<td class='step-details'>********************* END OF AUTOMATION TEST *********************</td>
</tr>
<tr>
<td class='status info' title='info' alt='info'><i class='mdi-action-info-outline'></i></td>
<td class='timestamp'>10:56:39</td>
<td class='step-details'>TEST RESULT SAVED IN: FitNesseRoot/files/testResults/ExtentReport/STAGING/AutomationReport190916-1056.html</td>
</tr>
</tbody>
</table>
<ul class='collapsible node-list' data-collapsible='accordion'>
</ul>
</div>
</div>
</li>
<li class='collection-item test displayed active fail ' extentid='919fd0f6-f1ea-47d8-a1da-3503c584b4d2'>
<div class='test-head'>
<span class='test-name'>APAC_INCA_India_Suite_Test03CreateAdvertiserTest </span>
<span class='test-status label right outline capitalize fail'>fail</span>
<span class='category-assigned hide  test03incaind-createanincaindiaadvertiser'></span>
</div>
<div class='test-body'>
<div class='test-info'>
<span title='Test started time' alt='Test started time' class='test-started-time label green lighten-1 text-white'>2019-09-16 10:56:41</span>
<span title='Test ended time' alt='Test ended time' class='test-ended-time label red lighten-1 text-white'>2019-09-16 10:56:47</span>
<span title='Time taken to finish' alt='Time taken to finish' class='test-time-taken label blue-grey lighten-3 text-white'>0h 0m 6s+0ms</span>
</div>
<div class='test-desc'></div>
<div class='test-attributes'>
<div class='categories'>
<span class='category text-white'>Test03INCAInd-Create an INCA India Advertiser</span>
</div>
</div>
<div class='test-steps'>
<table class='bordered table-results'>
<thead>
<tr>
<th>Status</th>
<th>Timestamp</th>
<th>Details</th>
</tr>
</thead>
<tbody>
<tr>
<td class='status info' title='info' alt='info'><i class='mdi-action-info-outline'></i></td>
<td class='timestamp'>10:56:41</td>
<td class='step-details'>TEST STARTED:</td>
</tr>
<tr>
<td class='status info' title='info' alt='info'><i class='mdi-action-info-outline'></i></td>
<td class='timestamp'>10:56:41</td>
<td class='step-details'>Clicking on + icon Tab</td>
</tr>
<tr>
<td class='status fail' title='fail' alt='fail'><i class='mdi-navigation-cancel'></i></td>
<td class='timestamp'>10:56:44</td>
<td class='step-details'>Unable to click on + icon Tab Exception: org.openqa.selenium.remote.UnreachableBrowserException: Error communicating with the remote browser. It may have died. Build info: version: '2.53.0', revision: '35ae25b1534ae328c771e0856c93e187490ca824', time: '2016-03-15 10:43:46' System info: host: 'EC2AMAZ-FEFP0OS', ip: '10.199.140.93', os.name: 'Windows NT (unknown)', os.arch: 'amd64', os.version: '10.0', java.version: '1.8.0_91' Driver info: driver.version: RemoteWebDriver Capabilities [{mobileEmulationEnabled=false, hasTouchScreen=false, platform=XP, acceptSslCerts=false, goog:chromeOptions={debuggerAddress=localhost:50713}, acceptInsecureCerts=false, webStorageEnabled=true, browserName=chrome, takesScreenshot=true, javascriptEnabled=true, setWindowRect=true, unexpectedAlertBehaviour=ignore, applicationCacheEnabled=false, rotatable=false, networkConnectionEnabled=false, chrome={chromedriverVersion=2.44.609538 (b655c5a60b0b544917107a59d4153d4bf78e1b90), userDataDir=C:\Users\SumonK\AppData\Local\Temp\2\scoped_dir992_414}, takesHeapSnapshot=true, pageLoadStrategy=normal, databaseEnabled=false, handlesAlerts=true, version=76.0.3809.132, browserConnectionEnabled=false, nativeEvents=true, locationContextEnabled=true, cssSelectorsEnabled=true}] Session ID: ad9db0fd4c60532fefa60671bba77aac</td>
</tr>
<tr>
<td class='status fail' title='fail' alt='fail'><i class='mdi-navigation-cancel'></i></td>
<td class='timestamp'>10:56:47</td>
<td class='step-details'>Error Occured while taking SCREENSHOT!!!</td>
</tr>
<tr>
<td class='status info' title='info' alt='info'><i class='mdi-action-info-outline'></i></td>
<td class='timestamp'>10:56:47</td>
<td class='step-details'>Total Execution Time for Test Suite: : 0:00:05</td>
</tr>
<tr>
<td class='status info' title='info' alt='info'><i class='mdi-action-info-outline'></i></td>
<td class='timestamp'>10:56:47</td>
<td class='step-details'>********************* END OF AUTOMATION TEST *********************</td>
</tr>
<tr>
<td class='status info' title='info' alt='info'><i class='mdi-action-info-outline'></i></td>
<td class='timestamp'>10:56:47</td>
<td class='step-details'>TEST RESULT SAVED IN: FitNesseRoot/files/testResults/ExtentReport/STAGING/AutomationReport190916-1056.html</td>
</tr>
</tbody>
</table>
<ul class='collapsible node-list' data-collapsible='accordion'>
</ul>
</div>
</div>
</li>
<li class='collection-item test displayed active fail ' extentid='5da4e474-45e7-4ca2-8fee-55807a0718d1'>
<div class='test-head'>
<span class='test-name'>EMEA_UK_Suite_Test01LogInUserTest </span>
<span class='test-status label right outline capitalize fail'>fail</span>
<span class='category-assigned hide  test01uk-loginasaukusernatasatintor'></span>
</div>
<div class='test-body'>
<div class='test-info'>
<span title='Test started time' alt='Test started time' class='test-started-time label green lighten-1 text-white'>2019-09-16 10:56:56</span>
<span title='Test ended time' alt='Test ended time' class='test-ended-time label red lighten-1 text-white'>2019-09-16 10:57:02</span>
<span title='Time taken to finish' alt='Time taken to finish' class='test-time-taken label blue-grey lighten-3 text-white'>0h 0m 6s+0ms</span>
</div>
<div class='test-desc'></div>
<div class='test-attributes'>
<div class='categories'>
<span class='category text-white'>Test01UK-Log In as a UK user Natasa Tintor</span>
</div>
</div>
<div class='test-steps'>
<table class='bordered table-results'>
<thead>
<tr>
<th>Status</th>
<th>Timestamp</th>
<th>Details</th>
</tr>
</thead>
<tbody>
<tr>
<td class='status info' title='info' alt='info'><i class='mdi-action-info-outline'></i></td>
<td class='timestamp'>10:56:56</td>
<td class='step-details'>TEST STARTED:</td>
</tr>
<tr>
<td class='status info' title='info' alt='info'><i class='mdi-action-info-outline'></i></td>
<td class='timestamp'>10:56:56</td>
<td class='step-details'>Navigating to url https://test.salesforce.com</td>
</tr>
<tr>
<td class='status info' title='info' alt='info'><i class='mdi-action-info-outline'></i></td>
<td class='timestamp'>10:56:58</td>
<td class='step-details'>Entering key word sumon.kashem@xaxis.com.glstaging on UserName Field</td>
</tr>
<tr>
<td class='status fail' title='fail' alt='fail'><i class='mdi-navigation-cancel'></i></td>
<td class='timestamp'>10:57:00</td>
<td class='step-details'>Unable to enter keyword on UserName Field</td>
</tr>
<tr>
<td class='status fail' title='fail' alt='fail'><i class='mdi-navigation-cancel'></i></td>
<td class='timestamp'>10:57:02</td>
<td class='step-details'>Error Occured while taking SCREENSHOT!!!</td>
</tr>
<tr>
<td class='status info' title='info' alt='info'><i class='mdi-action-info-outline'></i></td>
<td class='timestamp'>10:57:02</td>
<td class='step-details'>Total Execution Time for Test Suite: : 0:00:06</td>
</tr>
<tr>
<td class='status info' title='info' alt='info'><i class='mdi-action-info-outline'></i></td>
<td class='timestamp'>10:57:02</td>
<td class='step-details'>********************* END OF AUTOMATION TEST *********************</td>
</tr>
<tr>
<td class='status info' title='info' alt='info'><i class='mdi-action-info-outline'></i></td>
<td class='timestamp'>10:57:02</td>
<td class='step-details'>TEST RESULT SAVED IN: FitNesseRoot/files/testResults/ExtentReport/STAGING/AutomationReport190916-1056.html</td>
</tr>
</tbody>
</table>
<ul class='collapsible node-list' data-collapsible='accordion'>
</ul>
</div>
</div>
</li>
<li class='collection-item test displayed active fail ' extentid='de6926ec-73a2-40e3-97d2-b47b714ba1d1'>
<div class='test-head'>
<span class='test-name'>EMEA_Germany_Suite_Test01LogInUserTest </span>
<span class='test-status label right outline capitalize fail'>fail</span>
<span class='category-assigned hide  test01ger-loginasagermanyuserfrankadams'></span>
</div>
<div class='test-body'>
<div class='test-info'>
<span title='Test started time' alt='Test started time' class='test-started-time label green lighten-1 text-white'>2019-09-16 10:57:13</span>
<span title='Test ended time' alt='Test ended time' class='test-ended-time label red lighten-1 text-white'>2019-09-16 10:57:22</span>
<span title='Time taken to finish' alt='Time taken to finish' class='test-time-taken label blue-grey lighten-3 text-white'>0h 0m 9s+0ms</span>
</div>
<div class='test-desc'></div>
<div class='test-attributes'>
<div class='categories'>
<span class='category text-white'>Test01Ger-Log In as a Germany user Frank Adams</span>
</div>
</div>
<div class='test-steps'>
<table class='bordered table-results'>
<thead>
<tr>
<th>Status</th>
<th>Timestamp</th>
<th>Details</th>
</tr>
</thead>
<tbody>
<tr>
<td class='status info' title='info' alt='info'><i class='mdi-action-info-outline'></i></td>
<td class='timestamp'>10:57:13</td>
<td class='step-details'>TEST STARTED:</td>
</tr>
<tr>
<td class='status info' title='info' alt='info'><i class='mdi-action-info-outline'></i></td>
<td class='timestamp'>10:57:13</td>
<td class='step-details'>Navigating to url https://test.salesforce.com</td>
</tr>
<tr>
<td class='status info' title='info' alt='info'><i class='mdi-action-info-outline'></i></td>
<td class='timestamp'>10:57:17</td>
<td class='step-details'>Entering key word sumon.kashem@xaxis.com.glstaging on UserName Field</td>
</tr>
<tr>
<td class='status fail' title='fail' alt='fail'><i class='mdi-navigation-cancel'></i></td>
<td class='timestamp'>10:57:20</td>
<td class='step-details'>Unable to enter keyword on UserName Field</td>
</tr>
<tr>
<td class='status fail' title='fail' alt='fail'><i class='mdi-navigation-cancel'></i></td>
<td class='timestamp'>10:57:22</td>
<td class='step-details'>Error Occured while taking SCREENSHOT!!!</td>
</tr>
<tr>
<td class='status info' title='info' alt='info'><i class='mdi-action-info-outline'></i></td>
<td class='timestamp'>10:57:22</td>
<td class='step-details'>Total Execution Time for Test Suite: : 0:00:09</td>
</tr>
<tr>
<td class='status info' title='info' alt='info'><i class='mdi-action-info-outline'></i></td>
<td class='timestamp'>10:57:22</td>
<td class='step-details'>********************* END OF AUTOMATION TEST *********************</td>
</tr>
<tr>
<td class='status info' title='info' alt='info'><i class='mdi-action-info-outline'></i></td>
<td class='timestamp'>10:57:22</td>
<td class='step-details'>TEST RESULT SAVED IN: FitNesseRoot/files/testResults/ExtentReport/STAGING/AutomationReport190916-1056.html</td>
</tr>
</tbody>
</table>
<ul class='collapsible node-list' data-collapsible='accordion'>
</ul>
</div>
</div>
</li>
<li class='collection-item test displayed active pass ' extentid='de75abb5-f125-49fa-a914-892ef667f3ec'>
<div class='test-head'>
<span class='test-name'>EMEA_INCA_Suite_Test01SfUserActivationTest </span>
<span class='test-status label right outline capitalize pass'>pass</span>
<span class='category-assigned hide  test01incauser-verifyusersfqateamisactive'></span>
</div>
<div class='test-body'>
<div class='test-info'>
<span title='Test started time' alt='Test started time' class='test-started-time label green lighten-1 text-white'>2019-09-16 10:57:30</span>
<span title='Test ended time' alt='Test ended time' class='test-ended-time label red lighten-1 text-white'>2019-09-16 10:58:02</span>
<span title='Time taken to finish' alt='Time taken to finish' class='test-time-taken label blue-grey lighten-3 text-white'>0h 0m 32s+0ms</span>
</div>
<div class='test-desc'></div>
<div class='test-attributes'>
<div class='categories'>
<span class='category text-white'>Test01IncaUser-Verify User sf qa team is Active</span>
</div>
</div>
<div class='test-steps'>
<table class='bordered table-results'>
<thead>
<tr>
<th>Status</th>
<th>Timestamp</th>
<th>Details</th>
</tr>
</thead>
<tbody>
<tr>
<td class='status info' title='info' alt='info'><i class='mdi-action-info-outline'></i></td>
<td class='timestamp'>10:57:30</td>
<td class='step-details'>TEST STARTED:</td>
</tr>
<tr>
<td class='status info' title='info' alt='info'><i class='mdi-action-info-outline'></i></td>
<td class='timestamp'>10:57:30</td>
<td class='step-details'>Navigating to url https://test.salesforce.com</td>
</tr>
<tr>
<td class='status info' title='info' alt='info'><i class='mdi-action-info-outline'></i></td>
<td class='timestamp'>10:57:35</td>
<td class='step-details'>Entering key word sumon.kashem@xaxis.com.glstaging on UserName Field</td>
</tr>
<tr>
<td class='status info' title='info' alt='info'><i class='mdi-action-info-outline'></i></td>
<td class='timestamp'>10:57:38</td>
<td class='step-details'>Entering key word on Password Field</td>
</tr>
<tr>
<td class='status info' title='info' alt='info'><i class='mdi-action-info-outline'></i></td>
<td class='timestamp'>10:57:38</td>
<td class='step-details'>Clicking on LogIn Button</td>
</tr>
<tr>
<td class='status info' title='info' alt='info'><i class='mdi-action-info-outline'></i></td>
<td class='timestamp'>10:57:43</td>
<td class='step-details'>Entering key word sf qa team on Search Field</td>
</tr>
<tr>
<td class='status info' title='info' alt='info'><i class='mdi-action-info-outline'></i></td>
<td class='timestamp'>10:57:44</td>
<td class='step-details'>Clicking on Search Button</td>
</tr>
<tr>
<td class='status info' title='info' alt='info'><i class='mdi-action-info-outline'></i></td>
<td class='timestamp'>10:57:46</td>
<td class='step-details'>Clicking on Display Name Link</td>
</tr>
<tr>
<td class='status info' title='info' alt='info'><i class='mdi-action-info-outline'></i></td>
<td class='timestamp'>10:57:49</td>
<td class='step-details'>Clicking on User Action Dropdown</td>
</tr>
<tr>
<td class='status info' title='info' alt='info'><i class='mdi-action-info-outline'></i></td>
<td class='timestamp'>10:57:50</td>
<td class='step-details'>Clicking on User Detail Link</td>
</tr>
<tr>
<td class='status info' title='info' alt='info'><i class='mdi-action-info-outline'></i></td>
<td class='timestamp'>10:57:52</td>
<td class='step-details'>Clicking on Edit Button</td>
</tr>
<tr>
<td class='status info' title='info' alt='info'><i class='mdi-action-info-outline'></i></td>
<td class='timestamp'>10:57:54</td>
<td class='step-details'>Verifying if User is active on user details</td>
</tr>
<tr>
<td class='status info' title='info' alt='info'><i class='mdi-action-info-outline'></i></td>
<td class='timestamp'>10:57:56</td>
<td class='step-details'>Waiting 1500 milliseconds on a page</td>
</tr>
<tr>
<td class='status info' title='info' alt='info'><i class='mdi-action-info-outline'></i></td>
<td class='timestamp'>10:57:58</td>
<td class='step-details'>Clicking on Edit Button</td>
</tr>
<tr>
<td class='status info' title='info' alt='info'><i class='mdi-action-info-outline'></i></td>
<td class='timestamp'>10:57:59</td>
<td class='step-details'>selecting value INCA on Role Dropdown</td>
</tr>
<tr>
<td class='status info' title='info' alt='info'><i class='mdi-action-info-outline'></i></td>
<td class='timestamp'>10:58:00</td>
<td class='step-details'>selecting value USD - U.S. Dollar on Currency Dropdown</td>
</tr>
<tr>
<td class='status info' title='info' alt='info'><i class='mdi-action-info-outline'></i></td>
<td class='timestamp'>10:58:00</td>
<td class='step-details'>Clicking on Save Button</td>
</tr>
<tr>
<td class='status info' title='info' alt='info'><i class='mdi-action-info-outline'></i></td>
<td class='timestamp'>10:58:02</td>
<td class='step-details'>Total Execution Time for Test Suite: : 0:00:31</td>
</tr>
<tr>
<td class='status info' title='info' alt='info'><i class='mdi-action-info-outline'></i></td>
<td class='timestamp'>10:58:02</td>
<td class='step-details'>********************* END OF AUTOMATION TEST *********************</td>
</tr>
<tr>
<td class='status info' title='info' alt='info'><i class='mdi-action-info-outline'></i></td>
<td class='timestamp'>10:58:02</td>
<td class='step-details'>TEST RESULT SAVED IN: FitNesseRoot/files/testResults/ExtentReport/STAGING/AutomationReport190916-1056.html</td>
</tr>
</tbody>
</table>
<ul class='collapsible node-list' data-collapsible='accordion'>
</ul>
</div>
</div>
</li>
<li class='collection-item test displayed active pass ' extentid='e453e419-a3ef-4eef-a405-4b589c379eb5'>
<div class='test-head'>
<span class='test-name'>EMEA_INCA_Suite_Test02SfUserManageCompTest </span>
<span class='test-status label right outline capitalize pass'>pass</span>
<span class='category-assigned hide  test02incauser-verifyusersfqateamhasmanagecompanies'></span>
</div>
<div class='test-body'>
<div class='test-info'>
<span title='Test started time' alt='Test started time' class='test-started-time label green lighten-1 text-white'>2019-09-16 10:58:03</span>
<span title='Test ended time' alt='Test ended time' class='test-ended-time label red lighten-1 text-white'>2019-09-16 10:58:14</span>
<span title='Time taken to finish' alt='Time taken to finish' class='test-time-taken label blue-grey lighten-3 text-white'>0h 0m 11s+0ms</span>
</div>
<div class='test-desc'></div>
<div class='test-attributes'>
<div class='categories'>
<span class='category text-white'>Test02IncaUser-Verify User sf qa team has Manage Companies</span>
</div>
</div>
<div class='test-steps'>
<table class='bordered table-results'>
<thead>
<tr>
<th>Status</th>
<th>Timestamp</th>
<th>Details</th>
</tr>
</thead>
<tbody>
<tr>
<td class='status info' title='info' alt='info'><i class='mdi-action-info-outline'></i></td>
<td class='timestamp'>10:58:03</td>
<td class='step-details'>TEST STARTED:</td>
</tr>
<tr>
<td class='status info' title='info' alt='info'><i class='mdi-action-info-outline'></i></td>
<td class='timestamp'>10:58:03</td>
<td class='step-details'>Entering key word sf qa team on Search Field</td>
</tr>
<tr>
<td class='status info' title='info' alt='info'><i class='mdi-action-info-outline'></i></td>
<td class='timestamp'>10:58:04</td>
<td class='step-details'>Clicking on Search Button</td>
</tr>
<tr>
<td class='status info' title='info' alt='info'><i class='mdi-action-info-outline'></i></td>
<td class='timestamp'>10:58:06</td>
<td class='step-details'>Clicking on Display Name Link</td>
</tr>
<tr>
<td class='status info' title='info' alt='info'><i class='mdi-action-info-outline'></i></td>
<td class='timestamp'>10:58:09</td>
<td class='step-details'>Clicking on User Action Dropdown</td>
</tr>
<tr>
<td class='status info' title='info' alt='info'><i class='mdi-action-info-outline'></i></td>
<td class='timestamp'>10:58:09</td>
<td class='step-details'>Clicking on User Detail Link</td>
</tr>
<tr>
<td class='status info' title='info' alt='info'><i class='mdi-action-info-outline'></i></td>
<td class='timestamp'>10:58:14</td>
<td class='step-details'>Verifying if User has Manage Companies on their Assignment</td>
</tr>
<tr>
<td class='status info' title='info' alt='info'><i class='mdi-action-info-outline'></i></td>
<td class='timestamp'>10:58:14</td>
<td class='step-details'>Total Execution Time for Test Suite: : 0:00:10</td>
</tr>
<tr>
<td class='status info' title='info' alt='info'><i class='mdi-action-info-outline'></i></td>
<td class='timestamp'>10:58:14</td>
<td class='step-details'>********************* END OF AUTOMATION TEST *********************</td>
</tr>
<tr>
<td class='status info' title='info' alt='info'><i class='mdi-action-info-outline'></i></td>
<td class='timestamp'>10:58:14</td>
<td class='step-details'>TEST RESULT SAVED IN: FitNesseRoot/files/testResults/ExtentReport/STAGING/AutomationReport190916-1056.html</td>
</tr>
</tbody>
</table>
<ul class='collapsible node-list' data-collapsible='accordion'>
</ul>
</div>
</div>
</li>
<li class='collection-item test displayed active pass ' extentid='655d6e6e-26be-4331-9cdc-0241cf0c4977'>
<div class='test-head'>
<span class='test-name'>APAC_INCA_India_Suite_Test01LogInUserTest </span>
<span class='test-status label right outline capitalize pass'>pass</span>
<span class='category-assigned hide  test01incaind-loginasaincaindiausersfqateam'></span>
</div>
<div class='test-body'>
<div class='test-info'>
<span title='Test started time' alt='Test started time' class='test-started-time label green lighten-1 text-white'>2019-09-16 10:58:21</span>
<span title='Test ended time' alt='Test ended time' class='test-ended-time label red lighten-1 text-white'>2019-09-16 10:58:46</span>
<span title='Time taken to finish' alt='Time taken to finish' class='test-time-taken label blue-grey lighten-3 text-white'>0h 0m 25s+0ms</span>
</div>
<div class='test-desc'></div>
<div class='test-attributes'>
<div class='categories'>
<span class='category text-white'>Test01INCAInd-Log In as a INCA India user sf qa team</span>
</div>
</div>
<div class='test-steps'>
<table class='bordered table-results'>
<thead>
<tr>
<th>Status</th>
<th>Timestamp</th>
<th>Details</th>
</tr>
</thead>
<tbody>
<tr>
<td class='status info' title='info' alt='info'><i class='mdi-action-info-outline'></i></td>
<td class='timestamp'>10:58:21</td>
<td class='step-details'>TEST STARTED:</td>
</tr>
<tr>
<td class='status info' title='info' alt='info'><i class='mdi-action-info-outline'></i></td>
<td class='timestamp'>10:58:21</td>
<td class='step-details'>Navigating to url https://test.salesforce.com</td>
</tr>
<tr>
<td class='status info' title='info' alt='info'><i class='mdi-action-info-outline'></i></td>
<td class='timestamp'>10:58:26</td>
<td class='step-details'>Entering key word sumon.kashem@xaxis.com.glstaging on UserName Field</td>
</tr>
<tr>
<td class='status info' title='info' alt='info'><i class='mdi-action-info-outline'></i></td>
<td class='timestamp'>10:58:27</td>
<td class='step-details'>Entering key word on Password Field</td>
</tr>
<tr>
<td class='status info' title='info' alt='info'><i class='mdi-action-info-outline'></i></td>
<td class='timestamp'>10:58:28</td>
<td class='step-details'>Clicking on LogIn Button</td>
</tr>
<tr>
<td class='status info' title='info' alt='info'><i class='mdi-action-info-outline'></i></td>
<td class='timestamp'>10:58:33</td>
<td class='step-details'>Entering key word sf qa team on Search Field</td>
</tr>
<tr>
<td class='status info' title='info' alt='info'><i class='mdi-action-info-outline'></i></td>
<td class='timestamp'>10:58:35</td>
<td class='step-details'>Clicking on Search Button</td>
</tr>
<tr>
<td class='status info' title='info' alt='info'><i class='mdi-action-info-outline'></i></td>
<td class='timestamp'>10:58:38</td>
<td class='step-details'>Clicking on Display Name Link</td>
</tr>
<tr>
<td class='status info' title='info' alt='info'><i class='mdi-action-info-outline'></i></td>
<td class='timestamp'>10:58:41</td>
<td class='step-details'>Clicking on User Action Dropdown</td>
</tr>
<tr>
<td class='status info' title='info' alt='info'><i class='mdi-action-info-outline'></i></td>
<td class='timestamp'>10:58:42</td>
<td class='step-details'>Clicking on User Detail Link</td>
</tr>
<tr>
<td class='status info' title='info' alt='info'><i class='mdi-action-info-outline'></i></td>
<td class='timestamp'>10:58:44</td>
<td class='step-details'>Clicking on LogIn Button</td>
</tr>
<tr>
<td class='status pass' title='pass' alt='pass'><i class='mdi-action-check-circle'></i></td>
<td class='timestamp'>10:58:46</td>
<td class='step-details'>Text value - Logged in as SF QA Team (sf.qa2@xaxis.com.glstaging) exist as expected on Home Page</td>
</tr>
<tr>
<td class='status info' title='info' alt='info'><i class='mdi-action-info-outline'></i></td>
<td class='timestamp'>10:58:46</td>
<td class='step-details'>Total Execution Time for Test Suite: : 0:00:25</td>
</tr>
<tr>
<td class='status info' title='info' alt='info'><i class='mdi-action-info-outline'></i></td>
<td class='timestamp'>10:58:46</td>
<td class='step-details'>********************* END OF AUTOMATION TEST *********************</td>
</tr>
<tr>
<td class='status info' title='info' alt='info'><i class='mdi-action-info-outline'></i></td>
<td class='timestamp'>10:58:46</td>
<td class='step-details'>TEST RESULT SAVED IN: FitNesseRoot/files/testResults/ExtentReport/STAGING/AutomationReport190916-1056.html</td>
</tr>
</tbody>
</table>
<ul class='collapsible node-list' data-collapsible='accordion'>
</ul>
</div>
</div>
</li>
<li class='collection-item test displayed active fail ' extentid='ae979579-0830-4322-8bae-4daa50521cfd'>
<div class='test-head'>
<span class='test-name'>APAC_INCA_India_Suite_Test05CreateIncaOppTest </span>
<span class='test-status label right outline capitalize fail'>fail</span>
<span class='category-assigned hide  test05incaind-createanincaindiaopportunity'></span>
</div>
<div class='test-body'>
<div class='test-info'>
<span title='Test started time' alt='Test started time' class='test-started-time label green lighten-1 text-white'>2019-09-16 10:58:48</span>
<span title='Test ended time' alt='Test ended time' class='test-ended-time label red lighten-1 text-white'>2019-09-16 10:58:55</span>
<span title='Time taken to finish' alt='Time taken to finish' class='test-time-taken label blue-grey lighten-3 text-white'>0h 0m 7s+0ms</span>
</div>
<div class='test-desc'></div>
<div class='test-attributes'>
<div class='categories'>
<span class='category text-white'>Test05INCAInd-Create an INCA India Opportunity</span>
</div>
</div>
<div class='test-steps'>
<table class='bordered table-results'>
<thead>
<tr>
<th>Status</th>
<th>Timestamp</th>
<th>Details</th>
</tr>
</thead>
<tbody>
<tr>
<td class='status info' title='info' alt='info'><i class='mdi-action-info-outline'></i></td>
<td class='timestamp'>10:58:48</td>
<td class='step-details'>TEST STARTED:</td>
</tr>
<tr>
<td class='status info' title='info' alt='info'><i class='mdi-action-info-outline'></i></td>
<td class='timestamp'>10:58:48</td>
<td class='step-details'>Navigating to url $incaIndAccountPageUrl</td>
</tr>
<tr>
<td class='status info' title='info' alt='info'><i class='mdi-action-info-outline'></i></td>
<td class='timestamp'>10:58:49</td>
<td class='step-details'>Switching to Opportunity Frame Iframe</td>
</tr>
<tr>
<td class='status fail' title='fail' alt='fail'><i class='mdi-navigation-cancel'></i></td>
<td class='timestamp'>10:58:52</td>
<td class='step-details'>Can't switch Opportunity Frame Iframe</td>
</tr>
<tr>
<td class='status fail' title='fail' alt='fail'><i class='mdi-navigation-cancel'></i></td>
<td class='timestamp'>10:58:55</td>
<td class='step-details'><img class="report-img" data-featherlight="Screenshots//ScreenShot1jyoem75memgm.png" src="Screenshots//ScreenShot1jyoem75memgm.png"></td>
</tr>
<tr>
<td class='status info' title='info' alt='info'><i class='mdi-action-info-outline'></i></td>
<td class='timestamp'>10:58:55</td>
<td class='step-details'>Total Execution Time for Test Suite: : 0:00:06</td>
</tr>
<tr>
<td class='status info' title='info' alt='info'><i class='mdi-action-info-outline'></i></td>
<td class='timestamp'>10:58:55</td>
<td class='step-details'>********************* END OF AUTOMATION TEST *********************</td>
</tr>
<tr>
<td class='status info' title='info' alt='info'><i class='mdi-action-info-outline'></i></td>
<td class='timestamp'>10:58:55</td>
<td class='step-details'>TEST RESULT SAVED IN: FitNesseRoot/files/testResults/ExtentReport/STAGING/AutomationReport190916-1056.html</td>
</tr>
</tbody>
</table>
<ul class='collapsible node-list' data-collapsible='accordion'>
</ul>
</div>
</div>
</li>
<li class='collection-item test displayed active fail ' extentid='ee96462f-4907-44c5-ba28-f5da9c997e4d'>
<div class='test-head'>
<span class='test-name'>APAC_INCA_India_Suite_Test06aVerifyAllFieldsForIncaSellLineTest </span>
<span class='test-status label right outline capitalize fail'>fail</span>
<span class='category-assigned hide  test06aincaind-verifyallfieldsavailableforincaapacsellline'></span>
</div>
<div class='test-body'>
<div class='test-info'>
<span title='Test started time' alt='Test started time' class='test-started-time label green lighten-1 text-white'>2019-09-16 10:58:57</span>
<span title='Test ended time' alt='Test ended time' class='test-ended-time label red lighten-1 text-white'>2019-09-16 10:59:13</span>
<span title='Time taken to finish' alt='Time taken to finish' class='test-time-taken label blue-grey lighten-3 text-white'>0h 0m 16s+0ms</span>
</div>
<div class='test-desc'></div>
<div class='test-attributes'>
<div class='categories'>
<span class='category text-white'>Test06aINCAInd-Verify All Fields Available for INCA APAC Sell Line</span>
</div>
</div>
<div class='test-steps'>
<table class='bordered table-results'>
<thead>
<tr>
<th>Status</th>
<th>Timestamp</th>
<th>Details</th>
</tr>
</thead>
<tbody>
<tr>
<td class='status info' title='info' alt='info'><i class='mdi-action-info-outline'></i></td>
<td class='timestamp'>10:58:57</td>
<td class='step-details'>TEST STARTED:</td>
</tr>
<tr>
<td class='status info' title='info' alt='info'><i class='mdi-action-info-outline'></i></td>
<td class='timestamp'>10:58:57</td>
<td class='step-details'>Navigating to url $incaIndOpportunityPageUrl</td>
</tr>
<tr>
<td class='status info' title='info' alt='info'><i class='mdi-action-info-outline'></i></td>
<td class='timestamp'>10:59:00</td>
<td class='step-details'>Clicking on New INCA Sell Line Button</td>
</tr>
<tr>
<td class='status fail' title='fail' alt='fail'><i class='mdi-navigation-cancel'></i></td>
<td class='timestamp'>10:59:11</td>
<td class='step-details'>Unable to click on New INCA Sell Line Button Exception: org.openqa.selenium.TimeoutException: Timed out after 7 seconds waiting for visibility of element located by By.xpath: //*[@value="New INCA Sell Line"] Build info: version: '2.53.0', revision: '35ae25b1534ae328c771e0856c93e187490ca824', time: '2016-03-15 10:43:46' System info: host: 'EC2AMAZ-FEFP0OS', ip: '10.199.140.93', os.name: 'Windows NT (unknown)', os.arch: 'amd64', os.version: '10.0', java.version: '1.8.0_91' Driver info: org.openqa.selenium.chrome.ChromeDriver Capabilities [{mobileEmulationEnabled=false, hasTouchScreen=false, platform=XP, acceptSslCerts=false, goog:chromeOptions={debuggerAddress=localhost:51047}, acceptInsecureCerts=false, webStorageEnabled=true, browserName=chrome, takesScreenshot=true, javascriptEnabled=true, setWindowRect=true, unexpectedAlertBehaviour=ignore, applicationCacheEnabled=false, rotatable=false, networkConnectionEnabled=false, chrome={chromedriverVersion=2.44.609538 (b655c5a60b0b544917107a59d4153d4bf78e1b90), userDataDir=C:\Users\SumonK\AppData\Local\Temp\2\scoped_dir5344_9626}, takesHeapSnapshot=true, pageLoadStrategy=normal, databaseEnabled=false, handlesAlerts=true, version=76.0.3809.132, browserConnectionEnabled=false, nativeEvents=true, locationContextEnabled=true, cssSelectorsEnabled=true}] Session ID: e1ac4de441ddbd8788f7e10a38753eac</td>
</tr>
<tr>
<td class='status fail' title='fail' alt='fail'><i class='mdi-navigation-cancel'></i></td>
<td class='timestamp'>10:59:13</td>
<td class='step-details'><img class="report-img" data-featherlight="Screenshots//ScreenShot1huzwpv01u1q0.png" src="Screenshots//ScreenShot1huzwpv01u1q0.png"></td>
</tr>
<tr>
<td class='status info' title='info' alt='info'><i class='mdi-action-info-outline'></i></td>
<td class='timestamp'>10:59:13</td>
<td class='step-details'>Total Execution Time for Test Suite: : 0:00:15</td>
</tr>
<tr>
<td class='status info' title='info' alt='info'><i class='mdi-action-info-outline'></i></td>
<td class='timestamp'>10:59:13</td>
<td class='step-details'>********************* END OF AUTOMATION TEST *********************</td>
</tr>
<tr>
<td class='status info' title='info' alt='info'><i class='mdi-action-info-outline'></i></td>
<td class='timestamp'>10:59:13</td>
<td class='step-details'>TEST RESULT SAVED IN: FitNesseRoot/files/testResults/ExtentReport/STAGING/AutomationReport190916-1056.html</td>
</tr>
</tbody>
</table>
<ul class='collapsible node-list' data-collapsible='accordion'>
</ul>
</div>
</div>
</li>
<li class='collection-item test displayed active fail ' extentid='2d596fbf-3cad-4b69-a36a-998eac46ca61'>
<div class='test-head'>
<span class='test-name'>APAC_INCA_INDIA_Suite_Test06bCreateIncaSellLineTest </span>
<span class='test-status label right outline capitalize fail'>fail</span>
<span class='category-assigned hide  test06bincaind-createanincaindiasellline'></span>
</div>
<div class='test-body'>
<div class='test-info'>
<span title='Test started time' alt='Test started time' class='test-started-time label green lighten-1 text-white'>2019-09-16 10:59:15</span>
<span title='Test ended time' alt='Test ended time' class='test-ended-time label red lighten-1 text-white'>2019-09-16 10:59:21</span>
<span title='Time taken to finish' alt='Time taken to finish' class='test-time-taken label blue-grey lighten-3 text-white'>0h 0m 6s+0ms</span>
</div>
<div class='test-desc'></div>
<div class='test-attributes'>
<div class='categories'>
<span class='category text-white'>Test06bINCAInd-Create an INCA India Sell Line</span>
</div>
</div>
<div class='test-steps'>
<table class='bordered table-results'>
<thead>
<tr>
<th>Status</th>
<th>Timestamp</th>
<th>Details</th>
</tr>
</thead>
<tbody>
<tr>
<td class='status info' title='info' alt='info'><i class='mdi-action-info-outline'></i></td>
<td class='timestamp'>10:59:15</td>
<td class='step-details'>TEST STARTED:</td>
</tr>
<tr>
<td class='status info' title='info' alt='info'><i class='mdi-action-info-outline'></i></td>
<td class='timestamp'>10:59:15</td>
<td class='step-details'>Entering key word APAC INCA SL-190916-1056 on Sell Line Name Field</td>
</tr>
<tr>
<td class='status fail' title='fail' alt='fail'><i class='mdi-navigation-cancel'></i></td>
<td class='timestamp'>10:59:19</td>
<td class='step-details'>Unable to enter keyword on Sell Line Name Field</td>
</tr>
<tr>
<td class='status fail' title='fail' alt='fail'><i class='mdi-navigation-cancel'></i></td>
<td class='timestamp'>10:59:21</td>
<td class='step-details'>Error Occured while taking SCREENSHOT!!!</td>
</tr>
<tr>
<td class='status info' title='info' alt='info'><i class='mdi-action-info-outline'></i></td>
<td class='timestamp'>10:59:21</td>
<td class='step-details'>Total Execution Time for Test Suite: : 0:00:06</td>
</tr>
<tr>
<td class='status info' title='info' alt='info'><i class='mdi-action-info-outline'></i></td>
<td class='timestamp'>10:59:21</td>
<td class='step-details'>********************* END OF AUTOMATION TEST *********************</td>
</tr>
<tr>
<td class='status info' title='info' alt='info'><i class='mdi-action-info-outline'></i></td>
<td class='timestamp'>10:59:21</td>
<td class='step-details'>TEST RESULT SAVED IN: FitNesseRoot/files/testResults/ExtentReport/STAGING/AutomationReport190916-1056.html</td>
</tr>
</tbody>
</table>
<ul class='collapsible node-list' data-collapsible='accordion'>
</ul>
</div>
</div>
</li>
<li class='collection-item test displayed active fail ' extentid='d6128ac0-d121-45d6-be6f-95a61bcf251c'>
<div class='test-head'>
<span class='test-name'>APAC_INCA_INDIA_Suite_Test06cSellLineSlmsApacFieldsRollUpTest </span>
<span class='test-status label right outline capitalize fail'>fail</span>
<span class='category-assigned hide  test06cincaind-updateslmsapacfieldsforslrollup'></span>
</div>
<div class='test-body'>
<div class='test-info'>
<span title='Test started time' alt='Test started time' class='test-started-time label green lighten-1 text-white'>2019-09-16 10:59:23</span>
<span title='Test ended time' alt='Test ended time' class='test-ended-time label red lighten-1 text-white'>2019-09-16 10:59:30</span>
<span title='Time taken to finish' alt='Time taken to finish' class='test-time-taken label blue-grey lighten-3 text-white'>0h 0m 7s+0ms</span>
</div>
<div class='test-desc'></div>
<div class='test-attributes'>
<div class='categories'>
<span class='category text-white'>Test06cINCAInd-Update SLMS APAC Fields for SL Rollup</span>
</div>
</div>
<div class='test-steps'>
<table class='bordered table-results'>
<thead>
<tr>
<th>Status</th>
<th>Timestamp</th>
<th>Details</th>
</tr>
</thead>
<tbody>
<tr>
<td class='status info' title='info' alt='info'><i class='mdi-action-info-outline'></i></td>
<td class='timestamp'>10:59:23</td>
<td class='step-details'>TEST STARTED:</td>
</tr>
<tr>
<td class='status info' title='info' alt='info'><i class='mdi-action-info-outline'></i></td>
<td class='timestamp'>10:59:23</td>
<td class='step-details'>Navigating to url $incaIndSellLineURL</td>
</tr>
<tr>
<td class='status fail' title='fail' alt='fail'><i class='mdi-navigation-cancel'></i></td>
<td class='timestamp'>10:59:27</td>
<td class='step-details'>Unable to scroll - org.openqa.selenium.remote.UnreachableBrowserException: Error communicating with the remote browser. It may have died. Build info: version: '2.53.0', revision: '35ae25b1534ae328c771e0856c93e187490ca824', time: '2016-03-15 10:43:46' System info: host: 'EC2AMAZ-FEFP0OS', ip: '10.199.140.93', os.name: 'Windows NT (unknown)', os.arch: 'amd64', os.version: '10.0', java.version: '1.8.0_91' Driver info: driver.version: RemoteWebDriver Capabilities [{mobileEmulationEnabled=false, hasTouchScreen=false, platform=XP, acceptSslCerts=false, goog:chromeOptions={debuggerAddress=localhost:51047}, acceptInsecureCerts=false, webStorageEnabled=true, browserName=chrome, takesScreenshot=true, javascriptEnabled=true, setWindowRect=true, unexpectedAlertBehaviour=ignore, applicationCacheEnabled=false, rotatable=false, networkConnectionEnabled=false, chrome={chromedriverVersion=2.44.609538 (b655c5a60b0b544917107a59d4153d4bf78e1b90), userDataDir=C:\Users\SumonK\AppData\Local\Temp\2\scoped_dir5344_9626}, takesHeapSnapshot=true, pageLoadStrategy=normal, databaseEnabled=false, handlesAlerts=true, version=76.0.3809.132, browserConnectionEnabled=false, nativeEvents=true, locationContextEnabled=true, cssSelectorsEnabled=true}] Session ID: e1ac4de441ddbd8788f7e10a38753eac</td>
</tr>
<tr>
<td class='status fail' title='fail' alt='fail'><i class='mdi-navigation-cancel'></i></td>
<td class='timestamp'>10:59:30</td>
<td class='step-details'>Error Occured while taking SCREENSHOT!!!</td>
</tr>
<tr>
<td class='status info' title='info' alt='info'><i class='mdi-action-info-outline'></i></td>
<td class='timestamp'>10:59:30</td>
<td class='step-details'>Total Execution Time for Test Suite: : 0:00:07</td>
</tr>
<tr>
<td class='status info' title='info' alt='info'><i class='mdi-action-info-outline'></i></td>
<td class='timestamp'>10:59:30</td>
<td class='step-details'>********************* END OF AUTOMATION TEST *********************</td>
</tr>
<tr>
<td class='status info' title='info' alt='info'><i class='mdi-action-info-outline'></i></td>
<td class='timestamp'>10:59:30</td>
<td class='step-details'>TEST RESULT SAVED IN: FitNesseRoot/files/testResults/ExtentReport/STAGING/AutomationReport190916-1056.html</td>
</tr>
</tbody>
</table>
<ul class='collapsible node-list' data-collapsible='accordion'>
</ul>
</div>
</div>
</li>
<li class='collection-item test displayed active fail ' extentid='5d13b0f8-f658-4709-93a5-841bc39ecebd'>
<div class='test-head'>
<span class='test-name'>APAC_INCA_India_Suite_Test06daCreateIncaFeeBuyPlacementTest </span>
<span class='test-status label right outline capitalize fail'>fail</span>
<span class='category-assigned hide  test06dincaind-createan'inca'feebuyplacement'></span>
</div>
<div class='test-body'>
<div class='test-info'>
<span title='Test started time' alt='Test started time' class='test-started-time label green lighten-1 text-white'>2019-09-16 10:59:32</span>
<span title='Test ended time' alt='Test ended time' class='test-ended-time label red lighten-1 text-white'>2019-09-16 10:59:42</span>
<span title='Time taken to finish' alt='Time taken to finish' class='test-time-taken label blue-grey lighten-3 text-white'>0h 0m 10s+0ms</span>
</div>
<div class='test-desc'></div>
<div class='test-attributes'>
<div class='categories'>
<span class='category text-white'>Test06dINCAInd-Create an 'INCA' Fee Buy Placement</span>
</div>
</div>
<div class='test-steps'>
<table class='bordered table-results'>
<thead>
<tr>
<th>Status</th>
<th>Timestamp</th>
<th>Details</th>
</tr>
</thead>
<tbody>
<tr>
<td class='status info' title='info' alt='info'><i class='mdi-action-info-outline'></i></td>
<td class='timestamp'>10:59:32</td>
<td class='step-details'>TEST STARTED:</td>
</tr>
<tr>
<td class='status info' title='info' alt='info'><i class='mdi-action-info-outline'></i></td>
<td class='timestamp'>10:59:32</td>
<td class='step-details'>Navigating to url $incaIndSellLineURL</td>
</tr>
<tr>
<td class='status info' title='info' alt='info'><i class='mdi-action-info-outline'></i></td>
<td class='timestamp'>10:59:37</td>
<td class='step-details'>Clicking on New Buy Placement Button by using JavaScript</td>
</tr>
<tr>
<td class='status fail' title='fail' alt='fail'><i class='mdi-navigation-cancel'></i></td>
<td class='timestamp'>10:59:39</td>
<td class='step-details'>Unable to click on New Buy Placement Button by using script</td>
</tr>
<tr>
<td class='status fail' title='fail' alt='fail'><i class='mdi-navigation-cancel'></i></td>
<td class='timestamp'>10:59:42</td>
<td class='step-details'>Error Occured while taking SCREENSHOT!!!</td>
</tr>
<tr>
<td class='status info' title='info' alt='info'><i class='mdi-action-info-outline'></i></td>
<td class='timestamp'>10:59:42</td>
<td class='step-details'>Total Execution Time for Test Suite: : 0:00:09</td>
</tr>
<tr>
<td class='status info' title='info' alt='info'><i class='mdi-action-info-outline'></i></td>
<td class='timestamp'>10:59:42</td>
<td class='step-details'>********************* END OF AUTOMATION TEST *********************</td>
</tr>
<tr>
<td class='status info' title='info' alt='info'><i class='mdi-action-info-outline'></i></td>
<td class='timestamp'>10:59:42</td>
<td class='step-details'>TEST RESULT SAVED IN: FitNesseRoot/files/testResults/ExtentReport/STAGING/AutomationReport190916-1056.html</td>
</tr>
</tbody>
</table>
<ul class='collapsible node-list' data-collapsible='accordion'>
</ul>
</div>
</div>
</li>
<li class='collection-item test displayed active fail ' extentid='01bed04d-98a6-4bea-aee7-d988f6589828'>
<div class='test-head'>
<span class='test-name'>APAC_INCA_India_Suite_Test07aCreateIncaPackBuyPlacementTest </span>
<span class='test-status label right outline capitalize fail'>fail</span>
<span class='category-assigned hide  test07aincaind-createanapac'inca'buyplacement'></span>
</div>
<div class='test-body'>
<div class='test-info'>
<span title='Test started time' alt='Test started time' class='test-started-time label green lighten-1 text-white'>2019-09-16 10:59:44</span>
<span title='Test ended time' alt='Test ended time' class='test-ended-time label red lighten-1 text-white'>2019-09-16 10:59:54</span>
<span title='Time taken to finish' alt='Time taken to finish' class='test-time-taken label blue-grey lighten-3 text-white'>0h 0m 10s+0ms</span>
</div>
<div class='test-desc'></div>
<div class='test-attributes'>
<div class='categories'>
<span class='category text-white'>Test07aINCAInd-Create an APAC 'INCA' Buy Placement</span>
</div>
</div>
<div class='test-steps'>
<table class='bordered table-results'>
<thead>
<tr>
<th>Status</th>
<th>Timestamp</th>
<th>Details</th>
</tr>
</thead>
<tbody>
<tr>
<td class='status info' title='info' alt='info'><i class='mdi-action-info-outline'></i></td>
<td class='timestamp'>10:59:44</td>
<td class='step-details'>TEST STARTED:</td>
</tr>
<tr>
<td class='status info' title='info' alt='info'><i class='mdi-action-info-outline'></i></td>
<td class='timestamp'>10:59:44</td>
<td class='step-details'>Navigating to url $incaIndSellLineURL</td>
</tr>
<tr>
<td class='status info' title='info' alt='info'><i class='mdi-action-info-outline'></i></td>
<td class='timestamp'>10:59:49</td>
<td class='step-details'>Clicking on New Buy Placement Button by using JavaScript</td>
</tr>
<tr>
<td class='status fail' title='fail' alt='fail'><i class='mdi-navigation-cancel'></i></td>
<td class='timestamp'>10:59:51</td>
<td class='step-details'>Unable to click on New Buy Placement Button by using script</td>
</tr>
<tr>
<td class='status fail' title='fail' alt='fail'><i class='mdi-navigation-cancel'></i></td>
<td class='timestamp'>10:59:54</td>
<td class='step-details'>Error Occured while taking SCREENSHOT!!!</td>
</tr>
<tr>
<td class='status info' title='info' alt='info'><i class='mdi-action-info-outline'></i></td>
<td class='timestamp'>10:59:54</td>
<td class='step-details'>Total Execution Time for Test Suite: : 0:00:09</td>
</tr>
<tr>
<td class='status info' title='info' alt='info'><i class='mdi-action-info-outline'></i></td>
<td class='timestamp'>10:59:54</td>
<td class='step-details'>********************* END OF AUTOMATION TEST *********************</td>
</tr>
<tr>
<td class='status info' title='info' alt='info'><i class='mdi-action-info-outline'></i></td>
<td class='timestamp'>10:59:54</td>
<td class='step-details'>TEST RESULT SAVED IN: FitNesseRoot/files/testResults/ExtentReport/STAGING/AutomationReport190916-1056.html</td>
</tr>
</tbody>
</table>
<ul class='collapsible node-list' data-collapsible='accordion'>
</ul>
</div>
</div>
</li>
<li class='collection-item test displayed active fail ' extentid='6586c7d7-22fb-40a4-b589-a6c72faddc2f'>
<div class='test-head'>
<span class='test-name'>APAC_INCA_India_Suite_Test07bCapturingActualsForSellLineTest </span>
<span class='test-status label right outline capitalize fail'>fail</span>
<span class='category-assigned hide  test07bincaind-capturingactualsforsellline'></span>
</div>
<div class='test-body'>
<div class='test-info'>
<span title='Test started time' alt='Test started time' class='test-started-time label green lighten-1 text-white'>2019-09-16 10:59:57</span>
<span title='Test ended time' alt='Test ended time' class='test-ended-time label red lighten-1 text-white'>2019-09-16 11:00:05</span>
<span title='Time taken to finish' alt='Time taken to finish' class='test-time-taken label blue-grey lighten-3 text-white'>0h 0m 8s+0ms</span>
</div>
<div class='test-desc'></div>
<div class='test-attributes'>
<div class='categories'>
<span class='category text-white'>Test07bINCAInd-Capturing Actuals for Sell Line</span>
</div>
</div>
<div class='test-steps'>
<table class='bordered table-results'>
<thead>
<tr>
<th>Status</th>
<th>Timestamp</th>
<th>Details</th>
</tr>
</thead>
<tbody>
<tr>
<td class='status info' title='info' alt='info'><i class='mdi-action-info-outline'></i></td>
<td class='timestamp'>10:59:57</td>
<td class='step-details'>TEST STARTED:</td>
</tr>
<tr>
<td class='status info' title='info' alt='info'><i class='mdi-action-info-outline'></i></td>
<td class='timestamp'>10:59:57</td>
<td class='step-details'>Navigating to url $incaIndSellLineURL</td>
</tr>
<tr>
<td class='status fail' title='fail' alt='fail'><i class='mdi-navigation-cancel'></i></td>
<td class='timestamp'>11:00:03</td>
<td class='step-details'>Verification object is not present/visible on Original Gross Budget Text Field</td>
</tr>
<tr>
<td class='status fail' title='fail' alt='fail'><i class='mdi-navigation-cancel'></i></td>
<td class='timestamp'>11:00:05</td>
<td class='step-details'>Error Occured while taking SCREENSHOT!!!</td>
</tr>
<tr>
<td class='status info' title='info' alt='info'><i class='mdi-action-info-outline'></i></td>
<td class='timestamp'>11:00:05</td>
<td class='step-details'>Total Execution Time for Test Suite: : 0:00:07</td>
</tr>
<tr>
<td class='status info' title='info' alt='info'><i class='mdi-action-info-outline'></i></td>
<td class='timestamp'>11:00:05</td>
<td class='step-details'>********************* END OF AUTOMATION TEST *********************</td>
</tr>
<tr>
<td class='status info' title='info' alt='info'><i class='mdi-action-info-outline'></i></td>
<td class='timestamp'>11:00:05</td>
<td class='step-details'>TEST RESULT SAVED IN: FitNesseRoot/files/testResults/ExtentReport/STAGING/AutomationReport190916-1056.html</td>
</tr>
</tbody>
</table>
<ul class='collapsible node-list' data-collapsible='accordion'>
</ul>
</div>
</div>
</li>
<li class='collection-item test displayed active fail ' extentid='b4109baa-f32a-417b-81fd-8973f2a72292'>
<div class='test-head'>
<span class='test-name'>APAC_INCA_India_Suite_Test07cCapturingActualsForBuyPlacementTest </span>
<span class='test-status label right outline capitalize fail'>fail</span>
<span class='category-assigned hide  test07cincaindia-capturingactualsforbuyplacements'></span>
</div>
<div class='test-body'>
<div class='test-info'>
<span title='Test started time' alt='Test started time' class='test-started-time label green lighten-1 text-white'>2019-09-16 11:00:08</span>
<span title='Test ended time' alt='Test ended time' class='test-ended-time label red lighten-1 text-white'>2019-09-16 11:00:15</span>
<span title='Time taken to finish' alt='Time taken to finish' class='test-time-taken label blue-grey lighten-3 text-white'>0h 0m 7s+0ms</span>
</div>
<div class='test-desc'></div>
<div class='test-attributes'>
<div class='categories'>
<span class='category text-white'>Test07cINCAIndia-Capturing Actuals for Buy Placements</span>
</div>
</div>
<div class='test-steps'>
<table class='bordered table-results'>
<thead>
<tr>
<th>Status</th>
<th>Timestamp</th>
<th>Details</th>
</tr>
</thead>
<tbody>
<tr>
<td class='status info' title='info' alt='info'><i class='mdi-action-info-outline'></i></td>
<td class='timestamp'>11:00:08</td>
<td class='step-details'>TEST STARTED:</td>
</tr>
<tr>
<td class='status info' title='info' alt='info'><i class='mdi-action-info-outline'></i></td>
<td class='timestamp'>11:00:08</td>
<td class='step-details'>Navigating to url $incaIndFeeBuyPlacementPageUrl</td>
</tr>
<tr>
<td class='status fail' title='fail' alt='fail'><i class='mdi-navigation-cancel'></i></td>
<td class='timestamp'>11:00:13</td>
<td class='step-details'>Verification object is not present/visible on Original Volume Text Field</td>
</tr>
<tr>
<td class='status fail' title='fail' alt='fail'><i class='mdi-navigation-cancel'></i></td>
<td class='timestamp'>11:00:15</td>
<td class='step-details'>Error Occured while taking SCREENSHOT!!!</td>
</tr>
<tr>
<td class='status info' title='info' alt='info'><i class='mdi-action-info-outline'></i></td>
<td class='timestamp'>11:00:15</td>
<td class='step-details'>Total Execution Time for Test Suite: : 0:00:07</td>
</tr>
<tr>
<td class='status info' title='info' alt='info'><i class='mdi-action-info-outline'></i></td>
<td class='timestamp'>11:00:15</td>
<td class='step-details'>********************* END OF AUTOMATION TEST *********************</td>
</tr>
<tr>
<td class='status info' title='info' alt='info'><i class='mdi-action-info-outline'></i></td>
<td class='timestamp'>11:00:15</td>
<td class='step-details'>TEST RESULT SAVED IN: FitNesseRoot/files/testResults/ExtentReport/STAGING/AutomationReport190916-1056.html</td>
</tr>
</tbody>
</table>
<ul class='collapsible node-list' data-collapsible='accordion'>
</ul>
</div>
</div>
</li>
<li class='collection-item test displayed active fail ' extentid='95746e97-1192-4a1f-8d90-8dd2b20dbdd6'>
<div class='test-head'>
<span class='test-name'>APAC_INCA_India_Suite_Test08AccessingIncaAccountWithNonIncaUsersTest </span>
<span class='test-status label right outline capitalize fail'>fail</span>
<span class='category-assigned hide  test08incaind-accessingincaaccountwithnonincausers'></span>
</div>
<div class='test-body'>
<div class='test-info'>
<span title='Test started time' alt='Test started time' class='test-started-time label green lighten-1 text-white'>2019-09-16 11:00:17</span>
<span title='Test ended time' alt='Test ended time' class='test-ended-time label red lighten-1 text-white'>2019-09-16 11:00:23</span>
<span title='Time taken to finish' alt='Time taken to finish' class='test-time-taken label blue-grey lighten-3 text-white'>0h 0m 6s+0ms</span>
</div>
<div class='test-desc'></div>
<div class='test-attributes'>
<div class='categories'>
<span class='category text-white'>Test08INCAInd- Accessing INCA account with Non INCA users</span>
</div>
</div>
<div class='test-steps'>
<table class='bordered table-results'>
<thead>
<tr>
<th>Status</th>
<th>Timestamp</th>
<th>Details</th>
</tr>
</thead>
<tbody>
<tr>
<td class='status info' title='info' alt='info'><i class='mdi-action-info-outline'></i></td>
<td class='timestamp'>11:00:17</td>
<td class='step-details'>TEST STARTED:</td>
</tr>
<tr>
<td class='status info' title='info' alt='info'><i class='mdi-action-info-outline'></i></td>
<td class='timestamp'>11:00:17</td>
<td class='step-details'>Clicking on User Navigation Button</td>
</tr>
<tr>
<td class='status fail' title='fail' alt='fail'><i class='mdi-navigation-cancel'></i></td>
<td class='timestamp'>11:00:20</td>
<td class='step-details'>Unable to click on User Navigation Button Exception: org.openqa.selenium.remote.UnreachableBrowserException: Error communicating with the remote browser. It may have died. Build info: version: '2.53.0', revision: '35ae25b1534ae328c771e0856c93e187490ca824', time: '2016-03-15 10:43:46' System info: host: 'EC2AMAZ-FEFP0OS', ip: '10.199.140.93', os.name: 'Windows NT (unknown)', os.arch: 'amd64', os.version: '10.0', java.version: '1.8.0_91' Driver info: driver.version: RemoteWebDriver Capabilities [{mobileEmulationEnabled=false, hasTouchScreen=false, platform=XP, acceptSslCerts=false, goog:chromeOptions={debuggerAddress=localhost:51047}, acceptInsecureCerts=false, webStorageEnabled=true, browserName=chrome, takesScreenshot=true, javascriptEnabled=true, setWindowRect=true, unexpectedAlertBehaviour=ignore, applicationCacheEnabled=false, rotatable=false, networkConnectionEnabled=false, chrome={chromedriverVersion=2.44.609538 (b655c5a60b0b544917107a59d4153d4bf78e1b90), userDataDir=C:\Users\SumonK\AppData\Local\Temp\2\scoped_dir5344_9626}, takesHeapSnapshot=true, pageLoadStrategy=normal, databaseEnabled=false, handlesAlerts=true, version=76.0.3809.132, browserConnectionEnabled=false, nativeEvents=true, locationContextEnabled=true, cssSelectorsEnabled=true}] Session ID: e1ac4de441ddbd8788f7e10a38753eac</td>
</tr>
<tr>
<td class='status fail' title='fail' alt='fail'><i class='mdi-navigation-cancel'></i></td>
<td class='timestamp'>11:00:23</td>
<td class='step-details'>Error Occured while taking SCREENSHOT!!!</td>
</tr>
<tr>
<td class='status info' title='info' alt='info'><i class='mdi-action-info-outline'></i></td>
<td class='timestamp'>11:00:23</td>
<td class='step-details'>Total Execution Time for Test Suite: : 0:00:05</td>
</tr>
<tr>
<td class='status info' title='info' alt='info'><i class='mdi-action-info-outline'></i></td>
<td class='timestamp'>11:00:23</td>
<td class='step-details'>********************* END OF AUTOMATION TEST *********************</td>
</tr>
<tr>
<td class='status info' title='info' alt='info'><i class='mdi-action-info-outline'></i></td>
<td class='timestamp'>11:00:23</td>
<td class='step-details'>TEST RESULT SAVED IN: FitNesseRoot/files/testResults/ExtentReport/STAGING/AutomationReport190916-1056.html</td>
</tr>
</tbody>
</table>
<ul class='collapsible node-list' data-collapsible='accordion'>
</ul>
</div>
</div>
</li>
<li class='collection-item test displayed active fail ' extentid='61044e23-a2cd-46bc-b348-e38a00b6a3aa'>
<div class='test-head'>
<span class='test-name'>EMEA_INCA_UK_Suite_Test01LogInUserTest </span>
<span class='test-status label right outline capitalize fail'>fail</span>
<span class='category-assigned hide  test01incauk-loginasaincaukusersfqateam'></span>
</div>
<div class='test-body'>
<div class='test-info'>
<span title='Test started time' alt='Test started time' class='test-started-time label green lighten-1 text-white'>2019-09-16 11:00:33</span>
<span title='Test ended time' alt='Test ended time' class='test-ended-time label red lighten-1 text-white'>2019-09-16 11:00:43</span>
<span title='Time taken to finish' alt='Time taken to finish' class='test-time-taken label blue-grey lighten-3 text-white'>0h 0m 10s+0ms</span>
</div>
<div class='test-desc'></div>
<div class='test-attributes'>
<div class='categories'>
<span class='category text-white'>Test01INCAUK-Log In as a INCA UK user sf qa team</span>
</div>
</div>
<div class='test-steps'>
<table class='bordered table-results'>
<thead>
<tr>
<th>Status</th>
<th>Timestamp</th>
<th>Details</th>
</tr>
</thead>
<tbody>
<tr>
<td class='status info' title='info' alt='info'><i class='mdi-action-info-outline'></i></td>
<td class='timestamp'>11:00:33</td>
<td class='step-details'>TEST STARTED:</td>
</tr>
<tr>
<td class='status info' title='info' alt='info'><i class='mdi-action-info-outline'></i></td>
<td class='timestamp'>11:00:33</td>
<td class='step-details'>Navigating to url https://test.salesforce.com</td>
</tr>
<tr>
<td class='status info' title='info' alt='info'><i class='mdi-action-info-outline'></i></td>
<td class='timestamp'>11:00:38</td>
<td class='step-details'>Entering key word sumon.kashem@xaxis.com.glstaging on UserName Field</td>
</tr>
<tr>
<td class='status fail' title='fail' alt='fail'><i class='mdi-navigation-cancel'></i></td>
<td class='timestamp'>11:00:41</td>
<td class='step-details'>Unable to enter keyword on UserName Field</td>
</tr>
<tr>
<td class='status fail' title='fail' alt='fail'><i class='mdi-navigation-cancel'></i></td>
<td class='timestamp'>11:00:43</td>
<td class='step-details'>Error Occured while taking SCREENSHOT!!!</td>
</tr>
<tr>
<td class='status info' title='info' alt='info'><i class='mdi-action-info-outline'></i></td>
<td class='timestamp'>11:00:43</td>
<td class='step-details'>Total Execution Time for Test Suite: : 0:00:10</td>
</tr>
<tr>
<td class='status info' title='info' alt='info'><i class='mdi-action-info-outline'></i></td>
<td class='timestamp'>11:00:43</td>
<td class='step-details'>********************* END OF AUTOMATION TEST *********************</td>
</tr>
<tr>
<td class='status info' title='info' alt='info'><i class='mdi-action-info-outline'></i></td>
<td class='timestamp'>11:00:43</td>
<td class='step-details'>TEST RESULT SAVED IN: FitNesseRoot/files/testResults/ExtentReport/STAGING/AutomationReport190916-1056.html</td>
</tr>
</tbody>
</table>
<ul class='collapsible node-list' data-collapsible='accordion'>
</ul>
</div>
</div>
</li>
<li class='collection-item test displayed active fail ' extentid='ace301df-8e68-4856-aa55-c118bb3b427e'>
<div class='test-head'>
<span class='test-name'>EMEA_INCA_UK_Suite_Test02CreateAgencyTest </span>
<span class='test-status label right outline capitalize fail'>fail</span>
<span class='category-assigned hide  test02incauk-createanincaukagency'></span>
</div>
<div class='test-body'>
<div class='test-info'>
<span title='Test started time' alt='Test started time' class='test-started-time label green lighten-1 text-white'>2019-09-16 11:00:46</span>
<span title='Test ended time' alt='Test ended time' class='test-ended-time label red lighten-1 text-white'>2019-09-16 11:00:51</span>
<span title='Time taken to finish' alt='Time taken to finish' class='test-time-taken label blue-grey lighten-3 text-white'>0h 0m 5s+0ms</span>
</div>
<div class='test-desc'></div>
<div class='test-attributes'>
<div class='categories'>
<span class='category text-white'>Test02INCAUK-Create an INCA UK agency</span>
</div>
</div>
<div class='test-steps'>
<table class='bordered table-results'>
<thead>
<tr>
<th>Status</th>
<th>Timestamp</th>
<th>Details</th>
</tr>
</thead>
<tbody>
<tr>
<td class='status info' title='info' alt='info'><i class='mdi-action-info-outline'></i></td>
<td class='timestamp'>11:00:46</td>
<td class='step-details'>TEST STARTED:</td>
</tr>
<tr>
<td class='status info' title='info' alt='info'><i class='mdi-action-info-outline'></i></td>
<td class='timestamp'>11:00:46</td>
<td class='step-details'>Clicking on + icon Tab</td>
</tr>
<tr>
<td class='status fail' title='fail' alt='fail'><i class='mdi-navigation-cancel'></i></td>
<td class='timestamp'>11:00:49</td>
<td class='step-details'>Unable to click on + icon Tab Exception: org.openqa.selenium.remote.UnreachableBrowserException: Error communicating with the remote browser. It may have died. Build info: version: '2.53.0', revision: '35ae25b1534ae328c771e0856c93e187490ca824', time: '2016-03-15 10:43:46' System info: host: 'EC2AMAZ-FEFP0OS', ip: '10.199.140.93', os.name: 'Windows NT (unknown)', os.arch: 'amd64', os.version: '10.0', java.version: '1.8.0_91' Driver info: driver.version: RemoteWebDriver Capabilities [{mobileEmulationEnabled=false, hasTouchScreen=false, platform=XP, acceptSslCerts=false, goog:chromeOptions={debuggerAddress=localhost:51351}, acceptInsecureCerts=false, webStorageEnabled=true, browserName=chrome, takesScreenshot=true, javascriptEnabled=true, setWindowRect=true, unexpectedAlertBehaviour=ignore, applicationCacheEnabled=false, rotatable=false, networkConnectionEnabled=false, chrome={chromedriverVersion=2.44.609538 (b655c5a60b0b544917107a59d4153d4bf78e1b90), userDataDir=C:\Users\SumonK\AppData\Local\Temp\2\scoped_dir4548_26631}, takesHeapSnapshot=true, pageLoadStrategy=normal, databaseEnabled=false, handlesAlerts=true, version=76.0.3809.132, browserConnectionEnabled=false, nativeEvents=true, locationContextEnabled=true, cssSelectorsEnabled=true}] Session ID: c8b8be94f4c6c783f60af8630092b940</td>
</tr>
<tr>
<td class='status fail' title='fail' alt='fail'><i class='mdi-navigation-cancel'></i></td>
<td class='timestamp'>11:00:51</td>
<td class='step-details'>Error Occured while taking SCREENSHOT!!!</td>
</tr>
<tr>
<td class='status info' title='info' alt='info'><i class='mdi-action-info-outline'></i></td>
<td class='timestamp'>11:00:51</td>
<td class='step-details'>Total Execution Time for Test Suite: : 0:00:05</td>
</tr>
<tr>
<td class='status info' title='info' alt='info'><i class='mdi-action-info-outline'></i></td>
<td class='timestamp'>11:00:51</td>
<td class='step-details'>********************* END OF AUTOMATION TEST *********************</td>
</tr>
<tr>
<td class='status info' title='info' alt='info'><i class='mdi-action-info-outline'></i></td>
<td class='timestamp'>11:00:51</td>
<td class='step-details'>TEST RESULT SAVED IN: FitNesseRoot/files/testResults/ExtentReport/STAGING/AutomationReport190916-1056.html</td>
</tr>
</tbody>
</table>
<ul class='collapsible node-list' data-collapsible='accordion'>
</ul>
</div>
</div>
</li>
<li class='collection-item test displayed active fail ' extentid='4ffda5bf-fcaa-479a-9d2e-cd1aebf509f6'>
<div class='test-head'>
<span class='test-name'>EMEA_INCA_UK_Suite_Test03CreateAdvertiserTest </span>
<span class='test-status label right outline capitalize fail'>fail</span>
<span class='category-assigned hide  test03incauk-createanincaukadvertiser'></span>
</div>
<div class='test-body'>
<div class='test-info'>
<span title='Test started time' alt='Test started time' class='test-started-time label green lighten-1 text-white'>2019-09-16 11:00:54</span>
<span title='Test ended time' alt='Test ended time' class='test-ended-time label red lighten-1 text-white'>2019-09-16 11:00:59</span>
<span title='Time taken to finish' alt='Time taken to finish' class='test-time-taken label blue-grey lighten-3 text-white'>0h 0m 5s+0ms</span>
</div>
<div class='test-desc'></div>
<div class='test-attributes'>
<div class='categories'>
<span class='category text-white'>Test03INCAUK-Create an INCA UK Advertiser</span>
</div>
</div>
<div class='test-steps'>
<table class='bordered table-results'>
<thead>
<tr>
<th>Status</th>
<th>Timestamp</th>
<th>Details</th>
</tr>
</thead>
<tbody>
<tr>
<td class='status info' title='info' alt='info'><i class='mdi-action-info-outline'></i></td>
<td class='timestamp'>11:00:54</td>
<td class='step-details'>TEST STARTED:</td>
</tr>
<tr>
<td class='status info' title='info' alt='info'><i class='mdi-action-info-outline'></i></td>
<td class='timestamp'>11:00:54</td>
<td class='step-details'>Clicking on + icon Tab</td>
</tr>
<tr>
<td class='status fail' title='fail' alt='fail'><i class='mdi-navigation-cancel'></i></td>
<td class='timestamp'>11:00:57</td>
<td class='step-details'>Unable to click on + icon Tab Exception: org.openqa.selenium.remote.UnreachableBrowserException: Error communicating with the remote browser. It may have died. Build info: version: '2.53.0', revision: '35ae25b1534ae328c771e0856c93e187490ca824', time: '2016-03-15 10:43:46' System info: host: 'EC2AMAZ-FEFP0OS', ip: '10.199.140.93', os.name: 'Windows NT (unknown)', os.arch: 'amd64', os.version: '10.0', java.version: '1.8.0_91' Driver info: driver.version: RemoteWebDriver Capabilities [{mobileEmulationEnabled=false, hasTouchScreen=false, platform=XP, acceptSslCerts=false, goog:chromeOptions={debuggerAddress=localhost:51351}, acceptInsecureCerts=false, webStorageEnabled=true, browserName=chrome, takesScreenshot=true, javascriptEnabled=true, setWindowRect=true, unexpectedAlertBehaviour=ignore, applicationCacheEnabled=false, rotatable=false, networkConnectionEnabled=false, chrome={chromedriverVersion=2.44.609538 (b655c5a60b0b544917107a59d4153d4bf78e1b90), userDataDir=C:\Users\SumonK\AppData\Local\Temp\2\scoped_dir4548_26631}, takesHeapSnapshot=true, pageLoadStrategy=normal, databaseEnabled=false, handlesAlerts=true, version=76.0.3809.132, browserConnectionEnabled=false, nativeEvents=true, locationContextEnabled=true, cssSelectorsEnabled=true}] Session ID: c8b8be94f4c6c783f60af8630092b940</td>
</tr>
<tr>
<td class='status fail' title='fail' alt='fail'><i class='mdi-navigation-cancel'></i></td>
<td class='timestamp'>11:00:59</td>
<td class='step-details'>Error Occured while taking SCREENSHOT!!!</td>
</tr>
<tr>
<td class='status info' title='info' alt='info'><i class='mdi-action-info-outline'></i></td>
<td class='timestamp'>11:00:59</td>
<td class='step-details'>Total Execution Time for Test Suite: : 0:00:05</td>
</tr>
<tr>
<td class='status info' title='info' alt='info'><i class='mdi-action-info-outline'></i></td>
<td class='timestamp'>11:00:59</td>
<td class='step-details'>********************* END OF AUTOMATION TEST *********************</td>
</tr>
<tr>
<td class='status info' title='info' alt='info'><i class='mdi-action-info-outline'></i></td>
<td class='timestamp'>11:00:59</td>
<td class='step-details'>TEST RESULT SAVED IN: FitNesseRoot/files/testResults/ExtentReport/STAGING/AutomationReport190916-1056.html</td>
</tr>
</tbody>
</table>
<ul class='collapsible node-list' data-collapsible='accordion'>
</ul>
</div>
</div>
</li>
<li class='collection-item test displayed active pass ' extentid='1a1c6357-e5d2-4a54-88fb-bdbd2531bc1c'>
<div class='test-head'>
<span class='test-name'>EMEA_UK_Suite_Test01LogInUserTest </span>
<span class='test-status label right outline capitalize pass'>pass</span>
<span class='category-assigned hide  test01uk-loginasaukusernatasatintor'></span>
</div>
<div class='test-body'>
<div class='test-info'>
<span title='Test started time' alt='Test started time' class='test-started-time label green lighten-1 text-white'>2019-09-16 11:01:10</span>
<span title='Test ended time' alt='Test ended time' class='test-ended-time label red lighten-1 text-white'>2019-09-16 11:01:49</span>
<span title='Time taken to finish' alt='Time taken to finish' class='test-time-taken label blue-grey lighten-3 text-white'>0h 0m 39s+0ms</span>
</div>
<div class='test-desc'></div>
<div class='test-attributes'>
<div class='categories'>
<span class='category text-white'>Test01UK-Log In as a UK user Natasa Tintor</span>
</div>
</div>
<div class='test-steps'>
<table class='bordered table-results'>
<thead>
<tr>
<th>Status</th>
<th>Timestamp</th>
<th>Details</th>
</tr>
</thead>
<tbody>
<tr>
<td class='status info' title='info' alt='info'><i class='mdi-action-info-outline'></i></td>
<td class='timestamp'>11:01:10</td>
<td class='step-details'>TEST STARTED:</td>
</tr>
<tr>
<td class='status info' title='info' alt='info'><i class='mdi-action-info-outline'></i></td>
<td class='timestamp'>11:01:10</td>
<td class='step-details'>Navigating to url https://test.salesforce.com</td>
</tr>
<tr>
<td class='status info' title='info' alt='info'><i class='mdi-action-info-outline'></i></td>
<td class='timestamp'>11:01:18</td>
<td class='step-details'>Entering key word sumon.kashem@xaxis.com.glstaging on UserName Field</td>
</tr>
<tr>
<td class='status info' title='info' alt='info'><i class='mdi-action-info-outline'></i></td>
<td class='timestamp'>11:01:23</td>
<td class='step-details'>Entering key word on Password Field</td>
</tr>
<tr>
<td class='status info' title='info' alt='info'><i class='mdi-action-info-outline'></i></td>
<td class='timestamp'>11:01:25</td>
<td class='step-details'>Clicking on LogIn Button</td>
</tr>
<tr>
<td class='status info' title='info' alt='info'><i class='mdi-action-info-outline'></i></td>
<td class='timestamp'>11:01:31</td>
<td class='step-details'>Entering key word Natasa Tintor on Search Field</td>
</tr>
<tr>
<td class='status info' title='info' alt='info'><i class='mdi-action-info-outline'></i></td>
<td class='timestamp'>11:01:36</td>
<td class='step-details'>Clicking on Search Button</td>
</tr>
<tr>
<td class='status info' title='info' alt='info'><i class='mdi-action-info-outline'></i></td>
<td class='timestamp'>11:01:39</td>
<td class='step-details'>Clicking on Display Name Link</td>
</tr>
<tr>
<td class='status info' title='info' alt='info'><i class='mdi-action-info-outline'></i></td>
<td class='timestamp'>11:01:43</td>
<td class='step-details'>Clicking on User Action Dropdown</td>
</tr>
<tr>
<td class='status info' title='info' alt='info'><i class='mdi-action-info-outline'></i></td>
<td class='timestamp'>11:01:44</td>
<td class='step-details'>Clicking on User Detail Link</td>
</tr>
<tr>
<td class='status info' title='info' alt='info'><i class='mdi-action-info-outline'></i></td>
<td class='timestamp'>11:01:46</td>
<td class='step-details'>Clicking on LogIn Button</td>
</tr>
<tr>
<td class='status pass' title='pass' alt='pass'><i class='mdi-action-check-circle'></i></td>
<td class='timestamp'>11:01:49</td>
<td class='step-details'>Text value - Logged in as Natasa Tintor (natasa.tintor@xaxis.com.glstaging) exist as expected on Home Page</td>
</tr>
<tr>
<td class='status info' title='info' alt='info'><i class='mdi-action-info-outline'></i></td>
<td class='timestamp'>11:01:49</td>
<td class='step-details'>Total Execution Time for Test Suite: : 0:00:39</td>
</tr>
<tr>
<td class='status info' title='info' alt='info'><i class='mdi-action-info-outline'></i></td>
<td class='timestamp'>11:01:49</td>
<td class='step-details'>********************* END OF AUTOMATION TEST *********************</td>
</tr>
<tr>
<td class='status info' title='info' alt='info'><i class='mdi-action-info-outline'></i></td>
<td class='timestamp'>11:01:49</td>
<td class='step-details'>TEST RESULT SAVED IN: FitNesseRoot/files/testResults/ExtentReport/STAGING/AutomationReport190916-1056.html</td>
</tr>
</tbody>
</table>
<ul class='collapsible node-list' data-collapsible='accordion'>
</ul>
</div>
</div>
</li>
<li class='collection-item test displayed active fail ' extentid='7db6d88d-25a4-43b9-8272-52fab4246ee2'>
<div class='test-head'>
<span class='test-name'>EMEA_INCA_UK_Suite_Test04aCreateIncaAccountWithUkUserTest </span>
<span class='test-status label right outline capitalize fail'>fail</span>
<span class='category-assigned hide  test04aincauk-trytocreateaincauseraccountwithukuser'></span>
</div>
<div class='test-body'>
<div class='test-info'>
<span title='Test started time' alt='Test started time' class='test-started-time label green lighten-1 text-white'>2019-09-16 11:01:52</span>
<span title='Test ended time' alt='Test ended time' class='test-ended-time label red lighten-1 text-white'>2019-09-16 11:02:47</span>
<span title='Time taken to finish' alt='Time taken to finish' class='test-time-taken label blue-grey lighten-3 text-white'>0h 0m 55s+0ms</span>
</div>
<div class='test-desc'></div>
<div class='test-attributes'>
<div class='categories'>
<span class='category text-white'>Test04aINCAUK-Try to create a INCA user account with UK user</span>
</div>
</div>
<div class='test-steps'>
<table class='bordered table-results'>
<thead>
<tr>
<th>Status</th>
<th>Timestamp</th>
<th>Details</th>
</tr>
</thead>
<tbody>
<tr>
<td class='status info' title='info' alt='info'><i class='mdi-action-info-outline'></i></td>
<td class='timestamp'>11:01:52</td>
<td class='step-details'>TEST STARTED:</td>
</tr>
<tr>
<td class='status info' title='info' alt='info'><i class='mdi-action-info-outline'></i></td>
<td class='timestamp'>11:01:52</td>
<td class='step-details'>Clicking on + icon Tab</td>
</tr>
<tr>
<td class='status info' title='info' alt='info'><i class='mdi-action-info-outline'></i></td>
<td class='timestamp'>11:01:55</td>
<td class='step-details'>Clicking on Accounts Tab</td>
</tr>
<tr>
<td class='status info' title='info' alt='info'><i class='mdi-action-info-outline'></i></td>
<td class='timestamp'>11:01:57</td>
<td class='step-details'>Clicking on New Button</td>
</tr>
<tr>
<td class='status pass' title='pass' alt='pass'><i class='mdi-action-check-circle'></i></td>
<td class='timestamp'>11:02:00</td>
<td class='step-details'>Text value - United Kingdom exist as expected on Default Account Record Type</td>
</tr>
<tr>
<td class='status info' title='info' alt='info'><i class='mdi-action-info-outline'></i></td>
<td class='timestamp'>11:02:00</td>
<td class='step-details'>Clicking on Continue Button</td>
</tr>
<tr>
<td class='status info' title='info' alt='info'><i class='mdi-action-info-outline'></i></td>
<td class='timestamp'>11:02:03</td>
<td class='step-details'>Waiting 5300 milliseconds on a page</td>
</tr>
<tr>
<td class='status info' title='info' alt='info'><i class='mdi-action-info-outline'></i></td>
<td class='timestamp'>11:02:09</td>
<td class='step-details'>Entering key word INCA UK Agency-190916-1056 on Agency Field</td>
</tr>
<tr>
<td class='status info' title='info' alt='info'><i class='mdi-action-info-outline'></i></td>
<td class='timestamp'>11:02:11</td>
<td class='step-details'>Waiting 5000 milliseconds on a page</td>
</tr>
<tr>
<td class='status info' title='info' alt='info'><i class='mdi-action-info-outline'></i></td>
<td class='timestamp'>11:02:16</td>
<td class='step-details'>Entering key word INCA UK Advertiser-190916-1056 on Advertiser Field</td>
</tr>
<tr>
<td class='status info' title='info' alt='info'><i class='mdi-action-info-outline'></i></td>
<td class='timestamp'>11:02:19</td>
<td class='step-details'>Waiting 2800 milliseconds on a page</td>
</tr>
<tr>
<td class='status info' title='info' alt='info'><i class='mdi-action-info-outline'></i></td>
<td class='timestamp'>11:02:22</td>
<td class='step-details'>selecting value INCA on Business Unit Dropdown</td>
</tr>
<tr>
<td class='status info' title='info' alt='info'><i class='mdi-action-info-outline'></i></td>
<td class='timestamp'>11:02:23</td>
<td class='step-details'>Waiting 6000 milliseconds on a page</td>
</tr>
<tr>
<td class='status info' title='info' alt='info'><i class='mdi-action-info-outline'></i></td>
<td class='timestamp'>11:02:29</td>
<td class='step-details'>Clicking on Create Account Button</td>
</tr>
<tr>
<td class='status info' title='info' alt='info'><i class='mdi-action-info-outline'></i></td>
<td class='timestamp'>11:02:30</td>
<td class='step-details'>Waiting 3800 milliseconds on a page</td>
</tr>
<tr>
<td class='status fail' title='fail' alt='fail'><i class='mdi-navigation-cancel'></i></td>
<td class='timestamp'>11:02:46</td>
<td class='step-details'>Verification object is not present/visible on Error Message</td>
</tr>
<tr>
<td class='status fail' title='fail' alt='fail'><i class='mdi-navigation-cancel'></i></td>
<td class='timestamp'>11:02:47</td>
<td class='step-details'><img class="report-img" data-featherlight="Screenshots//ScreenShot1jefynugtwoxf.png" src="Screenshots//ScreenShot1jefynugtwoxf.png"></td>
</tr>
<tr>
<td class='status info' title='info' alt='info'><i class='mdi-action-info-outline'></i></td>
<td class='timestamp'>11:02:47</td>
<td class='step-details'>Total Execution Time for Test Suite: : 0:00:55</td>
</tr>
<tr>
<td class='status info' title='info' alt='info'><i class='mdi-action-info-outline'></i></td>
<td class='timestamp'>11:02:47</td>
<td class='step-details'>********************* END OF AUTOMATION TEST *********************</td>
</tr>
<tr>
<td class='status info' title='info' alt='info'><i class='mdi-action-info-outline'></i></td>
<td class='timestamp'>11:02:47</td>
<td class='step-details'>TEST RESULT SAVED IN: FitNesseRoot/files/testResults/ExtentReport/STAGING/AutomationReport190916-1056.html</td>
</tr>
</tbody>
</table>
<ul class='collapsible node-list' data-collapsible='accordion'>
</ul>
</div>
</div>
</li>
<li class='collection-item test displayed active fail ' extentid='7a123ff5-6dea-4a52-9e0c-16df6e7a403f'>
<div class='test-head'>
<span class='test-name'>APAC_Australia_Suite_Test01LogInUserTest </span>
<span class='test-status label right outline capitalize fail'>fail</span>
<span class='category-assigned hide  test01aus-loginasanapacuserapurvaprasanna'></span>
</div>
<div class='test-body'>
<div class='test-info'>
<span title='Test started time' alt='Test started time' class='test-started-time label green lighten-1 text-white'>2019-09-16 11:02:56</span>
<span title='Test ended time' alt='Test ended time' class='test-ended-time label red lighten-1 text-white'>2019-09-16 11:03:03</span>
<span title='Time taken to finish' alt='Time taken to finish' class='test-time-taken label blue-grey lighten-3 text-white'>0h 0m 7s+0ms</span>
</div>
<div class='test-desc'></div>
<div class='test-attributes'>
<div class='categories'>
<span class='category text-white'>Test01Aus-Log In as an APAC user Apurva Prasanna</span>
</div>
</div>
<div class='test-steps'>
<table class='bordered table-results'>
<thead>
<tr>
<th>Status</th>
<th>Timestamp</th>
<th>Details</th>
</tr>
</thead>
<tbody>
<tr>
<td class='status info' title='info' alt='info'><i class='mdi-action-info-outline'></i></td>
<td class='timestamp'>11:02:56</td>
<td class='step-details'>TEST STARTED:</td>
</tr>
<tr>
<td class='status info' title='info' alt='info'><i class='mdi-action-info-outline'></i></td>
<td class='timestamp'>11:02:56</td>
<td class='step-details'>Navigating to url https://test.salesforce.com</td>
</tr>
<tr>
<td class='status info' title='info' alt='info'><i class='mdi-action-info-outline'></i></td>
<td class='timestamp'>11:02:58</td>
<td class='step-details'>Entering key word sumon.kashem@xaxis.com.glstaging on UserName Field</td>
</tr>
<tr>
<td class='status fail' title='fail' alt='fail'><i class='mdi-navigation-cancel'></i></td>
<td class='timestamp'>11:03:01</td>
<td class='step-details'>Unable to enter keyword on UserName Field</td>
</tr>
<tr>
<td class='status fail' title='fail' alt='fail'><i class='mdi-navigation-cancel'></i></td>
<td class='timestamp'>11:03:03</td>
<td class='step-details'>Error Occured while taking SCREENSHOT!!!</td>
</tr>
<tr>
<td class='status info' title='info' alt='info'><i class='mdi-action-info-outline'></i></td>
<td class='timestamp'>11:03:03</td>
<td class='step-details'>Total Execution Time for Test Suite: : 0:00:06</td>
</tr>
<tr>
<td class='status info' title='info' alt='info'><i class='mdi-action-info-outline'></i></td>
<td class='timestamp'>11:03:03</td>
<td class='step-details'>********************* END OF AUTOMATION TEST *********************</td>
</tr>
<tr>
<td class='status info' title='info' alt='info'><i class='mdi-action-info-outline'></i></td>
<td class='timestamp'>11:03:03</td>
<td class='step-details'>TEST RESULT SAVED IN: FitNesseRoot/files/testResults/ExtentReport/STAGING/AutomationReport190916-1056.html</td>
</tr>
</tbody>
</table>
<ul class='collapsible node-list' data-collapsible='accordion'>
</ul>
</div>
</div>
</li>
<li class='collection-item test displayed active pass ' extentid='8786ddd8-76ee-4641-9fde-b03ae150388a'>
<div class='test-head'>
<span class='test-name'>EMEA_INCA_UK_Suite_Test01LogInUserTest </span>
<span class='test-status label right outline capitalize pass'>pass</span>
<span class='category-assigned hide  test01incauk-loginasaincaukusersfqateam'></span>
</div>
<div class='test-body'>
<div class='test-info'>
<span title='Test started time' alt='Test started time' class='test-started-time label green lighten-1 text-white'>2019-09-16 11:03:11</span>
<span title='Test ended time' alt='Test ended time' class='test-ended-time label red lighten-1 text-white'>2019-09-16 11:03:38</span>
<span title='Time taken to finish' alt='Time taken to finish' class='test-time-taken label blue-grey lighten-3 text-white'>0h 0m 27s+18ms</span>
</div>
<div class='test-desc'></div>
<div class='test-attributes'>
<div class='categories'>
<span class='category text-white'>Test01INCAUK-Log In as a INCA UK user sf qa team</span>
</div>
</div>
<div class='test-steps'>
<table class='bordered table-results'>
<thead>
<tr>
<th>Status</th>
<th>Timestamp</th>
<th>Details</th>
</tr>
</thead>
<tbody>
<tr>
<td class='status info' title='info' alt='info'><i class='mdi-action-info-outline'></i></td>
<td class='timestamp'>11:03:11</td>
<td class='step-details'>TEST STARTED:</td>
</tr>
<tr>
<td class='status info' title='info' alt='info'><i class='mdi-action-info-outline'></i></td>
<td class='timestamp'>11:03:11</td>
<td class='step-details'>Navigating to url https://test.salesforce.com</td>
</tr>
<tr>
<td class='status info' title='info' alt='info'><i class='mdi-action-info-outline'></i></td>
<td class='timestamp'>11:03:20</td>
<td class='step-details'>Entering key word sumon.kashem@xaxis.com.glstaging on UserName Field</td>
</tr>
<tr>
<td class='status info' title='info' alt='info'><i class='mdi-action-info-outline'></i></td>
<td class='timestamp'>11:03:21</td>
<td class='step-details'>Entering key word on Password Field</td>
</tr>
<tr>
<td class='status info' title='info' alt='info'><i class='mdi-action-info-outline'></i></td>
<td class='timestamp'>11:03:22</td>
<td class='step-details'>Clicking on LogIn Button</td>
</tr>
<tr>
<td class='status info' title='info' alt='info'><i class='mdi-action-info-outline'></i></td>
<td class='timestamp'>11:03:27</td>
<td class='step-details'>Entering key word sf qa team on Search Field</td>
</tr>
<tr>
<td class='status info' title='info' alt='info'><i class='mdi-action-info-outline'></i></td>
<td class='timestamp'>11:03:28</td>
<td class='step-details'>Clicking on Search Button</td>
</tr>
<tr>
<td class='status info' title='info' alt='info'><i class='mdi-action-info-outline'></i></td>
<td class='timestamp'>11:03:31</td>
<td class='step-details'>Clicking on Display Name Link</td>
</tr>
<tr>
<td class='status info' title='info' alt='info'><i class='mdi-action-info-outline'></i></td>
<td class='timestamp'>11:03:33</td>
<td class='step-details'>Clicking on User Action Dropdown</td>
</tr>
<tr>
<td class='status info' title='info' alt='info'><i class='mdi-action-info-outline'></i></td>
<td class='timestamp'>11:03:34</td>
<td class='step-details'>Clicking on User Detail Link</td>
</tr>
<tr>
<td class='status info' title='info' alt='info'><i class='mdi-action-info-outline'></i></td>
<td class='timestamp'>11:03:36</td>
<td class='step-details'>Clicking on LogIn Button</td>
</tr>
<tr>
<td class='status pass' title='pass' alt='pass'><i class='mdi-action-check-circle'></i></td>
<td class='timestamp'>11:03:38</td>
<td class='step-details'>Text value - Logged in as SF QA Team (sf.qa2@xaxis.com.glstaging) exist as expected on Home Page</td>
</tr>
<tr>
<td class='status info' title='info' alt='info'><i class='mdi-action-info-outline'></i></td>
<td class='timestamp'>11:03:38</td>
<td class='step-details'>Total Execution Time for Test Suite: : 0:00:27</td>
</tr>
<tr>
<td class='status info' title='info' alt='info'><i class='mdi-action-info-outline'></i></td>
<td class='timestamp'>11:03:38</td>
<td class='step-details'>********************* END OF AUTOMATION TEST *********************</td>
</tr>
<tr>
<td class='status info' title='info' alt='info'><i class='mdi-action-info-outline'></i></td>
<td class='timestamp'>11:03:38</td>
<td class='step-details'>TEST RESULT SAVED IN: FitNesseRoot/files/testResults/ExtentReport/STAGING/AutomationReport190916-1056.html</td>
</tr>
</tbody>
</table>
<ul class='collapsible node-list' data-collapsible='accordion'>
</ul>
</div>
</div>
</li>
</ul>
</div>
</div>
</div>
</div>
<div id='test-details-wrapper' class='col _addedCell2'>
<div class='contents'>
<div class='card-panel details-view'>
<h5 class='details-name'></h5>
<div class='details-container'>
</div>
</div>
</div>
</div>
</div>
<!-- /tests -->

<!-- categories -->
<div id='categories-view' class='row _addedTable hide'>
<div class='col _addedCell1'>
<div class='contents'>
<div class='card-panel heading'>
<h5>Categories</h5>
</div>
<div class='card-panel filters'>
<div class='search' alt='Search tests' title='Search tests'>
<div class='input-field left'>
<input id='searchTests' type='text' class='validate' placeholder='Search tests...'>
</div>
<i class='mdi-action-search icon'></i>
</div>
</div>
<div class='card-panel no-padding-h no-padding-v'>
<div class='wrapper'>
<ul id='cat-collection' class='cat-collection'>
<li class='category-item displayed'>
<div class='cat-head'>
<span class='category-name'>Test01Aus-Log In as an APAC user Apurva Prasanna</span>
</div>
<div class='category-status-counts'>
<span class='fail label dot'>Fail: 1</span>
</div>
<div class='cat-body'>
<div class='category-status-counts'>
<div class='button-group'>
<a href='#!' class='pass label filter'>Pass <span class='icon'>0</span></a>
<a href='#!' class='fail label filter'>Fail <span class='icon'>1</span></a>
<a href='#!' class='other label filter'>Others <span class='icon'>0</span></a>
</div>
</div>
<div class='cat-tests'>
<table class='bordered'>
<thead>
<tr>
<th>RunDate</th>
<th>Test Name</th>
<th>Status</th>
</tr>
</thead>
<tbody>
<tr class='fail'>
<td>2019-09-16 11:02:56</td>
<td><span class='category-link linked' extentid='7a123ff5-6dea-4a52-9e0c-16df6e7a403f'>APAC_Australia_Suite_Test01LogInUserTest</span></td>
<td><div class='status label capitalize fail'>fail</div></td>
</tr>
<tbody>
</table>
</div>
</div> 
</li>
<li class='category-item displayed'>
<div class='cat-head'>
<span class='category-name'>Test01Ger-Log In as a Germany user Frank Adams</span>
</div>
<div class='category-status-counts'>
<span class='fail label dot'>Fail: 1</span>
</div>
<div class='cat-body'>
<div class='category-status-counts'>
<div class='button-group'>
<a href='#!' class='pass label filter'>Pass <span class='icon'>0</span></a>
<a href='#!' class='fail label filter'>Fail <span class='icon'>1</span></a>
<a href='#!' class='other label filter'>Others <span class='icon'>0</span></a>
</div>
</div>
<div class='cat-tests'>
<table class='bordered'>
<thead>
<tr>
<th>RunDate</th>
<th>Test Name</th>
<th>Status</th>
</tr>
</thead>
<tbody>
<tr class='fail'>
<td>2019-09-16 10:57:13</td>
<td><span class='category-link linked' extentid='de6926ec-73a2-40e3-97d2-b47b714ba1d1'>EMEA_Germany_Suite_Test01LogInUserTest</span></td>
<td><div class='status label capitalize fail'>fail</div></td>
</tr>
<tbody>
</table>
</div>
</div> 
</li>
<li class='category-item displayed'>
<div class='cat-head'>
<span class='category-name'>Test01INCAInd-Log In as a INCA India user sf qa team</span>
</div>
<div class='category-status-counts'>
<span class='pass label dot'>Pass: 1</span>
</div>
<div class='cat-body'>
<div class='category-status-counts'>
<div class='button-group'>
<a href='#!' class='pass label filter'>Pass <span class='icon'>1</span></a>
<a href='#!' class='fail label filter'>Fail <span class='icon'>0</span></a>
<a href='#!' class='other label filter'>Others <span class='icon'>0</span></a>
</div>
</div>
<div class='cat-tests'>
<table class='bordered'>
<thead>
<tr>
<th>RunDate</th>
<th>Test Name</th>
<th>Status</th>
</tr>
</thead>
<tbody>
<tr class='pass'>
<td>2019-09-16 10:58:21</td>
<td><span class='category-link linked' extentid='655d6e6e-26be-4331-9cdc-0241cf0c4977'>APAC_INCA_India_Suite_Test01LogInUserTest</span></td>
<td><div class='status label capitalize pass'>pass</div></td>
</tr>
<tbody>
</table>
</div>
</div> 
</li>
<li class='category-item displayed'>
<div class='cat-head'>
<span class='category-name'>Test01INCAUK-Log In as a INCA UK user sf qa team</span>
</div>
<div class='category-status-counts'>
<span class='pass label dot'>Pass: 1</span>
<span class='fail label dot'>Fail: 1</span>
</div>
<div class='cat-body'>
<div class='category-status-counts'>
<div class='button-group'>
<a href='#!' class='pass label filter'>Pass <span class='icon'>1</span></a>
<a href='#!' class='fail label filter'>Fail <span class='icon'>1</span></a>
<a href='#!' class='other label filter'>Others <span class='icon'>0</span></a>
</div>
</div>
<div class='cat-tests'>
<table class='bordered'>
<thead>
<tr>
<th>RunDate</th>
<th>Test Name</th>
<th>Status</th>
</tr>
</thead>
<tbody>
<tr class='fail'>
<td>2019-09-16 11:00:33</td>
<td><span class='category-link linked' extentid='61044e23-a2cd-46bc-b348-e38a00b6a3aa'>EMEA_INCA_UK_Suite_Test01LogInUserTest</span></td>
<td><div class='status label capitalize fail'>fail</div></td>
</tr>
<tr class='pass'>
<td>2019-09-16 11:03:11</td>
<td><span class='category-link linked' extentid='8786ddd8-76ee-4641-9fde-b03ae150388a'>EMEA_INCA_UK_Suite_Test01LogInUserTest</span></td>
<td><div class='status label capitalize pass'>pass</div></td>
</tr>
<tbody>
</table>
</div>
</div> 
</li>
<li class='category-item displayed'>
<div class='cat-head'>
<span class='category-name'>Test01IncaUser-Verify User sf qa team is Active</span>
</div>
<div class='category-status-counts'>
<span class='pass label dot'>Pass: 1</span>
<span class='fail label dot'>Fail: 1</span>
</div>
<div class='cat-body'>
<div class='category-status-counts'>
<div class='button-group'>
<a href='#!' class='pass label filter'>Pass <span class='icon'>1</span></a>
<a href='#!' class='fail label filter'>Fail <span class='icon'>1</span></a>
<a href='#!' class='other label filter'>Others <span class='icon'>0</span></a>
</div>
</div>
<div class='cat-tests'>
<table class='bordered'>
<thead>
<tr>
<th>RunDate</th>
<th>Test Name</th>
<th>Status</th>
</tr>
</thead>
<tbody>
<tr class='fail'>
<td>2019-09-16 10:56:12</td>
<td><span class='category-link linked' extentid='7fdcb059-7d16-4bf5-9aaa-79f41dbcf575'>EMEA_INCA_Suite_Test01SfUserActivationTest</span></td>
<td><div class='status label capitalize fail'>fail</div></td>
</tr>
<tr class='pass'>
<td>2019-09-16 10:57:30</td>
<td><span class='category-link linked' extentid='de75abb5-f125-49fa-a914-892ef667f3ec'>EMEA_INCA_Suite_Test01SfUserActivationTest</span></td>
<td><div class='status label capitalize pass'>pass</div></td>
</tr>
<tbody>
</table>
</div>
</div> 
</li>
<li class='category-item displayed'>
<div class='cat-head'>
<span class='category-name'>Test01UK-Log In as a UK user Natasa Tintor</span>
</div>
<div class='category-status-counts'>
<span class='pass label dot'>Pass: 1</span>
<span class='fail label dot'>Fail: 1</span>
</div>
<div class='cat-body'>
<div class='category-status-counts'>
<div class='button-group'>
<a href='#!' class='pass label filter'>Pass <span class='icon'>1</span></a>
<a href='#!' class='fail label filter'>Fail <span class='icon'>1</span></a>
<a href='#!' class='other label filter'>Others <span class='icon'>0</span></a>
</div>
</div>
<div class='cat-tests'>
<table class='bordered'>
<thead>
<tr>
<th>RunDate</th>
<th>Test Name</th>
<th>Status</th>
</tr>
</thead>
<tbody>
<tr class='fail'>
<td>2019-09-16 10:56:56</td>
<td><span class='category-link linked' extentid='5da4e474-45e7-4ca2-8fee-55807a0718d1'>EMEA_UK_Suite_Test01LogInUserTest</span></td>
<td><div class='status label capitalize fail'>fail</div></td>
</tr>
<tr class='pass'>
<td>2019-09-16 11:01:10</td>
<td><span class='category-link linked' extentid='1a1c6357-e5d2-4a54-88fb-bdbd2531bc1c'>EMEA_UK_Suite_Test01LogInUserTest</span></td>
<td><div class='status label capitalize pass'>pass</div></td>
</tr>
<tbody>
</table>
</div>
</div> 
</li>
<li class='category-item displayed'>
<div class='cat-head'>
<span class='category-name'>Test02INCAInd-Create an INCA India agency</span>
</div>
<div class='category-status-counts'>
<span class='fail label dot'>Fail: 1</span>
</div>
<div class='cat-body'>
<div class='category-status-counts'>
<div class='button-group'>
<a href='#!' class='pass label filter'>Pass <span class='icon'>0</span></a>
<a href='#!' class='fail label filter'>Fail <span class='icon'>1</span></a>
<a href='#!' class='other label filter'>Others <span class='icon'>0</span></a>
</div>
</div>
<div class='cat-tests'>
<table class='bordered'>
<thead>
<tr>
<th>RunDate</th>
<th>Test Name</th>
<th>Status</th>
</tr>
</thead>
<tbody>
<tr class='fail'>
<td>2019-09-16 10:56:34</td>
<td><span class='category-link linked' extentid='36a2e834-c33f-4815-b44e-590b5e61be23'>APAC_INCA_India_Suite_Test02CreateAgencyTest</span></td>
<td><div class='status label capitalize fail'>fail</div></td>
</tr>
<tbody>
</table>
</div>
</div> 
</li>
<li class='category-item displayed'>
<div class='cat-head'>
<span class='category-name'>Test02INCAUK-Create an INCA UK agency</span>
</div>
<div class='category-status-counts'>
<span class='fail label dot'>Fail: 1</span>
</div>
<div class='cat-body'>
<div class='category-status-counts'>
<div class='button-group'>
<a href='#!' class='pass label filter'>Pass <span class='icon'>0</span></a>
<a href='#!' class='fail label filter'>Fail <span class='icon'>1</span></a>
<a href='#!' class='other label filter'>Others <span class='icon'>0</span></a>
</div>
</div>
<div class='cat-tests'>
<table class='bordered'>
<thead>
<tr>
<th>RunDate</th>
<th>Test Name</th>
<th>Status</th>
</tr>
</thead>
<tbody>
<tr class='fail'>
<td>2019-09-16 11:00:46</td>
<td><span class='category-link linked' extentid='ace301df-8e68-4856-aa55-c118bb3b427e'>EMEA_INCA_UK_Suite_Test02CreateAgencyTest</span></td>
<td><div class='status label capitalize fail'>fail</div></td>
</tr>
<tbody>
</table>
</div>
</div> 
</li>
<li class='category-item displayed'>
<div class='cat-head'>
<span class='category-name'>Test02IncaUser-Verify User sf qa team has Manage Companies</span>
</div>
<div class='category-status-counts'>
<span class='pass label dot'>Pass: 1</span>
</div>
<div class='cat-body'>
<div class='category-status-counts'>
<div class='button-group'>
<a href='#!' class='pass label filter'>Pass <span class='icon'>1</span></a>
<a href='#!' class='fail label filter'>Fail <span class='icon'>0</span></a>
<a href='#!' class='other label filter'>Others <span class='icon'>0</span></a>
</div>
</div>
<div class='cat-tests'>
<table class='bordered'>
<thead>
<tr>
<th>RunDate</th>
<th>Test Name</th>
<th>Status</th>
</tr>
</thead>
<tbody>
<tr class='pass'>
<td>2019-09-16 10:58:03</td>
<td><span class='category-link linked' extentid='e453e419-a3ef-4eef-a405-4b589c379eb5'>EMEA_INCA_Suite_Test02SfUserManageCompTest</span></td>
<td><div class='status label capitalize pass'>pass</div></td>
</tr>
<tbody>
</table>
</div>
</div> 
</li>
<li class='category-item displayed'>
<div class='cat-head'>
<span class='category-name'>Test03INCAInd-Create an INCA India Advertiser</span>
</div>
<div class='category-status-counts'>
<span class='fail label dot'>Fail: 1</span>
</div>
<div class='cat-body'>
<div class='category-status-counts'>
<div class='button-group'>
<a href='#!' class='pass label filter'>Pass <span class='icon'>0</span></a>
<a href='#!' class='fail label filter'>Fail <span class='icon'>1</span></a>
<a href='#!' class='other label filter'>Others <span class='icon'>0</span></a>
</div>
</div>
<div class='cat-tests'>
<table class='bordered'>
<thead>
<tr>
<th>RunDate</th>
<th>Test Name</th>
<th>Status</th>
</tr>
</thead>
<tbody>
<tr class='fail'>
<td>2019-09-16 10:56:41</td>
<td><span class='category-link linked' extentid='919fd0f6-f1ea-47d8-a1da-3503c584b4d2'>APAC_INCA_India_Suite_Test03CreateAdvertiserTest</span></td>
<td><div class='status label capitalize fail'>fail</div></td>
</tr>
<tbody>
</table>
</div>
</div> 
</li>
<li class='category-item displayed'>
<div class='cat-head'>
<span class='category-name'>Test03INCAUK-Create an INCA UK Advertiser</span>
</div>
<div class='category-status-counts'>
<span class='fail label dot'>Fail: 1</span>
</div>
<div class='cat-body'>
<div class='category-status-counts'>
<div class='button-group'>
<a href='#!' class='pass label filter'>Pass <span class='icon'>0</span></a>
<a href='#!' class='fail label filter'>Fail <span class='icon'>1</span></a>
<a href='#!' class='other label filter'>Others <span class='icon'>0</span></a>
</div>
</div>
<div class='cat-tests'>
<table class='bordered'>
<thead>
<tr>
<th>RunDate</th>
<th>Test Name</th>
<th>Status</th>
</tr>
</thead>
<tbody>
<tr class='fail'>
<td>2019-09-16 11:00:54</td>
<td><span class='category-link linked' extentid='4ffda5bf-fcaa-479a-9d2e-cd1aebf509f6'>EMEA_INCA_UK_Suite_Test03CreateAdvertiserTest</span></td>
<td><div class='status label capitalize fail'>fail</div></td>
</tr>
<tbody>
</table>
</div>
</div> 
</li>
<li class='category-item displayed'>
<div class='cat-head'>
<span class='category-name'>Test04aINCAUK-Try to create a INCA user account with UK user</span>
</div>
<div class='category-status-counts'>
<span class='fail label dot'>Fail: 1</span>
</div>
<div class='cat-body'>
<div class='category-status-counts'>
<div class='button-group'>
<a href='#!' class='pass label filter'>Pass <span class='icon'>0</span></a>
<a href='#!' class='fail label filter'>Fail <span class='icon'>1</span></a>
<a href='#!' class='other label filter'>Others <span class='icon'>0</span></a>
</div>
</div>
<div class='cat-tests'>
<table class='bordered'>
<thead>
<tr>
<th>RunDate</th>
<th>Test Name</th>
<th>Status</th>
</tr>
</thead>
<tbody>
<tr class='fail'>
<td>2019-09-16 11:01:52</td>
<td><span class='category-link linked' extentid='7db6d88d-25a4-43b9-8272-52fab4246ee2'>EMEA_INCA_UK_Suite_Test04aCreateIncaAccountWithUkUserTest</span></td>
<td><div class='status label capitalize fail'>fail</div></td>
</tr>
<tbody>
</table>
</div>
</div> 
</li>
<li class='category-item displayed'>
<div class='cat-head'>
<span class='category-name'>Test05INCAInd-Create an INCA India Opportunity</span>
</div>
<div class='category-status-counts'>
<span class='fail label dot'>Fail: 1</span>
</div>
<div class='cat-body'>
<div class='category-status-counts'>
<div class='button-group'>
<a href='#!' class='pass label filter'>Pass <span class='icon'>0</span></a>
<a href='#!' class='fail label filter'>Fail <span class='icon'>1</span></a>
<a href='#!' class='other label filter'>Others <span class='icon'>0</span></a>
</div>
</div>
<div class='cat-tests'>
<table class='bordered'>
<thead>
<tr>
<th>RunDate</th>
<th>Test Name</th>
<th>Status</th>
</tr>
</thead>
<tbody>
<tr class='fail'>
<td>2019-09-16 10:58:48</td>
<td><span class='category-link linked' extentid='ae979579-0830-4322-8bae-4daa50521cfd'>APAC_INCA_India_Suite_Test05CreateIncaOppTest</span></td>
<td><div class='status label capitalize fail'>fail</div></td>
</tr>
<tbody>
</table>
</div>
</div> 
</li>
<li class='category-item displayed'>
<div class='cat-head'>
<span class='category-name'>Test06aINCAInd-Verify All Fields Available for INCA APAC Sell Line</span>
</div>
<div class='category-status-counts'>
<span class='fail label dot'>Fail: 1</span>
</div>
<div class='cat-body'>
<div class='category-status-counts'>
<div class='button-group'>
<a href='#!' class='pass label filter'>Pass <span class='icon'>0</span></a>
<a href='#!' class='fail label filter'>Fail <span class='icon'>1</span></a>
<a href='#!' class='other label filter'>Others <span class='icon'>0</span></a>
</div>
</div>
<div class='cat-tests'>
<table class='bordered'>
<thead>
<tr>
<th>RunDate</th>
<th>Test Name</th>
<th>Status</th>
</tr>
</thead>
<tbody>
<tr class='fail'>
<td>2019-09-16 10:58:57</td>
<td><span class='category-link linked' extentid='ee96462f-4907-44c5-ba28-f5da9c997e4d'>APAC_INCA_India_Suite_Test06aVerifyAllFieldsForIncaSellLineTest</span></td>
<td><div class='status label capitalize fail'>fail</div></td>
</tr>
<tbody>
</table>
</div>
</div> 
</li>
<li class='category-item displayed'>
<div class='cat-head'>
<span class='category-name'>Test06bINCAInd-Create an INCA India Sell Line</span>
</div>
<div class='category-status-counts'>
<span class='fail label dot'>Fail: 1</span>
</div>
<div class='cat-body'>
<div class='category-status-counts'>
<div class='button-group'>
<a href='#!' class='pass label filter'>Pass <span class='icon'>0</span></a>
<a href='#!' class='fail label filter'>Fail <span class='icon'>1</span></a>
<a href='#!' class='other label filter'>Others <span class='icon'>0</span></a>
</div>
</div>
<div class='cat-tests'>
<table class='bordered'>
<thead>
<tr>
<th>RunDate</th>
<th>Test Name</th>
<th>Status</th>
</tr>
</thead>
<tbody>
<tr class='fail'>
<td>2019-09-16 10:59:15</td>
<td><span class='category-link linked' extentid='2d596fbf-3cad-4b69-a36a-998eac46ca61'>APAC_INCA_INDIA_Suite_Test06bCreateIncaSellLineTest</span></td>
<td><div class='status label capitalize fail'>fail</div></td>
</tr>
<tbody>
</table>
</div>
</div> 
</li>
<li class='category-item displayed'>
<div class='cat-head'>
<span class='category-name'>Test06cINCAInd-Update SLMS APAC Fields for SL Rollup</span>
</div>
<div class='category-status-counts'>
<span class='fail label dot'>Fail: 1</span>
</div>
<div class='cat-body'>
<div class='category-status-counts'>
<div class='button-group'>
<a href='#!' class='pass label filter'>Pass <span class='icon'>0</span></a>
<a href='#!' class='fail label filter'>Fail <span class='icon'>1</span></a>
<a href='#!' class='other label filter'>Others <span class='icon'>0</span></a>
</div>
</div>
<div class='cat-tests'>
<table class='bordered'>
<thead>
<tr>
<th>RunDate</th>
<th>Test Name</th>
<th>Status</th>
</tr>
</thead>
<tbody>
<tr class='fail'>
<td>2019-09-16 10:59:23</td>
<td><span class='category-link linked' extentid='d6128ac0-d121-45d6-be6f-95a61bcf251c'>APAC_INCA_INDIA_Suite_Test06cSellLineSlmsApacFieldsRollUpTest</span></td>
<td><div class='status label capitalize fail'>fail</div></td>
</tr>
<tbody>
</table>
</div>
</div> 
</li>
<li class='category-item displayed'>
<div class='cat-head'>
<span class='category-name'>Test06dINCAInd-Create an 'INCA' Fee Buy Placement</span>
</div>
<div class='category-status-counts'>
<span class='fail label dot'>Fail: 1</span>
</div>
<div class='cat-body'>
<div class='category-status-counts'>
<div class='button-group'>
<a href='#!' class='pass label filter'>Pass <span class='icon'>0</span></a>
<a href='#!' class='fail label filter'>Fail <span class='icon'>1</span></a>
<a href='#!' class='other label filter'>Others <span class='icon'>0</span></a>
</div>
</div>
<div class='cat-tests'>
<table class='bordered'>
<thead>
<tr>
<th>RunDate</th>
<th>Test Name</th>
<th>Status</th>
</tr>
</thead>
<tbody>
<tr class='fail'>
<td>2019-09-16 10:59:32</td>
<td><span class='category-link linked' extentid='5d13b0f8-f658-4709-93a5-841bc39ecebd'>APAC_INCA_India_Suite_Test06daCreateIncaFeeBuyPlacementTest</span></td>
<td><div class='status label capitalize fail'>fail</div></td>
</tr>
<tbody>
</table>
</div>
</div> 
</li>
<li class='category-item displayed'>
<div class='cat-head'>
<span class='category-name'>Test07aINCAInd-Create an APAC 'INCA' Buy Placement</span>
</div>
<div class='category-status-counts'>
<span class='fail label dot'>Fail: 1</span>
</div>
<div class='cat-body'>
<div class='category-status-counts'>
<div class='button-group'>
<a href='#!' class='pass label filter'>Pass <span class='icon'>0</span></a>
<a href='#!' class='fail label filter'>Fail <span class='icon'>1</span></a>
<a href='#!' class='other label filter'>Others <span class='icon'>0</span></a>
</div>
</div>
<div class='cat-tests'>
<table class='bordered'>
<thead>
<tr>
<th>RunDate</th>
<th>Test Name</th>
<th>Status</th>
</tr>
</thead>
<tbody>
<tr class='fail'>
<td>2019-09-16 10:59:44</td>
<td><span class='category-link linked' extentid='01bed04d-98a6-4bea-aee7-d988f6589828'>APAC_INCA_India_Suite_Test07aCreateIncaPackBuyPlacementTest</span></td>
<td><div class='status label capitalize fail'>fail</div></td>
</tr>
<tbody>
</table>
</div>
</div> 
</li>
<li class='category-item displayed'>
<div class='cat-head'>
<span class='category-name'>Test07bINCAInd-Capturing Actuals for Sell Line</span>
</div>
<div class='category-status-counts'>
<span class='fail label dot'>Fail: 1</span>
</div>
<div class='cat-body'>
<div class='category-status-counts'>
<div class='button-group'>
<a href='#!' class='pass label filter'>Pass <span class='icon'>0</span></a>
<a href='#!' class='fail label filter'>Fail <span class='icon'>1</span></a>
<a href='#!' class='other label filter'>Others <span class='icon'>0</span></a>
</div>
</div>
<div class='cat-tests'>
<table class='bordered'>
<thead>
<tr>
<th>RunDate</th>
<th>Test Name</th>
<th>Status</th>
</tr>
</thead>
<tbody>
<tr class='fail'>
<td>2019-09-16 10:59:57</td>
<td><span class='category-link linked' extentid='6586c7d7-22fb-40a4-b589-a6c72faddc2f'>APAC_INCA_India_Suite_Test07bCapturingActualsForSellLineTest</span></td>
<td><div class='status label capitalize fail'>fail</div></td>
</tr>
<tbody>
</table>
</div>
</div> 
</li>
<li class='category-item displayed'>
<div class='cat-head'>
<span class='category-name'>Test07cINCAIndia-Capturing Actuals for Buy Placements</span>
</div>
<div class='category-status-counts'>
<span class='fail label dot'>Fail: 1</span>
</div>
<div class='cat-body'>
<div class='category-status-counts'>
<div class='button-group'>
<a href='#!' class='pass label filter'>Pass <span class='icon'>0</span></a>
<a href='#!' class='fail label filter'>Fail <span class='icon'>1</span></a>
<a href='#!' class='other label filter'>Others <span class='icon'>0</span></a>
</div>
</div>
<div class='cat-tests'>
<table class='bordered'>
<thead>
<tr>
<th>RunDate</th>
<th>Test Name</th>
<th>Status</th>
</tr>
</thead>
<tbody>
<tr class='fail'>
<td>2019-09-16 11:00:08</td>
<td><span class='category-link linked' extentid='b4109baa-f32a-417b-81fd-8973f2a72292'>APAC_INCA_India_Suite_Test07cCapturingActualsForBuyPlacementTest</span></td>
<td><div class='status label capitalize fail'>fail</div></td>
</tr>
<tbody>
</table>
</div>
</div> 
</li>
<li class='category-item displayed'>
<div class='cat-head'>
<span class='category-name'>Test08INCAInd- Accessing INCA account with Non INCA users</span>
</div>
<div class='category-status-counts'>
<span class='fail label dot'>Fail: 1</span>
</div>
<div class='cat-body'>
<div class='category-status-counts'>
<div class='button-group'>
<a href='#!' class='pass label filter'>Pass <span class='icon'>0</span></a>
<a href='#!' class='fail label filter'>Fail <span class='icon'>1</span></a>
<a href='#!' class='other label filter'>Others <span class='icon'>0</span></a>
</div>
</div>
<div class='cat-tests'>
<table class='bordered'>
<thead>
<tr>
<th>RunDate</th>
<th>Test Name</th>
<th>Status</th>
</tr>
</thead>
<tbody>
<tr class='fail'>
<td>2019-09-16 11:00:17</td>
<td><span class='category-link linked' extentid='95746e97-1192-4a1f-8d90-8dd2b20dbdd6'>APAC_INCA_India_Suite_Test08AccessingIncaAccountWithNonIncaUsersTest</span></td>
<td><div class='status label capitalize fail'>fail</div></td>
</tr>
<tbody>
</table>
</div>
</div> 
</li>
</ul>
</div>
</div>
</div>
</div>
<div id='cat-details-wrapper' class='col _addedCell2'>
<div class='contents'>
<div class='card-panel details-view'>
<h5 class='cat-name'></h5>
<div class='cat-container'>
</div>
</div>
</div>
</div>
</div>
<!-- /categories -->

<!-- exceptions -->
<!-- /exceptions -->

<!-- testrunner logs -->
<!-- /testrunner logs -->

</div>
<!-- /container -->

<!-- test dashboard counts setting -->
<div id='test-count-setting' class='modal bottom-sheet'> 
<div class='modal-content'> 
<h5>Configure Tests Count Setting</h5> 
<input name='test-count-setting' type='radio' id='parentWithoutNodes' class='with-gap'> 
<label for='parentWithoutNodes'>Parent Tests Only (Does not include child nodes in counts)</label> 
<br> 
<input name='test-count-setting' type='radio' id='parentWithoutNodesAndNodes' class='with-gap'> 
<label for='parentWithoutNodesAndNodes'>Parent Tests Without Child Tests + Child Tests</label> 
<br> 
<input name='test-count-setting' type='radio' id='childNodes' class='with-gap'> 
<label for='childNodes'>Child Tests Only</label> 
</div> 
<div class='modal-footer'> 
<a href='#!' class='modal-action modal-close waves-effect waves-green btn'>Save</a> 
</div> 
</div>
<!-- /test dashboard counts setting -->

<!-- filter for step status -->
<div id='step-status-filter' class='modal bottom-sheet'> 
<div class='modal-content'> 
<h5>Select status</h5> 
<input checked class='filled-in' type='checkbox' id='step-dashboard-filter-pass'> 
<label for='step-dashboard-filter-pass'>Pass</label> 
<br> 
<input checked class='filled-in' type='checkbox' id='step-dashboard-filter-fail'> 
<label for='step-dashboard-filter-fail'>Fail</label> 
<br> 
<input checked class='filled-in' type='checkbox' id='step-dashboard-filter-fatal'> 
<label for='step-dashboard-filter-fatal'>Fatal</label> 
<br> 
<input checked class='filled-in' type='checkbox' id='step-dashboard-filter-error'> 
<label for='step-dashboard-filter-error'>Error</label> 
<br> 
<input checked class='filled-in' type='checkbox' id='step-dashboard-filter-warning'> 
<label for='step-dashboard-filter-warning'>Warning</label> 
<br> 
<input checked class='filled-in' type='checkbox' id='step-dashboard-filter-skip'> 
<label for='step-dashboard-filter-skip'>Skipped</label> 
<br> 
<input checked class='filled-in' type='checkbox' id='step-dashboard-filter-info'> 
<label for='step-dashboard-filter-info'>Info</label> 
<br> 
<input checked class='filled-in' type='checkbox' id='step-dashboard-filter-unknown'> 
<label for='step-dashboard-filter-unknown'>Unknown</label> 
</div>
<div class='modal-footer'> 
<a href='#!' class='modal-action modal-close waves-effect waves-green btn'>Save</a> 
</div> 
</div>
<!-- /filter for step status -->

<script src='https://cdn.rawgit.com/anshooarora/extentreports/c936a26fc8bb9c5fc0253b5bc6f289e1d14bb595/cdn/extent.js' type='text/javascript'></script>

<script>$(document).ready(function() { $('.logo span').html('ExtentReports'); });</script>
<script>

            
                $(document).ready(function() {
                    
                });
            
        
</script>
</body>
</html>
