
<!DOCTYPE html>
<html>
<head>
<!--
ExtentReports Library 2.40.2 | http://relevantcodes.com/extentreports-for-selenium/ | https://github.com/anshooarora/
Copyright (c) 2015, Anshoo Arora (Relevant Codes) | Copyrights licensed under the New BSD License | http://opensource.org/licenses/BSD-3-Clause
Documentation: http://extentreports.relevantcodes.com 
-->

<meta charset='UTF-8' /> 
<meta name='description' content='ExtentReports (by Anshoo Arora) is a reporting library for automation testing for .NET and Java. It creates detailed and beautiful HTML reports for modern browsers. ExtentReports shows test and step summary along with dashboards, system and environment details for quick analysis of your tests.' />
<meta name='robots' content='noodp, noydir' />
<meta name='viewport' content='width=device-width, initial-scale=1' />

<title>
ExtentReports 2.0
</title>


<link href='https://fonts.googleapis.com/css?family=Source+Sans+Pro:400,600' rel='stylesheet' type='text/css'>
<link href='https://cdn.rawgit.com/anshooarora/extentreports/e4f8ea1de961161791c01b99a71a1e17f81125cf/cdn/extent.css' type='text/css' rel='stylesheet' />

<style>

            
                
            
        
</style>
</head>


<body class='extent standard hide-overflow'>
<!-- nav -->
<nav>
<div class='logo-container'>
<a class='logo-content' href='http://extentreports.relevantcodes.com'>
<span>ExtentReports</span>
</a>
<a href='#' data-activates='slide-out' class='button-collapse hide-on-large-only'><i class='mdi-navigation-apps'></i></a>
</div>
<ul id='slide-out' class='side-nav fixed hide-on-med-and-down'>
<li class='analysis waves-effect active'><a href='#!' class='test-view' onclick="_updateCurrentStage(0)"><i class='mdi-action-dashboard'></i>Test Details</a></li>
<li class='analysis waves-effect'><a href='#!' class='categories-view' onclick="_updateCurrentStage(1)"><i class='mdi-maps-local-offer'></i>Categories</a></li>
<li class='analysis waves-effect'><a href='#!' class='dashboard-view'><i class='mdi-action-track-changes'></i></i>Analysis</a></li>
</ul>
<span class='report-name'>Automation Report</span> <span class='report-headline'></span>
<ul class='right hide-on-med-and-down nav-right'>
<li class='theme-selector' alt='Click to toggle dark theme. To enable by default, use js configuration $("body").addClass("dark");' title='Click to toggle dark theme. To enable by default, use js configuration $("body").addClass("dark");'>
<i class='mdi-hardware-desktop-windows'></i>
</li>
<li>
<span class='suite-started-time'>2019-08-28 15:40:19</span>
</li>
<li>
<span>v2.40.2</span>
</li>
</ul>
</nav>
<!-- /nav -->

<!-- container -->
<div class='container'>

<!-- dashboard -->
<div id='dashboard-view' class='row'>
<div class='time-totals'>
<div class='col l2 m4 s6'>
<div class='card suite-total-tests'> 
<span class='panel-name'>Total Tests</span> 
<span class='total-tests'> <span class='panel-lead'></span> </span> 
</div> 
</div>
<div class='col l2 m4 s6'>
<div class='card suite-total-steps'> 
<span class='panel-name'>Total Steps</span> 
<span class='total-steps'> <span class='panel-lead'></span> </span> 
</div> 
</div>
<div class='col l2 m4 s12'>
<div class='card suite-total-time-current'> 
<span class='panel-name'>Total Time Taken (Current Run)</span> 
<span class='suite-total-time-current-value panel-lead'>0h 6m 50s+180ms</span> 
</div> 
</div>
<div class='col l2 m4 s12'>
<div class='card suite-total-time-overall'> 
<span class='panel-name'>Total Time Taken (Overall)</span> 
<span class='suite-total-time-overall-value panel-lead'>-3h -202m -12142s+-726ms</span> 
</div> 
</div>
<div class='col l2 m4 s6 suite-start-time'>
<div class='card accent green-accent'> 
<span class='panel-name'>Start</span> 
<span class='panel-lead suite-started-time'>2019-08-28 15:33:29</span> 
</div> 
</div>
<div class='col l2 m4 s6 suite-end-time'>
<div class='card accent pink-accent'> 
<span class='panel-name'>End</span> 
<span class='panel-lead suite-ended-time'>2019-08-28 15:40:19</span> 
</div> 
</div>
</div>
<div class='charts'>
<div class='col s12 m6 l4 fh'> 
<div class='card-panel'> 
<div>
<span class='panel-name'>Tests View</span>
</div> 
<div class='panel-setting modal-trigger test-count-setting right'>
<a href='#test-count-setting'><i class='mdi-navigation-more-vert text-md'></i></a>
</div> 
<div class='chart-box'>
<canvas class='text-centered' id='test-analysis'></canvas>
</div> 
<div>
<span class='weight-light'><span class='t-pass-count weight-normal'></span> test(s) passed</span>
</div> 
<div>
<span class='weight-light'><span class='t-fail-count weight-normal'></span> test(s) failed, <span class='t-others-count weight-normal'></span> others</span>
</div> 
</div> 
</div> 
<div class='col s12 m6 l4 fh'> 
<div class='card-panel'> 
<div>
<span class='panel-name'>Steps View</span>
</div> 
<div class='panel-setting modal-trigger step-status-filter right'>
<a href='#step-status-filter'><i class='mdi-navigation-more-vert text-md'></i></a>
</div> 
<div class='chart-box'>
<canvas class='text-centered' id='step-analysis'></canvas>
</div> 
<div>
<span class='weight-light'><span class='s-pass-count weight-normal'></span> step(s) passed </span>
</div> 
<div>
<span class='weight-light'><span class='s-fail-count weight-normal'></span> step(s) failed, <span class='s-others-count weight-normal'></span> others</span>
</div> 
</div> 
</div>
<div class='col s12 m12 l4 fh'> 
<div class='card-panel'> 
<span class='panel-name'>Pass Percentage</span> 
<span class='pass-percentage panel-lead'></span> 
<div class='progress light-blue lighten-3'> 
<div class='determinate light-blue'></div> 
</div> 
</div> 
</div>
</div>
<div class='system-view'>
<div class='col l4 m12 s12'>
<div class='card-panel'>
<span class='label info outline right'>Environment</span>
<table>
<thead>
<tr>
<th>Param</th>
<th>Value</th>
</tr>
</thead>
<tbody>
<tr>
<td>OS</td>
<td>Windows NT (unknown)</td>
</tr>
<tr>
<td>User Name</td>
<td>SumonK</td>
</tr>
<tr>
<td>Java Version</td>
<td>1.8.0_91</td>
</tr>
<tr>
<td>Test Environment</td>
<td>Staging</td>
</tr>
<tr>
<td>Host Name</td>
<td>EC2AMAZ-FEFP0OS</td>
</tr>
<tr>
<td>Browser Name</td>
<td>Chrome</td>
</tr>
</tbody>
</table>
</div>
</div>
</div>
<div class='category-summary-view'>
<div class='col l4 m6 s12'>
<div class='card-panel'>
<span class='label info outline right'>Categories</span>
<table>
<thead>
<tr>
<th>Name</th>
</tr>
</thead>
<tbody>
<tr>
<td>
Test01AusUser-Verify User Apurva Prasanna is Active
</td>
</tr>
<tr>
<td>
Test01CanUser-Verify User Miguel Ajon is Active
</td>
</tr>
<tr>
<td>
Test01ChnUser-Verify User Apurva Prasanna is Active
</td>
</tr>
<tr>
<td>
Test01GerUser-Verify User Frank Adams is Active
</td>
</tr>
<tr>
<td>
Test01IncaUser-Verify User sf qa team is Active
</td>
</tr>
<tr>
<td>
Test01IndUser-Verify User Lucas Alonso is Active
</td>
</tr>
<tr>
<td>
Test01MiaUser-Verify User Fernando Apolinar is Active
</td>
</tr>
<tr>
<td>
Test01PRUser-Verify User Philipp Brunner is Active
</td>
</tr>
<tr>
<td>
Test01UKUser-Verify User Natasa Tintor is Active
</td>
</tr>
<tr>
<td>
Test01USAUser-Verify User Brett Giroux is Active
</td>
</tr>
<tr>
<td>
Test02AusUser-Verify User Apurva Prasanna has Manage Companies
</td>
</tr>
<tr>
<td>
Test02ChnUser-Verify User Apurva Prasanna has Manage Companies
</td>
</tr>
<tr>
<td>
Test02GerUser-Verify User Frank Adams has Manage Companies
</td>
</tr>
<tr>
<td>
Test02IndUser-Verify User Lucas Alonso has Manage Companies
</td>
</tr>
<tr>
<td>
Test02MiaUser-Verify User Fernando Apolinar has Manage Companies
</td>
</tr>
</tbody>
</table>
</div>
</div>
</div>
</div>
<!-- /dashboard -->

<!-- tests -->
<div id='test-view' class='row _addedTable'>
<div class='col _addedCell1'>
<div class='contents'>
<div class='card-panel heading'>
<h5>Tests</h5>
</div>
<div class='card-panel filters'>
<div>
<a data-activates='tests-toggle' data-constrainwidth='true' data-beloworigin='true' data-hover='true' href='#' class='dropdown-button button tests-toggle'><i class='mdi-action-subject icon'></i></a>
<ul id='tests-toggle' class='dropdown-content'>
<li class='pass'><a href='#!'>Pass</a></li>
<li class='fail'><a href='#!'>Fail</a></li>
<li class='skip'><a href='#!'>Skip</a></li>
<li class='divider'></li>
<li class='clear'><a href='#!'>Clear Filters</a></li>
</ul>
</div>
<div>
<a data-activates='category-toggle' data-constrainwidth='false' data-beloworigin='true' data-hover='true' href='#' class='category-toggle dropdown-button button'><i class='mdi-maps-local-offer icon'></i></a>
<ul id='category-toggle' class='dropdown-content'>
<li class='Test01AusUser-Verify User Apurva Prasanna is Active'><a href='#!'>Test01AusUser-Verify User Apurva Prasanna is Active</a></li>
<li class='Test01CanUser-Verify User Miguel Ajon is Active'><a href='#!'>Test01CanUser-Verify User Miguel Ajon is Active</a></li>
<li class='Test01ChnUser-Verify User Apurva Prasanna is Active'><a href='#!'>Test01ChnUser-Verify User Apurva Prasanna is Active</a></li>
<li class='Test01GerUser-Verify User Frank Adams is Active'><a href='#!'>Test01GerUser-Verify User Frank Adams is Active</a></li>
<li class='Test01IncaUser-Verify User sf qa team is Active'><a href='#!'>Test01IncaUser-Verify User sf qa team is Active</a></li>
<li class='Test01IndUser-Verify User Lucas Alonso is Active'><a href='#!'>Test01IndUser-Verify User Lucas Alonso is Active</a></li>
<li class='Test01MiaUser-Verify User Fernando Apolinar is Active'><a href='#!'>Test01MiaUser-Verify User Fernando Apolinar is Active</a></li>
<li class='Test01PRUser-Verify User Philipp Brunner is Active'><a href='#!'>Test01PRUser-Verify User Philipp Brunner is Active</a></li>
<li class='Test01UKUser-Verify User Natasa Tintor is Active'><a href='#!'>Test01UKUser-Verify User Natasa Tintor is Active</a></li>
<li class='Test01USAUser-Verify User Brett Giroux is Active'><a href='#!'>Test01USAUser-Verify User Brett Giroux is Active</a></li>
<li class='Test02AusUser-Verify User Apurva Prasanna has Manage Companies'><a href='#!'>Test02AusUser-Verify User Apurva Prasanna has Manage Companies</a></li>
<li class='Test02ChnUser-Verify User Apurva Prasanna has Manage Companies'><a href='#!'>Test02ChnUser-Verify User Apurva Prasanna has Manage Companies</a></li>
<li class='Test02GerUser-Verify User Frank Adams has Manage Companies'><a href='#!'>Test02GerUser-Verify User Frank Adams has Manage Companies</a></li>
<li class='Test02IndUser-Verify User Lucas Alonso has Manage Companies'><a href='#!'>Test02IndUser-Verify User Lucas Alonso has Manage Companies</a></li>
<li class='Test02MiaUser-Verify User Fernando Apolinar has Manage Companies'><a href='#!'>Test02MiaUser-Verify User Fernando Apolinar has Manage Companies</a></li>
<li class='divider'></li>
<li class='clear'><a href='#!'>Clear Filters</a></li>
</ul>
</div>
<div>
<a id='clear-filters' alt='Clear Filters' title='Clear Filters'><i class='mdi-navigation-close icon'></i></a>
</div>
<div>&nbsp;&middot;&nbsp;</div>
<div>
<a id='enableDashboard' alt='Enable Dashboard' title='Enable Dashboard'><i class='mdi-action-track-changes icon'></i></a>
</div>
<div>
<a id='refreshCharts' alt='Refresh Charts on Filters' title='Refresh Charts on Filters' class='enabled'><i class='mdi-navigation-refresh icon'></i></i></a>
</div>
<div>&nbsp;&middot;</div>
<div class='search' alt='Search Tests' title='Search Tests'>
<div class='input-field left'>
<input id='searchTests' type='text' class='validate' placeholder='Search Tests...'>
</div>
<i class='mdi-action-search icon'></i>
</div>
</div>
<div class='card-panel no-padding-h no-padding-v no-margin-v'>
<div class='wrapper'>
<ul id='test-collection' class='test-collection'>
<li class='collection-item test displayed active fail ' extentid='2963e4d5-c087-4ed5-a149-3c80cb5933a2'>
<div class='test-head'>
<span class='test-name'>APAC_Australia_Suite_Test01SfUserActivationTest </span>
<span class='test-status label right outline capitalize fail'>fail</span>
<span class='category-assigned hide  test01aususer-verifyuserapurvaprasannaisactive'></span>
</div>
<div class='test-body'>
<div class='test-info'>
<span title='Test started time' alt='Test started time' class='test-started-time label green lighten-1 text-white'>2019-08-28 15:33:29</span>
<span title='Test ended time' alt='Test ended time' class='test-ended-time label red lighten-1 text-white'>2019-08-28 15:33:39</span>
<span title='Time taken to finish' alt='Time taken to finish' class='test-time-taken label blue-grey lighten-3 text-white'>0h 0m 10s+0ms</span>
</div>
<div class='test-desc'></div>
<div class='test-attributes'>
<div class='categories'>
<span class='category text-white'>Test01AusUser-Verify User Apurva Prasanna is Active</span>
</div>
</div>
<div class='test-steps'>
<table class='bordered table-results'>
<thead>
<tr>
<th>Status</th>
<th>Timestamp</th>
<th>Details</th>
</tr>
</thead>
<tbody>
<tr>
<td class='status info' title='info' alt='info'><i class='mdi-action-info-outline'></i></td>
<td class='timestamp'>15:33:29</td>
<td class='step-details'>TEST STARTED:</td>
</tr>
<tr>
<td class='status info' title='info' alt='info'><i class='mdi-action-info-outline'></i></td>
<td class='timestamp'>15:33:29</td>
<td class='step-details'>Navigating to url https://test.salesforce.com</td>
</tr>
<tr>
<td class='status info' title='info' alt='info'><i class='mdi-action-info-outline'></i></td>
<td class='timestamp'>15:33:32</td>
<td class='step-details'>Entering key word sumon.kashem@xaxis.com.glstaging on UserName Field</td>
</tr>
<tr>
<td class='status fail' title='fail' alt='fail'><i class='mdi-navigation-cancel'></i></td>
<td class='timestamp'>15:33:37</td>
<td class='step-details'>Unable to enter keyword on UserName Field</td>
</tr>
<tr>
<td class='status fail' title='fail' alt='fail'><i class='mdi-navigation-cancel'></i></td>
<td class='timestamp'>15:33:39</td>
<td class='step-details'>Error Occured while taking SCREENSHOT!!!</td>
</tr>
<tr>
<td class='status info' title='info' alt='info'><i class='mdi-action-info-outline'></i></td>
<td class='timestamp'>15:33:39</td>
<td class='step-details'>Total Execution Time for Test Suite: : 0:00:10</td>
</tr>
<tr>
<td class='status info' title='info' alt='info'><i class='mdi-action-info-outline'></i></td>
<td class='timestamp'>15:33:39</td>
<td class='step-details'>********************* END OF AUTOMATION TEST *********************</td>
</tr>
<tr>
<td class='status info' title='info' alt='info'><i class='mdi-action-info-outline'></i></td>
<td class='timestamp'>15:33:39</td>
<td class='step-details'>TEST RESULT SAVED IN: FitNesseRoot/files/testResults/ExtentReport/STAGING/AutomationReport190828-0333.html</td>
</tr>
</tbody>
</table>
<ul class='collapsible node-list' data-collapsible='accordion'>
</ul>
</div>
</div>
</li>
<li class='collection-item test displayed active fail ' extentid='ea173294-b6eb-4d92-8349-83f429bccbda'>
<div class='test-head'>
<span class='test-name'>APAC_Australia_Suite_Test02SfUserManageCompTest </span>
<span class='test-status label right outline capitalize fail'>fail</span>
<span class='category-assigned hide  test02aususer-verifyuserapurvaprasannahasmanagecompanies'></span>
</div>
<div class='test-body'>
<div class='test-info'>
<span title='Test started time' alt='Test started time' class='test-started-time label green lighten-1 text-white'>2019-08-28 15:33:41</span>
<span title='Test ended time' alt='Test ended time' class='test-ended-time label red lighten-1 text-white'>2019-08-28 15:33:47</span>
<span title='Time taken to finish' alt='Time taken to finish' class='test-time-taken label blue-grey lighten-3 text-white'>0h 0m 6s+0ms</span>
</div>
<div class='test-desc'></div>
<div class='test-attributes'>
<div class='categories'>
<span class='category text-white'>Test02AusUser-Verify User Apurva Prasanna has Manage Companies</span>
</div>
</div>
<div class='test-steps'>
<table class='bordered table-results'>
<thead>
<tr>
<th>Status</th>
<th>Timestamp</th>
<th>Details</th>
</tr>
</thead>
<tbody>
<tr>
<td class='status info' title='info' alt='info'><i class='mdi-action-info-outline'></i></td>
<td class='timestamp'>15:33:41</td>
<td class='step-details'>TEST STARTED:</td>
</tr>
<tr>
<td class='status info' title='info' alt='info'><i class='mdi-action-info-outline'></i></td>
<td class='timestamp'>15:33:41</td>
<td class='step-details'>Entering key word Apurva Prasanna on Search Field</td>
</tr>
<tr>
<td class='status fail' title='fail' alt='fail'><i class='mdi-navigation-cancel'></i></td>
<td class='timestamp'>15:33:44</td>
<td class='step-details'>Unable to enter keyword on Search Field</td>
</tr>
<tr>
<td class='status fail' title='fail' alt='fail'><i class='mdi-navigation-cancel'></i></td>
<td class='timestamp'>15:33:47</td>
<td class='step-details'>Error Occured while taking SCREENSHOT!!!</td>
</tr>
<tr>
<td class='status info' title='info' alt='info'><i class='mdi-action-info-outline'></i></td>
<td class='timestamp'>15:33:47</td>
<td class='step-details'>Total Execution Time for Test Suite: : 0:00:05</td>
</tr>
<tr>
<td class='status info' title='info' alt='info'><i class='mdi-action-info-outline'></i></td>
<td class='timestamp'>15:33:47</td>
<td class='step-details'>********************* END OF AUTOMATION TEST *********************</td>
</tr>
<tr>
<td class='status info' title='info' alt='info'><i class='mdi-action-info-outline'></i></td>
<td class='timestamp'>15:33:47</td>
<td class='step-details'>TEST RESULT SAVED IN: FitNesseRoot/files/testResults/ExtentReport/STAGING/AutomationReport190828-0333.html</td>
</tr>
</tbody>
</table>
<ul class='collapsible node-list' data-collapsible='accordion'>
</ul>
</div>
</div>
</li>
<li class='collection-item test displayed active pass ' extentid='0e6ed90d-6a13-4c2b-9ccd-55fa73f7ed76'>
<div class='test-head'>
<span class='test-name'>APAC_China_Suite_Test01SfUserActivationTest </span>
<span class='test-status label right outline capitalize pass'>pass</span>
<span class='category-assigned hide  test01chnuser-verifyuserapurvaprasannaisactive'></span>
</div>
<div class='test-body'>
<div class='test-info'>
<span title='Test started time' alt='Test started time' class='test-started-time label green lighten-1 text-white'>2019-08-28 15:33:56</span>
<span title='Test ended time' alt='Test ended time' class='test-ended-time label red lighten-1 text-white'>2019-08-28 15:35:05</span>
<span title='Time taken to finish' alt='Time taken to finish' class='test-time-taken label blue-grey lighten-3 text-white'>0h 1m 9s+0ms</span>
</div>
<div class='test-desc'></div>
<div class='test-attributes'>
<div class='categories'>
<span class='category text-white'>Test01ChnUser-Verify User Apurva Prasanna is Active</span>
</div>
</div>
<div class='test-steps'>
<table class='bordered table-results'>
<thead>
<tr>
<th>Status</th>
<th>Timestamp</th>
<th>Details</th>
</tr>
</thead>
<tbody>
<tr>
<td class='status info' title='info' alt='info'><i class='mdi-action-info-outline'></i></td>
<td class='timestamp'>15:33:56</td>
<td class='step-details'>TEST STARTED:</td>
</tr>
<tr>
<td class='status info' title='info' alt='info'><i class='mdi-action-info-outline'></i></td>
<td class='timestamp'>15:33:56</td>
<td class='step-details'>Navigating to url https://test.salesforce.com</td>
</tr>
<tr>
<td class='status info' title='info' alt='info'><i class='mdi-action-info-outline'></i></td>
<td class='timestamp'>15:34:40</td>
<td class='step-details'>Entering key word sumon.kashem@xaxis.com.glstaging on UserName Field</td>
</tr>
<tr>
<td class='status info' title='info' alt='info'><i class='mdi-action-info-outline'></i></td>
<td class='timestamp'>15:34:42</td>
<td class='step-details'>Entering key word on Password Field</td>
</tr>
<tr>
<td class='status info' title='info' alt='info'><i class='mdi-action-info-outline'></i></td>
<td class='timestamp'>15:34:43</td>
<td class='step-details'>Clicking on LogIn Button</td>
</tr>
<tr>
<td class='status info' title='info' alt='info'><i class='mdi-action-info-outline'></i></td>
<td class='timestamp'>15:34:48</td>
<td class='step-details'>Entering key word Apurva Prasanna on Search Field</td>
</tr>
<tr>
<td class='status info' title='info' alt='info'><i class='mdi-action-info-outline'></i></td>
<td class='timestamp'>15:34:50</td>
<td class='step-details'>Clicking on Search Button</td>
</tr>
<tr>
<td class='status info' title='info' alt='info'><i class='mdi-action-info-outline'></i></td>
<td class='timestamp'>15:34:54</td>
<td class='step-details'>Clicking on Display Name Link</td>
</tr>
<tr>
<td class='status info' title='info' alt='info'><i class='mdi-action-info-outline'></i></td>
<td class='timestamp'>15:34:56</td>
<td class='step-details'>Clicking on User Action Dropdown</td>
</tr>
<tr>
<td class='status info' title='info' alt='info'><i class='mdi-action-info-outline'></i></td>
<td class='timestamp'>15:34:58</td>
<td class='step-details'>Clicking on User Detail Link</td>
</tr>
<tr>
<td class='status info' title='info' alt='info'><i class='mdi-action-info-outline'></i></td>
<td class='timestamp'>15:35:01</td>
<td class='step-details'>Clicking on Edit Button</td>
</tr>
<tr>
<td class='status info' title='info' alt='info'><i class='mdi-action-info-outline'></i></td>
<td class='timestamp'>15:35:03</td>
<td class='step-details'>Verifying if User is active on user details</td>
</tr>
<tr>
<td class='status info' title='info' alt='info'><i class='mdi-action-info-outline'></i></td>
<td class='timestamp'>15:35:05</td>
<td class='step-details'>Total Execution Time for Test Suite: : 0:01:09</td>
</tr>
<tr>
<td class='status info' title='info' alt='info'><i class='mdi-action-info-outline'></i></td>
<td class='timestamp'>15:35:05</td>
<td class='step-details'>********************* END OF AUTOMATION TEST *********************</td>
</tr>
<tr>
<td class='status info' title='info' alt='info'><i class='mdi-action-info-outline'></i></td>
<td class='timestamp'>15:35:05</td>
<td class='step-details'>TEST RESULT SAVED IN: FitNesseRoot/files/testResults/ExtentReport/STAGING/AutomationReport190828-0333.html</td>
</tr>
</tbody>
</table>
<ul class='collapsible node-list' data-collapsible='accordion'>
</ul>
</div>
</div>
</li>
<li class='collection-item test displayed active pass ' extentid='b84b6bbb-cc0f-4468-b99a-322b98153482'>
<div class='test-head'>
<span class='test-name'>APAC_Australia_Suite_Test02SfUserManageCompTest </span>
<span class='test-status label right outline capitalize pass'>pass</span>
<span class='category-assigned hide  test02aususer-verifyuserapurvaprasannahasmanagecompanies'></span>
</div>
<div class='test-body'>
<div class='test-info'>
<span title='Test started time' alt='Test started time' class='test-started-time label green lighten-1 text-white'>2019-08-28 15:35:06</span>
<span title='Test ended time' alt='Test ended time' class='test-ended-time label red lighten-1 text-white'>2019-08-28 15:35:23</span>
<span title='Time taken to finish' alt='Time taken to finish' class='test-time-taken label blue-grey lighten-3 text-white'>0h 0m 17s+0ms</span>
</div>
<div class='test-desc'></div>
<div class='test-attributes'>
<div class='categories'>
<span class='category text-white'>Test02AusUser-Verify User Apurva Prasanna has Manage Companies</span>
</div>
</div>
<div class='test-steps'>
<table class='bordered table-results'>
<thead>
<tr>
<th>Status</th>
<th>Timestamp</th>
<th>Details</th>
</tr>
</thead>
<tbody>
<tr>
<td class='status info' title='info' alt='info'><i class='mdi-action-info-outline'></i></td>
<td class='timestamp'>15:35:06</td>
<td class='step-details'>TEST STARTED:</td>
</tr>
<tr>
<td class='status info' title='info' alt='info'><i class='mdi-action-info-outline'></i></td>
<td class='timestamp'>15:35:06</td>
<td class='step-details'>Entering key word Apurva Prasanna on Search Field</td>
</tr>
<tr>
<td class='status info' title='info' alt='info'><i class='mdi-action-info-outline'></i></td>
<td class='timestamp'>15:35:11</td>
<td class='step-details'>Clicking on Search Button</td>
</tr>
<tr>
<td class='status info' title='info' alt='info'><i class='mdi-action-info-outline'></i></td>
<td class='timestamp'>15:35:13</td>
<td class='step-details'>Clicking on Display Name Link</td>
</tr>
<tr>
<td class='status info' title='info' alt='info'><i class='mdi-action-info-outline'></i></td>
<td class='timestamp'>15:35:18</td>
<td class='step-details'>Clicking on User Action Dropdown</td>
</tr>
<tr>
<td class='status info' title='info' alt='info'><i class='mdi-action-info-outline'></i></td>
<td class='timestamp'>15:35:18</td>
<td class='step-details'>Clicking on User Detail Link</td>
</tr>
<tr>
<td class='status info' title='info' alt='info'><i class='mdi-action-info-outline'></i></td>
<td class='timestamp'>15:35:23</td>
<td class='step-details'>Verifying if User has Manage Companies on their Assignment</td>
</tr>
<tr>
<td class='status info' title='info' alt='info'><i class='mdi-action-info-outline'></i></td>
<td class='timestamp'>15:35:23</td>
<td class='step-details'>Total Execution Time for Test Suite: : 0:00:17</td>
</tr>
<tr>
<td class='status info' title='info' alt='info'><i class='mdi-action-info-outline'></i></td>
<td class='timestamp'>15:35:23</td>
<td class='step-details'>********************* END OF AUTOMATION TEST *********************</td>
</tr>
<tr>
<td class='status info' title='info' alt='info'><i class='mdi-action-info-outline'></i></td>
<td class='timestamp'>15:35:23</td>
<td class='step-details'>TEST RESULT SAVED IN: FitNesseRoot/files/testResults/ExtentReport/STAGING/AutomationReport190828-0333.html</td>
</tr>
</tbody>
</table>
<ul class='collapsible node-list' data-collapsible='accordion'>
</ul>
</div>
</div>
</li>
<li class='collection-item test displayed active fail ' extentid='db78c1d6-230f-4344-9a8c-33215d0b5542'>
<div class='test-head'>
<span class='test-name'>APAC_India_Suite_Test01SfUserActivationTest </span>
<span class='test-status label right outline capitalize fail'>fail</span>
<span class='category-assigned hide  test01induser-verifyuserlucasalonsoisactive'></span>
</div>
<div class='test-body'>
<div class='test-info'>
<span title='Test started time' alt='Test started time' class='test-started-time label green lighten-1 text-white'>2019-08-28 15:35:31</span>
<span title='Test ended time' alt='Test ended time' class='test-ended-time label red lighten-1 text-white'>2019-08-28 15:35:44</span>
<span title='Time taken to finish' alt='Time taken to finish' class='test-time-taken label blue-grey lighten-3 text-white'>0h 0m 13s+0ms</span>
</div>
<div class='test-desc'></div>
<div class='test-attributes'>
<div class='categories'>
<span class='category text-white'>Test01IndUser-Verify User Lucas Alonso is Active</span>
</div>
</div>
<div class='test-steps'>
<table class='bordered table-results'>
<thead>
<tr>
<th>Status</th>
<th>Timestamp</th>
<th>Details</th>
</tr>
</thead>
<tbody>
<tr>
<td class='status info' title='info' alt='info'><i class='mdi-action-info-outline'></i></td>
<td class='timestamp'>15:35:31</td>
<td class='step-details'>TEST STARTED:</td>
</tr>
<tr>
<td class='status info' title='info' alt='info'><i class='mdi-action-info-outline'></i></td>
<td class='timestamp'>15:35:31</td>
<td class='step-details'>Navigating to url https://test.salesforce.com</td>
</tr>
<tr>
<td class='status info' title='info' alt='info'><i class='mdi-action-info-outline'></i></td>
<td class='timestamp'>15:35:38</td>
<td class='step-details'>Entering key word sumon.kashem@xaxis.com.glstaging on UserName Field</td>
</tr>
<tr>
<td class='status fail' title='fail' alt='fail'><i class='mdi-navigation-cancel'></i></td>
<td class='timestamp'>15:35:41</td>
<td class='step-details'>Unable to enter keyword on UserName Field</td>
</tr>
<tr>
<td class='status fail' title='fail' alt='fail'><i class='mdi-navigation-cancel'></i></td>
<td class='timestamp'>15:35:43</td>
<td class='step-details'>Error Occured while taking SCREENSHOT!!!</td>
</tr>
<tr>
<td class='status info' title='info' alt='info'><i class='mdi-action-info-outline'></i></td>
<td class='timestamp'>15:35:44</td>
<td class='step-details'>Total Execution Time for Test Suite: : 0:00:12</td>
</tr>
<tr>
<td class='status info' title='info' alt='info'><i class='mdi-action-info-outline'></i></td>
<td class='timestamp'>15:35:44</td>
<td class='step-details'>********************* END OF AUTOMATION TEST *********************</td>
</tr>
<tr>
<td class='status info' title='info' alt='info'><i class='mdi-action-info-outline'></i></td>
<td class='timestamp'>15:35:44</td>
<td class='step-details'>TEST RESULT SAVED IN: FitNesseRoot/files/testResults/ExtentReport/STAGING/AutomationReport190828-0333.html</td>
</tr>
</tbody>
</table>
<ul class='collapsible node-list' data-collapsible='accordion'>
</ul>
</div>
</div>
</li>
<li class='collection-item test displayed active fail ' extentid='61fe25e6-598e-4cb2-91f3-f8a26d43b4f9'>
<div class='test-head'>
<span class='test-name'>APAC_China_Suite_Test02SfUserManageCompTest </span>
<span class='test-status label right outline capitalize fail'>fail</span>
<span class='category-assigned hide  test02chnuser-verifyuserapurvaprasannahasmanagecompanies'></span>
</div>
<div class='test-body'>
<div class='test-info'>
<span title='Test started time' alt='Test started time' class='test-started-time label green lighten-1 text-white'>2019-08-28 15:35:46</span>
<span title='Test ended time' alt='Test ended time' class='test-ended-time label red lighten-1 text-white'>2019-08-28 15:35:51</span>
<span title='Time taken to finish' alt='Time taken to finish' class='test-time-taken label blue-grey lighten-3 text-white'>0h 0m 5s+0ms</span>
</div>
<div class='test-desc'></div>
<div class='test-attributes'>
<div class='categories'>
<span class='category text-white'>Test02ChnUser-Verify User Apurva Prasanna has Manage Companies</span>
</div>
</div>
<div class='test-steps'>
<table class='bordered table-results'>
<thead>
<tr>
<th>Status</th>
<th>Timestamp</th>
<th>Details</th>
</tr>
</thead>
<tbody>
<tr>
<td class='status info' title='info' alt='info'><i class='mdi-action-info-outline'></i></td>
<td class='timestamp'>15:35:46</td>
<td class='step-details'>TEST STARTED:</td>
</tr>
<tr>
<td class='status info' title='info' alt='info'><i class='mdi-action-info-outline'></i></td>
<td class='timestamp'>15:35:46</td>
<td class='step-details'>Entering key word Apurva Prasanna on Search Field</td>
</tr>
<tr>
<td class='status fail' title='fail' alt='fail'><i class='mdi-navigation-cancel'></i></td>
<td class='timestamp'>15:35:49</td>
<td class='step-details'>Unable to enter keyword on Search Field</td>
</tr>
<tr>
<td class='status fail' title='fail' alt='fail'><i class='mdi-navigation-cancel'></i></td>
<td class='timestamp'>15:35:51</td>
<td class='step-details'>Error Occured while taking SCREENSHOT!!!</td>
</tr>
<tr>
<td class='status info' title='info' alt='info'><i class='mdi-action-info-outline'></i></td>
<td class='timestamp'>15:35:51</td>
<td class='step-details'>Total Execution Time for Test Suite: : 0:00:04</td>
</tr>
<tr>
<td class='status info' title='info' alt='info'><i class='mdi-action-info-outline'></i></td>
<td class='timestamp'>15:35:51</td>
<td class='step-details'>********************* END OF AUTOMATION TEST *********************</td>
</tr>
<tr>
<td class='status info' title='info' alt='info'><i class='mdi-action-info-outline'></i></td>
<td class='timestamp'>15:35:51</td>
<td class='step-details'>TEST RESULT SAVED IN: FitNesseRoot/files/testResults/ExtentReport/STAGING/AutomationReport190828-0333.html</td>
</tr>
</tbody>
</table>
<ul class='collapsible node-list' data-collapsible='accordion'>
</ul>
</div>
</div>
</li>
<li class='collection-item test displayed active fail ' extentid='14776e94-cad7-41a2-80e8-c452b025e209'>
<div class='test-head'>
<span class='test-name'>APAC_India_Suite_Test01SfUserActivationTest </span>
<span class='test-status label right outline capitalize fail'>fail</span>
<span class='category-assigned hide  test01induser-verifyuserlucasalonsoisactive'></span>
</div>
<div class='test-body'>
<div class='test-info'>
<span title='Test started time' alt='Test started time' class='test-started-time label green lighten-1 text-white'>2019-08-28 15:36:01</span>
<span title='Test ended time' alt='Test ended time' class='test-ended-time label red lighten-1 text-white'>2019-08-28 15:36:35</span>
<span title='Time taken to finish' alt='Time taken to finish' class='test-time-taken label blue-grey lighten-3 text-white'>0h 0m 34s+0ms</span>
</div>
<div class='test-desc'></div>
<div class='test-attributes'>
<div class='categories'>
<span class='category text-white'>Test01IndUser-Verify User Lucas Alonso is Active</span>
</div>
</div>
<div class='test-steps'>
<table class='bordered table-results'>
<thead>
<tr>
<th>Status</th>
<th>Timestamp</th>
<th>Details</th>
</tr>
</thead>
<tbody>
<tr>
<td class='status info' title='info' alt='info'><i class='mdi-action-info-outline'></i></td>
<td class='timestamp'>15:36:01</td>
<td class='step-details'>TEST STARTED:</td>
</tr>
<tr>
<td class='status info' title='info' alt='info'><i class='mdi-action-info-outline'></i></td>
<td class='timestamp'>15:36:01</td>
<td class='step-details'>Navigating to url https://test.salesforce.com</td>
</tr>
<tr>
<td class='status info' title='info' alt='info'><i class='mdi-action-info-outline'></i></td>
<td class='timestamp'>15:36:22</td>
<td class='step-details'>Entering key word sumon.kashem@xaxis.com.glstaging on UserName Field</td>
</tr>
<tr>
<td class='status info' title='info' alt='info'><i class='mdi-action-info-outline'></i></td>
<td class='timestamp'>15:36:23</td>
<td class='step-details'>Entering key word on Password Field</td>
</tr>
<tr>
<td class='status info' title='info' alt='info'><i class='mdi-action-info-outline'></i></td>
<td class='timestamp'>15:36:23</td>
<td class='step-details'>Clicking on LogIn Button</td>
</tr>
<tr>
<td class='status info' title='info' alt='info'><i class='mdi-action-info-outline'></i></td>
<td class='timestamp'>15:36:28</td>
<td class='step-details'>Entering key word Lucas Alonso on Search Field</td>
</tr>
<tr>
<td class='status fail' title='fail' alt='fail'><i class='mdi-navigation-cancel'></i></td>
<td class='timestamp'>15:36:33</td>
<td class='step-details'>Unable to enter keyword on Search Field</td>
</tr>
<tr>
<td class='status fail' title='fail' alt='fail'><i class='mdi-navigation-cancel'></i></td>
<td class='timestamp'>15:36:35</td>
<td class='step-details'>Error Occured while taking SCREENSHOT!!!</td>
</tr>
<tr>
<td class='status info' title='info' alt='info'><i class='mdi-action-info-outline'></i></td>
<td class='timestamp'>15:36:35</td>
<td class='step-details'>Total Execution Time for Test Suite: : 0:00:33</td>
</tr>
<tr>
<td class='status info' title='info' alt='info'><i class='mdi-action-info-outline'></i></td>
<td class='timestamp'>15:36:35</td>
<td class='step-details'>********************* END OF AUTOMATION TEST *********************</td>
</tr>
<tr>
<td class='status info' title='info' alt='info'><i class='mdi-action-info-outline'></i></td>
<td class='timestamp'>15:36:35</td>
<td class='step-details'>TEST RESULT SAVED IN: FitNesseRoot/files/testResults/ExtentReport/STAGING/AutomationReport190828-0333.html</td>
</tr>
</tbody>
</table>
<ul class='collapsible node-list' data-collapsible='accordion'>
</ul>
</div>
</div>
</li>
<li class='collection-item test displayed active fail ' extentid='a1794e79-ecf3-4f51-95ec-94432b024479'>
<div class='test-head'>
<span class='test-name'>APAC_India_Suite_Test02SfUserManageCompTest </span>
<span class='test-status label right outline capitalize fail'>fail</span>
<span class='category-assigned hide  test02induser-verifyuserlucasalonsohasmanagecompanies'></span>
</div>
<div class='test-body'>
<div class='test-info'>
<span title='Test started time' alt='Test started time' class='test-started-time label green lighten-1 text-white'>2019-08-28 15:36:37</span>
<span title='Test ended time' alt='Test ended time' class='test-ended-time label red lighten-1 text-white'>2019-08-28 15:36:42</span>
<span title='Time taken to finish' alt='Time taken to finish' class='test-time-taken label blue-grey lighten-3 text-white'>0h 0m 5s+0ms</span>
</div>
<div class='test-desc'></div>
<div class='test-attributes'>
<div class='categories'>
<span class='category text-white'>Test02IndUser-Verify User Lucas Alonso has Manage Companies</span>
</div>
</div>
<div class='test-steps'>
<table class='bordered table-results'>
<thead>
<tr>
<th>Status</th>
<th>Timestamp</th>
<th>Details</th>
</tr>
</thead>
<tbody>
<tr>
<td class='status info' title='info' alt='info'><i class='mdi-action-info-outline'></i></td>
<td class='timestamp'>15:36:37</td>
<td class='step-details'>TEST STARTED:</td>
</tr>
<tr>
<td class='status info' title='info' alt='info'><i class='mdi-action-info-outline'></i></td>
<td class='timestamp'>15:36:37</td>
<td class='step-details'>Entering key word Lucas Alonso on Search Field</td>
</tr>
<tr>
<td class='status fail' title='fail' alt='fail'><i class='mdi-navigation-cancel'></i></td>
<td class='timestamp'>15:36:40</td>
<td class='step-details'>Unable to enter keyword on Search Field</td>
</tr>
<tr>
<td class='status fail' title='fail' alt='fail'><i class='mdi-navigation-cancel'></i></td>
<td class='timestamp'>15:36:42</td>
<td class='step-details'>Error Occured while taking SCREENSHOT!!!</td>
</tr>
<tr>
<td class='status info' title='info' alt='info'><i class='mdi-action-info-outline'></i></td>
<td class='timestamp'>15:36:42</td>
<td class='step-details'>Total Execution Time for Test Suite: : 0:00:04</td>
</tr>
<tr>
<td class='status info' title='info' alt='info'><i class='mdi-action-info-outline'></i></td>
<td class='timestamp'>15:36:42</td>
<td class='step-details'>********************* END OF AUTOMATION TEST *********************</td>
</tr>
<tr>
<td class='status info' title='info' alt='info'><i class='mdi-action-info-outline'></i></td>
<td class='timestamp'>15:36:42</td>
<td class='step-details'>TEST RESULT SAVED IN: FitNesseRoot/files/testResults/ExtentReport/STAGING/AutomationReport190828-0333.html</td>
</tr>
</tbody>
</table>
<ul class='collapsible node-list' data-collapsible='accordion'>
</ul>
</div>
</div>
</li>
<li class='collection-item test displayed active pass ' extentid='1eedfb87-5b2a-4717-befb-7b6d33424050'>
<div class='test-head'>
<span class='test-name'>EMEA_Germany_Suite_Test01SfUserActivationTest </span>
<span class='test-status label right outline capitalize pass'>pass</span>
<span class='category-assigned hide  test01geruser-verifyuserfrankadamsisactive'></span>
</div>
<div class='test-body'>
<div class='test-info'>
<span title='Test started time' alt='Test started time' class='test-started-time label green lighten-1 text-white'>2019-08-28 15:36:51</span>
<span title='Test ended time' alt='Test ended time' class='test-ended-time label red lighten-1 text-white'>2019-08-28 15:37:33</span>
<span title='Time taken to finish' alt='Time taken to finish' class='test-time-taken label blue-grey lighten-3 text-white'>0h 0m 42s+0ms</span>
</div>
<div class='test-desc'></div>
<div class='test-attributes'>
<div class='categories'>
<span class='category text-white'>Test01GerUser-Verify User Frank Adams is Active</span>
</div>
</div>
<div class='test-steps'>
<table class='bordered table-results'>
<thead>
<tr>
<th>Status</th>
<th>Timestamp</th>
<th>Details</th>
</tr>
</thead>
<tbody>
<tr>
<td class='status info' title='info' alt='info'><i class='mdi-action-info-outline'></i></td>
<td class='timestamp'>15:36:51</td>
<td class='step-details'>TEST STARTED:</td>
</tr>
<tr>
<td class='status info' title='info' alt='info'><i class='mdi-action-info-outline'></i></td>
<td class='timestamp'>15:36:51</td>
<td class='step-details'>Navigating to url https://test.salesforce.com</td>
</tr>
<tr>
<td class='status info' title='info' alt='info'><i class='mdi-action-info-outline'></i></td>
<td class='timestamp'>15:37:07</td>
<td class='step-details'>Entering key word sumon.kashem@xaxis.com.glstaging on UserName Field</td>
</tr>
<tr>
<td class='status info' title='info' alt='info'><i class='mdi-action-info-outline'></i></td>
<td class='timestamp'>15:37:11</td>
<td class='step-details'>Entering key word on Password Field</td>
</tr>
<tr>
<td class='status info' title='info' alt='info'><i class='mdi-action-info-outline'></i></td>
<td class='timestamp'>15:37:12</td>
<td class='step-details'>Clicking on LogIn Button</td>
</tr>
<tr>
<td class='status info' title='info' alt='info'><i class='mdi-action-info-outline'></i></td>
<td class='timestamp'>15:37:18</td>
<td class='step-details'>Entering key word Frank Adams on Search Field</td>
</tr>
<tr>
<td class='status info' title='info' alt='info'><i class='mdi-action-info-outline'></i></td>
<td class='timestamp'>15:37:20</td>
<td class='step-details'>Clicking on Search Button</td>
</tr>
<tr>
<td class='status info' title='info' alt='info'><i class='mdi-action-info-outline'></i></td>
<td class='timestamp'>15:37:24</td>
<td class='step-details'>Clicking on Display Name Link</td>
</tr>
<tr>
<td class='status info' title='info' alt='info'><i class='mdi-action-info-outline'></i></td>
<td class='timestamp'>15:37:27</td>
<td class='step-details'>Clicking on User Action Dropdown</td>
</tr>
<tr>
<td class='status info' title='info' alt='info'><i class='mdi-action-info-outline'></i></td>
<td class='timestamp'>15:37:27</td>
<td class='step-details'>Clicking on User Detail Link</td>
</tr>
<tr>
<td class='status info' title='info' alt='info'><i class='mdi-action-info-outline'></i></td>
<td class='timestamp'>15:37:29</td>
<td class='step-details'>Clicking on Edit Button</td>
</tr>
<tr>
<td class='status info' title='info' alt='info'><i class='mdi-action-info-outline'></i></td>
<td class='timestamp'>15:37:31</td>
<td class='step-details'>Verifying if User is active on user details</td>
</tr>
<tr>
<td class='status info' title='info' alt='info'><i class='mdi-action-info-outline'></i></td>
<td class='timestamp'>15:37:33</td>
<td class='step-details'>Total Execution Time for Test Suite: : 0:00:41</td>
</tr>
<tr>
<td class='status info' title='info' alt='info'><i class='mdi-action-info-outline'></i></td>
<td class='timestamp'>15:37:33</td>
<td class='step-details'>********************* END OF AUTOMATION TEST *********************</td>
</tr>
<tr>
<td class='status info' title='info' alt='info'><i class='mdi-action-info-outline'></i></td>
<td class='timestamp'>15:37:33</td>
<td class='step-details'>TEST RESULT SAVED IN: FitNesseRoot/files/testResults/ExtentReport/STAGING/AutomationReport190828-0333.html</td>
</tr>
</tbody>
</table>
<ul class='collapsible node-list' data-collapsible='accordion'>
</ul>
</div>
</div>
</li>
<li class='collection-item test displayed active fail ' extentid='5dcc58f9-dd78-4912-a4eb-c767ca78a98c'>
<div class='test-head'>
<span class='test-name'>EMEA_Germany_Suite_Test02SfUserManageCompTest </span>
<span class='test-status label right outline capitalize fail'>fail</span>
<span class='category-assigned hide  test02geruser-verifyuserfrankadamshasmanagecompanies'></span>
</div>
<div class='test-body'>
<div class='test-info'>
<span title='Test started time' alt='Test started time' class='test-started-time label green lighten-1 text-white'>2019-08-28 15:37:35</span>
<span title='Test ended time' alt='Test ended time' class='test-ended-time label red lighten-1 text-white'>2019-08-28 15:37:46</span>
<span title='Time taken to finish' alt='Time taken to finish' class='test-time-taken label blue-grey lighten-3 text-white'>0h 0m 11s+0ms</span>
</div>
<div class='test-desc'></div>
<div class='test-attributes'>
<div class='categories'>
<span class='category text-white'>Test02GerUser-Verify User Frank Adams has Manage Companies</span>
</div>
</div>
<div class='test-steps'>
<table class='bordered table-results'>
<thead>
<tr>
<th>Status</th>
<th>Timestamp</th>
<th>Details</th>
</tr>
</thead>
<tbody>
<tr>
<td class='status info' title='info' alt='info'><i class='mdi-action-info-outline'></i></td>
<td class='timestamp'>15:37:35</td>
<td class='step-details'>TEST STARTED:</td>
</tr>
<tr>
<td class='status info' title='info' alt='info'><i class='mdi-action-info-outline'></i></td>
<td class='timestamp'>15:37:35</td>
<td class='step-details'>Entering key word Frank Adams on Search Field</td>
</tr>
<tr>
<td class='status info' title='info' alt='info'><i class='mdi-action-info-outline'></i></td>
<td class='timestamp'>15:37:38</td>
<td class='step-details'>Clicking on Search Button</td>
</tr>
<tr>
<td class='status info' title='info' alt='info'><i class='mdi-action-info-outline'></i></td>
<td class='timestamp'>15:37:40</td>
<td class='step-details'>Clicking on Display Name Link</td>
</tr>
<tr>
<td class='status info' title='info' alt='info'><i class='mdi-action-info-outline'></i></td>
<td class='timestamp'>15:37:41</td>
<td class='step-details'>Clicking on User Action Dropdown</td>
</tr>
<tr>
<td class='status info' title='info' alt='info'><i class='mdi-action-info-outline'></i></td>
<td class='timestamp'>15:37:42</td>
<td class='step-details'>Clicking on User Detail Link</td>
</tr>
<tr>
<td class='status fail' title='fail' alt='fail'><i class='mdi-navigation-cancel'></i></td>
<td class='timestamp'>15:37:44</td>
<td class='step-details'>Unable to click on User Detail Link Exception: org.openqa.selenium.remote.UnreachableBrowserException: Error communicating with the remote browser. It may have died. Build info: version: '2.53.0', revision: '35ae25b1534ae328c771e0856c93e187490ca824', time: '2016-03-15 10:43:46' System info: host: 'EC2AMAZ-FEFP0OS', ip: '10.199.140.93', os.name: 'Windows NT (unknown)', os.arch: 'amd64', os.version: '10.0', java.version: '1.8.0_91' Driver info: driver.version: RemoteWebDriver Capabilities [{mobileEmulationEnabled=false, hasTouchScreen=false, platform=XP, acceptSslCerts=false, goog:chromeOptions={debuggerAddress=localhost:59630}, acceptInsecureCerts=false, webStorageEnabled=true, browserName=chrome, takesScreenshot=true, javascriptEnabled=true, setWindowRect=true, unexpectedAlertBehaviour=ignore, applicationCacheEnabled=false, rotatable=false, networkConnectionEnabled=false, chrome={chromedriverVersion=2.44.609538 (b655c5a60b0b544917107a59d4153d4bf78e1b90), userDataDir=C:\Users\SumonK\AppData\Local\Temp\2\scoped_dir5404_11418}, takesHeapSnapshot=true, pageLoadStrategy=normal, databaseEnabled=false, handlesAlerts=true, version=76.0.3809.100, browserConnectionEnabled=false, nativeEvents=true, locationContextEnabled=true, cssSelectorsEnabled=true}] Session ID: 8ff8694e9ab03193aad878890bcf5268</td>
</tr>
<tr>
<td class='status fail' title='fail' alt='fail'><i class='mdi-navigation-cancel'></i></td>
<td class='timestamp'>15:37:46</td>
<td class='step-details'>Error Occured while taking SCREENSHOT!!!</td>
</tr>
<tr>
<td class='status info' title='info' alt='info'><i class='mdi-action-info-outline'></i></td>
<td class='timestamp'>15:37:46</td>
<td class='step-details'>Total Execution Time for Test Suite: : 0:00:11</td>
</tr>
<tr>
<td class='status info' title='info' alt='info'><i class='mdi-action-info-outline'></i></td>
<td class='timestamp'>15:37:46</td>
<td class='step-details'>********************* END OF AUTOMATION TEST *********************</td>
</tr>
<tr>
<td class='status info' title='info' alt='info'><i class='mdi-action-info-outline'></i></td>
<td class='timestamp'>15:37:46</td>
<td class='step-details'>TEST RESULT SAVED IN: FitNesseRoot/files/testResults/ExtentReport/STAGING/AutomationReport190828-0333.html</td>
</tr>
</tbody>
</table>
<ul class='collapsible node-list' data-collapsible='accordion'>
</ul>
</div>
</div>
</li>
<li class='collection-item test displayed active fail ' extentid='8e0471d6-0c4e-4f21-a28f-3822a4051641'>
<div class='test-head'>
<span class='test-name'>EMEA_INCA_Suite_Test01SfUserActivationTest </span>
<span class='test-status label right outline capitalize fail'>fail</span>
<span class='category-assigned hide  test01incauser-verifyusersfqateamisactive'></span>
</div>
<div class='test-body'>
<div class='test-info'>
<span title='Test started time' alt='Test started time' class='test-started-time label green lighten-1 text-white'>2019-08-28 15:37:53</span>
<span title='Test ended time' alt='Test ended time' class='test-ended-time label red lighten-1 text-white'>2019-08-28 15:38:08</span>
<span title='Time taken to finish' alt='Time taken to finish' class='test-time-taken label blue-grey lighten-3 text-white'>0h 0m 15s+0ms</span>
</div>
<div class='test-desc'></div>
<div class='test-attributes'>
<div class='categories'>
<span class='category text-white'>Test01IncaUser-Verify User sf qa team is Active</span>
</div>
</div>
<div class='test-steps'>
<table class='bordered table-results'>
<thead>
<tr>
<th>Status</th>
<th>Timestamp</th>
<th>Details</th>
</tr>
</thead>
<tbody>
<tr>
<td class='status info' title='info' alt='info'><i class='mdi-action-info-outline'></i></td>
<td class='timestamp'>15:37:53</td>
<td class='step-details'>TEST STARTED:</td>
</tr>
<tr>
<td class='status info' title='info' alt='info'><i class='mdi-action-info-outline'></i></td>
<td class='timestamp'>15:37:53</td>
<td class='step-details'>Navigating to url https://test.salesforce.com</td>
</tr>
<tr>
<td class='status info' title='info' alt='info'><i class='mdi-action-info-outline'></i></td>
<td class='timestamp'>15:37:57</td>
<td class='step-details'>Entering key word sumon.kashem@xaxis.com.glstaging on UserName Field</td>
</tr>
<tr>
<td class='status info' title='info' alt='info'><i class='mdi-action-info-outline'></i></td>
<td class='timestamp'>15:37:58</td>
<td class='step-details'>Entering key word on Password Field</td>
</tr>
<tr>
<td class='status info' title='info' alt='info'><i class='mdi-action-info-outline'></i></td>
<td class='timestamp'>15:37:58</td>
<td class='step-details'>Clicking on LogIn Button</td>
</tr>
<tr>
<td class='status info' title='info' alt='info'><i class='mdi-action-info-outline'></i></td>
<td class='timestamp'>15:38:02</td>
<td class='step-details'>Entering key word sf qa team on Search Field</td>
</tr>
<tr>
<td class='status info' title='info' alt='info'><i class='mdi-action-info-outline'></i></td>
<td class='timestamp'>15:38:03</td>
<td class='step-details'>Clicking on Search Button</td>
</tr>
<tr>
<td class='status fail' title='fail' alt='fail'><i class='mdi-navigation-cancel'></i></td>
<td class='timestamp'>15:38:06</td>
<td class='step-details'>Unable to click on Search Button Exception: org.openqa.selenium.remote.UnreachableBrowserException: Error communicating with the remote browser. It may have died. Build info: version: '2.53.0', revision: '35ae25b1534ae328c771e0856c93e187490ca824', time: '2016-03-15 10:43:46' System info: host: 'EC2AMAZ-FEFP0OS', ip: '10.199.140.93', os.name: 'Windows NT (unknown)', os.arch: 'amd64', os.version: '10.0', java.version: '1.8.0_91' Driver info: driver.version: RemoteWebDriver Capabilities [{mobileEmulationEnabled=false, hasTouchScreen=false, platform=XP, acceptSslCerts=false, goog:chromeOptions={debuggerAddress=localhost:59847}, acceptInsecureCerts=false, webStorageEnabled=true, browserName=chrome, takesScreenshot=true, javascriptEnabled=true, setWindowRect=true, unexpectedAlertBehaviour=ignore, applicationCacheEnabled=false, rotatable=false, networkConnectionEnabled=false, chrome={chromedriverVersion=2.44.609538 (b655c5a60b0b544917107a59d4153d4bf78e1b90), userDataDir=C:\Users\SumonK\AppData\Local\Temp\2\scoped_dir6616_10344}, takesHeapSnapshot=true, pageLoadStrategy=normal, databaseEnabled=false, handlesAlerts=true, version=76.0.3809.100, browserConnectionEnabled=false, nativeEvents=true, locationContextEnabled=true, cssSelectorsEnabled=true}] Session ID: b15dd9d454305ae6441f756e48d1df2d</td>
</tr>
<tr>
<td class='status fail' title='fail' alt='fail'><i class='mdi-navigation-cancel'></i></td>
<td class='timestamp'>15:38:08</td>
<td class='step-details'>Error Occured while taking SCREENSHOT!!!</td>
</tr>
<tr>
<td class='status info' title='info' alt='info'><i class='mdi-action-info-outline'></i></td>
<td class='timestamp'>15:38:08</td>
<td class='step-details'>Total Execution Time for Test Suite: : 0:00:14</td>
</tr>
<tr>
<td class='status info' title='info' alt='info'><i class='mdi-action-info-outline'></i></td>
<td class='timestamp'>15:38:08</td>
<td class='step-details'>********************* END OF AUTOMATION TEST *********************</td>
</tr>
<tr>
<td class='status info' title='info' alt='info'><i class='mdi-action-info-outline'></i></td>
<td class='timestamp'>15:38:08</td>
<td class='step-details'>TEST RESULT SAVED IN: FitNesseRoot/files/testResults/ExtentReport/STAGING/AutomationReport190828-0333.html</td>
</tr>
</tbody>
</table>
<ul class='collapsible node-list' data-collapsible='accordion'>
</ul>
</div>
</div>
</li>
<li class='collection-item test displayed active fail ' extentid='428db128-dbff-4b91-9d2d-6797380dea40'>
<div class='test-head'>
<span class='test-name'>EMEA_INCA_Suite_Test01SfUserActivationTest </span>
<span class='test-status label right outline capitalize fail'>fail</span>
<span class='category-assigned hide  test01incauser-verifyusersfqateamisactive'></span>
</div>
<div class='test-body'>
<div class='test-info'>
<span title='Test started time' alt='Test started time' class='test-started-time label green lighten-1 text-white'>2019-08-28 15:38:12</span>
<span title='Test ended time' alt='Test ended time' class='test-ended-time label red lighten-1 text-white'>2019-08-28 15:38:21</span>
<span title='Time taken to finish' alt='Time taken to finish' class='test-time-taken label blue-grey lighten-3 text-white'>0h 0m 9s+0ms</span>
</div>
<div class='test-desc'></div>
<div class='test-attributes'>
<div class='categories'>
<span class='category text-white'>Test01IncaUser-Verify User sf qa team is Active</span>
</div>
</div>
<div class='test-steps'>
<table class='bordered table-results'>
<thead>
<tr>
<th>Status</th>
<th>Timestamp</th>
<th>Details</th>
</tr>
</thead>
<tbody>
<tr>
<td class='status info' title='info' alt='info'><i class='mdi-action-info-outline'></i></td>
<td class='timestamp'>15:38:12</td>
<td class='step-details'>TEST STARTED:</td>
</tr>
<tr>
<td class='status info' title='info' alt='info'><i class='mdi-action-info-outline'></i></td>
<td class='timestamp'>15:38:12</td>
<td class='step-details'>Navigating to url https://test.salesforce.com</td>
</tr>
<tr>
<td class='status info' title='info' alt='info'><i class='mdi-action-info-outline'></i></td>
<td class='timestamp'>15:38:16</td>
<td class='step-details'>Entering key word sumon.kashem@xaxis.com.glstaging on UserName Field</td>
</tr>
<tr>
<td class='status fail' title='fail' alt='fail'><i class='mdi-navigation-cancel'></i></td>
<td class='timestamp'>15:38:19</td>
<td class='step-details'>Unable to enter keyword on UserName Field</td>
</tr>
<tr>
<td class='status fail' title='fail' alt='fail'><i class='mdi-navigation-cancel'></i></td>
<td class='timestamp'>15:38:21</td>
<td class='step-details'>Error Occured while taking SCREENSHOT!!!</td>
</tr>
<tr>
<td class='status info' title='info' alt='info'><i class='mdi-action-info-outline'></i></td>
<td class='timestamp'>15:38:21</td>
<td class='step-details'>Total Execution Time for Test Suite: : 0:00:08</td>
</tr>
<tr>
<td class='status info' title='info' alt='info'><i class='mdi-action-info-outline'></i></td>
<td class='timestamp'>15:38:21</td>
<td class='step-details'>********************* END OF AUTOMATION TEST *********************</td>
</tr>
<tr>
<td class='status info' title='info' alt='info'><i class='mdi-action-info-outline'></i></td>
<td class='timestamp'>15:38:21</td>
<td class='step-details'>TEST RESULT SAVED IN: FitNesseRoot/files/testResults/ExtentReport/STAGING/AutomationReport190828-0333.html</td>
</tr>
</tbody>
</table>
<ul class='collapsible node-list' data-collapsible='accordion'>
</ul>
</div>
</div>
</li>
<li class='collection-item test displayed active fail ' extentid='4db30b12-2275-484b-a728-96a0374a8016'>
<div class='test-head'>
<span class='test-name'>EMEA_PanRegional_Suite_Test01SfUserActivationTest </span>
<span class='test-status label right outline capitalize fail'>fail</span>
<span class='category-assigned hide  test01pruser-verifyuserphilippbrunnerisactive'></span>
</div>
<div class='test-body'>
<div class='test-info'>
<span title='Test started time' alt='Test started time' class='test-started-time label green lighten-1 text-white'>2019-08-28 15:38:23</span>
<span title='Test ended time' alt='Test ended time' class='test-ended-time label red lighten-1 text-white'>2019-08-28 15:38:34</span>
<span title='Time taken to finish' alt='Time taken to finish' class='test-time-taken label blue-grey lighten-3 text-white'>0h 0m 11s+0ms</span>
</div>
<div class='test-desc'></div>
<div class='test-attributes'>
<div class='categories'>
<span class='category text-white'>Test01PRUser-Verify User Philipp Brunner is Active</span>
</div>
</div>
<div class='test-steps'>
<table class='bordered table-results'>
<thead>
<tr>
<th>Status</th>
<th>Timestamp</th>
<th>Details</th>
</tr>
</thead>
<tbody>
<tr>
<td class='status info' title='info' alt='info'><i class='mdi-action-info-outline'></i></td>
<td class='timestamp'>15:38:23</td>
<td class='step-details'>TEST STARTED:</td>
</tr>
<tr>
<td class='status info' title='info' alt='info'><i class='mdi-action-info-outline'></i></td>
<td class='timestamp'>15:38:23</td>
<td class='step-details'>Navigating to url https://test.salesforce.com</td>
</tr>
<tr>
<td class='status info' title='info' alt='info'><i class='mdi-action-info-outline'></i></td>
<td class='timestamp'>15:38:26</td>
<td class='step-details'>Entering key word sumon.kashem@xaxis.com.glstaging on UserName Field</td>
</tr>
<tr>
<td class='status info' title='info' alt='info'><i class='mdi-action-info-outline'></i></td>
<td class='timestamp'>15:38:27</td>
<td class='step-details'>Entering key word on Password Field</td>
</tr>
<tr>
<td class='status info' title='info' alt='info'><i class='mdi-action-info-outline'></i></td>
<td class='timestamp'>15:38:27</td>
<td class='step-details'>Clicking on LogIn Button</td>
</tr>
<tr>
<td class='status fail' title='fail' alt='fail'><i class='mdi-navigation-cancel'></i></td>
<td class='timestamp'>15:38:31</td>
<td class='step-details'>Unable to click on LogIn Button Exception: org.openqa.selenium.remote.UnreachableBrowserException: Error communicating with the remote browser. It may have died. Build info: version: '2.53.0', revision: '35ae25b1534ae328c771e0856c93e187490ca824', time: '2016-03-15 10:43:46' System info: host: 'EC2AMAZ-FEFP0OS', ip: '10.199.140.93', os.name: 'Windows NT (unknown)', os.arch: 'amd64', os.version: '10.0', java.version: '1.8.0_91' Driver info: driver.version: RemoteWebDriver Capabilities [{mobileEmulationEnabled=false, hasTouchScreen=false, platform=XP, acceptSslCerts=false, goog:chromeOptions={debuggerAddress=localhost:60007}, acceptInsecureCerts=false, webStorageEnabled=true, browserName=chrome, takesScreenshot=true, javascriptEnabled=true, setWindowRect=true, unexpectedAlertBehaviour=ignore, applicationCacheEnabled=false, rotatable=false, networkConnectionEnabled=false, chrome={chromedriverVersion=2.44.609538 (b655c5a60b0b544917107a59d4153d4bf78e1b90), userDataDir=C:\Users\SumonK\AppData\Local\Temp\2\scoped_dir4600_9718}, takesHeapSnapshot=true, pageLoadStrategy=normal, databaseEnabled=false, handlesAlerts=true, version=76.0.3809.100, browserConnectionEnabled=false, nativeEvents=true, locationContextEnabled=true, cssSelectorsEnabled=true}] Session ID: 8ad73e98af2043e5f238c9663eee24f5</td>
</tr>
<tr>
<td class='status fail' title='fail' alt='fail'><i class='mdi-navigation-cancel'></i></td>
<td class='timestamp'>15:38:34</td>
<td class='step-details'>Error Occured while taking SCREENSHOT!!!</td>
</tr>
<tr>
<td class='status info' title='info' alt='info'><i class='mdi-action-info-outline'></i></td>
<td class='timestamp'>15:38:34</td>
<td class='step-details'>Total Execution Time for Test Suite: : 0:00:10</td>
</tr>
<tr>
<td class='status info' title='info' alt='info'><i class='mdi-action-info-outline'></i></td>
<td class='timestamp'>15:38:34</td>
<td class='step-details'>********************* END OF AUTOMATION TEST *********************</td>
</tr>
<tr>
<td class='status info' title='info' alt='info'><i class='mdi-action-info-outline'></i></td>
<td class='timestamp'>15:38:34</td>
<td class='step-details'>TEST RESULT SAVED IN: FitNesseRoot/files/testResults/ExtentReport/STAGING/AutomationReport190828-0333.html</td>
</tr>
</tbody>
</table>
<ul class='collapsible node-list' data-collapsible='accordion'>
</ul>
</div>
</div>
</li>
<li class='collection-item test displayed active fail ' extentid='95a6109f-6e8b-4beb-afa9-a40e8a0ae029'>
<div class='test-head'>
<span class='test-name'>EMEA_PanRegional_Suite_Test01SfUserActivationTest </span>
<span class='test-status label right outline capitalize fail'>fail</span>
<span class='category-assigned hide  test01pruser-verifyuserphilippbrunnerisactive'></span>
</div>
<div class='test-body'>
<div class='test-info'>
<span title='Test started time' alt='Test started time' class='test-started-time label green lighten-1 text-white'>2019-08-28 15:38:37</span>
<span title='Test ended time' alt='Test ended time' class='test-ended-time label red lighten-1 text-white'>2019-08-28 15:38:45</span>
<span title='Time taken to finish' alt='Time taken to finish' class='test-time-taken label blue-grey lighten-3 text-white'>0h 0m 8s+0ms</span>
</div>
<div class='test-desc'></div>
<div class='test-attributes'>
<div class='categories'>
<span class='category text-white'>Test01PRUser-Verify User Philipp Brunner is Active</span>
</div>
</div>
<div class='test-steps'>
<table class='bordered table-results'>
<thead>
<tr>
<th>Status</th>
<th>Timestamp</th>
<th>Details</th>
</tr>
</thead>
<tbody>
<tr>
<td class='status info' title='info' alt='info'><i class='mdi-action-info-outline'></i></td>
<td class='timestamp'>15:38:37</td>
<td class='step-details'>TEST STARTED:</td>
</tr>
<tr>
<td class='status info' title='info' alt='info'><i class='mdi-action-info-outline'></i></td>
<td class='timestamp'>15:38:37</td>
<td class='step-details'>Navigating to url https://test.salesforce.com</td>
</tr>
<tr>
<td class='status info' title='info' alt='info'><i class='mdi-action-info-outline'></i></td>
<td class='timestamp'>15:38:40</td>
<td class='step-details'>Entering key word sumon.kashem@xaxis.com.glstaging on UserName Field</td>
</tr>
<tr>
<td class='status info' title='info' alt='info'><i class='mdi-action-info-outline'></i></td>
<td class='timestamp'>15:38:40</td>
<td class='step-details'>Entering key word on Password Field</td>
</tr>
<tr>
<td class='status info' title='info' alt='info'><i class='mdi-action-info-outline'></i></td>
<td class='timestamp'>15:38:41</td>
<td class='step-details'>Clicking on LogIn Button</td>
</tr>
<tr>
<td class='status fail' title='fail' alt='fail'><i class='mdi-navigation-cancel'></i></td>
<td class='timestamp'>15:38:43</td>
<td class='step-details'>Unable to click on LogIn Button Exception: org.openqa.selenium.remote.UnreachableBrowserException: Error communicating with the remote browser. It may have died. Build info: version: '2.53.0', revision: '35ae25b1534ae328c771e0856c93e187490ca824', time: '2016-03-15 10:43:46' System info: host: 'EC2AMAZ-FEFP0OS', ip: '10.199.140.93', os.name: 'Windows NT (unknown)', os.arch: 'amd64', os.version: '10.0', java.version: '1.8.0_91' Driver info: driver.version: RemoteWebDriver Capabilities [{mobileEmulationEnabled=false, hasTouchScreen=false, platform=XP, acceptSslCerts=false, goog:chromeOptions={debuggerAddress=localhost:60100}, acceptInsecureCerts=false, webStorageEnabled=true, browserName=chrome, takesScreenshot=true, javascriptEnabled=true, setWindowRect=true, unexpectedAlertBehaviour=ignore, applicationCacheEnabled=false, rotatable=false, networkConnectionEnabled=false, chrome={chromedriverVersion=2.44.609538 (b655c5a60b0b544917107a59d4153d4bf78e1b90), userDataDir=C:\Users\SumonK\AppData\Local\Temp\2\scoped_dir6904_29888}, takesHeapSnapshot=true, pageLoadStrategy=normal, databaseEnabled=false, handlesAlerts=true, version=76.0.3809.100, browserConnectionEnabled=false, nativeEvents=true, locationContextEnabled=true, cssSelectorsEnabled=true}] Session ID: cf6077c95052587d49668d5bcb1d5346</td>
</tr>
<tr>
<td class='status fail' title='fail' alt='fail'><i class='mdi-navigation-cancel'></i></td>
<td class='timestamp'>15:38:45</td>
<td class='step-details'>Error Occured while taking SCREENSHOT!!!</td>
</tr>
<tr>
<td class='status info' title='info' alt='info'><i class='mdi-action-info-outline'></i></td>
<td class='timestamp'>15:38:45</td>
<td class='step-details'>Total Execution Time for Test Suite: : 0:00:08</td>
</tr>
<tr>
<td class='status info' title='info' alt='info'><i class='mdi-action-info-outline'></i></td>
<td class='timestamp'>15:38:45</td>
<td class='step-details'>********************* END OF AUTOMATION TEST *********************</td>
</tr>
<tr>
<td class='status info' title='info' alt='info'><i class='mdi-action-info-outline'></i></td>
<td class='timestamp'>15:38:45</td>
<td class='step-details'>TEST RESULT SAVED IN: FitNesseRoot/files/testResults/ExtentReport/STAGING/AutomationReport190828-0333.html</td>
</tr>
</tbody>
</table>
<ul class='collapsible node-list' data-collapsible='accordion'>
</ul>
</div>
</div>
</li>
<li class='collection-item test displayed active fail ' extentid='a53838e4-7ede-4710-84bc-c98e331b7530'>
<div class='test-head'>
<span class='test-name'>EMEA_UnitedKingdom_Suite_Test01SfUserActivationTest </span>
<span class='test-status label right outline capitalize fail'>fail</span>
<span class='category-assigned hide  test01ukuser-verifyusernatasatintorisactive'></span>
</div>
<div class='test-body'>
<div class='test-info'>
<span title='Test started time' alt='Test started time' class='test-started-time label green lighten-1 text-white'>2019-08-28 15:38:48</span>
<span title='Test ended time' alt='Test ended time' class='test-ended-time label red lighten-1 text-white'>2019-08-28 15:38:57</span>
<span title='Time taken to finish' alt='Time taken to finish' class='test-time-taken label blue-grey lighten-3 text-white'>0h 0m 9s+0ms</span>
</div>
<div class='test-desc'></div>
<div class='test-attributes'>
<div class='categories'>
<span class='category text-white'>Test01UKUser-Verify User Natasa Tintor is Active</span>
</div>
</div>
<div class='test-steps'>
<table class='bordered table-results'>
<thead>
<tr>
<th>Status</th>
<th>Timestamp</th>
<th>Details</th>
</tr>
</thead>
<tbody>
<tr>
<td class='status info' title='info' alt='info'><i class='mdi-action-info-outline'></i></td>
<td class='timestamp'>15:38:48</td>
<td class='step-details'>TEST STARTED:</td>
</tr>
<tr>
<td class='status info' title='info' alt='info'><i class='mdi-action-info-outline'></i></td>
<td class='timestamp'>15:38:48</td>
<td class='step-details'>Navigating to url https://test.salesforce.com</td>
</tr>
<tr>
<td class='status info' title='info' alt='info'><i class='mdi-action-info-outline'></i></td>
<td class='timestamp'>15:38:53</td>
<td class='step-details'>Entering key word sumon.kashem@xaxis.com.glstaging on UserName Field</td>
</tr>
<tr>
<td class='status fail' title='fail' alt='fail'><i class='mdi-navigation-cancel'></i></td>
<td class='timestamp'>15:38:55</td>
<td class='step-details'>Unable to enter keyword on UserName Field</td>
</tr>
<tr>
<td class='status fail' title='fail' alt='fail'><i class='mdi-navigation-cancel'></i></td>
<td class='timestamp'>15:38:57</td>
<td class='step-details'>Error Occured while taking SCREENSHOT!!!</td>
</tr>
<tr>
<td class='status info' title='info' alt='info'><i class='mdi-action-info-outline'></i></td>
<td class='timestamp'>15:38:57</td>
<td class='step-details'>Total Execution Time for Test Suite: : 0:00:09</td>
</tr>
<tr>
<td class='status info' title='info' alt='info'><i class='mdi-action-info-outline'></i></td>
<td class='timestamp'>15:38:57</td>
<td class='step-details'>********************* END OF AUTOMATION TEST *********************</td>
</tr>
<tr>
<td class='status info' title='info' alt='info'><i class='mdi-action-info-outline'></i></td>
<td class='timestamp'>15:38:57</td>
<td class='step-details'>TEST RESULT SAVED IN: FitNesseRoot/files/testResults/ExtentReport/STAGING/AutomationReport190828-0333.html</td>
</tr>
</tbody>
</table>
<ul class='collapsible node-list' data-collapsible='accordion'>
</ul>
</div>
</div>
</li>
<li class='collection-item test displayed active fail ' extentid='6bc291bd-cb1f-4e2b-b27e-43ade0443c41'>
<div class='test-head'>
<span class='test-name'>EMEA_UnitedKingdom_Suite_Test01SfUserActivationTest </span>
<span class='test-status label right outline capitalize fail'>fail</span>
<span class='category-assigned hide  test01ukuser-verifyusernatasatintorisactive'></span>
</div>
<div class='test-body'>
<div class='test-info'>
<span title='Test started time' alt='Test started time' class='test-started-time label green lighten-1 text-white'>2019-08-28 15:38:59</span>
<span title='Test ended time' alt='Test ended time' class='test-ended-time label red lighten-1 text-white'>2019-08-28 15:39:10</span>
<span title='Time taken to finish' alt='Time taken to finish' class='test-time-taken label blue-grey lighten-3 text-white'>0h 0m 11s+0ms</span>
</div>
<div class='test-desc'></div>
<div class='test-attributes'>
<div class='categories'>
<span class='category text-white'>Test01UKUser-Verify User Natasa Tintor is Active</span>
</div>
</div>
<div class='test-steps'>
<table class='bordered table-results'>
<thead>
<tr>
<th>Status</th>
<th>Timestamp</th>
<th>Details</th>
</tr>
</thead>
<tbody>
<tr>
<td class='status info' title='info' alt='info'><i class='mdi-action-info-outline'></i></td>
<td class='timestamp'>15:38:59</td>
<td class='step-details'>TEST STARTED:</td>
</tr>
<tr>
<td class='status info' title='info' alt='info'><i class='mdi-action-info-outline'></i></td>
<td class='timestamp'>15:38:59</td>
<td class='step-details'>Navigating to url https://test.salesforce.com</td>
</tr>
<tr>
<td class='status info' title='info' alt='info'><i class='mdi-action-info-outline'></i></td>
<td class='timestamp'>15:39:02</td>
<td class='step-details'>Entering key word sumon.kashem@xaxis.com.glstaging on UserName Field</td>
</tr>
<tr>
<td class='status info' title='info' alt='info'><i class='mdi-action-info-outline'></i></td>
<td class='timestamp'>15:39:03</td>
<td class='step-details'>Entering key word on Password Field</td>
</tr>
<tr>
<td class='status info' title='info' alt='info'><i class='mdi-action-info-outline'></i></td>
<td class='timestamp'>15:39:03</td>
<td class='step-details'>Clicking on LogIn Button</td>
</tr>
<tr>
<td class='status fail' title='fail' alt='fail'><i class='mdi-navigation-cancel'></i></td>
<td class='timestamp'>15:39:08</td>
<td class='step-details'>Unable to click on LogIn Button Exception: org.openqa.selenium.remote.UnreachableBrowserException: Error communicating with the remote browser. It may have died. Build info: version: '2.53.0', revision: '35ae25b1534ae328c771e0856c93e187490ca824', time: '2016-03-15 10:43:46' System info: host: 'EC2AMAZ-FEFP0OS', ip: '10.199.140.93', os.name: 'Windows NT (unknown)', os.arch: 'amd64', os.version: '10.0', java.version: '1.8.0_91' Driver info: driver.version: RemoteWebDriver Capabilities [{mobileEmulationEnabled=false, hasTouchScreen=false, platform=XP, acceptSslCerts=false, goog:chromeOptions={debuggerAddress=localhost:60234}, acceptInsecureCerts=false, webStorageEnabled=true, browserName=chrome, takesScreenshot=true, javascriptEnabled=true, setWindowRect=true, unexpectedAlertBehaviour=ignore, applicationCacheEnabled=false, rotatable=false, networkConnectionEnabled=false, chrome={chromedriverVersion=2.44.609538 (b655c5a60b0b544917107a59d4153d4bf78e1b90), userDataDir=C:\Users\SumonK\AppData\Local\Temp\2\scoped_dir3368_7737}, takesHeapSnapshot=true, pageLoadStrategy=normal, databaseEnabled=false, handlesAlerts=true, version=76.0.3809.100, browserConnectionEnabled=false, nativeEvents=true, locationContextEnabled=true, cssSelectorsEnabled=true}] Session ID: d2d4fd98a1972b6534baa19e5a0dc076</td>
</tr>
<tr>
<td class='status fail' title='fail' alt='fail'><i class='mdi-navigation-cancel'></i></td>
<td class='timestamp'>15:39:10</td>
<td class='step-details'>Error Occured while taking SCREENSHOT!!!</td>
</tr>
<tr>
<td class='status info' title='info' alt='info'><i class='mdi-action-info-outline'></i></td>
<td class='timestamp'>15:39:10</td>
<td class='step-details'>Total Execution Time for Test Suite: : 0:00:10</td>
</tr>
<tr>
<td class='status info' title='info' alt='info'><i class='mdi-action-info-outline'></i></td>
<td class='timestamp'>15:39:10</td>
<td class='step-details'>********************* END OF AUTOMATION TEST *********************</td>
</tr>
<tr>
<td class='status info' title='info' alt='info'><i class='mdi-action-info-outline'></i></td>
<td class='timestamp'>15:39:10</td>
<td class='step-details'>TEST RESULT SAVED IN: FitNesseRoot/files/testResults/ExtentReport/STAGING/AutomationReport190828-0333.html</td>
</tr>
</tbody>
</table>
<ul class='collapsible node-list' data-collapsible='accordion'>
</ul>
</div>
</div>
</li>
<li class='collection-item test displayed active fail ' extentid='5d71b8f6-33e2-4843-8bf5-eac2e03fa6dd'>
<div class='test-head'>
<span class='test-name'>NTAM_Canada_Suite_Test01SfUserActivationTest </span>
<span class='test-status label right outline capitalize fail'>fail</span>
<span class='category-assigned hide  test01canuser-verifyusermiguelajonisactive'></span>
</div>
<div class='test-body'>
<div class='test-info'>
<span title='Test started time' alt='Test started time' class='test-started-time label green lighten-1 text-white'>2019-08-28 15:39:13</span>
<span title='Test ended time' alt='Test ended time' class='test-ended-time label red lighten-1 text-white'>2019-08-28 15:39:21</span>
<span title='Time taken to finish' alt='Time taken to finish' class='test-time-taken label blue-grey lighten-3 text-white'>0h 0m 8s+0ms</span>
</div>
<div class='test-desc'></div>
<div class='test-attributes'>
<div class='categories'>
<span class='category text-white'>Test01CanUser-Verify User Miguel Ajon is Active</span>
</div>
</div>
<div class='test-steps'>
<table class='bordered table-results'>
<thead>
<tr>
<th>Status</th>
<th>Timestamp</th>
<th>Details</th>
</tr>
</thead>
<tbody>
<tr>
<td class='status info' title='info' alt='info'><i class='mdi-action-info-outline'></i></td>
<td class='timestamp'>15:39:13</td>
<td class='step-details'>TEST STARTED:</td>
</tr>
<tr>
<td class='status info' title='info' alt='info'><i class='mdi-action-info-outline'></i></td>
<td class='timestamp'>15:39:13</td>
<td class='step-details'>Navigating to url https://test.salesforce.com</td>
</tr>
<tr>
<td class='status info' title='info' alt='info'><i class='mdi-action-info-outline'></i></td>
<td class='timestamp'>15:39:16</td>
<td class='step-details'>Entering key word sumon.kashem@xaxis.com.glstaging on UserName Field</td>
</tr>
<tr>
<td class='status info' title='info' alt='info'><i class='mdi-action-info-outline'></i></td>
<td class='timestamp'>15:39:17</td>
<td class='step-details'>Entering key word on Password Field</td>
</tr>
<tr>
<td class='status info' title='info' alt='info'><i class='mdi-action-info-outline'></i></td>
<td class='timestamp'>15:39:17</td>
<td class='step-details'>Clicking on LogIn Button</td>
</tr>
<tr>
<td class='status fail' title='fail' alt='fail'><i class='mdi-navigation-cancel'></i></td>
<td class='timestamp'>15:39:19</td>
<td class='step-details'>Unable to click on LogIn Button Exception: org.openqa.selenium.remote.UnreachableBrowserException: Error communicating with the remote browser. It may have died. Build info: version: '2.53.0', revision: '35ae25b1534ae328c771e0856c93e187490ca824', time: '2016-03-15 10:43:46' System info: host: 'EC2AMAZ-FEFP0OS', ip: '10.199.140.93', os.name: 'Windows NT (unknown)', os.arch: 'amd64', os.version: '10.0', java.version: '1.8.0_91' Driver info: driver.version: RemoteWebDriver Capabilities [{mobileEmulationEnabled=false, hasTouchScreen=false, platform=XP, acceptSslCerts=false, goog:chromeOptions={debuggerAddress=localhost:60323}, acceptInsecureCerts=false, webStorageEnabled=true, browserName=chrome, takesScreenshot=true, javascriptEnabled=true, setWindowRect=true, unexpectedAlertBehaviour=ignore, applicationCacheEnabled=false, rotatable=false, networkConnectionEnabled=false, chrome={chromedriverVersion=2.44.609538 (b655c5a60b0b544917107a59d4153d4bf78e1b90), userDataDir=C:\Users\SumonK\AppData\Local\Temp\2\scoped_dir6824_17854}, takesHeapSnapshot=true, pageLoadStrategy=normal, databaseEnabled=false, handlesAlerts=true, version=76.0.3809.100, browserConnectionEnabled=false, nativeEvents=true, locationContextEnabled=true, cssSelectorsEnabled=true}] Session ID: 0a57b768bba4f957abb16bec631d7789</td>
</tr>
<tr>
<td class='status fail' title='fail' alt='fail'><i class='mdi-navigation-cancel'></i></td>
<td class='timestamp'>15:39:21</td>
<td class='step-details'>Error Occured while taking SCREENSHOT!!!</td>
</tr>
<tr>
<td class='status info' title='info' alt='info'><i class='mdi-action-info-outline'></i></td>
<td class='timestamp'>15:39:21</td>
<td class='step-details'>Total Execution Time for Test Suite: : 0:00:07</td>
</tr>
<tr>
<td class='status info' title='info' alt='info'><i class='mdi-action-info-outline'></i></td>
<td class='timestamp'>15:39:21</td>
<td class='step-details'>********************* END OF AUTOMATION TEST *********************</td>
</tr>
<tr>
<td class='status info' title='info' alt='info'><i class='mdi-action-info-outline'></i></td>
<td class='timestamp'>15:39:21</td>
<td class='step-details'>TEST RESULT SAVED IN: FitNesseRoot/files/testResults/ExtentReport/STAGING/AutomationReport190828-0333.html</td>
</tr>
</tbody>
</table>
<ul class='collapsible node-list' data-collapsible='accordion'>
</ul>
</div>
</div>
</li>
<li class='collection-item test displayed active fail ' extentid='6d5c7b95-6f0b-4ad5-9342-68373511710a'>
<div class='test-head'>
<span class='test-name'>NTAM_Canada_Suite_Test01SfUserActivationTest </span>
<span class='test-status label right outline capitalize fail'>fail</span>
<span class='category-assigned hide  test01canuser-verifyusermiguelajonisactive'></span>
</div>
<div class='test-body'>
<div class='test-info'>
<span title='Test started time' alt='Test started time' class='test-started-time label green lighten-1 text-white'>2019-08-28 15:39:25</span>
<span title='Test ended time' alt='Test ended time' class='test-ended-time label red lighten-1 text-white'>2019-08-28 15:39:34</span>
<span title='Time taken to finish' alt='Time taken to finish' class='test-time-taken label blue-grey lighten-3 text-white'>0h 0m 9s+0ms</span>
</div>
<div class='test-desc'></div>
<div class='test-attributes'>
<div class='categories'>
<span class='category text-white'>Test01CanUser-Verify User Miguel Ajon is Active</span>
</div>
</div>
<div class='test-steps'>
<table class='bordered table-results'>
<thead>
<tr>
<th>Status</th>
<th>Timestamp</th>
<th>Details</th>
</tr>
</thead>
<tbody>
<tr>
<td class='status info' title='info' alt='info'><i class='mdi-action-info-outline'></i></td>
<td class='timestamp'>15:39:25</td>
<td class='step-details'>TEST STARTED:</td>
</tr>
<tr>
<td class='status info' title='info' alt='info'><i class='mdi-action-info-outline'></i></td>
<td class='timestamp'>15:39:25</td>
<td class='step-details'>Navigating to url https://test.salesforce.com</td>
</tr>
<tr>
<td class='status info' title='info' alt='info'><i class='mdi-action-info-outline'></i></td>
<td class='timestamp'>15:39:29</td>
<td class='step-details'>Entering key word sumon.kashem@xaxis.com.glstaging on UserName Field</td>
</tr>
<tr>
<td class='status fail' title='fail' alt='fail'><i class='mdi-navigation-cancel'></i></td>
<td class='timestamp'>15:39:32</td>
<td class='step-details'>Unable to enter keyword on UserName Field</td>
</tr>
<tr>
<td class='status fail' title='fail' alt='fail'><i class='mdi-navigation-cancel'></i></td>
<td class='timestamp'>15:39:34</td>
<td class='step-details'>Error Occured while taking SCREENSHOT!!!</td>
</tr>
<tr>
<td class='status info' title='info' alt='info'><i class='mdi-action-info-outline'></i></td>
<td class='timestamp'>15:39:34</td>
<td class='step-details'>Total Execution Time for Test Suite: : 0:00:08</td>
</tr>
<tr>
<td class='status info' title='info' alt='info'><i class='mdi-action-info-outline'></i></td>
<td class='timestamp'>15:39:34</td>
<td class='step-details'>********************* END OF AUTOMATION TEST *********************</td>
</tr>
<tr>
<td class='status info' title='info' alt='info'><i class='mdi-action-info-outline'></i></td>
<td class='timestamp'>15:39:34</td>
<td class='step-details'>TEST RESULT SAVED IN: FitNesseRoot/files/testResults/ExtentReport/STAGING/AutomationReport190828-0333.html</td>
</tr>
</tbody>
</table>
<ul class='collapsible node-list' data-collapsible='accordion'>
</ul>
</div>
</div>
</li>
<li class='collection-item test displayed active fail ' extentid='f215a949-1f6e-4499-b582-430200705dd1'>
<div class='test-head'>
<span class='test-name'>NTAM_USA_Suite_Test01SfUserActivationTest </span>
<span class='test-status label right outline capitalize fail'>fail</span>
<span class='category-assigned hide  test01usauser-verifyuserbrettgirouxisactive'></span>
</div>
<div class='test-body'>
<div class='test-info'>
<span title='Test started time' alt='Test started time' class='test-started-time label green lighten-1 text-white'>2019-08-28 15:39:36</span>
<span title='Test ended time' alt='Test ended time' class='test-ended-time label red lighten-1 text-white'>2019-08-28 15:39:45</span>
<span title='Time taken to finish' alt='Time taken to finish' class='test-time-taken label blue-grey lighten-3 text-white'>0h 0m 9s+0ms</span>
</div>
<div class='test-desc'></div>
<div class='test-attributes'>
<div class='categories'>
<span class='category text-white'>Test01USAUser-Verify User Brett Giroux is Active</span>
</div>
</div>
<div class='test-steps'>
<table class='bordered table-results'>
<thead>
<tr>
<th>Status</th>
<th>Timestamp</th>
<th>Details</th>
</tr>
</thead>
<tbody>
<tr>
<td class='status info' title='info' alt='info'><i class='mdi-action-info-outline'></i></td>
<td class='timestamp'>15:39:36</td>
<td class='step-details'>TEST STARTED:</td>
</tr>
<tr>
<td class='status info' title='info' alt='info'><i class='mdi-action-info-outline'></i></td>
<td class='timestamp'>15:39:36</td>
<td class='step-details'>Navigating to url https://test.salesforce.com</td>
</tr>
<tr>
<td class='status info' title='info' alt='info'><i class='mdi-action-info-outline'></i></td>
<td class='timestamp'>15:39:40</td>
<td class='step-details'>Entering key word sumon.kashem@xaxis.com.glstaging on UserName Field</td>
</tr>
<tr>
<td class='status info' title='info' alt='info'><i class='mdi-action-info-outline'></i></td>
<td class='timestamp'>15:39:41</td>
<td class='step-details'>Entering key word on Password Field</td>
</tr>
<tr>
<td class='status info' title='info' alt='info'><i class='mdi-action-info-outline'></i></td>
<td class='timestamp'>15:39:41</td>
<td class='step-details'>Clicking on LogIn Button</td>
</tr>
<tr>
<td class='status fail' title='fail' alt='fail'><i class='mdi-navigation-cancel'></i></td>
<td class='timestamp'>15:39:43</td>
<td class='step-details'>Unable to click on LogIn Button Exception: org.openqa.selenium.remote.UnreachableBrowserException: Error communicating with the remote browser. It may have died. Build info: version: '2.53.0', revision: '35ae25b1534ae328c771e0856c93e187490ca824', time: '2016-03-15 10:43:46' System info: host: 'EC2AMAZ-FEFP0OS', ip: '10.199.140.93', os.name: 'Windows NT (unknown)', os.arch: 'amd64', os.version: '10.0', java.version: '1.8.0_91' Driver info: driver.version: RemoteWebDriver Capabilities [{mobileEmulationEnabled=false, hasTouchScreen=false, platform=XP, acceptSslCerts=false, goog:chromeOptions={debuggerAddress=localhost:60473}, acceptInsecureCerts=false, webStorageEnabled=true, browserName=chrome, takesScreenshot=true, javascriptEnabled=true, setWindowRect=true, unexpectedAlertBehaviour=ignore, applicationCacheEnabled=false, rotatable=false, networkConnectionEnabled=false, chrome={chromedriverVersion=2.44.609538 (b655c5a60b0b544917107a59d4153d4bf78e1b90), userDataDir=C:\Users\SumonK\AppData\Local\Temp\2\scoped_dir7008_5716}, takesHeapSnapshot=true, pageLoadStrategy=normal, databaseEnabled=false, handlesAlerts=true, version=76.0.3809.100, browserConnectionEnabled=false, nativeEvents=true, locationContextEnabled=true, cssSelectorsEnabled=true}] Session ID: e2bd1e05286192dad2e22a2eba391d9e</td>
</tr>
<tr>
<td class='status fail' title='fail' alt='fail'><i class='mdi-navigation-cancel'></i></td>
<td class='timestamp'>15:39:45</td>
<td class='step-details'>Error Occured while taking SCREENSHOT!!!</td>
</tr>
<tr>
<td class='status info' title='info' alt='info'><i class='mdi-action-info-outline'></i></td>
<td class='timestamp'>15:39:45</td>
<td class='step-details'>Total Execution Time for Test Suite: : 0:00:09</td>
</tr>
<tr>
<td class='status info' title='info' alt='info'><i class='mdi-action-info-outline'></i></td>
<td class='timestamp'>15:39:45</td>
<td class='step-details'>********************* END OF AUTOMATION TEST *********************</td>
</tr>
<tr>
<td class='status info' title='info' alt='info'><i class='mdi-action-info-outline'></i></td>
<td class='timestamp'>15:39:45</td>
<td class='step-details'>TEST RESULT SAVED IN: FitNesseRoot/files/testResults/ExtentReport/STAGING/AutomationReport190828-0333.html</td>
</tr>
</tbody>
</table>
<ul class='collapsible node-list' data-collapsible='accordion'>
</ul>
</div>
</div>
</li>
<li class='collection-item test displayed active fail ' extentid='47dca3cb-f148-409f-ab3f-1851ec213177'>
<div class='test-head'>
<span class='test-name'>NTAM_USA_Suite_Test01SfUserActivationTest </span>
<span class='test-status label right outline capitalize fail'>fail</span>
<span class='category-assigned hide  test01usauser-verifyuserbrettgirouxisactive'></span>
</div>
<div class='test-body'>
<div class='test-info'>
<span title='Test started time' alt='Test started time' class='test-started-time label green lighten-1 text-white'>2019-08-28 15:39:49</span>
<span title='Test ended time' alt='Test ended time' class='test-ended-time label red lighten-1 text-white'>2019-08-28 15:39:58</span>
<span title='Time taken to finish' alt='Time taken to finish' class='test-time-taken label blue-grey lighten-3 text-white'>0h 0m 9s+0ms</span>
</div>
<div class='test-desc'></div>
<div class='test-attributes'>
<div class='categories'>
<span class='category text-white'>Test01USAUser-Verify User Brett Giroux is Active</span>
</div>
</div>
<div class='test-steps'>
<table class='bordered table-results'>
<thead>
<tr>
<th>Status</th>
<th>Timestamp</th>
<th>Details</th>
</tr>
</thead>
<tbody>
<tr>
<td class='status info' title='info' alt='info'><i class='mdi-action-info-outline'></i></td>
<td class='timestamp'>15:39:49</td>
<td class='step-details'>TEST STARTED:</td>
</tr>
<tr>
<td class='status info' title='info' alt='info'><i class='mdi-action-info-outline'></i></td>
<td class='timestamp'>15:39:49</td>
<td class='step-details'>Navigating to url https://test.salesforce.com</td>
</tr>
<tr>
<td class='status info' title='info' alt='info'><i class='mdi-action-info-outline'></i></td>
<td class='timestamp'>15:39:53</td>
<td class='step-details'>Entering key word sumon.kashem@xaxis.com.glstaging on UserName Field</td>
</tr>
<tr>
<td class='status fail' title='fail' alt='fail'><i class='mdi-navigation-cancel'></i></td>
<td class='timestamp'>15:39:56</td>
<td class='step-details'>Unable to enter keyword on UserName Field</td>
</tr>
<tr>
<td class='status fail' title='fail' alt='fail'><i class='mdi-navigation-cancel'></i></td>
<td class='timestamp'>15:39:58</td>
<td class='step-details'>Error Occured while taking SCREENSHOT!!!</td>
</tr>
<tr>
<td class='status info' title='info' alt='info'><i class='mdi-action-info-outline'></i></td>
<td class='timestamp'>15:39:58</td>
<td class='step-details'>Total Execution Time for Test Suite: : 0:00:08</td>
</tr>
<tr>
<td class='status info' title='info' alt='info'><i class='mdi-action-info-outline'></i></td>
<td class='timestamp'>15:39:58</td>
<td class='step-details'>********************* END OF AUTOMATION TEST *********************</td>
</tr>
<tr>
<td class='status info' title='info' alt='info'><i class='mdi-action-info-outline'></i></td>
<td class='timestamp'>15:39:58</td>
<td class='step-details'>TEST RESULT SAVED IN: FitNesseRoot/files/testResults/ExtentReport/STAGING/AutomationReport190828-0333.html</td>
</tr>
</tbody>
</table>
<ul class='collapsible node-list' data-collapsible='accordion'>
</ul>
</div>
</div>
</li>
<li class='collection-item test displayed active fail ' extentid='29bc160e-2746-49f6-9972-21efd29465bc'>
<div class='test-head'>
<span class='test-name'>LATAM_Miami_Suite_Test01SfUserActivationTest </span>
<span class='test-status label right outline capitalize fail'>fail</span>
<span class='category-assigned hide  test01miauser-verifyuserfernandoapolinarisactive'></span>
</div>
<div class='test-body'>
<div class='test-info'>
<span title='Test started time' alt='Test started time' class='test-started-time label green lighten-1 text-white'>2019-08-28 15:40:00</span>
<span title='Test ended time' alt='Test ended time' class='test-ended-time label red lighten-1 text-white'>2019-08-28 15:40:12</span>
<span title='Time taken to finish' alt='Time taken to finish' class='test-time-taken label blue-grey lighten-3 text-white'>0h 0m 12s+0ms</span>
</div>
<div class='test-desc'></div>
<div class='test-attributes'>
<div class='categories'>
<span class='category text-white'>Test01MiaUser-Verify User Fernando Apolinar is Active</span>
</div>
</div>
<div class='test-steps'>
<table class='bordered table-results'>
<thead>
<tr>
<th>Status</th>
<th>Timestamp</th>
<th>Details</th>
</tr>
</thead>
<tbody>
<tr>
<td class='status info' title='info' alt='info'><i class='mdi-action-info-outline'></i></td>
<td class='timestamp'>15:40:00</td>
<td class='step-details'>TEST STARTED:</td>
</tr>
<tr>
<td class='status info' title='info' alt='info'><i class='mdi-action-info-outline'></i></td>
<td class='timestamp'>15:40:00</td>
<td class='step-details'>Navigating to url https://test.salesforce.com</td>
</tr>
<tr>
<td class='status info' title='info' alt='info'><i class='mdi-action-info-outline'></i></td>
<td class='timestamp'>15:40:07</td>
<td class='step-details'>Entering key word sumon.kashem@xaxis.com.glstaging on UserName Field</td>
</tr>
<tr>
<td class='status fail' title='fail' alt='fail'><i class='mdi-navigation-cancel'></i></td>
<td class='timestamp'>15:40:10</td>
<td class='step-details'>Unable to enter keyword on UserName Field</td>
</tr>
<tr>
<td class='status fail' title='fail' alt='fail'><i class='mdi-navigation-cancel'></i></td>
<td class='timestamp'>15:40:12</td>
<td class='step-details'>Error Occured while taking SCREENSHOT!!!</td>
</tr>
<tr>
<td class='status info' title='info' alt='info'><i class='mdi-action-info-outline'></i></td>
<td class='timestamp'>15:40:12</td>
<td class='step-details'>Total Execution Time for Test Suite: : 0:00:11</td>
</tr>
<tr>
<td class='status info' title='info' alt='info'><i class='mdi-action-info-outline'></i></td>
<td class='timestamp'>15:40:12</td>
<td class='step-details'>********************* END OF AUTOMATION TEST *********************</td>
</tr>
<tr>
<td class='status info' title='info' alt='info'><i class='mdi-action-info-outline'></i></td>
<td class='timestamp'>15:40:12</td>
<td class='step-details'>TEST RESULT SAVED IN: FitNesseRoot/files/testResults/ExtentReport/STAGING/AutomationReport190828-0333.html</td>
</tr>
</tbody>
</table>
<ul class='collapsible node-list' data-collapsible='accordion'>
</ul>
</div>
</div>
</li>
<li class='collection-item test displayed active fail ' extentid='9f7d38cc-01b5-49c8-b9bf-bec34fdd8f3c'>
<div class='test-head'>
<span class='test-name'>LATAM_Miami_Suite_Test02SfUserManageCompTest </span>
<span class='test-status label right outline capitalize fail'>fail</span>
<span class='category-assigned hide  test02miauser-verifyuserfernandoapolinarhasmanagecompanies'></span>
</div>
<div class='test-body'>
<div class='test-info'>
<span title='Test started time' alt='Test started time' class='test-started-time label green lighten-1 text-white'>2019-08-28 15:40:14</span>
<span title='Test ended time' alt='Test ended time' class='test-ended-time label red lighten-1 text-white'>2019-08-28 15:40:19</span>
<span title='Time taken to finish' alt='Time taken to finish' class='test-time-taken label blue-grey lighten-3 text-white'>0h 0m 5s+52ms</span>
</div>
<div class='test-desc'></div>
<div class='test-attributes'>
<div class='categories'>
<span class='category text-white'>Test02MiaUser-Verify User Fernando Apolinar has Manage Companies</span>
</div>
</div>
<div class='test-steps'>
<table class='bordered table-results'>
<thead>
<tr>
<th>Status</th>
<th>Timestamp</th>
<th>Details</th>
</tr>
</thead>
<tbody>
<tr>
<td class='status info' title='info' alt='info'><i class='mdi-action-info-outline'></i></td>
<td class='timestamp'>15:40:14</td>
<td class='step-details'>TEST STARTED:</td>
</tr>
<tr>
<td class='status info' title='info' alt='info'><i class='mdi-action-info-outline'></i></td>
<td class='timestamp'>15:40:14</td>
<td class='step-details'>Entering key word Fernando Apolinar on Search Field</td>
</tr>
<tr>
<td class='status fail' title='fail' alt='fail'><i class='mdi-navigation-cancel'></i></td>
<td class='timestamp'>15:40:16</td>
<td class='step-details'>Unable to enter keyword on Search Field</td>
</tr>
<tr>
<td class='status fail' title='fail' alt='fail'><i class='mdi-navigation-cancel'></i></td>
<td class='timestamp'>15:40:19</td>
<td class='step-details'>Error Occured while taking SCREENSHOT!!!</td>
</tr>
<tr>
<td class='status info' title='info' alt='info'><i class='mdi-action-info-outline'></i></td>
<td class='timestamp'>15:40:19</td>
<td class='step-details'>Total Execution Time for Test Suite: : 0:00:05</td>
</tr>
<tr>
<td class='status info' title='info' alt='info'><i class='mdi-action-info-outline'></i></td>
<td class='timestamp'>15:40:19</td>
<td class='step-details'>********************* END OF AUTOMATION TEST *********************</td>
</tr>
<tr>
<td class='status info' title='info' alt='info'><i class='mdi-action-info-outline'></i></td>
<td class='timestamp'>15:40:19</td>
<td class='step-details'>TEST RESULT SAVED IN: FitNesseRoot/files/testResults/ExtentReport/STAGING/AutomationReport190828-0333.html</td>
</tr>
</tbody>
</table>
<ul class='collapsible node-list' data-collapsible='accordion'>
</ul>
</div>
</div>
</li>
</ul>
</div>
</div>
</div>
</div>
<div id='test-details-wrapper' class='col _addedCell2'>
<div class='contents'>
<div class='card-panel details-view'>
<h5 class='details-name'></h5>
<div class='details-container'>
</div>
</div>
</div>
</div>
</div>
<!-- /tests -->

<!-- categories -->
<div id='categories-view' class='row _addedTable hide'>
<div class='col _addedCell1'>
<div class='contents'>
<div class='card-panel heading'>
<h5>Categories</h5>
</div>
<div class='card-panel filters'>
<div class='search' alt='Search tests' title='Search tests'>
<div class='input-field left'>
<input id='searchTests' type='text' class='validate' placeholder='Search tests...'>
</div>
<i class='mdi-action-search icon'></i>
</div>
</div>
<div class='card-panel no-padding-h no-padding-v'>
<div class='wrapper'>
<ul id='cat-collection' class='cat-collection'>
<li class='category-item displayed'>
<div class='cat-head'>
<span class='category-name'>Test01AusUser-Verify User Apurva Prasanna is Active</span>
</div>
<div class='category-status-counts'>
<span class='fail label dot'>Fail: 1</span>
</div>
<div class='cat-body'>
<div class='category-status-counts'>
<div class='button-group'>
<a href='#!' class='pass label filter'>Pass <span class='icon'>0</span></a>
<a href='#!' class='fail label filter'>Fail <span class='icon'>1</span></a>
<a href='#!' class='other label filter'>Others <span class='icon'>0</span></a>
</div>
</div>
<div class='cat-tests'>
<table class='bordered'>
<thead>
<tr>
<th>RunDate</th>
<th>Test Name</th>
<th>Status</th>
</tr>
</thead>
<tbody>
<tr class='fail'>
<td>2019-08-28 15:33:29</td>
<td><span class='category-link linked' extentid='2963e4d5-c087-4ed5-a149-3c80cb5933a2'>APAC_Australia_Suite_Test01SfUserActivationTest</span></td>
<td><div class='status label capitalize fail'>fail</div></td>
</tr>
<tbody>
</table>
</div>
</div> 
</li>
<li class='category-item displayed'>
<div class='cat-head'>
<span class='category-name'>Test01CanUser-Verify User Miguel Ajon is Active</span>
</div>
<div class='category-status-counts'>
<span class='fail label dot'>Fail: 2</span>
</div>
<div class='cat-body'>
<div class='category-status-counts'>
<div class='button-group'>
<a href='#!' class='pass label filter'>Pass <span class='icon'>0</span></a>
<a href='#!' class='fail label filter'>Fail <span class='icon'>2</span></a>
<a href='#!' class='other label filter'>Others <span class='icon'>0</span></a>
</div>
</div>
<div class='cat-tests'>
<table class='bordered'>
<thead>
<tr>
<th>RunDate</th>
<th>Test Name</th>
<th>Status</th>
</tr>
</thead>
<tbody>
<tr class='fail'>
<td>2019-08-28 15:39:13</td>
<td><span class='category-link linked' extentid='5d71b8f6-33e2-4843-8bf5-eac2e03fa6dd'>NTAM_Canada_Suite_Test01SfUserActivationTest</span></td>
<td><div class='status label capitalize fail'>fail</div></td>
</tr>
<tr class='fail'>
<td>2019-08-28 15:39:25</td>
<td><span class='category-link linked' extentid='6d5c7b95-6f0b-4ad5-9342-68373511710a'>NTAM_Canada_Suite_Test01SfUserActivationTest</span></td>
<td><div class='status label capitalize fail'>fail</div></td>
</tr>
<tbody>
</table>
</div>
</div> 
</li>
<li class='category-item displayed'>
<div class='cat-head'>
<span class='category-name'>Test01ChnUser-Verify User Apurva Prasanna is Active</span>
</div>
<div class='category-status-counts'>
<span class='pass label dot'>Pass: 1</span>
</div>
<div class='cat-body'>
<div class='category-status-counts'>
<div class='button-group'>
<a href='#!' class='pass label filter'>Pass <span class='icon'>1</span></a>
<a href='#!' class='fail label filter'>Fail <span class='icon'>0</span></a>
<a href='#!' class='other label filter'>Others <span class='icon'>0</span></a>
</div>
</div>
<div class='cat-tests'>
<table class='bordered'>
<thead>
<tr>
<th>RunDate</th>
<th>Test Name</th>
<th>Status</th>
</tr>
</thead>
<tbody>
<tr class='pass'>
<td>2019-08-28 15:33:56</td>
<td><span class='category-link linked' extentid='0e6ed90d-6a13-4c2b-9ccd-55fa73f7ed76'>APAC_China_Suite_Test01SfUserActivationTest</span></td>
<td><div class='status label capitalize pass'>pass</div></td>
</tr>
<tbody>
</table>
</div>
</div> 
</li>
<li class='category-item displayed'>
<div class='cat-head'>
<span class='category-name'>Test01GerUser-Verify User Frank Adams is Active</span>
</div>
<div class='category-status-counts'>
<span class='pass label dot'>Pass: 1</span>
</div>
<div class='cat-body'>
<div class='category-status-counts'>
<div class='button-group'>
<a href='#!' class='pass label filter'>Pass <span class='icon'>1</span></a>
<a href='#!' class='fail label filter'>Fail <span class='icon'>0</span></a>
<a href='#!' class='other label filter'>Others <span class='icon'>0</span></a>
</div>
</div>
<div class='cat-tests'>
<table class='bordered'>
<thead>
<tr>
<th>RunDate</th>
<th>Test Name</th>
<th>Status</th>
</tr>
</thead>
<tbody>
<tr class='pass'>
<td>2019-08-28 15:36:51</td>
<td><span class='category-link linked' extentid='1eedfb87-5b2a-4717-befb-7b6d33424050'>EMEA_Germany_Suite_Test01SfUserActivationTest</span></td>
<td><div class='status label capitalize pass'>pass</div></td>
</tr>
<tbody>
</table>
</div>
</div> 
</li>
<li class='category-item displayed'>
<div class='cat-head'>
<span class='category-name'>Test01IncaUser-Verify User sf qa team is Active</span>
</div>
<div class='category-status-counts'>
<span class='fail label dot'>Fail: 2</span>
</div>
<div class='cat-body'>
<div class='category-status-counts'>
<div class='button-group'>
<a href='#!' class='pass label filter'>Pass <span class='icon'>0</span></a>
<a href='#!' class='fail label filter'>Fail <span class='icon'>2</span></a>
<a href='#!' class='other label filter'>Others <span class='icon'>0</span></a>
</div>
</div>
<div class='cat-tests'>
<table class='bordered'>
<thead>
<tr>
<th>RunDate</th>
<th>Test Name</th>
<th>Status</th>
</tr>
</thead>
<tbody>
<tr class='fail'>
<td>2019-08-28 15:37:53</td>
<td><span class='category-link linked' extentid='8e0471d6-0c4e-4f21-a28f-3822a4051641'>EMEA_INCA_Suite_Test01SfUserActivationTest</span></td>
<td><div class='status label capitalize fail'>fail</div></td>
</tr>
<tr class='fail'>
<td>2019-08-28 15:38:12</td>
<td><span class='category-link linked' extentid='428db128-dbff-4b91-9d2d-6797380dea40'>EMEA_INCA_Suite_Test01SfUserActivationTest</span></td>
<td><div class='status label capitalize fail'>fail</div></td>
</tr>
<tbody>
</table>
</div>
</div> 
</li>
<li class='category-item displayed'>
<div class='cat-head'>
<span class='category-name'>Test01IndUser-Verify User Lucas Alonso is Active</span>
</div>
<div class='category-status-counts'>
<span class='fail label dot'>Fail: 2</span>
</div>
<div class='cat-body'>
<div class='category-status-counts'>
<div class='button-group'>
<a href='#!' class='pass label filter'>Pass <span class='icon'>0</span></a>
<a href='#!' class='fail label filter'>Fail <span class='icon'>2</span></a>
<a href='#!' class='other label filter'>Others <span class='icon'>0</span></a>
</div>
</div>
<div class='cat-tests'>
<table class='bordered'>
<thead>
<tr>
<th>RunDate</th>
<th>Test Name</th>
<th>Status</th>
</tr>
</thead>
<tbody>
<tr class='fail'>
<td>2019-08-28 15:35:31</td>
<td><span class='category-link linked' extentid='db78c1d6-230f-4344-9a8c-33215d0b5542'>APAC_India_Suite_Test01SfUserActivationTest</span></td>
<td><div class='status label capitalize fail'>fail</div></td>
</tr>
<tr class='fail'>
<td>2019-08-28 15:36:01</td>
<td><span class='category-link linked' extentid='14776e94-cad7-41a2-80e8-c452b025e209'>APAC_India_Suite_Test01SfUserActivationTest</span></td>
<td><div class='status label capitalize fail'>fail</div></td>
</tr>
<tbody>
</table>
</div>
</div> 
</li>
<li class='category-item displayed'>
<div class='cat-head'>
<span class='category-name'>Test01MiaUser-Verify User Fernando Apolinar is Active</span>
</div>
<div class='category-status-counts'>
<span class='fail label dot'>Fail: 1</span>
</div>
<div class='cat-body'>
<div class='category-status-counts'>
<div class='button-group'>
<a href='#!' class='pass label filter'>Pass <span class='icon'>0</span></a>
<a href='#!' class='fail label filter'>Fail <span class='icon'>1</span></a>
<a href='#!' class='other label filter'>Others <span class='icon'>0</span></a>
</div>
</div>
<div class='cat-tests'>
<table class='bordered'>
<thead>
<tr>
<th>RunDate</th>
<th>Test Name</th>
<th>Status</th>
</tr>
</thead>
<tbody>
<tr class='fail'>
<td>2019-08-28 15:40:00</td>
<td><span class='category-link linked' extentid='29bc160e-2746-49f6-9972-21efd29465bc'>LATAM_Miami_Suite_Test01SfUserActivationTest</span></td>
<td><div class='status label capitalize fail'>fail</div></td>
</tr>
<tbody>
</table>
</div>
</div> 
</li>
<li class='category-item displayed'>
<div class='cat-head'>
<span class='category-name'>Test01PRUser-Verify User Philipp Brunner is Active</span>
</div>
<div class='category-status-counts'>
<span class='fail label dot'>Fail: 2</span>
</div>
<div class='cat-body'>
<div class='category-status-counts'>
<div class='button-group'>
<a href='#!' class='pass label filter'>Pass <span class='icon'>0</span></a>
<a href='#!' class='fail label filter'>Fail <span class='icon'>2</span></a>
<a href='#!' class='other label filter'>Others <span class='icon'>0</span></a>
</div>
</div>
<div class='cat-tests'>
<table class='bordered'>
<thead>
<tr>
<th>RunDate</th>
<th>Test Name</th>
<th>Status</th>
</tr>
</thead>
<tbody>
<tr class='fail'>
<td>2019-08-28 15:38:23</td>
<td><span class='category-link linked' extentid='4db30b12-2275-484b-a728-96a0374a8016'>EMEA_PanRegional_Suite_Test01SfUserActivationTest</span></td>
<td><div class='status label capitalize fail'>fail</div></td>
</tr>
<tr class='fail'>
<td>2019-08-28 15:38:37</td>
<td><span class='category-link linked' extentid='95a6109f-6e8b-4beb-afa9-a40e8a0ae029'>EMEA_PanRegional_Suite_Test01SfUserActivationTest</span></td>
<td><div class='status label capitalize fail'>fail</div></td>
</tr>
<tbody>
</table>
</div>
</div> 
</li>
<li class='category-item displayed'>
<div class='cat-head'>
<span class='category-name'>Test01UKUser-Verify User Natasa Tintor is Active</span>
</div>
<div class='category-status-counts'>
<span class='fail label dot'>Fail: 2</span>
</div>
<div class='cat-body'>
<div class='category-status-counts'>
<div class='button-group'>
<a href='#!' class='pass label filter'>Pass <span class='icon'>0</span></a>
<a href='#!' class='fail label filter'>Fail <span class='icon'>2</span></a>
<a href='#!' class='other label filter'>Others <span class='icon'>0</span></a>
</div>
</div>
<div class='cat-tests'>
<table class='bordered'>
<thead>
<tr>
<th>RunDate</th>
<th>Test Name</th>
<th>Status</th>
</tr>
</thead>
<tbody>
<tr class='fail'>
<td>2019-08-28 15:38:48</td>
<td><span class='category-link linked' extentid='a53838e4-7ede-4710-84bc-c98e331b7530'>EMEA_UnitedKingdom_Suite_Test01SfUserActivationTest</span></td>
<td><div class='status label capitalize fail'>fail</div></td>
</tr>
<tr class='fail'>
<td>2019-08-28 15:38:59</td>
<td><span class='category-link linked' extentid='6bc291bd-cb1f-4e2b-b27e-43ade0443c41'>EMEA_UnitedKingdom_Suite_Test01SfUserActivationTest</span></td>
<td><div class='status label capitalize fail'>fail</div></td>
</tr>
<tbody>
</table>
</div>
</div> 
</li>
<li class='category-item displayed'>
<div class='cat-head'>
<span class='category-name'>Test01USAUser-Verify User Brett Giroux is Active</span>
</div>
<div class='category-status-counts'>
<span class='fail label dot'>Fail: 2</span>
</div>
<div class='cat-body'>
<div class='category-status-counts'>
<div class='button-group'>
<a href='#!' class='pass label filter'>Pass <span class='icon'>0</span></a>
<a href='#!' class='fail label filter'>Fail <span class='icon'>2</span></a>
<a href='#!' class='other label filter'>Others <span class='icon'>0</span></a>
</div>
</div>
<div class='cat-tests'>
<table class='bordered'>
<thead>
<tr>
<th>RunDate</th>
<th>Test Name</th>
<th>Status</th>
</tr>
</thead>
<tbody>
<tr class='fail'>
<td>2019-08-28 15:39:36</td>
<td><span class='category-link linked' extentid='f215a949-1f6e-4499-b582-430200705dd1'>NTAM_USA_Suite_Test01SfUserActivationTest</span></td>
<td><div class='status label capitalize fail'>fail</div></td>
</tr>
<tr class='fail'>
<td>2019-08-28 15:39:49</td>
<td><span class='category-link linked' extentid='47dca3cb-f148-409f-ab3f-1851ec213177'>NTAM_USA_Suite_Test01SfUserActivationTest</span></td>
<td><div class='status label capitalize fail'>fail</div></td>
</tr>
<tbody>
</table>
</div>
</div> 
</li>
<li class='category-item displayed'>
<div class='cat-head'>
<span class='category-name'>Test02AusUser-Verify User Apurva Prasanna has Manage Companies</span>
</div>
<div class='category-status-counts'>
<span class='pass label dot'>Pass: 1</span>
<span class='fail label dot'>Fail: 1</span>
</div>
<div class='cat-body'>
<div class='category-status-counts'>
<div class='button-group'>
<a href='#!' class='pass label filter'>Pass <span class='icon'>1</span></a>
<a href='#!' class='fail label filter'>Fail <span class='icon'>1</span></a>
<a href='#!' class='other label filter'>Others <span class='icon'>0</span></a>
</div>
</div>
<div class='cat-tests'>
<table class='bordered'>
<thead>
<tr>
<th>RunDate</th>
<th>Test Name</th>
<th>Status</th>
</tr>
</thead>
<tbody>
<tr class='fail'>
<td>2019-08-28 15:33:41</td>
<td><span class='category-link linked' extentid='ea173294-b6eb-4d92-8349-83f429bccbda'>APAC_Australia_Suite_Test02SfUserManageCompTest</span></td>
<td><div class='status label capitalize fail'>fail</div></td>
</tr>
<tr class='pass'>
<td>2019-08-28 15:35:06</td>
<td><span class='category-link linked' extentid='b84b6bbb-cc0f-4468-b99a-322b98153482'>APAC_Australia_Suite_Test02SfUserManageCompTest</span></td>
<td><div class='status label capitalize pass'>pass</div></td>
</tr>
<tbody>
</table>
</div>
</div> 
</li>
<li class='category-item displayed'>
<div class='cat-head'>
<span class='category-name'>Test02ChnUser-Verify User Apurva Prasanna has Manage Companies</span>
</div>
<div class='category-status-counts'>
<span class='fail label dot'>Fail: 1</span>
</div>
<div class='cat-body'>
<div class='category-status-counts'>
<div class='button-group'>
<a href='#!' class='pass label filter'>Pass <span class='icon'>0</span></a>
<a href='#!' class='fail label filter'>Fail <span class='icon'>1</span></a>
<a href='#!' class='other label filter'>Others <span class='icon'>0</span></a>
</div>
</div>
<div class='cat-tests'>
<table class='bordered'>
<thead>
<tr>
<th>RunDate</th>
<th>Test Name</th>
<th>Status</th>
</tr>
</thead>
<tbody>
<tr class='fail'>
<td>2019-08-28 15:35:46</td>
<td><span class='category-link linked' extentid='61fe25e6-598e-4cb2-91f3-f8a26d43b4f9'>APAC_China_Suite_Test02SfUserManageCompTest</span></td>
<td><div class='status label capitalize fail'>fail</div></td>
</tr>
<tbody>
</table>
</div>
</div> 
</li>
<li class='category-item displayed'>
<div class='cat-head'>
<span class='category-name'>Test02GerUser-Verify User Frank Adams has Manage Companies</span>
</div>
<div class='category-status-counts'>
<span class='fail label dot'>Fail: 1</span>
</div>
<div class='cat-body'>
<div class='category-status-counts'>
<div class='button-group'>
<a href='#!' class='pass label filter'>Pass <span class='icon'>0</span></a>
<a href='#!' class='fail label filter'>Fail <span class='icon'>1</span></a>
<a href='#!' class='other label filter'>Others <span class='icon'>0</span></a>
</div>
</div>
<div class='cat-tests'>
<table class='bordered'>
<thead>
<tr>
<th>RunDate</th>
<th>Test Name</th>
<th>Status</th>
</tr>
</thead>
<tbody>
<tr class='fail'>
<td>2019-08-28 15:37:35</td>
<td><span class='category-link linked' extentid='5dcc58f9-dd78-4912-a4eb-c767ca78a98c'>EMEA_Germany_Suite_Test02SfUserManageCompTest</span></td>
<td><div class='status label capitalize fail'>fail</div></td>
</tr>
<tbody>
</table>
</div>
</div> 
</li>
<li class='category-item displayed'>
<div class='cat-head'>
<span class='category-name'>Test02IndUser-Verify User Lucas Alonso has Manage Companies</span>
</div>
<div class='category-status-counts'>
<span class='fail label dot'>Fail: 1</span>
</div>
<div class='cat-body'>
<div class='category-status-counts'>
<div class='button-group'>
<a href='#!' class='pass label filter'>Pass <span class='icon'>0</span></a>
<a href='#!' class='fail label filter'>Fail <span class='icon'>1</span></a>
<a href='#!' class='other label filter'>Others <span class='icon'>0</span></a>
</div>
</div>
<div class='cat-tests'>
<table class='bordered'>
<thead>
<tr>
<th>RunDate</th>
<th>Test Name</th>
<th>Status</th>
</tr>
</thead>
<tbody>
<tr class='fail'>
<td>2019-08-28 15:36:37</td>
<td><span class='category-link linked' extentid='a1794e79-ecf3-4f51-95ec-94432b024479'>APAC_India_Suite_Test02SfUserManageCompTest</span></td>
<td><div class='status label capitalize fail'>fail</div></td>
</tr>
<tbody>
</table>
</div>
</div> 
</li>
<li class='category-item displayed'>
<div class='cat-head'>
<span class='category-name'>Test02MiaUser-Verify User Fernando Apolinar has Manage Companies</span>
</div>
<div class='category-status-counts'>
<span class='fail label dot'>Fail: 1</span>
</div>
<div class='cat-body'>
<div class='category-status-counts'>
<div class='button-group'>
<a href='#!' class='pass label filter'>Pass <span class='icon'>0</span></a>
<a href='#!' class='fail label filter'>Fail <span class='icon'>1</span></a>
<a href='#!' class='other label filter'>Others <span class='icon'>0</span></a>
</div>
</div>
<div class='cat-tests'>
<table class='bordered'>
<thead>
<tr>
<th>RunDate</th>
<th>Test Name</th>
<th>Status</th>
</tr>
</thead>
<tbody>
<tr class='fail'>
<td>2019-08-28 15:40:14</td>
<td><span class='category-link linked' extentid='9f7d38cc-01b5-49c8-b9bf-bec34fdd8f3c'>LATAM_Miami_Suite_Test02SfUserManageCompTest</span></td>
<td><div class='status label capitalize fail'>fail</div></td>
</tr>
<tbody>
</table>
</div>
</div> 
</li>
</ul>
</div>
</div>
</div>
</div>
<div id='cat-details-wrapper' class='col _addedCell2'>
<div class='contents'>
<div class='card-panel details-view'>
<h5 class='cat-name'></h5>
<div class='cat-container'>
</div>
</div>
</div>
</div>
</div>
<!-- /categories -->

<!-- exceptions -->
<!-- /exceptions -->

<!-- testrunner logs -->
<!-- /testrunner logs -->

</div>
<!-- /container -->

<!-- test dashboard counts setting -->
<div id='test-count-setting' class='modal bottom-sheet'> 
<div class='modal-content'> 
<h5>Configure Tests Count Setting</h5> 
<input name='test-count-setting' type='radio' id='parentWithoutNodes' class='with-gap'> 
<label for='parentWithoutNodes'>Parent Tests Only (Does not include child nodes in counts)</label> 
<br> 
<input name='test-count-setting' type='radio' id='parentWithoutNodesAndNodes' class='with-gap'> 
<label for='parentWithoutNodesAndNodes'>Parent Tests Without Child Tests + Child Tests</label> 
<br> 
<input name='test-count-setting' type='radio' id='childNodes' class='with-gap'> 
<label for='childNodes'>Child Tests Only</label> 
</div> 
<div class='modal-footer'> 
<a href='#!' class='modal-action modal-close waves-effect waves-green btn'>Save</a> 
</div> 
</div>
<!-- /test dashboard counts setting -->

<!-- filter for step status -->
<div id='step-status-filter' class='modal bottom-sheet'> 
<div class='modal-content'> 
<h5>Select status</h5> 
<input checked class='filled-in' type='checkbox' id='step-dashboard-filter-pass'> 
<label for='step-dashboard-filter-pass'>Pass</label> 
<br> 
<input checked class='filled-in' type='checkbox' id='step-dashboard-filter-fail'> 
<label for='step-dashboard-filter-fail'>Fail</label> 
<br> 
<input checked class='filled-in' type='checkbox' id='step-dashboard-filter-fatal'> 
<label for='step-dashboard-filter-fatal'>Fatal</label> 
<br> 
<input checked class='filled-in' type='checkbox' id='step-dashboard-filter-error'> 
<label for='step-dashboard-filter-error'>Error</label> 
<br> 
<input checked class='filled-in' type='checkbox' id='step-dashboard-filter-warning'> 
<label for='step-dashboard-filter-warning'>Warning</label> 
<br> 
<input checked class='filled-in' type='checkbox' id='step-dashboard-filter-skip'> 
<label for='step-dashboard-filter-skip'>Skipped</label> 
<br> 
<input checked class='filled-in' type='checkbox' id='step-dashboard-filter-info'> 
<label for='step-dashboard-filter-info'>Info</label> 
<br> 
<input checked class='filled-in' type='checkbox' id='step-dashboard-filter-unknown'> 
<label for='step-dashboard-filter-unknown'>Unknown</label> 
</div>
<div class='modal-footer'> 
<a href='#!' class='modal-action modal-close waves-effect waves-green btn'>Save</a> 
</div> 
</div>
<!-- /filter for step status -->

<script src='https://cdn.rawgit.com/anshooarora/extentreports/c936a26fc8bb9c5fc0253b5bc6f289e1d14bb595/cdn/extent.js' type='text/javascript'></script>

<script>$(document).ready(function() { $('.logo span').html('ExtentReports'); });</script>
<script>

            
                $(document).ready(function() {
                    
                });
            
        
</script>
</body>
</html>
