
<!DOCTYPE html>
<html>
<head>
<!--
ExtentReports Library 2.40.2 | http://relevantcodes.com/extentreports-for-selenium/ | https://github.com/anshooarora/
Copyright (c) 2015, Anshoo Arora (Relevant Codes) | Copyrights licensed under the New BSD License | http://opensource.org/licenses/BSD-3-Clause
Documentation: http://extentreports.relevantcodes.com 
-->

<meta charset='UTF-8' /> 
<meta name='description' content='ExtentReports (by Anshoo Arora) is a reporting library for automation testing for .NET and Java. It creates detailed and beautiful HTML reports for modern browsers. ExtentReports shows test and step summary along with dashboards, system and environment details for quick analysis of your tests.' />
<meta name='robots' content='noodp, noydir' />
<meta name='viewport' content='width=device-width, initial-scale=1' />

<title>
ExtentReports 2.0
</title>


<link href='https://fonts.googleapis.com/css?family=Source+Sans+Pro:400,600' rel='stylesheet' type='text/css'>
<link href='https://cdn.rawgit.com/anshooarora/extentreports/e4f8ea1de961161791c01b99a71a1e17f81125cf/cdn/extent.css' type='text/css' rel='stylesheet' />

<style>

            
                
            
        
</style>
</head>


<body class='extent standard hide-overflow'>
<!-- nav -->
<nav>
<div class='logo-container'>
<a class='logo-content' href='http://extentreports.relevantcodes.com'>
<span>ExtentReports</span>
</a>
<a href='#' data-activates='slide-out' class='button-collapse hide-on-large-only'><i class='mdi-navigation-apps'></i></a>
</div>
<ul id='slide-out' class='side-nav fixed hide-on-med-and-down'>
<li class='analysis waves-effect active'><a href='#!' class='test-view' onclick="_updateCurrentStage(0)"><i class='mdi-action-dashboard'></i>Test Details</a></li>
<li class='analysis waves-effect'><a href='#!' class='categories-view' onclick="_updateCurrentStage(1)"><i class='mdi-maps-local-offer'></i>Categories</a></li>
<li class='analysis waves-effect'><a href='#!' class='dashboard-view'><i class='mdi-action-track-changes'></i></i>Analysis</a></li>
</ul>
<span class='report-name'>Automation Report</span> <span class='report-headline'></span>
<ul class='right hide-on-med-and-down nav-right'>
<li class='theme-selector' alt='Click to toggle dark theme. To enable by default, use js configuration $("body").addClass("dark");' title='Click to toggle dark theme. To enable by default, use js configuration $("body").addClass("dark");'>
<i class='mdi-hardware-desktop-windows'></i>
</li>
<li>
<span class='suite-started-time'>2019-10-01 15:17:33</span>
</li>
<li>
<span>v2.40.2</span>
</li>
</ul>
</nav>
<!-- /nav -->

<!-- container -->
<div class='container'>

<!-- dashboard -->
<div id='dashboard-view' class='row'>
<div class='time-totals'>
<div class='col l2 m4 s6'>
<div class='card suite-total-tests'> 
<span class='panel-name'>Total Tests</span> 
<span class='total-tests'> <span class='panel-lead'></span> </span> 
</div> 
</div>
<div class='col l2 m4 s6'>
<div class='card suite-total-steps'> 
<span class='panel-name'>Total Steps</span> 
<span class='total-steps'> <span class='panel-lead'></span> </span> 
</div> 
</div>
<div class='col l2 m4 s12'>
<div class='card suite-total-time-current'> 
<span class='panel-name'>Total Time Taken (Current Run)</span> 
<span class='suite-total-time-current-value panel-lead'>0h 9m 53s+674ms</span> 
</div> 
</div>
<div class='col l2 m4 s12'>
<div class='card suite-total-time-overall'> 
<span class='panel-name'>Total Time Taken (Overall)</span> 
<span class='suite-total-time-overall-value panel-lead'>-544h -32685m -1961154s+-5ms</span> 
</div> 
</div>
<div class='col l2 m4 s6 suite-start-time'>
<div class='card accent green-accent'> 
<span class='panel-name'>Start</span> 
<span class='panel-lead suite-started-time'>2019-10-01 15:07:40</span> 
</div> 
</div>
<div class='col l2 m4 s6 suite-end-time'>
<div class='card accent pink-accent'> 
<span class='panel-name'>End</span> 
<span class='panel-lead suite-ended-time'>2019-10-01 15:17:33</span> 
</div> 
</div>
</div>
<div class='charts'>
<div class='col s12 m6 l4 fh'> 
<div class='card-panel'> 
<div>
<span class='panel-name'>Tests View</span>
</div> 
<div class='panel-setting modal-trigger test-count-setting right'>
<a href='#test-count-setting'><i class='mdi-navigation-more-vert text-md'></i></a>
</div> 
<div class='chart-box'>
<canvas class='text-centered' id='test-analysis'></canvas>
</div> 
<div>
<span class='weight-light'><span class='t-pass-count weight-normal'></span> test(s) passed</span>
</div> 
<div>
<span class='weight-light'><span class='t-fail-count weight-normal'></span> test(s) failed, <span class='t-others-count weight-normal'></span> others</span>
</div> 
</div> 
</div> 
<div class='col s12 m6 l4 fh'> 
<div class='card-panel'> 
<div>
<span class='panel-name'>Steps View</span>
</div> 
<div class='panel-setting modal-trigger step-status-filter right'>
<a href='#step-status-filter'><i class='mdi-navigation-more-vert text-md'></i></a>
</div> 
<div class='chart-box'>
<canvas class='text-centered' id='step-analysis'></canvas>
</div> 
<div>
<span class='weight-light'><span class='s-pass-count weight-normal'></span> step(s) passed </span>
</div> 
<div>
<span class='weight-light'><span class='s-fail-count weight-normal'></span> step(s) failed, <span class='s-others-count weight-normal'></span> others</span>
</div> 
</div> 
</div>
<div class='col s12 m12 l4 fh'> 
<div class='card-panel'> 
<span class='panel-name'>Pass Percentage</span> 
<span class='pass-percentage panel-lead'></span> 
<div class='progress light-blue lighten-3'> 
<div class='determinate light-blue'></div> 
</div> 
</div> 
</div>
</div>
<div class='system-view'>
<div class='col l4 m12 s12'>
<div class='card-panel'>
<span class='label info outline right'>Environment</span>
<table>
<thead>
<tr>
<th>Param</th>
<th>Value</th>
</tr>
</thead>
<tbody>
<tr>
<td>OS</td>
<td>Windows NT (unknown)</td>
</tr>
<tr>
<td>User Name</td>
<td>SumonK</td>
</tr>
<tr>
<td>Java Version</td>
<td>1.8.0_91</td>
</tr>
<tr>
<td>Test Environment</td>
<td>Staging</td>
</tr>
<tr>
<td>Host Name</td>
<td>EC2AMAZ-FEFP0OS</td>
</tr>
<tr>
<td>Browser Name</td>
<td>Chrome</td>
</tr>
</tbody>
</table>
</div>
</div>
</div>
<div class='category-summary-view'>
<div class='col l4 m6 s12'>
<div class='card-panel'>
<span class='label info outline right'>Categories</span>
<table>
<thead>
<tr>
<th>Name</th>
</tr>
</thead>
<tbody>
<tr>
<td>
Test01Fncast-Log In as an Finecast Global User
</td>
</tr>
<tr>
<td>
Test02Fncast-Create a Parent agency
</td>
</tr>
<tr>
<td>
Test02bFncast-Create a Child agency
</td>
</tr>
<tr>
<td>
Test03Fncast-Create a Parent Advertiser
</td>
</tr>
<tr>
<td>
Test03bFncast-Create a Child advertiser
</td>
</tr>
<tr>
<td>
Test03cFncast-Create a Australia Child advertiser
</td>
</tr>
<tr>
<td>
Test04Fncast-Create an APAC Account
</td>
</tr>
<tr>
<td>
Test04bFncast-Verify all buttons on Account
</td>
</tr>
<tr>
<td>
Test05Fncast-Create a Finecast Opportunity
</td>
</tr>
<tr>
<td>
Test06aFncast-Create New Finecast Contact
</td>
</tr>
<tr>
<td>
Test06bFncast-Create a Contact Role From Opp
</td>
</tr>
<tr>
<td>
Test07bFncast-Create a Finecast Buy Line
</td>
</tr>
<tr>
<td>
Test07baFncast-Create a Finecast Buy Line with current day + 1 Start Date
</td>
</tr>
<tr>
<td>
Test07cFncast-Verify all buttons on Opportunity
</td>
</tr>
<tr>
<td>
Test08Fncast-Add an opportunity team
</td>
</tr>
<tr>
<td>
Test09aFncast-Create a 'New Avails' Case
</td>
</tr>
<tr>
<td>
Test09bFncast-Close 'New Avails' Case
</td>
</tr>
<tr>
<td>
Test09cFncast-Create a 'New Avails' Case on Case Section
</td>
</tr>
<tr>
<td>
Test10aFncast-Create a 'New Campaign Management' Case
</td>
</tr>
<tr>
<td>
Test10bFncast-Close 'New Campaign Management' Case
</td>
</tr>
<tr>
<td>
Test10cFncast-Create a 'New Campaign Management' Case on Case Section
</td>
</tr>
<tr>
<td>
Test11aFncast-Create a 'New Creatives' Case
</td>
</tr>
<tr>
<td>
Test11bFncast-Close 'New Creatives' Case
</td>
</tr>
<tr>
<td>
Test11cFncast-Create a 'New Creatives' Case on Case Section
</td>
</tr>
<tr>
<td>
Test13aFncast-Opp Validation Rules should access Advertiser Opt-In
</td>
</tr>
<tr>
<td>
Test15aFncast-Delete Avails Case
</td>
</tr>
<tr>
<td>
Test15bFncast-Delete Campaign Management Case
</td>
</tr>
<tr>
<td>
Test15cFncast-Delete Creatives Case
</td>
</tr>
<tr>
<td>
Test15dFncast-Delete Avails Case from cases
</td>
</tr>
<tr>
<td>
Test15eFncast-Delete Campaign Management Case from cases
</td>
</tr>
<tr>
<td>
Test15fFncast-Delete Creatives Case from cases
</td>
</tr>
<tr>
<td>
Test15gFncast-Alerts Verificaiton
</td>
</tr>
<tr>
<td>
Test15hFncast-Update different Opp stages
</td>
</tr>
<tr>
<td>
Test16aFncast-Delete an Opportunity
</td>
</tr>
<tr>
<td>
Test16bFncast-Delete an Account
</td>
</tr>
<tr>
<td>
Test16cFncast-Delete Child agency
</td>
</tr>
<tr>
<td>
Test16dFncast-Delete Child advertiser
</td>
</tr>
<tr>
<td>
Test16eFncast-Delete Parent agency
</td>
</tr>
<tr>
<td>
Test16fFncast-Delete Australia Child advertiser
</td>
</tr>
<tr>
<td>
Test16fFncast-Delete Parent advetiser
</td>
</tr>
</tbody>
</table>
</div>
</div>
</div>
</div>
<!-- /dashboard -->

<!-- tests -->
<div id='test-view' class='row _addedTable'>
<div class='col _addedCell1'>
<div class='contents'>
<div class='card-panel heading'>
<h5>Tests</h5>
</div>
<div class='card-panel filters'>
<div>
<a data-activates='tests-toggle' data-constrainwidth='true' data-beloworigin='true' data-hover='true' href='#' class='dropdown-button button tests-toggle'><i class='mdi-action-subject icon'></i></a>
<ul id='tests-toggle' class='dropdown-content'>
<li class='pass'><a href='#!'>Pass</a></li>
<li class='fail'><a href='#!'>Fail</a></li>
<li class='skip'><a href='#!'>Skip</a></li>
<li class='divider'></li>
<li class='clear'><a href='#!'>Clear Filters</a></li>
</ul>
</div>
<div>
<a data-activates='category-toggle' data-constrainwidth='false' data-beloworigin='true' data-hover='true' href='#' class='category-toggle dropdown-button button'><i class='mdi-maps-local-offer icon'></i></a>
<ul id='category-toggle' class='dropdown-content'>
<li class='Test01Fncast-Log In as an Finecast Global User'><a href='#!'>Test01Fncast-Log In as an Finecast Global User</a></li>
<li class='Test02Fncast-Create a Parent agency'><a href='#!'>Test02Fncast-Create a Parent agency</a></li>
<li class='Test02bFncast-Create a Child agency'><a href='#!'>Test02bFncast-Create a Child agency</a></li>
<li class='Test03Fncast-Create a Parent Advertiser'><a href='#!'>Test03Fncast-Create a Parent Advertiser</a></li>
<li class='Test03bFncast-Create a Child advertiser'><a href='#!'>Test03bFncast-Create a Child advertiser</a></li>
<li class='Test03cFncast-Create a Australia Child advertiser'><a href='#!'>Test03cFncast-Create a Australia Child advertiser</a></li>
<li class='Test04Fncast-Create an APAC Account'><a href='#!'>Test04Fncast-Create an APAC Account</a></li>
<li class='Test04bFncast-Verify all buttons on Account'><a href='#!'>Test04bFncast-Verify all buttons on Account</a></li>
<li class='Test05Fncast-Create a Finecast Opportunity'><a href='#!'>Test05Fncast-Create a Finecast Opportunity</a></li>
<li class='Test06aFncast-Create New Finecast Contact'><a href='#!'>Test06aFncast-Create New Finecast Contact</a></li>
<li class='Test06bFncast-Create a Contact Role From Opp'><a href='#!'>Test06bFncast-Create a Contact Role From Opp</a></li>
<li class='Test07bFncast-Create a Finecast Buy Line'><a href='#!'>Test07bFncast-Create a Finecast Buy Line</a></li>
<li class='Test07baFncast-Create a Finecast Buy Line with current day + 1 Start Date'><a href='#!'>Test07baFncast-Create a Finecast Buy Line with current day + 1 Start Date</a></li>
<li class='Test07cFncast-Verify all buttons on Opportunity'><a href='#!'>Test07cFncast-Verify all buttons on Opportunity</a></li>
<li class='Test08Fncast-Add an opportunity team'><a href='#!'>Test08Fncast-Add an opportunity team</a></li>
<li class='Test09aFncast-Create a 'New Avails' Case'><a href='#!'>Test09aFncast-Create a 'New Avails' Case</a></li>
<li class='Test09bFncast-Close 'New Avails' Case'><a href='#!'>Test09bFncast-Close 'New Avails' Case</a></li>
<li class='Test09cFncast-Create a 'New Avails' Case on Case Section'><a href='#!'>Test09cFncast-Create a 'New Avails' Case on Case Section</a></li>
<li class='Test10aFncast-Create a 'New Campaign Management' Case'><a href='#!'>Test10aFncast-Create a 'New Campaign Management' Case</a></li>
<li class='Test10bFncast-Close 'New Campaign Management' Case'><a href='#!'>Test10bFncast-Close 'New Campaign Management' Case</a></li>
<li class='Test10cFncast-Create a 'New Campaign Management' Case on Case Section'><a href='#!'>Test10cFncast-Create a 'New Campaign Management' Case on Case Section</a></li>
<li class='Test11aFncast-Create a 'New Creatives' Case'><a href='#!'>Test11aFncast-Create a 'New Creatives' Case</a></li>
<li class='Test11bFncast-Close 'New Creatives' Case'><a href='#!'>Test11bFncast-Close 'New Creatives' Case</a></li>
<li class='Test11cFncast-Create a 'New Creatives' Case on Case Section'><a href='#!'>Test11cFncast-Create a 'New Creatives' Case on Case Section</a></li>
<li class='Test13aFncast-Opp Validation Rules should access Advertiser Opt-In'><a href='#!'>Test13aFncast-Opp Validation Rules should access Advertiser Opt-In</a></li>
<li class='Test15aFncast-Delete Avails Case'><a href='#!'>Test15aFncast-Delete Avails Case</a></li>
<li class='Test15bFncast-Delete Campaign Management Case'><a href='#!'>Test15bFncast-Delete Campaign Management Case</a></li>
<li class='Test15cFncast-Delete Creatives Case'><a href='#!'>Test15cFncast-Delete Creatives Case</a></li>
<li class='Test15dFncast-Delete Avails Case from cases'><a href='#!'>Test15dFncast-Delete Avails Case from cases</a></li>
<li class='Test15eFncast-Delete Campaign Management Case from cases'><a href='#!'>Test15eFncast-Delete Campaign Management Case from cases</a></li>
<li class='Test15fFncast-Delete Creatives Case from cases'><a href='#!'>Test15fFncast-Delete Creatives Case from cases</a></li>
<li class='Test15gFncast-Alerts Verificaiton'><a href='#!'>Test15gFncast-Alerts Verificaiton</a></li>
<li class='Test15hFncast-Update different Opp stages'><a href='#!'>Test15hFncast-Update different Opp stages</a></li>
<li class='Test16aFncast-Delete an Opportunity'><a href='#!'>Test16aFncast-Delete an Opportunity</a></li>
<li class='Test16bFncast-Delete an Account'><a href='#!'>Test16bFncast-Delete an Account</a></li>
<li class='Test16cFncast-Delete Child agency'><a href='#!'>Test16cFncast-Delete Child agency</a></li>
<li class='Test16dFncast-Delete Child advertiser'><a href='#!'>Test16dFncast-Delete Child advertiser</a></li>
<li class='Test16eFncast-Delete Parent agency'><a href='#!'>Test16eFncast-Delete Parent agency</a></li>
<li class='Test16fFncast-Delete Australia Child advertiser'><a href='#!'>Test16fFncast-Delete Australia Child advertiser</a></li>
<li class='Test16fFncast-Delete Parent advetiser'><a href='#!'>Test16fFncast-Delete Parent advetiser</a></li>
<li class='divider'></li>
<li class='clear'><a href='#!'>Clear Filters</a></li>
</ul>
</div>
<div>
<a id='clear-filters' alt='Clear Filters' title='Clear Filters'><i class='mdi-navigation-close icon'></i></a>
</div>
<div>&nbsp;&middot;&nbsp;</div>
<div>
<a id='enableDashboard' alt='Enable Dashboard' title='Enable Dashboard'><i class='mdi-action-track-changes icon'></i></a>
</div>
<div>
<a id='refreshCharts' alt='Refresh Charts on Filters' title='Refresh Charts on Filters' class='enabled'><i class='mdi-navigation-refresh icon'></i></i></a>
</div>
<div>&nbsp;&middot;</div>
<div class='search' alt='Search Tests' title='Search Tests'>
<div class='input-field left'>
<input id='searchTests' type='text' class='validate' placeholder='Search Tests...'>
</div>
<i class='mdi-action-search icon'></i>
</div>
</div>
<div class='card-panel no-padding-h no-padding-v no-margin-v'>
<div class='wrapper'>
<ul id='test-collection' class='test-collection'>
<li class='collection-item test displayed active pass ' extentid='5653b82c-31bd-4d13-af43-9ed71e3f6722'>
<div class='test-head'>
<span class='test-name'>Finecast_UK_Suite_Test01LogInUserTest </span>
<span class='test-status label right outline capitalize pass'>pass</span>
<span class='category-assigned hide  test01fncast-loginasanfinecastglobaluser'></span>
</div>
<div class='test-body'>
<div class='test-info'>
<span title='Test started time' alt='Test started time' class='test-started-time label green lighten-1 text-white'>2019-10-01 15:07:40</span>
<span title='Test ended time' alt='Test ended time' class='test-ended-time label red lighten-1 text-white'>2019-10-01 15:07:58</span>
<span title='Time taken to finish' alt='Time taken to finish' class='test-time-taken label blue-grey lighten-3 text-white'>0h 0m 18s+0ms</span>
</div>
<div class='test-desc'></div>
<div class='test-attributes'>
<div class='categories'>
<span class='category text-white'>Test01Fncast-Log In as an Finecast Global User</span>
</div>
</div>
<div class='test-steps'>
<table class='bordered table-results'>
<thead>
<tr>
<th>Status</th>
<th>Timestamp</th>
<th>Details</th>
</tr>
</thead>
<tbody>
<tr>
<td class='status info' title='info' alt='info'><i class='mdi-action-info-outline'></i></td>
<td class='timestamp'>15:07:40</td>
<td class='step-details'>TEST STARTED:</td>
</tr>
<tr>
<td class='status info' title='info' alt='info'><i class='mdi-action-info-outline'></i></td>
<td class='timestamp'>15:07:40</td>
<td class='step-details'>Waiting 1800 milliseconds on a page</td>
</tr>
<tr>
<td class='status info' title='info' alt='info'><i class='mdi-action-info-outline'></i></td>
<td class='timestamp'>15:07:42</td>
<td class='step-details'>Navigating to url https://test.salesforce.com</td>
</tr>
<tr>
<td class='status info' title='info' alt='info'><i class='mdi-action-info-outline'></i></td>
<td class='timestamp'>15:07:44</td>
<td class='step-details'>Entering key word sumon.kashem@xaxis.com.fc.fcqa2 on UserName Field</td>
</tr>
<tr>
<td class='status info' title='info' alt='info'><i class='mdi-action-info-outline'></i></td>
<td class='timestamp'>15:07:45</td>
<td class='step-details'>Entering key word on Password Field</td>
</tr>
<tr>
<td class='status info' title='info' alt='info'><i class='mdi-action-info-outline'></i></td>
<td class='timestamp'>15:07:45</td>
<td class='step-details'>Clicking on LogIn Button</td>
</tr>
<tr>
<td class='status pass' title='pass' alt='pass'><i class='mdi-action-check-circle'></i></td>
<td class='timestamp'>15:07:49</td>
<td class='step-details'>Text value - Sumon Kashem exist as expected on Nav Label</td>
</tr>
<tr>
<td class='status info' title='info' alt='info'><i class='mdi-action-info-outline'></i></td>
<td class='timestamp'>15:07:49</td>
<td class='step-details'>Entering key word Livvy Button on Search Field</td>
</tr>
<tr>
<td class='status info' title='info' alt='info'><i class='mdi-action-info-outline'></i></td>
<td class='timestamp'>15:07:50</td>
<td class='step-details'>Clicking on Search Button</td>
</tr>
<tr>
<td class='status info' title='info' alt='info'><i class='mdi-action-info-outline'></i></td>
<td class='timestamp'>15:07:52</td>
<td class='step-details'>Clicking on Display Name Link</td>
</tr>
<tr>
<td class='status info' title='info' alt='info'><i class='mdi-action-info-outline'></i></td>
<td class='timestamp'>15:07:54</td>
<td class='step-details'>Clicking on User Action Dropdown</td>
</tr>
<tr>
<td class='status info' title='info' alt='info'><i class='mdi-action-info-outline'></i></td>
<td class='timestamp'>15:07:55</td>
<td class='step-details'>Clicking on User Detail Link</td>
</tr>
<tr>
<td class='status info' title='info' alt='info'><i class='mdi-action-info-outline'></i></td>
<td class='timestamp'>15:07:56</td>
<td class='step-details'>Clicking on LogIn Button</td>
</tr>
<tr>
<td class='status pass' title='pass' alt='pass'><i class='mdi-action-check-circle'></i></td>
<td class='timestamp'>15:07:58</td>
<td class='step-details'>Text value - Logged in as Livvy Button (livvy.button@finecast.com.fcqa2) exist as expected on Home Page</td>
</tr>
<tr>
<td class='status info' title='info' alt='info'><i class='mdi-action-info-outline'></i></td>
<td class='timestamp'>15:07:58</td>
<td class='step-details'>Total Execution Time for Test Suite: : 0:00:17</td>
</tr>
<tr>
<td class='status info' title='info' alt='info'><i class='mdi-action-info-outline'></i></td>
<td class='timestamp'>15:07:58</td>
<td class='step-details'>********************* END OF AUTOMATION TEST *********************</td>
</tr>
<tr>
<td class='status info' title='info' alt='info'><i class='mdi-action-info-outline'></i></td>
<td class='timestamp'>15:07:58</td>
<td class='step-details'>TEST RESULT SAVED IN: FitNesseRoot/files/testResults/ExtentReport/STAGING/AutomationReport191001-0307.html</td>
</tr>
</tbody>
</table>
<ul class='collapsible node-list' data-collapsible='accordion'>
</ul>
</div>
</div>
</li>
<li class='collection-item test displayed active pass ' extentid='9ab24076-9b5c-47e5-9426-452dbe11cb67'>
<div class='test-head'>
<span class='test-name'>Finecast_UK_Suite_Test02CreateParentAgencyTest </span>
<span class='test-status label right outline capitalize pass'>pass</span>
<span class='category-assigned hide  test02fncast-createaparentagency'></span>
</div>
<div class='test-body'>
<div class='test-info'>
<span title='Test started time' alt='Test started time' class='test-started-time label green lighten-1 text-white'>2019-10-01 15:08:00</span>
<span title='Test ended time' alt='Test ended time' class='test-ended-time label red lighten-1 text-white'>2019-10-01 15:08:09</span>
<span title='Time taken to finish' alt='Time taken to finish' class='test-time-taken label blue-grey lighten-3 text-white'>0h 0m 9s+0ms</span>
</div>
<div class='test-desc'></div>
<div class='test-attributes'>
<div class='categories'>
<span class='category text-white'>Test02Fncast-Create a Parent agency</span>
</div>
</div>
<div class='test-steps'>
<table class='bordered table-results'>
<thead>
<tr>
<th>Status</th>
<th>Timestamp</th>
<th>Details</th>
</tr>
</thead>
<tbody>
<tr>
<td class='status info' title='info' alt='info'><i class='mdi-action-info-outline'></i></td>
<td class='timestamp'>15:08:00</td>
<td class='step-details'>TEST STARTED:</td>
</tr>
<tr>
<td class='status info' title='info' alt='info'><i class='mdi-action-info-outline'></i></td>
<td class='timestamp'>15:08:00</td>
<td class='step-details'>Clicking on + icon Tab</td>
</tr>
<tr>
<td class='status info' title='info' alt='info'><i class='mdi-action-info-outline'></i></td>
<td class='timestamp'>15:08:02</td>
<td class='step-details'>Clicking on Companies Tab</td>
</tr>
<tr>
<td class='status info' title='info' alt='info'><i class='mdi-action-info-outline'></i></td>
<td class='timestamp'>15:08:03</td>
<td class='step-details'>Clicking on New Button</td>
</tr>
<tr>
<td class='status info' title='info' alt='info'><i class='mdi-action-info-outline'></i></td>
<td class='timestamp'>15:08:04</td>
<td class='step-details'>selecting value Parent Agency on Company Dropdown</td>
</tr>
<tr>
<td class='status info' title='info' alt='info'><i class='mdi-action-info-outline'></i></td>
<td class='timestamp'>15:08:04</td>
<td class='step-details'>Clicking on Continue Button</td>
</tr>
<tr>
<td class='status info' title='info' alt='info'><i class='mdi-action-info-outline'></i></td>
<td class='timestamp'>15:08:05</td>
<td class='step-details'>Waiting 1300 milliseconds on a page</td>
</tr>
<tr>
<td class='status info' title='info' alt='info'><i class='mdi-action-info-outline'></i></td>
<td class='timestamp'>15:08:06</td>
<td class='step-details'>Entering key word QA Test Finecast Parent Agency-191001-0307 on Company Name Field</td>
</tr>
<tr>
<td class='status info' title='info' alt='info'><i class='mdi-action-info-outline'></i></td>
<td class='timestamp'>15:08:07</td>
<td class='step-details'>selecting value EMEA on Market Dropdown</td>
</tr>
<tr>
<td class='status info' title='info' alt='info'><i class='mdi-action-info-outline'></i></td>
<td class='timestamp'>15:08:07</td>
<td class='step-details'>selecting value United Kingdom on Market Dropdown</td>
</tr>
<tr>
<td class='status info' title='info' alt='info'><i class='mdi-action-info-outline'></i></td>
<td class='timestamp'>15:08:07</td>
<td class='step-details'>selecting value Agency on Company Type Dropdown</td>
</tr>
<tr>
<td class='status info' title='info' alt='info'><i class='mdi-action-info-outline'></i></td>
<td class='timestamp'>15:08:07</td>
<td class='step-details'>selecting value index of 1 on Parent Agency Dropdown</td>
</tr>
<tr>
<td class='status info' title='info' alt='info'><i class='mdi-action-info-outline'></i></td>
<td class='timestamp'>15:08:07</td>
<td class='step-details'>selecting value index of 1 on Assigned To Team Dropdown</td>
</tr>
<tr>
<td class='status info' title='info' alt='info'><i class='mdi-action-info-outline'></i></td>
<td class='timestamp'>15:08:07</td>
<td class='step-details'>Clicking on Save Button</td>
</tr>
<tr>
<td class='status pass' title='pass' alt='pass'><i class='mdi-action-check-circle'></i></td>
<td class='timestamp'>15:08:09</td>
<td class='step-details'>Text value - QA Test Finecast Parent Agency-191001-0307 exist as expected on Company Detail page</td>
</tr>
<tr>
<td class='status info' title='info' alt='info'><i class='mdi-action-info-outline'></i></td>
<td class='timestamp'>15:08:09</td>
<td class='step-details'>Capturing current page url</td>
</tr>
<tr>
<td class='status info' title='info' alt='info'><i class='mdi-action-info-outline'></i></td>
<td class='timestamp'>15:08:09</td>
<td class='step-details'>Total Execution Time for Test Suite: : 0:00:08</td>
</tr>
<tr>
<td class='status info' title='info' alt='info'><i class='mdi-action-info-outline'></i></td>
<td class='timestamp'>15:08:09</td>
<td class='step-details'>********************* END OF AUTOMATION TEST *********************</td>
</tr>
<tr>
<td class='status info' title='info' alt='info'><i class='mdi-action-info-outline'></i></td>
<td class='timestamp'>15:08:09</td>
<td class='step-details'>TEST RESULT SAVED IN: FitNesseRoot/files/testResults/ExtentReport/STAGING/AutomationReport191001-0307.html</td>
</tr>
</tbody>
</table>
<ul class='collapsible node-list' data-collapsible='accordion'>
</ul>
</div>
</div>
</li>
<li class='collection-item test displayed active pass ' extentid='291b2607-345b-46e5-8186-02c1844cc601'>
<div class='test-head'>
<span class='test-name'>Finecast_UK_Suite_Test02bCreateChildAgencyTest </span>
<span class='test-status label right outline capitalize pass'>pass</span>
<span class='category-assigned hide  test02bfncast-createachildagency'></span>
</div>
<div class='test-body'>
<div class='test-info'>
<span title='Test started time' alt='Test started time' class='test-started-time label green lighten-1 text-white'>2019-10-01 15:08:11</span>
<span title='Test ended time' alt='Test ended time' class='test-ended-time label red lighten-1 text-white'>2019-10-01 15:08:20</span>
<span title='Time taken to finish' alt='Time taken to finish' class='test-time-taken label blue-grey lighten-3 text-white'>0h 0m 9s+0ms</span>
</div>
<div class='test-desc'></div>
<div class='test-attributes'>
<div class='categories'>
<span class='category text-white'>Test02bFncast-Create a Child agency</span>
</div>
</div>
<div class='test-steps'>
<table class='bordered table-results'>
<thead>
<tr>
<th>Status</th>
<th>Timestamp</th>
<th>Details</th>
</tr>
</thead>
<tbody>
<tr>
<td class='status info' title='info' alt='info'><i class='mdi-action-info-outline'></i></td>
<td class='timestamp'>15:08:11</td>
<td class='step-details'>TEST STARTED:</td>
</tr>
<tr>
<td class='status info' title='info' alt='info'><i class='mdi-action-info-outline'></i></td>
<td class='timestamp'>15:08:11</td>
<td class='step-details'>Clicking on + icon Tab</td>
</tr>
<tr>
<td class='status info' title='info' alt='info'><i class='mdi-action-info-outline'></i></td>
<td class='timestamp'>15:08:12</td>
<td class='step-details'>Clicking on Companies Tab</td>
</tr>
<tr>
<td class='status info' title='info' alt='info'><i class='mdi-action-info-outline'></i></td>
<td class='timestamp'>15:08:13</td>
<td class='step-details'>Clicking on New Button</td>
</tr>
<tr>
<td class='status info' title='info' alt='info'><i class='mdi-action-info-outline'></i></td>
<td class='timestamp'>15:08:14</td>
<td class='step-details'>selecting value Child Agency on Company Dropdown</td>
</tr>
<tr>
<td class='status info' title='info' alt='info'><i class='mdi-action-info-outline'></i></td>
<td class='timestamp'>15:08:14</td>
<td class='step-details'>Clicking on Continue Button</td>
</tr>
<tr>
<td class='status info' title='info' alt='info'><i class='mdi-action-info-outline'></i></td>
<td class='timestamp'>15:08:15</td>
<td class='step-details'>Waiting 2300 milliseconds on a page</td>
</tr>
<tr>
<td class='status info' title='info' alt='info'><i class='mdi-action-info-outline'></i></td>
<td class='timestamp'>15:08:17</td>
<td class='step-details'>Entering key word QA Test Finecast Child Agency-191001-0307 on Company Name Field</td>
</tr>
<tr>
<td class='status info' title='info' alt='info'><i class='mdi-action-info-outline'></i></td>
<td class='timestamp'>15:08:18</td>
<td class='step-details'>selecting value EMEA on Market Dropdown</td>
</tr>
<tr>
<td class='status info' title='info' alt='info'><i class='mdi-action-info-outline'></i></td>
<td class='timestamp'>15:08:18</td>
<td class='step-details'>selecting value United Kingdom on Market Dropdown</td>
</tr>
<tr>
<td class='status info' title='info' alt='info'><i class='mdi-action-info-outline'></i></td>
<td class='timestamp'>15:08:18</td>
<td class='step-details'>Entering key word QA Test Finecast Parent Agency-191001-0307 on Parent Company Field</td>
</tr>
<tr>
<td class='status info' title='info' alt='info'><i class='mdi-action-info-outline'></i></td>
<td class='timestamp'>15:08:18</td>
<td class='step-details'>selecting value Agency on Company Type Dropdown</td>
</tr>
<tr>
<td class='status info' title='info' alt='info'><i class='mdi-action-info-outline'></i></td>
<td class='timestamp'>15:08:19</td>
<td class='step-details'>selecting value 85% on Net Rate Dropdown</td>
</tr>
<tr>
<td class='status info' title='info' alt='info'><i class='mdi-action-info-outline'></i></td>
<td class='timestamp'>15:08:19</td>
<td class='step-details'>Clicking on Save Button</td>
</tr>
<tr>
<td class='status pass' title='pass' alt='pass'><i class='mdi-action-check-circle'></i></td>
<td class='timestamp'>15:08:20</td>
<td class='step-details'>Text value - QA Test Finecast Child Agency-191001-0307 exist as expected on Company Detail page</td>
</tr>
<tr>
<td class='status info' title='info' alt='info'><i class='mdi-action-info-outline'></i></td>
<td class='timestamp'>15:08:20</td>
<td class='step-details'>Capturing current page url</td>
</tr>
<tr>
<td class='status info' title='info' alt='info'><i class='mdi-action-info-outline'></i></td>
<td class='timestamp'>15:08:20</td>
<td class='step-details'>Total Execution Time for Test Suite: : 0:00:08</td>
</tr>
<tr>
<td class='status info' title='info' alt='info'><i class='mdi-action-info-outline'></i></td>
<td class='timestamp'>15:08:20</td>
<td class='step-details'>********************* END OF AUTOMATION TEST *********************</td>
</tr>
<tr>
<td class='status info' title='info' alt='info'><i class='mdi-action-info-outline'></i></td>
<td class='timestamp'>15:08:20</td>
<td class='step-details'>TEST RESULT SAVED IN: FitNesseRoot/files/testResults/ExtentReport/STAGING/AutomationReport191001-0307.html</td>
</tr>
</tbody>
</table>
<ul class='collapsible node-list' data-collapsible='accordion'>
</ul>
</div>
</div>
</li>
<li class='collection-item test displayed active pass ' extentid='6cbfce36-86bd-4afc-b35b-cf2592719f15'>
<div class='test-head'>
<span class='test-name'>Finecast_UK_Suite_Test03CreateParentAdvertiserTest </span>
<span class='test-status label right outline capitalize pass'>pass</span>
<span class='category-assigned hide  test03fncast-createaparentadvertiser'></span>
</div>
<div class='test-body'>
<div class='test-info'>
<span title='Test started time' alt='Test started time' class='test-started-time label green lighten-1 text-white'>2019-10-01 15:08:22</span>
<span title='Test ended time' alt='Test ended time' class='test-ended-time label red lighten-1 text-white'>2019-10-01 15:08:31</span>
<span title='Time taken to finish' alt='Time taken to finish' class='test-time-taken label blue-grey lighten-3 text-white'>0h 0m 9s+0ms</span>
</div>
<div class='test-desc'></div>
<div class='test-attributes'>
<div class='categories'>
<span class='category text-white'>Test03Fncast-Create a Parent Advertiser</span>
</div>
</div>
<div class='test-steps'>
<table class='bordered table-results'>
<thead>
<tr>
<th>Status</th>
<th>Timestamp</th>
<th>Details</th>
</tr>
</thead>
<tbody>
<tr>
<td class='status info' title='info' alt='info'><i class='mdi-action-info-outline'></i></td>
<td class='timestamp'>15:08:22</td>
<td class='step-details'>TEST STARTED:</td>
</tr>
<tr>
<td class='status info' title='info' alt='info'><i class='mdi-action-info-outline'></i></td>
<td class='timestamp'>15:08:22</td>
<td class='step-details'>Clicking on + icon Tab</td>
</tr>
<tr>
<td class='status info' title='info' alt='info'><i class='mdi-action-info-outline'></i></td>
<td class='timestamp'>15:08:23</td>
<td class='step-details'>Clicking on Companies Tab</td>
</tr>
<tr>
<td class='status info' title='info' alt='info'><i class='mdi-action-info-outline'></i></td>
<td class='timestamp'>15:08:24</td>
<td class='step-details'>Clicking on New Button</td>
</tr>
<tr>
<td class='status info' title='info' alt='info'><i class='mdi-action-info-outline'></i></td>
<td class='timestamp'>15:08:25</td>
<td class='step-details'>selecting value Parent Advertiser on Company Dropdown</td>
</tr>
<tr>
<td class='status info' title='info' alt='info'><i class='mdi-action-info-outline'></i></td>
<td class='timestamp'>15:08:25</td>
<td class='step-details'>Clicking on Continue Button</td>
</tr>
<tr>
<td class='status info' title='info' alt='info'><i class='mdi-action-info-outline'></i></td>
<td class='timestamp'>15:08:26</td>
<td class='step-details'>Waiting 2000 milliseconds on a page</td>
</tr>
<tr>
<td class='status info' title='info' alt='info'><i class='mdi-action-info-outline'></i></td>
<td class='timestamp'>15:08:28</td>
<td class='step-details'>Entering key word QA Test Finecast UK Parent Advertiser-191001-0307 on Company Name Field</td>
</tr>
<tr>
<td class='status info' title='info' alt='info'><i class='mdi-action-info-outline'></i></td>
<td class='timestamp'>15:08:28</td>
<td class='step-details'>selecting value Advertiser on Company Type Dropdown</td>
</tr>
<tr>
<td class='status info' title='info' alt='info'><i class='mdi-action-info-outline'></i></td>
<td class='timestamp'>15:08:28</td>
<td class='step-details'>selecting value index of 1 on Client Tier Dropdown</td>
</tr>
<tr>
<td class='status info' title='info' alt='info'><i class='mdi-action-info-outline'></i></td>
<td class='timestamp'>15:08:28</td>
<td class='step-details'>Clicking on Save Button</td>
</tr>
<tr>
<td class='status pass' title='pass' alt='pass'><i class='mdi-action-check-circle'></i></td>
<td class='timestamp'>15:08:31</td>
<td class='step-details'>Text value - QA Test Finecast UK Parent Advertiser-191001-0307 exist as expected on Company Detail Page</td>
</tr>
<tr>
<td class='status info' title='info' alt='info'><i class='mdi-action-info-outline'></i></td>
<td class='timestamp'>15:08:31</td>
<td class='step-details'>Capturing current page url</td>
</tr>
<tr>
<td class='status info' title='info' alt='info'><i class='mdi-action-info-outline'></i></td>
<td class='timestamp'>15:08:31</td>
<td class='step-details'>Total Execution Time for Test Suite: : 0:00:08</td>
</tr>
<tr>
<td class='status info' title='info' alt='info'><i class='mdi-action-info-outline'></i></td>
<td class='timestamp'>15:08:31</td>
<td class='step-details'>********************* END OF AUTOMATION TEST *********************</td>
</tr>
<tr>
<td class='status info' title='info' alt='info'><i class='mdi-action-info-outline'></i></td>
<td class='timestamp'>15:08:31</td>
<td class='step-details'>TEST RESULT SAVED IN: FitNesseRoot/files/testResults/ExtentReport/STAGING/AutomationReport191001-0307.html</td>
</tr>
</tbody>
</table>
<ul class='collapsible node-list' data-collapsible='accordion'>
</ul>
</div>
</div>
</li>
<li class='collection-item test displayed active pass ' extentid='6d771d61-87ad-438f-998d-4234d1508ca6'>
<div class='test-head'>
<span class='test-name'>Finecast_UK_Suite_Test03bCreateChildAdvertiserTest </span>
<span class='test-status label right outline capitalize pass'>pass</span>
<span class='category-assigned hide  test03bfncast-createachildadvertiser'></span>
</div>
<div class='test-body'>
<div class='test-info'>
<span title='Test started time' alt='Test started time' class='test-started-time label green lighten-1 text-white'>2019-10-01 15:08:33</span>
<span title='Test ended time' alt='Test ended time' class='test-ended-time label red lighten-1 text-white'>2019-10-01 15:08:46</span>
<span title='Time taken to finish' alt='Time taken to finish' class='test-time-taken label blue-grey lighten-3 text-white'>0h 0m 13s+0ms</span>
</div>
<div class='test-desc'></div>
<div class='test-attributes'>
<div class='categories'>
<span class='category text-white'>Test03bFncast-Create a Child advertiser</span>
</div>
</div>
<div class='test-steps'>
<table class='bordered table-results'>
<thead>
<tr>
<th>Status</th>
<th>Timestamp</th>
<th>Details</th>
</tr>
</thead>
<tbody>
<tr>
<td class='status info' title='info' alt='info'><i class='mdi-action-info-outline'></i></td>
<td class='timestamp'>15:08:33</td>
<td class='step-details'>TEST STARTED:</td>
</tr>
<tr>
<td class='status info' title='info' alt='info'><i class='mdi-action-info-outline'></i></td>
<td class='timestamp'>15:08:33</td>
<td class='step-details'>Clicking on + icon Tab</td>
</tr>
<tr>
<td class='status info' title='info' alt='info'><i class='mdi-action-info-outline'></i></td>
<td class='timestamp'>15:08:34</td>
<td class='step-details'>Clicking on Companies Tab</td>
</tr>
<tr>
<td class='status info' title='info' alt='info'><i class='mdi-action-info-outline'></i></td>
<td class='timestamp'>15:08:34</td>
<td class='step-details'>Clicking on New Button</td>
</tr>
<tr>
<td class='status info' title='info' alt='info'><i class='mdi-action-info-outline'></i></td>
<td class='timestamp'>15:08:35</td>
<td class='step-details'>selecting value Child Advertiser on Company Dropdown</td>
</tr>
<tr>
<td class='status info' title='info' alt='info'><i class='mdi-action-info-outline'></i></td>
<td class='timestamp'>15:08:35</td>
<td class='step-details'>Clicking on Continue Button</td>
</tr>
<tr>
<td class='status info' title='info' alt='info'><i class='mdi-action-info-outline'></i></td>
<td class='timestamp'>15:08:36</td>
<td class='step-details'>Waiting 2300 milliseconds on a page</td>
</tr>
<tr>
<td class='status info' title='info' alt='info'><i class='mdi-action-info-outline'></i></td>
<td class='timestamp'>15:08:39</td>
<td class='step-details'>Entering key word QA Test Finecast Child Advertiser-191001-0307 on Company Name Field</td>
</tr>
<tr>
<td class='status info' title='info' alt='info'><i class='mdi-action-info-outline'></i></td>
<td class='timestamp'>15:08:39</td>
<td class='step-details'>selecting value Advertiser on Company Type Dropdown</td>
</tr>
<tr>
<td class='status info' title='info' alt='info'><i class='mdi-action-info-outline'></i></td>
<td class='timestamp'>15:08:39</td>
<td class='step-details'>Waiting 1900 milliseconds on a page</td>
</tr>
<tr>
<td class='status info' title='info' alt='info'><i class='mdi-action-info-outline'></i></td>
<td class='timestamp'>15:08:41</td>
<td class='step-details'>Entering key word QA Test Finecast UK Parent Advertiser-191001-0307 on Parent Company Field</td>
</tr>
<tr>
<td class='status info' title='info' alt='info'><i class='mdi-action-info-outline'></i></td>
<td class='timestamp'>15:08:42</td>
<td class='step-details'>Entering key word 001 on Radia Advertiser Text Field</td>
</tr>
<tr>
<td class='status info' title='info' alt='info'><i class='mdi-action-info-outline'></i></td>
<td class='timestamp'>15:08:42</td>
<td class='step-details'>selecting value United Kingdom on Market Dropdown</td>
</tr>
<tr>
<td class='status info' title='info' alt='info'><i class='mdi-action-info-outline'></i></td>
<td class='timestamp'>15:08:42</td>
<td class='step-details'>selecting value Appliances on Industry Dropdown</td>
</tr>
<tr>
<td class='status info' title='info' alt='info'><i class='mdi-action-info-outline'></i></td>
<td class='timestamp'>15:08:42</td>
<td class='step-details'>selecting value Credit Exceeded on Industry Dropdown</td>
</tr>
<tr>
<td class='status info' title='info' alt='info'><i class='mdi-action-info-outline'></i></td>
<td class='timestamp'>15:08:43</td>
<td class='step-details'>Entering key word Opt-In Notes Test on Opt-in Status Notes Field</td>
</tr>
<tr>
<td class='status info' title='info' alt='info'><i class='mdi-action-info-outline'></i></td>
<td class='timestamp'>15:08:43</td>
<td class='step-details'>Clicking on Opt-in Status Date Link</td>
</tr>
<tr>
<td class='status info' title='info' alt='info'><i class='mdi-action-info-outline'></i></td>
<td class='timestamp'>15:08:43</td>
<td class='step-details'>Clicking on Save Button</td>
</tr>
<tr>
<td class='status pass' title='pass' alt='pass'><i class='mdi-action-check-circle'></i></td>
<td class='timestamp'>15:08:46</td>
<td class='step-details'>Text value - QA Test Finecast Child Advertiser-191001-0307 exist as expected on Company Detail Page</td>
</tr>
<tr>
<td class='status info' title='info' alt='info'><i class='mdi-action-info-outline'></i></td>
<td class='timestamp'>15:08:46</td>
<td class='step-details'>Capturing current page url</td>
</tr>
<tr>
<td class='status info' title='info' alt='info'><i class='mdi-action-info-outline'></i></td>
<td class='timestamp'>15:08:46</td>
<td class='step-details'>Total Execution Time for Test Suite: : 0:00:13</td>
</tr>
<tr>
<td class='status info' title='info' alt='info'><i class='mdi-action-info-outline'></i></td>
<td class='timestamp'>15:08:46</td>
<td class='step-details'>********************* END OF AUTOMATION TEST *********************</td>
</tr>
<tr>
<td class='status info' title='info' alt='info'><i class='mdi-action-info-outline'></i></td>
<td class='timestamp'>15:08:46</td>
<td class='step-details'>TEST RESULT SAVED IN: FitNesseRoot/files/testResults/ExtentReport/STAGING/AutomationReport191001-0307.html</td>
</tr>
</tbody>
</table>
<ul class='collapsible node-list' data-collapsible='accordion'>
</ul>
</div>
</div>
</li>
<li class='collection-item test displayed active pass ' extentid='98939e7c-a631-4ed3-a2f3-e5bceef88a74'>
<div class='test-head'>
<span class='test-name'>Finecast_UK_Suite_Test03cCreateAusChildAdvertiserTest </span>
<span class='test-status label right outline capitalize pass'>pass</span>
<span class='category-assigned hide  test03cfncast-createaaustraliachildadvertiser'></span>
</div>
<div class='test-body'>
<div class='test-info'>
<span title='Test started time' alt='Test started time' class='test-started-time label green lighten-1 text-white'>2019-10-01 15:08:48</span>
<span title='Test ended time' alt='Test ended time' class='test-ended-time label red lighten-1 text-white'>2019-10-01 15:09:00</span>
<span title='Time taken to finish' alt='Time taken to finish' class='test-time-taken label blue-grey lighten-3 text-white'>0h 0m 12s+0ms</span>
</div>
<div class='test-desc'></div>
<div class='test-attributes'>
<div class='categories'>
<span class='category text-white'>Test03cFncast-Create a Australia Child advertiser</span>
</div>
</div>
<div class='test-steps'>
<table class='bordered table-results'>
<thead>
<tr>
<th>Status</th>
<th>Timestamp</th>
<th>Details</th>
</tr>
</thead>
<tbody>
<tr>
<td class='status info' title='info' alt='info'><i class='mdi-action-info-outline'></i></td>
<td class='timestamp'>15:08:48</td>
<td class='step-details'>TEST STARTED:</td>
</tr>
<tr>
<td class='status info' title='info' alt='info'><i class='mdi-action-info-outline'></i></td>
<td class='timestamp'>15:08:48</td>
<td class='step-details'>Clicking on + icon Tab</td>
</tr>
<tr>
<td class='status info' title='info' alt='info'><i class='mdi-action-info-outline'></i></td>
<td class='timestamp'>15:08:49</td>
<td class='step-details'>Clicking on Companies Tab</td>
</tr>
<tr>
<td class='status info' title='info' alt='info'><i class='mdi-action-info-outline'></i></td>
<td class='timestamp'>15:08:50</td>
<td class='step-details'>Clicking on New Button</td>
</tr>
<tr>
<td class='status info' title='info' alt='info'><i class='mdi-action-info-outline'></i></td>
<td class='timestamp'>15:08:51</td>
<td class='step-details'>selecting value Child Advertiser on Company Dropdown</td>
</tr>
<tr>
<td class='status info' title='info' alt='info'><i class='mdi-action-info-outline'></i></td>
<td class='timestamp'>15:08:51</td>
<td class='step-details'>Clicking on Continue Button</td>
</tr>
<tr>
<td class='status info' title='info' alt='info'><i class='mdi-action-info-outline'></i></td>
<td class='timestamp'>15:08:52</td>
<td class='step-details'>Waiting 2300 milliseconds on a page</td>
</tr>
<tr>
<td class='status info' title='info' alt='info'><i class='mdi-action-info-outline'></i></td>
<td class='timestamp'>15:08:54</td>
<td class='step-details'>Entering key word QA Test Finecast Child Advertiser-191001-0307 --AUS on Company Name Field</td>
</tr>
<tr>
<td class='status info' title='info' alt='info'><i class='mdi-action-info-outline'></i></td>
<td class='timestamp'>15:08:55</td>
<td class='step-details'>selecting value Advertiser on Company Type Dropdown</td>
</tr>
<tr>
<td class='status info' title='info' alt='info'><i class='mdi-action-info-outline'></i></td>
<td class='timestamp'>15:08:55</td>
<td class='step-details'>Waiting 1900 milliseconds on a page</td>
</tr>
<tr>
<td class='status info' title='info' alt='info'><i class='mdi-action-info-outline'></i></td>
<td class='timestamp'>15:08:57</td>
<td class='step-details'>Entering key word QA Test Finecast UK Parent Advertiser-191001-0307 on Parent Company Field</td>
</tr>
<tr>
<td class='status info' title='info' alt='info'><i class='mdi-action-info-outline'></i></td>
<td class='timestamp'>15:08:57</td>
<td class='step-details'>Entering key word 001 on Radia Advertiser Text Field</td>
</tr>
<tr>
<td class='status info' title='info' alt='info'><i class='mdi-action-info-outline'></i></td>
<td class='timestamp'>15:08:57</td>
<td class='step-details'>selecting value Australia on Market Dropdown</td>
</tr>
<tr>
<td class='status info' title='info' alt='info'><i class='mdi-action-info-outline'></i></td>
<td class='timestamp'>15:08:57</td>
<td class='step-details'>selecting value Appliances on Industry Dropdown</td>
</tr>
<tr>
<td class='status info' title='info' alt='info'><i class='mdi-action-info-outline'></i></td>
<td class='timestamp'>15:08:58</td>
<td class='step-details'>selecting value Credit Exceeded on Industry Dropdown</td>
</tr>
<tr>
<td class='status info' title='info' alt='info'><i class='mdi-action-info-outline'></i></td>
<td class='timestamp'>15:08:58</td>
<td class='step-details'>Entering key word Opt-In Notes Test on Opt-in Status Notes Field</td>
</tr>
<tr>
<td class='status info' title='info' alt='info'><i class='mdi-action-info-outline'></i></td>
<td class='timestamp'>15:08:58</td>
<td class='step-details'>Clicking on Opt-in Status Date Link</td>
</tr>
<tr>
<td class='status info' title='info' alt='info'><i class='mdi-action-info-outline'></i></td>
<td class='timestamp'>15:08:58</td>
<td class='step-details'>Clicking on Save Button</td>
</tr>
<tr>
<td class='status pass' title='pass' alt='pass'><i class='mdi-action-check-circle'></i></td>
<td class='timestamp'>15:09:00</td>
<td class='step-details'>Text value - QA Test Finecast Child Advertiser-191001-0307 --AUS exist as expected on Company Detail Page</td>
</tr>
<tr>
<td class='status info' title='info' alt='info'><i class='mdi-action-info-outline'></i></td>
<td class='timestamp'>15:09:00</td>
<td class='step-details'>Capturing current page url</td>
</tr>
<tr>
<td class='status info' title='info' alt='info'><i class='mdi-action-info-outline'></i></td>
<td class='timestamp'>15:09:00</td>
<td class='step-details'>Total Execution Time for Test Suite: : 0:00:12</td>
</tr>
<tr>
<td class='status info' title='info' alt='info'><i class='mdi-action-info-outline'></i></td>
<td class='timestamp'>15:09:00</td>
<td class='step-details'>********************* END OF AUTOMATION TEST *********************</td>
</tr>
<tr>
<td class='status info' title='info' alt='info'><i class='mdi-action-info-outline'></i></td>
<td class='timestamp'>15:09:00</td>
<td class='step-details'>TEST RESULT SAVED IN: FitNesseRoot/files/testResults/ExtentReport/STAGING/AutomationReport191001-0307.html</td>
</tr>
</tbody>
</table>
<ul class='collapsible node-list' data-collapsible='accordion'>
</ul>
</div>
</div>
</li>
<li class='collection-item test displayed active fail ' extentid='88434a80-8f9c-4f3f-93bf-f03a0f9fb309'>
<div class='test-head'>
<span class='test-name'>Finecast_UK_Suite_Test04CreateFinecastAccountTest </span>
<span class='test-status label right outline capitalize fail'>fail</span>
<span class='category-assigned hide  test04fncast-createanapacaccount'></span>
</div>
<div class='test-body'>
<div class='test-info'>
<span title='Test started time' alt='Test started time' class='test-started-time label green lighten-1 text-white'>2019-10-01 15:09:02</span>
<span title='Test ended time' alt='Test ended time' class='test-ended-time label red lighten-1 text-white'>2019-10-01 15:09:43</span>
<span title='Time taken to finish' alt='Time taken to finish' class='test-time-taken label blue-grey lighten-3 text-white'>0h 0m 41s+0ms</span>
</div>
<div class='test-desc'></div>
<div class='test-attributes'>
<div class='categories'>
<span class='category text-white'>Test04Fncast-Create an APAC Account</span>
</div>
</div>
<div class='test-steps'>
<table class='bordered table-results'>
<thead>
<tr>
<th>Status</th>
<th>Timestamp</th>
<th>Details</th>
</tr>
</thead>
<tbody>
<tr>
<td class='status info' title='info' alt='info'><i class='mdi-action-info-outline'></i></td>
<td class='timestamp'>15:09:02</td>
<td class='step-details'>TEST STARTED:</td>
</tr>
<tr>
<td class='status info' title='info' alt='info'><i class='mdi-action-info-outline'></i></td>
<td class='timestamp'>15:09:02</td>
<td class='step-details'>Clicking on Accounts Tab</td>
</tr>
<tr>
<td class='status info' title='info' alt='info'><i class='mdi-action-info-outline'></i></td>
<td class='timestamp'>15:09:03</td>
<td class='step-details'>Clicking on New Button</td>
</tr>
<tr>
<td class='status info' title='info' alt='info'><i class='mdi-action-info-outline'></i></td>
<td class='timestamp'>15:09:05</td>
<td class='step-details'>selecting value Finecast Media Buying - EMEA on Record Type Dropdown</td>
</tr>
<tr>
<td class='status info' title='info' alt='info'><i class='mdi-action-info-outline'></i></td>
<td class='timestamp'>15:09:05</td>
<td class='step-details'>Clicking on Continue Button</td>
</tr>
<tr>
<td class='status info' title='info' alt='info'><i class='mdi-action-info-outline'></i></td>
<td class='timestamp'>15:09:08</td>
<td class='step-details'>Waiting 4000 milliseconds on a page</td>
</tr>
<tr>
<td class='status info' title='info' alt='info'><i class='mdi-action-info-outline'></i></td>
<td class='timestamp'>15:09:12</td>
<td class='step-details'>Entering key word QA Test Finecast Child Agency-191001-0307 on Agency Field</td>
</tr>
<tr>
<td class='status info' title='info' alt='info'><i class='mdi-action-info-outline'></i></td>
<td class='timestamp'>15:09:13</td>
<td class='step-details'>Waiting 4000 milliseconds on a page</td>
</tr>
<tr>
<td class='status info' title='info' alt='info'><i class='mdi-action-info-outline'></i></td>
<td class='timestamp'>15:09:17</td>
<td class='step-details'>Entering key word QA Test Finecast Child Advertiser-191001-0307 --AUS on Advertiser Field</td>
</tr>
<tr>
<td class='status info' title='info' alt='info'><i class='mdi-action-info-outline'></i></td>
<td class='timestamp'>15:09:17</td>
<td class='step-details'>Waiting 2800 milliseconds on a page</td>
</tr>
<tr>
<td class='status info' title='info' alt='info'><i class='mdi-action-info-outline'></i></td>
<td class='timestamp'>15:09:20</td>
<td class='step-details'>Clicking on Create Account Button</td>
</tr>
<tr>
<td class='status info' title='info' alt='info'><i class='mdi-action-info-outline'></i></td>
<td class='timestamp'>15:09:20</td>
<td class='step-details'>Waiting 2200 milliseconds on a page</td>
</tr>
<tr>
<td class='status fail' title='fail' alt='fail'><i class='mdi-navigation-cancel'></i></td>
<td class='timestamp'>15:09:24</td>
<td class='step-details'>Expected text 'Agency and Advertiser must be from same Market.' doesn't match the actual text 'Error: Advertiser, Agency and Brand are required to create Account' on Error Message</td>
</tr>
<tr>
<td class='status fail' title='fail' alt='fail'><i class='mdi-navigation-cancel'></i></td>
<td class='timestamp'>15:09:26</td>
<td class='step-details'><img class="report-img" data-featherlight="Screenshots//ScreenShot1iyq34dd3a3w8.png" src="Screenshots//ScreenShot1iyq34dd3a3w8.png"></td>
</tr>
<tr>
<td class='status info' title='info' alt='info'><i class='mdi-action-info-outline'></i></td>
<td class='timestamp'>15:09:26</td>
<td class='step-details'>Waiting 2500 milliseconds on a page</td>
</tr>
<tr>
<td class='status info' title='info' alt='info'><i class='mdi-action-info-outline'></i></td>
<td class='timestamp'>15:09:28</td>
<td class='step-details'>Entering key word QA Test Finecast Child Advertiser-191001-0307 on Advertiser Field</td>
</tr>
<tr>
<td class='status info' title='info' alt='info'><i class='mdi-action-info-outline'></i></td>
<td class='timestamp'>15:09:29</td>
<td class='step-details'>Waiting 2200 milliseconds on a page</td>
</tr>
<tr>
<td class='status info' title='info' alt='info'><i class='mdi-action-info-outline'></i></td>
<td class='timestamp'>15:09:31</td>
<td class='step-details'>Clicking on Create Account Button</td>
</tr>
<tr>
<td class='status fail' title='fail' alt='fail'><i class='mdi-navigation-cancel'></i></td>
<td class='timestamp'>15:09:42</td>
<td class='step-details'>Verification object is not present/visible on Account Name Field</td>
</tr>
<tr>
<td class='status fail' title='fail' alt='fail'><i class='mdi-navigation-cancel'></i></td>
<td class='timestamp'>15:09:43</td>
<td class='step-details'><img class="report-img" data-featherlight="Screenshots//ScreenShotubuq4z0ry1bn.png" src="Screenshots//ScreenShotubuq4z0ry1bn.png"></td>
</tr>
<tr>
<td class='status info' title='info' alt='info'><i class='mdi-action-info-outline'></i></td>
<td class='timestamp'>15:09:43</td>
<td class='step-details'>Total Execution Time for Test Suite: : 0:00:41</td>
</tr>
<tr>
<td class='status info' title='info' alt='info'><i class='mdi-action-info-outline'></i></td>
<td class='timestamp'>15:09:43</td>
<td class='step-details'>********************* END OF AUTOMATION TEST *********************</td>
</tr>
<tr>
<td class='status info' title='info' alt='info'><i class='mdi-action-info-outline'></i></td>
<td class='timestamp'>15:09:43</td>
<td class='step-details'>TEST RESULT SAVED IN: FitNesseRoot/files/testResults/ExtentReport/STAGING/AutomationReport191001-0307.html</td>
</tr>
</tbody>
</table>
<ul class='collapsible node-list' data-collapsible='accordion'>
</ul>
</div>
</div>
</li>
<li class='collection-item test displayed active fail ' extentid='c677c0e7-13cb-46f0-ad40-de0ae6b43b11'>
<div class='test-head'>
<span class='test-name'>Finecast_UK_Suite_Test04bVerifyAllButtonsOnAccountTest </span>
<span class='test-status label right outline capitalize fail'>fail</span>
<span class='category-assigned hide  test04bfncast-verifyallbuttonsonaccount'></span>
</div>
<div class='test-body'>
<div class='test-info'>
<span title='Test started time' alt='Test started time' class='test-started-time label green lighten-1 text-white'>2019-10-01 15:09:45</span>
<span title='Test ended time' alt='Test ended time' class='test-ended-time label red lighten-1 text-white'>2019-10-01 15:09:58</span>
<span title='Time taken to finish' alt='Time taken to finish' class='test-time-taken label blue-grey lighten-3 text-white'>0h 0m 13s+0ms</span>
</div>
<div class='test-desc'></div>
<div class='test-attributes'>
<div class='categories'>
<span class='category text-white'>Test04bFncast-Verify all buttons on Account</span>
</div>
</div>
<div class='test-steps'>
<table class='bordered table-results'>
<thead>
<tr>
<th>Status</th>
<th>Timestamp</th>
<th>Details</th>
</tr>
</thead>
<tbody>
<tr>
<td class='status info' title='info' alt='info'><i class='mdi-action-info-outline'></i></td>
<td class='timestamp'>15:09:45</td>
<td class='step-details'>TEST STARTED:</td>
</tr>
<tr>
<td class='status info' title='info' alt='info'><i class='mdi-action-info-outline'></i></td>
<td class='timestamp'>15:09:45</td>
<td class='step-details'>Navigating to url $finecastAccountPageUrl</td>
</tr>
<tr>
<td class='status info' title='info' alt='info'><i class='mdi-action-info-outline'></i></td>
<td class='timestamp'>15:09:45</td>
<td class='step-details'>Clicking on Edit Button</td>
</tr>
<tr>
<td class='status fail' title='fail' alt='fail'><i class='mdi-navigation-cancel'></i></td>
<td class='timestamp'>15:09:56</td>
<td class='step-details'>Unable to click on Edit Button Exception: org.openqa.selenium.TimeoutException: Timed out after 7 seconds waiting for visibility of element located by By.xpath: //*[@title="Edit"] Build info: version: '2.53.0', revision: '35ae25b1534ae328c771e0856c93e187490ca824', time: '2016-03-15 10:43:46' System info: host: 'EC2AMAZ-FEFP0OS', ip: '10.199.140.93', os.name: 'Windows NT (unknown)', os.arch: 'amd64', os.version: '10.0', java.version: '1.8.0_91' Driver info: org.openqa.selenium.chrome.ChromeDriver Capabilities [{mobileEmulationEnabled=false, hasTouchScreen=false, platform=XP, acceptSslCerts=false, goog:chromeOptions={debuggerAddress=localhost:50288}, acceptInsecureCerts=false, webStorageEnabled=true, browserName=chrome, takesScreenshot=true, javascriptEnabled=true, setWindowRect=true, unexpectedAlertBehaviour=ignore, applicationCacheEnabled=false, rotatable=false, networkConnectionEnabled=false, chrome={chromedriverVersion=2.44.609538 (b655c5a60b0b544917107a59d4153d4bf78e1b90), userDataDir=C:\Users\SumonK\AppData\Local\Temp\2\scoped_dir2912_20979}, takesHeapSnapshot=true, pageLoadStrategy=normal, databaseEnabled=false, handlesAlerts=true, version=77.0.3865.90, browserConnectionEnabled=false, nativeEvents=true, locationContextEnabled=true, cssSelectorsEnabled=true}] Session ID: 638aaebc37db58030ba259e8bcbd0ab6</td>
</tr>
<tr>
<td class='status fail' title='fail' alt='fail'><i class='mdi-navigation-cancel'></i></td>
<td class='timestamp'>15:09:58</td>
<td class='step-details'><img class="report-img" data-featherlight="Screenshots//ScreenShot1jyll7kkbhsfn.png" src="Screenshots//ScreenShot1jyll7kkbhsfn.png"></td>
</tr>
<tr>
<td class='status info' title='info' alt='info'><i class='mdi-action-info-outline'></i></td>
<td class='timestamp'>15:09:58</td>
<td class='step-details'>Total Execution Time for Test Suite: : 0:00:12</td>
</tr>
<tr>
<td class='status info' title='info' alt='info'><i class='mdi-action-info-outline'></i></td>
<td class='timestamp'>15:09:58</td>
<td class='step-details'>********************* END OF AUTOMATION TEST *********************</td>
</tr>
<tr>
<td class='status info' title='info' alt='info'><i class='mdi-action-info-outline'></i></td>
<td class='timestamp'>15:09:58</td>
<td class='step-details'>TEST RESULT SAVED IN: FitNesseRoot/files/testResults/ExtentReport/STAGING/AutomationReport191001-0307.html</td>
</tr>
</tbody>
</table>
<ul class='collapsible node-list' data-collapsible='accordion'>
</ul>
</div>
</div>
</li>
<li class='collection-item test displayed active fail ' extentid='58133418-643a-49d1-900e-fdb6b1007580'>
<div class='test-head'>
<span class='test-name'>Finecast_UK_Suite_Test05CreateFinecastOpportunityTest </span>
<span class='test-status label right outline capitalize fail'>fail</span>
<span class='category-assigned hide  test05fncast-createafinecastopportunity'></span>
</div>
<div class='test-body'>
<div class='test-info'>
<span title='Test started time' alt='Test started time' class='test-started-time label green lighten-1 text-white'>2019-10-01 15:10:00</span>
<span title='Test ended time' alt='Test ended time' class='test-ended-time label red lighten-1 text-white'>2019-10-01 15:10:12</span>
<span title='Time taken to finish' alt='Time taken to finish' class='test-time-taken label blue-grey lighten-3 text-white'>0h 0m 12s+0ms</span>
</div>
<div class='test-desc'></div>
<div class='test-attributes'>
<div class='categories'>
<span class='category text-white'>Test05Fncast-Create a Finecast Opportunity</span>
</div>
</div>
<div class='test-steps'>
<table class='bordered table-results'>
<thead>
<tr>
<th>Status</th>
<th>Timestamp</th>
<th>Details</th>
</tr>
</thead>
<tbody>
<tr>
<td class='status info' title='info' alt='info'><i class='mdi-action-info-outline'></i></td>
<td class='timestamp'>15:10:00</td>
<td class='step-details'>TEST STARTED:</td>
</tr>
<tr>
<td class='status info' title='info' alt='info'><i class='mdi-action-info-outline'></i></td>
<td class='timestamp'>15:10:00</td>
<td class='step-details'>Navigating to url $finecastAccountPageUrl</td>
</tr>
<tr>
<td class='status info' title='info' alt='info'><i class='mdi-action-info-outline'></i></td>
<td class='timestamp'>15:10:00</td>
<td class='step-details'>Clicking on New Button</td>
</tr>
<tr>
<td class='status fail' title='fail' alt='fail'><i class='mdi-navigation-cancel'></i></td>
<td class='timestamp'>15:10:11</td>
<td class='step-details'>Unable to click on New Button Exception: org.openqa.selenium.TimeoutException: Timed out after 7 seconds waiting for visibility of element located by By.xpath: //*[@value="New Opportunity" and @class="btn"] Build info: version: '2.53.0', revision: '35ae25b1534ae328c771e0856c93e187490ca824', time: '2016-03-15 10:43:46' System info: host: 'EC2AMAZ-FEFP0OS', ip: '10.199.140.93', os.name: 'Windows NT (unknown)', os.arch: 'amd64', os.version: '10.0', java.version: '1.8.0_91' Driver info: org.openqa.selenium.chrome.ChromeDriver Capabilities [{mobileEmulationEnabled=false, hasTouchScreen=false, platform=XP, acceptSslCerts=false, goog:chromeOptions={debuggerAddress=localhost:50288}, acceptInsecureCerts=false, webStorageEnabled=true, browserName=chrome, takesScreenshot=true, javascriptEnabled=true, setWindowRect=true, unexpectedAlertBehaviour=ignore, applicationCacheEnabled=false, rotatable=false, networkConnectionEnabled=false, chrome={chromedriverVersion=2.44.609538 (b655c5a60b0b544917107a59d4153d4bf78e1b90), userDataDir=C:\Users\SumonK\AppData\Local\Temp\2\scoped_dir2912_20979}, takesHeapSnapshot=true, pageLoadStrategy=normal, databaseEnabled=false, handlesAlerts=true, version=77.0.3865.90, browserConnectionEnabled=false, nativeEvents=true, locationContextEnabled=true, cssSelectorsEnabled=true}] Session ID: 638aaebc37db58030ba259e8bcbd0ab6</td>
</tr>
<tr>
<td class='status fail' title='fail' alt='fail'><i class='mdi-navigation-cancel'></i></td>
<td class='timestamp'>15:10:12</td>
<td class='step-details'><img class="report-img" data-featherlight="Screenshots//ScreenShot1jekyc1lymxk2.png" src="Screenshots//ScreenShot1jekyc1lymxk2.png"></td>
</tr>
<tr>
<td class='status info' title='info' alt='info'><i class='mdi-action-info-outline'></i></td>
<td class='timestamp'>15:10:12</td>
<td class='step-details'>Total Execution Time for Test Suite: : 0:00:12</td>
</tr>
<tr>
<td class='status info' title='info' alt='info'><i class='mdi-action-info-outline'></i></td>
<td class='timestamp'>15:10:12</td>
<td class='step-details'>********************* END OF AUTOMATION TEST *********************</td>
</tr>
<tr>
<td class='status info' title='info' alt='info'><i class='mdi-action-info-outline'></i></td>
<td class='timestamp'>15:10:12</td>
<td class='step-details'>TEST RESULT SAVED IN: FitNesseRoot/files/testResults/ExtentReport/STAGING/AutomationReport191001-0307.html</td>
</tr>
</tbody>
</table>
<ul class='collapsible node-list' data-collapsible='accordion'>
</ul>
</div>
</div>
</li>
<li class='collection-item test displayed active fail ' extentid='3db26ac2-c00d-4409-a051-8c8e7eadedcb'>
<div class='test-head'>
<span class='test-name'>Finecast_UK_Suite_Test05bCreateFinecastAlertsVerificationOpportunityTest </span>
<span class='test-status label right outline capitalize fail'>fail</span>
<span class='category-assigned hide  test05fncast-createafinecastopportunity'></span>
</div>
<div class='test-body'>
<div class='test-info'>
<span title='Test started time' alt='Test started time' class='test-started-time label green lighten-1 text-white'>2019-10-01 15:10:14</span>
<span title='Test ended time' alt='Test ended time' class='test-ended-time label red lighten-1 text-white'>2019-10-01 15:10:27</span>
<span title='Time taken to finish' alt='Time taken to finish' class='test-time-taken label blue-grey lighten-3 text-white'>0h 0m 13s+0ms</span>
</div>
<div class='test-desc'></div>
<div class='test-attributes'>
<div class='categories'>
<span class='category text-white'>Test05Fncast-Create a Finecast Opportunity</span>
</div>
</div>
<div class='test-steps'>
<table class='bordered table-results'>
<thead>
<tr>
<th>Status</th>
<th>Timestamp</th>
<th>Details</th>
</tr>
</thead>
<tbody>
<tr>
<td class='status info' title='info' alt='info'><i class='mdi-action-info-outline'></i></td>
<td class='timestamp'>15:10:14</td>
<td class='step-details'>TEST STARTED:</td>
</tr>
<tr>
<td class='status info' title='info' alt='info'><i class='mdi-action-info-outline'></i></td>
<td class='timestamp'>15:10:14</td>
<td class='step-details'>Navigating to url $finecastAccountPageUrl</td>
</tr>
<tr>
<td class='status info' title='info' alt='info'><i class='mdi-action-info-outline'></i></td>
<td class='timestamp'>15:10:14</td>
<td class='step-details'>Clicking on New Button</td>
</tr>
<tr>
<td class='status fail' title='fail' alt='fail'><i class='mdi-navigation-cancel'></i></td>
<td class='timestamp'>15:10:25</td>
<td class='step-details'>Unable to click on New Button Exception: org.openqa.selenium.TimeoutException: Timed out after 7 seconds waiting for visibility of element located by By.xpath: //*[@value="New Opportunity" and @class="btn"] Build info: version: '2.53.0', revision: '35ae25b1534ae328c771e0856c93e187490ca824', time: '2016-03-15 10:43:46' System info: host: 'EC2AMAZ-FEFP0OS', ip: '10.199.140.93', os.name: 'Windows NT (unknown)', os.arch: 'amd64', os.version: '10.0', java.version: '1.8.0_91' Driver info: org.openqa.selenium.chrome.ChromeDriver Capabilities [{mobileEmulationEnabled=false, hasTouchScreen=false, platform=XP, acceptSslCerts=false, goog:chromeOptions={debuggerAddress=localhost:50288}, acceptInsecureCerts=false, webStorageEnabled=true, browserName=chrome, takesScreenshot=true, javascriptEnabled=true, setWindowRect=true, unexpectedAlertBehaviour=ignore, applicationCacheEnabled=false, rotatable=false, networkConnectionEnabled=false, chrome={chromedriverVersion=2.44.609538 (b655c5a60b0b544917107a59d4153d4bf78e1b90), userDataDir=C:\Users\SumonK\AppData\Local\Temp\2\scoped_dir2912_20979}, takesHeapSnapshot=true, pageLoadStrategy=normal, databaseEnabled=false, handlesAlerts=true, version=77.0.3865.90, browserConnectionEnabled=false, nativeEvents=true, locationContextEnabled=true, cssSelectorsEnabled=true}] Session ID: 638aaebc37db58030ba259e8bcbd0ab6</td>
</tr>
<tr>
<td class='status fail' title='fail' alt='fail'><i class='mdi-navigation-cancel'></i></td>
<td class='timestamp'>15:10:27</td>
<td class='step-details'><img class="report-img" data-featherlight="Screenshots//ScreenShot1iuvyoumx0okj.png" src="Screenshots//ScreenShot1iuvyoumx0okj.png"></td>
</tr>
<tr>
<td class='status info' title='info' alt='info'><i class='mdi-action-info-outline'></i></td>
<td class='timestamp'>15:10:27</td>
<td class='step-details'>Total Execution Time for Test Suite: : 0:00:12</td>
</tr>
<tr>
<td class='status info' title='info' alt='info'><i class='mdi-action-info-outline'></i></td>
<td class='timestamp'>15:10:27</td>
<td class='step-details'>********************* END OF AUTOMATION TEST *********************</td>
</tr>
<tr>
<td class='status info' title='info' alt='info'><i class='mdi-action-info-outline'></i></td>
<td class='timestamp'>15:10:27</td>
<td class='step-details'>TEST RESULT SAVED IN: FitNesseRoot/files/testResults/ExtentReport/STAGING/AutomationReport191001-0307.html</td>
</tr>
</tbody>
</table>
<ul class='collapsible node-list' data-collapsible='accordion'>
</ul>
</div>
</div>
</li>
<li class='collection-item test displayed active fail ' extentid='b928f2bd-39b8-4720-8aea-5cd718d7fd73'>
<div class='test-head'>
<span class='test-name'>Finecast_UK_Suite_Test06aCreateNewFinecastContactsTest </span>
<span class='test-status label right outline capitalize fail'>fail</span>
<span class='category-assigned hide  test06afncast-createnewfinecastcontact'></span>
</div>
<div class='test-body'>
<div class='test-info'>
<span title='Test started time' alt='Test started time' class='test-started-time label green lighten-1 text-white'>2019-10-01 15:10:28</span>
<span title='Test ended time' alt='Test ended time' class='test-ended-time label red lighten-1 text-white'>2019-10-01 15:10:43</span>
<span title='Time taken to finish' alt='Time taken to finish' class='test-time-taken label blue-grey lighten-3 text-white'>0h 0m 15s+0ms</span>
</div>
<div class='test-desc'></div>
<div class='test-attributes'>
<div class='categories'>
<span class='category text-white'>Test06aFncast-Create New Finecast Contact</span>
</div>
</div>
<div class='test-steps'>
<table class='bordered table-results'>
<thead>
<tr>
<th>Status</th>
<th>Timestamp</th>
<th>Details</th>
</tr>
</thead>
<tbody>
<tr>
<td class='status info' title='info' alt='info'><i class='mdi-action-info-outline'></i></td>
<td class='timestamp'>15:10:28</td>
<td class='step-details'>TEST STARTED:</td>
</tr>
<tr>
<td class='status info' title='info' alt='info'><i class='mdi-action-info-outline'></i></td>
<td class='timestamp'>15:10:28</td>
<td class='step-details'>Clicking on + icon Tab</td>
</tr>
<tr>
<td class='status info' title='info' alt='info'><i class='mdi-action-info-outline'></i></td>
<td class='timestamp'>15:10:30</td>
<td class='step-details'>Clicking on Contacts Tab</td>
</tr>
<tr>
<td class='status info' title='info' alt='info'><i class='mdi-action-info-outline'></i></td>
<td class='timestamp'>15:10:31</td>
<td class='step-details'>Clicking on New Button</td>
</tr>
<tr>
<td class='status info' title='info' alt='info'><i class='mdi-action-info-outline'></i></td>
<td class='timestamp'>15:10:32</td>
<td class='step-details'>Waiting 2500 milliseconds on a page</td>
</tr>
<tr>
<td class='status info' title='info' alt='info'><i class='mdi-action-info-outline'></i></td>
<td class='timestamp'>15:10:34</td>
<td class='step-details'>selecting value --None-- on Salutation Dropdown</td>
</tr>
<tr>
<td class='status info' title='info' alt='info'><i class='mdi-action-info-outline'></i></td>
<td class='timestamp'>15:10:34</td>
<td class='step-details'>selecting value Ms. on Salutation Dropdown</td>
</tr>
<tr>
<td class='status info' title='info' alt='info'><i class='mdi-action-info-outline'></i></td>
<td class='timestamp'>15:10:35</td>
<td class='step-details'>selecting value Mrs. on Salutation Dropdown</td>
</tr>
<tr>
<td class='status info' title='info' alt='info'><i class='mdi-action-info-outline'></i></td>
<td class='timestamp'>15:10:35</td>
<td class='step-details'>selecting value Dr. on Salutation Dropdown</td>
</tr>
<tr>
<td class='status info' title='info' alt='info'><i class='mdi-action-info-outline'></i></td>
<td class='timestamp'>15:10:35</td>
<td class='step-details'>selecting value Prof. on Salutation Dropdown</td>
</tr>
<tr>
<td class='status info' title='info' alt='info'><i class='mdi-action-info-outline'></i></td>
<td class='timestamp'>15:10:35</td>
<td class='step-details'>selecting value Mr. on Salutation Dropdown</td>
</tr>
<tr>
<td class='status info' title='info' alt='info'><i class='mdi-action-info-outline'></i></td>
<td class='timestamp'>15:10:35</td>
<td class='step-details'>Entering key word F-191001-0307 on First Name Field</td>
</tr>
<tr>
<td class='status info' title='info' alt='info'><i class='mdi-action-info-outline'></i></td>
<td class='timestamp'>15:10:35</td>
<td class='step-details'>Entering key word L-191001-0307 on Last Name Field</td>
</tr>
<tr>
<td class='status info' title='info' alt='info'><i class='mdi-action-info-outline'></i></td>
<td class='timestamp'>15:10:36</td>
<td class='step-details'>Entering key word QA-191001-0307 on Title Field</td>
</tr>
<tr>
<td class='status info' title='info' alt='info'><i class='mdi-action-info-outline'></i></td>
<td class='timestamp'>15:10:36</td>
<td class='step-details'>Waiting 1800 milliseconds on a page</td>
</tr>
<tr>
<td class='status info' title='info' alt='info'><i class='mdi-action-info-outline'></i></td>
<td class='timestamp'>15:10:38</td>
<td class='step-details'>Entering key word QA Test Finecast Child Agency-191001-0307 on Company Name Field</td>
</tr>
<tr>
<td class='status info' title='info' alt='info'><i class='mdi-action-info-outline'></i></td>
<td class='timestamp'>15:10:38</td>
<td class='step-details'>Entering key word QA Test Finecast UK Account-191001-0307 on Account Name Field</td>
</tr>
<tr>
<td class='status info' title='info' alt='info'><i class='mdi-action-info-outline'></i></td>
<td class='timestamp'>15:10:39</td>
<td class='step-details'>Entering key word 1145854658 on Phone Field</td>
</tr>
<tr>
<td class='status info' title='info' alt='info'><i class='mdi-action-info-outline'></i></td>
<td class='timestamp'>15:10:39</td>
<td class='step-details'>Entering key word 50Email-191001-0307@mailinator.com on Email Field</td>
</tr>
<tr>
<td class='status info' title='info' alt='info'><i class='mdi-action-info-outline'></i></td>
<td class='timestamp'>15:10:39</td>
<td class='step-details'>Clicking on Save Button</td>
</tr>
<tr>
<td class='status fail' title='fail' alt='fail'><i class='mdi-navigation-cancel'></i></td>
<td class='timestamp'>15:10:42</td>
<td class='step-details'>Expected text 'Finecast Contacts' doesn't match the actual text ' ' on Contacts Record Type Text Field</td>
</tr>
<tr>
<td class='status fail' title='fail' alt='fail'><i class='mdi-navigation-cancel'></i></td>
<td class='timestamp'>15:10:43</td>
<td class='step-details'><img class="report-img" data-featherlight="Screenshots//ScreenShot1jygj72v9jf3m.png" src="Screenshots//ScreenShot1jygj72v9jf3m.png"></td>
</tr>
<tr>
<td class='status info' title='info' alt='info'><i class='mdi-action-info-outline'></i></td>
<td class='timestamp'>15:10:43</td>
<td class='step-details'>Capturing current page url</td>
</tr>
<tr>
<td class='status info' title='info' alt='info'><i class='mdi-action-info-outline'></i></td>
<td class='timestamp'>15:10:43</td>
<td class='step-details'>Total Execution Time for Test Suite: : 0:00:14</td>
</tr>
<tr>
<td class='status info' title='info' alt='info'><i class='mdi-action-info-outline'></i></td>
<td class='timestamp'>15:10:43</td>
<td class='step-details'>********************* END OF AUTOMATION TEST *********************</td>
</tr>
<tr>
<td class='status info' title='info' alt='info'><i class='mdi-action-info-outline'></i></td>
<td class='timestamp'>15:10:43</td>
<td class='step-details'>TEST RESULT SAVED IN: FitNesseRoot/files/testResults/ExtentReport/STAGING/AutomationReport191001-0307.html</td>
</tr>
</tbody>
</table>
<ul class='collapsible node-list' data-collapsible='accordion'>
</ul>
</div>
</div>
</li>
<li class='collection-item test displayed active fail ' extentid='cf780140-3941-4084-b573-4d79ad2d7cd8'>
<div class='test-head'>
<span class='test-name'>Finecast_UK_Suite_Test06bCreateContactRolesTest </span>
<span class='test-status label right outline capitalize fail'>fail</span>
<span class='category-assigned hide  test06bfncast-createacontactrolefromopp'></span>
</div>
<div class='test-body'>
<div class='test-info'>
<span title='Test started time' alt='Test started time' class='test-started-time label green lighten-1 text-white'>2019-10-01 15:10:45</span>
<span title='Test ended time' alt='Test ended time' class='test-ended-time label red lighten-1 text-white'>2019-10-01 15:11:01</span>
<span title='Time taken to finish' alt='Time taken to finish' class='test-time-taken label blue-grey lighten-3 text-white'>0h 0m 16s+0ms</span>
</div>
<div class='test-desc'></div>
<div class='test-attributes'>
<div class='categories'>
<span class='category text-white'>Test06bFncast-Create a Contact Role From Opp</span>
</div>
</div>
<div class='test-steps'>
<table class='bordered table-results'>
<thead>
<tr>
<th>Status</th>
<th>Timestamp</th>
<th>Details</th>
</tr>
</thead>
<tbody>
<tr>
<td class='status info' title='info' alt='info'><i class='mdi-action-info-outline'></i></td>
<td class='timestamp'>15:10:45</td>
<td class='step-details'>TEST STARTED:</td>
</tr>
<tr>
<td class='status info' title='info' alt='info'><i class='mdi-action-info-outline'></i></td>
<td class='timestamp'>15:10:45</td>
<td class='step-details'>Navigating to url $finecastOppPageUrl</td>
</tr>
<tr>
<td class='status info' title='info' alt='info'><i class='mdi-action-info-outline'></i></td>
<td class='timestamp'>15:10:48</td>
<td class='step-details'>Clicking on Contact Roles 'New' Button</td>
</tr>
<tr>
<td class='status fail' title='fail' alt='fail'><i class='mdi-navigation-cancel'></i></td>
<td class='timestamp'>15:10:59</td>
<td class='step-details'>Unable to click on Contact Roles 'New' Button Exception: org.openqa.selenium.TimeoutException: Timed out after 7 seconds waiting for visibility of element located by By.xpath: //*[@title="New Contact Roles"] Build info: version: '2.53.0', revision: '35ae25b1534ae328c771e0856c93e187490ca824', time: '2016-03-15 10:43:46' System info: host: 'EC2AMAZ-FEFP0OS', ip: '10.199.140.93', os.name: 'Windows NT (unknown)', os.arch: 'amd64', os.version: '10.0', java.version: '1.8.0_91' Driver info: org.openqa.selenium.chrome.ChromeDriver Capabilities [{mobileEmulationEnabled=false, hasTouchScreen=false, platform=XP, acceptSslCerts=false, goog:chromeOptions={debuggerAddress=localhost:50288}, acceptInsecureCerts=false, webStorageEnabled=true, browserName=chrome, takesScreenshot=true, javascriptEnabled=true, setWindowRect=true, unexpectedAlertBehaviour=ignore, applicationCacheEnabled=false, rotatable=false, networkConnectionEnabled=false, chrome={chromedriverVersion=2.44.609538 (b655c5a60b0b544917107a59d4153d4bf78e1b90), userDataDir=C:\Users\SumonK\AppData\Local\Temp\2\scoped_dir2912_20979}, takesHeapSnapshot=true, pageLoadStrategy=normal, databaseEnabled=false, handlesAlerts=true, version=77.0.3865.90, browserConnectionEnabled=false, nativeEvents=true, locationContextEnabled=true, cssSelectorsEnabled=true}] Session ID: 638aaebc37db58030ba259e8bcbd0ab6</td>
</tr>
<tr>
<td class='status fail' title='fail' alt='fail'><i class='mdi-navigation-cancel'></i></td>
<td class='timestamp'>15:11:01</td>
<td class='step-details'><img class="report-img" data-featherlight="Screenshots//ScreenShotu857hs64fho4.png" src="Screenshots//ScreenShotu857hs64fho4.png"></td>
</tr>
<tr>
<td class='status info' title='info' alt='info'><i class='mdi-action-info-outline'></i></td>
<td class='timestamp'>15:11:01</td>
<td class='step-details'>Total Execution Time for Test Suite: : 0:00:15</td>
</tr>
<tr>
<td class='status info' title='info' alt='info'><i class='mdi-action-info-outline'></i></td>
<td class='timestamp'>15:11:01</td>
<td class='step-details'>********************* END OF AUTOMATION TEST *********************</td>
</tr>
<tr>
<td class='status info' title='info' alt='info'><i class='mdi-action-info-outline'></i></td>
<td class='timestamp'>15:11:01</td>
<td class='step-details'>TEST RESULT SAVED IN: FitNesseRoot/files/testResults/ExtentReport/STAGING/AutomationReport191001-0307.html</td>
</tr>
</tbody>
</table>
<ul class='collapsible node-list' data-collapsible='accordion'>
</ul>
</div>
</div>
</li>
<li class='collection-item test displayed active fail ' extentid='10190196-9bce-476a-a0c6-a626bdac61db'>
<div class='test-head'>
<span class='test-name'>Finecast_UK_Suite_Test07bCreateFinecastSellLineTest </span>
<span class='test-status label right outline capitalize fail'>fail</span>
<span class='category-assigned hide  test07bfncast-createafinecastbuyline'></span>
</div>
<div class='test-body'>
<div class='test-info'>
<span title='Test started time' alt='Test started time' class='test-started-time label green lighten-1 text-white'>2019-10-01 15:11:02</span>
<span title='Test ended time' alt='Test ended time' class='test-ended-time label red lighten-1 text-white'>2019-10-01 15:11:18</span>
<span title='Time taken to finish' alt='Time taken to finish' class='test-time-taken label blue-grey lighten-3 text-white'>0h 0m 16s+0ms</span>
</div>
<div class='test-desc'></div>
<div class='test-attributes'>
<div class='categories'>
<span class='category text-white'>Test07bFncast-Create a Finecast Buy Line</span>
</div>
</div>
<div class='test-steps'>
<table class='bordered table-results'>
<thead>
<tr>
<th>Status</th>
<th>Timestamp</th>
<th>Details</th>
</tr>
</thead>
<tbody>
<tr>
<td class='status info' title='info' alt='info'><i class='mdi-action-info-outline'></i></td>
<td class='timestamp'>15:11:02</td>
<td class='step-details'>TEST STARTED:</td>
</tr>
<tr>
<td class='status info' title='info' alt='info'><i class='mdi-action-info-outline'></i></td>
<td class='timestamp'>15:11:02</td>
<td class='step-details'>Navigating to url $finecastOppPageUrl</td>
</tr>
<tr>
<td class='status info' title='info' alt='info'><i class='mdi-action-info-outline'></i></td>
<td class='timestamp'>15:11:05</td>
<td class='step-details'>Clicking on New Buy Line Button</td>
</tr>
<tr>
<td class='status fail' title='fail' alt='fail'><i class='mdi-navigation-cancel'></i></td>
<td class='timestamp'>15:11:16</td>
<td class='step-details'>Unable to click on New Buy Line Button Exception: org.openqa.selenium.TimeoutException: Timed out after 7 seconds waiting for visibility of element located by By.xpath: //*[@value="New Buy Line"] Build info: version: '2.53.0', revision: '35ae25b1534ae328c771e0856c93e187490ca824', time: '2016-03-15 10:43:46' System info: host: 'EC2AMAZ-FEFP0OS', ip: '10.199.140.93', os.name: 'Windows NT (unknown)', os.arch: 'amd64', os.version: '10.0', java.version: '1.8.0_91' Driver info: org.openqa.selenium.chrome.ChromeDriver Capabilities [{mobileEmulationEnabled=false, hasTouchScreen=false, platform=XP, acceptSslCerts=false, goog:chromeOptions={debuggerAddress=localhost:50288}, acceptInsecureCerts=false, webStorageEnabled=true, browserName=chrome, takesScreenshot=true, javascriptEnabled=true, setWindowRect=true, unexpectedAlertBehaviour=ignore, applicationCacheEnabled=false, rotatable=false, networkConnectionEnabled=false, chrome={chromedriverVersion=2.44.609538 (b655c5a60b0b544917107a59d4153d4bf78e1b90), userDataDir=C:\Users\SumonK\AppData\Local\Temp\2\scoped_dir2912_20979}, takesHeapSnapshot=true, pageLoadStrategy=normal, databaseEnabled=false, handlesAlerts=true, version=77.0.3865.90, browserConnectionEnabled=false, nativeEvents=true, locationContextEnabled=true, cssSelectorsEnabled=true}] Session ID: 638aaebc37db58030ba259e8bcbd0ab6</td>
</tr>
<tr>
<td class='status fail' title='fail' alt='fail'><i class='mdi-navigation-cancel'></i></td>
<td class='timestamp'>15:11:18</td>
<td class='step-details'><img class="report-img" data-featherlight="Screenshots//ScreenShotvbszrdx8sr51.png" src="Screenshots//ScreenShotvbszrdx8sr51.png"></td>
</tr>
<tr>
<td class='status info' title='info' alt='info'><i class='mdi-action-info-outline'></i></td>
<td class='timestamp'>15:11:18</td>
<td class='step-details'>Total Execution Time for Test Suite: : 0:00:15</td>
</tr>
<tr>
<td class='status info' title='info' alt='info'><i class='mdi-action-info-outline'></i></td>
<td class='timestamp'>15:11:18</td>
<td class='step-details'>********************* END OF AUTOMATION TEST *********************</td>
</tr>
<tr>
<td class='status info' title='info' alt='info'><i class='mdi-action-info-outline'></i></td>
<td class='timestamp'>15:11:18</td>
<td class='step-details'>TEST RESULT SAVED IN: FitNesseRoot/files/testResults/ExtentReport/STAGING/AutomationReport191001-0307.html</td>
</tr>
</tbody>
</table>
<ul class='collapsible node-list' data-collapsible='accordion'>
</ul>
</div>
</div>
</li>
<li class='collection-item test displayed active fail ' extentid='d626eaca-9a00-4044-9384-46d3d193cbc7'>
<div class='test-head'>
<span class='test-name'>Finecast_UK_Suite_Test07baCreateCurrPlusFifteenStartDateSellLineTest </span>
<span class='test-status label right outline capitalize fail'>fail</span>
<span class='category-assigned hide  test07bafncast-createafinecastbuylinewithcurrentday+1startdate'></span>
</div>
<div class='test-body'>
<div class='test-info'>
<span title='Test started time' alt='Test started time' class='test-started-time label green lighten-1 text-white'>2019-10-01 15:11:20</span>
<span title='Test ended time' alt='Test ended time' class='test-ended-time label red lighten-1 text-white'>2019-10-01 15:11:35</span>
<span title='Time taken to finish' alt='Time taken to finish' class='test-time-taken label blue-grey lighten-3 text-white'>0h 0m 15s+0ms</span>
</div>
<div class='test-desc'></div>
<div class='test-attributes'>
<div class='categories'>
<span class='category text-white'>Test07baFncast-Create a Finecast Buy Line with current day + 1 Start Date</span>
</div>
</div>
<div class='test-steps'>
<table class='bordered table-results'>
<thead>
<tr>
<th>Status</th>
<th>Timestamp</th>
<th>Details</th>
</tr>
</thead>
<tbody>
<tr>
<td class='status info' title='info' alt='info'><i class='mdi-action-info-outline'></i></td>
<td class='timestamp'>15:11:20</td>
<td class='step-details'>TEST STARTED:</td>
</tr>
<tr>
<td class='status info' title='info' alt='info'><i class='mdi-action-info-outline'></i></td>
<td class='timestamp'>15:11:20</td>
<td class='step-details'>Navigating to url $finecastOpp2PageUrl</td>
</tr>
<tr>
<td class='status info' title='info' alt='info'><i class='mdi-action-info-outline'></i></td>
<td class='timestamp'>15:11:23</td>
<td class='step-details'>Clicking on New Buy Line Button</td>
</tr>
<tr>
<td class='status fail' title='fail' alt='fail'><i class='mdi-navigation-cancel'></i></td>
<td class='timestamp'>15:11:34</td>
<td class='step-details'>Unable to click on New Buy Line Button Exception: org.openqa.selenium.TimeoutException: Timed out after 7 seconds waiting for visibility of element located by By.xpath: //*[@value="New Buy Line"] Build info: version: '2.53.0', revision: '35ae25b1534ae328c771e0856c93e187490ca824', time: '2016-03-15 10:43:46' System info: host: 'EC2AMAZ-FEFP0OS', ip: '10.199.140.93', os.name: 'Windows NT (unknown)', os.arch: 'amd64', os.version: '10.0', java.version: '1.8.0_91' Driver info: org.openqa.selenium.chrome.ChromeDriver Capabilities [{mobileEmulationEnabled=false, hasTouchScreen=false, platform=XP, acceptSslCerts=false, goog:chromeOptions={debuggerAddress=localhost:50288}, acceptInsecureCerts=false, webStorageEnabled=true, browserName=chrome, takesScreenshot=true, javascriptEnabled=true, setWindowRect=true, unexpectedAlertBehaviour=ignore, applicationCacheEnabled=false, rotatable=false, networkConnectionEnabled=false, chrome={chromedriverVersion=2.44.609538 (b655c5a60b0b544917107a59d4153d4bf78e1b90), userDataDir=C:\Users\SumonK\AppData\Local\Temp\2\scoped_dir2912_20979}, takesHeapSnapshot=true, pageLoadStrategy=normal, databaseEnabled=false, handlesAlerts=true, version=77.0.3865.90, browserConnectionEnabled=false, nativeEvents=true, locationContextEnabled=true, cssSelectorsEnabled=true}] Session ID: 638aaebc37db58030ba259e8bcbd0ab6</td>
</tr>
<tr>
<td class='status fail' title='fail' alt='fail'><i class='mdi-navigation-cancel'></i></td>
<td class='timestamp'>15:11:35</td>
<td class='step-details'><img class="report-img" data-featherlight="Screenshots//ScreenShott81cdk32izhu.png" src="Screenshots//ScreenShott81cdk32izhu.png"></td>
</tr>
<tr>
<td class='status info' title='info' alt='info'><i class='mdi-action-info-outline'></i></td>
<td class='timestamp'>15:11:35</td>
<td class='step-details'>Total Execution Time for Test Suite: : 0:00:15</td>
</tr>
<tr>
<td class='status info' title='info' alt='info'><i class='mdi-action-info-outline'></i></td>
<td class='timestamp'>15:11:35</td>
<td class='step-details'>********************* END OF AUTOMATION TEST *********************</td>
</tr>
<tr>
<td class='status info' title='info' alt='info'><i class='mdi-action-info-outline'></i></td>
<td class='timestamp'>15:11:35</td>
<td class='step-details'>TEST RESULT SAVED IN: FitNesseRoot/files/testResults/ExtentReport/STAGING/AutomationReport191001-0307.html</td>
</tr>
</tbody>
</table>
<ul class='collapsible node-list' data-collapsible='accordion'>
</ul>
</div>
</div>
</li>
<li class='collection-item test displayed active fail ' extentid='008aa470-82bc-4319-a4cf-0a14475f1304'>
<div class='test-head'>
<span class='test-name'>Finecast_UK_Suite_Test07bcOppAlertsTest </span>
<span class='test-status label right outline capitalize fail'>fail</span>
<span class='category-assigned hide  test15gfncast-alertsverificaiton'></span>
</div>
<div class='test-body'>
<div class='test-info'>
<span title='Test started time' alt='Test started time' class='test-started-time label green lighten-1 text-white'>2019-10-01 15:11:37</span>
<span title='Test ended time' alt='Test ended time' class='test-ended-time label red lighten-1 text-white'>2019-10-01 15:11:50</span>
<span title='Time taken to finish' alt='Time taken to finish' class='test-time-taken label blue-grey lighten-3 text-white'>0h 0m 13s+0ms</span>
</div>
<div class='test-desc'></div>
<div class='test-attributes'>
<div class='categories'>
<span class='category text-white'>Test15gFncast-Alerts Verificaiton</span>
</div>
</div>
<div class='test-steps'>
<table class='bordered table-results'>
<thead>
<tr>
<th>Status</th>
<th>Timestamp</th>
<th>Details</th>
</tr>
</thead>
<tbody>
<tr>
<td class='status info' title='info' alt='info'><i class='mdi-action-info-outline'></i></td>
<td class='timestamp'>15:11:37</td>
<td class='step-details'>TEST STARTED:</td>
</tr>
<tr>
<td class='status info' title='info' alt='info'><i class='mdi-action-info-outline'></i></td>
<td class='timestamp'>15:11:37</td>
<td class='step-details'>Clicking on User Nav Button</td>
</tr>
<tr>
<td class='status info' title='info' alt='info'><i class='mdi-action-info-outline'></i></td>
<td class='timestamp'>15:11:37</td>
<td class='step-details'>Clicking on Logout Button</td>
</tr>
<tr>
<td class='status info' title='info' alt='info'><i class='mdi-action-info-outline'></i></td>
<td class='timestamp'>15:11:39</td>
<td class='step-details'>Navigating to url $finecastOpp2PageUrl</td>
</tr>
<tr>
<td class='status info' title='info' alt='info'><i class='mdi-action-info-outline'></i></td>
<td class='timestamp'>15:11:39</td>
<td class='step-details'>Clicking on Edit Button</td>
</tr>
<tr>
<td class='status fail' title='fail' alt='fail'><i class='mdi-navigation-cancel'></i></td>
<td class='timestamp'>15:11:47</td>
<td class='step-details'>Unable to select element from Stage Dropdown</td>
</tr>
<tr>
<td class='status fail' title='fail' alt='fail'><i class='mdi-navigation-cancel'></i></td>
<td class='timestamp'>15:11:50</td>
<td class='step-details'><img class="report-img" data-featherlight="Screenshots//ScreenShotsl8wu824anug.png" src="Screenshots//ScreenShotsl8wu824anug.png"></td>
</tr>
<tr>
<td class='status info' title='info' alt='info'><i class='mdi-action-info-outline'></i></td>
<td class='timestamp'>15:11:50</td>
<td class='step-details'>Total Execution Time for Test Suite: : 0:00:12</td>
</tr>
<tr>
<td class='status info' title='info' alt='info'><i class='mdi-action-info-outline'></i></td>
<td class='timestamp'>15:11:50</td>
<td class='step-details'>********************* END OF AUTOMATION TEST *********************</td>
</tr>
<tr>
<td class='status info' title='info' alt='info'><i class='mdi-action-info-outline'></i></td>
<td class='timestamp'>15:11:50</td>
<td class='step-details'>TEST RESULT SAVED IN: FitNesseRoot/files/testResults/ExtentReport/STAGING/AutomationReport191001-0307.html</td>
</tr>
</tbody>
</table>
<ul class='collapsible node-list' data-collapsible='accordion'>
</ul>
</div>
</div>
</li>
<li class='collection-item test displayed active pass ' extentid='61bb956a-ab55-4d09-a485-c426fe120ca4'>
<div class='test-head'>
<span class='test-name'>Finecast_UK_Suite_Test01LogInUserTest </span>
<span class='test-status label right outline capitalize pass'>pass</span>
<span class='category-assigned hide  test01fncast-loginasanfinecastglobaluser'></span>
</div>
<div class='test-body'>
<div class='test-info'>
<span title='Test started time' alt='Test started time' class='test-started-time label green lighten-1 text-white'>2019-10-01 15:11:58</span>
<span title='Test ended time' alt='Test ended time' class='test-ended-time label red lighten-1 text-white'>2019-10-01 15:12:17</span>
<span title='Time taken to finish' alt='Time taken to finish' class='test-time-taken label blue-grey lighten-3 text-white'>0h 0m 19s+0ms</span>
</div>
<div class='test-desc'></div>
<div class='test-attributes'>
<div class='categories'>
<span class='category text-white'>Test01Fncast-Log In as an Finecast Global User</span>
</div>
</div>
<div class='test-steps'>
<table class='bordered table-results'>
<thead>
<tr>
<th>Status</th>
<th>Timestamp</th>
<th>Details</th>
</tr>
</thead>
<tbody>
<tr>
<td class='status info' title='info' alt='info'><i class='mdi-action-info-outline'></i></td>
<td class='timestamp'>15:11:58</td>
<td class='step-details'>TEST STARTED:</td>
</tr>
<tr>
<td class='status info' title='info' alt='info'><i class='mdi-action-info-outline'></i></td>
<td class='timestamp'>15:11:58</td>
<td class='step-details'>Waiting 1800 milliseconds on a page</td>
</tr>
<tr>
<td class='status info' title='info' alt='info'><i class='mdi-action-info-outline'></i></td>
<td class='timestamp'>15:12:00</td>
<td class='step-details'>Navigating to url https://test.salesforce.com</td>
</tr>
<tr>
<td class='status info' title='info' alt='info'><i class='mdi-action-info-outline'></i></td>
<td class='timestamp'>15:12:03</td>
<td class='step-details'>Entering key word sumon.kashem@xaxis.com.fc.fcqa2 on UserName Field</td>
</tr>
<tr>
<td class='status info' title='info' alt='info'><i class='mdi-action-info-outline'></i></td>
<td class='timestamp'>15:12:04</td>
<td class='step-details'>Entering key word on Password Field</td>
</tr>
<tr>
<td class='status info' title='info' alt='info'><i class='mdi-action-info-outline'></i></td>
<td class='timestamp'>15:12:04</td>
<td class='step-details'>Clicking on LogIn Button</td>
</tr>
<tr>
<td class='status pass' title='pass' alt='pass'><i class='mdi-action-check-circle'></i></td>
<td class='timestamp'>15:12:08</td>
<td class='step-details'>Text value - Sumon Kashem exist as expected on Nav Label</td>
</tr>
<tr>
<td class='status info' title='info' alt='info'><i class='mdi-action-info-outline'></i></td>
<td class='timestamp'>15:12:08</td>
<td class='step-details'>Entering key word Livvy Button on Search Field</td>
</tr>
<tr>
<td class='status info' title='info' alt='info'><i class='mdi-action-info-outline'></i></td>
<td class='timestamp'>15:12:09</td>
<td class='step-details'>Clicking on Search Button</td>
</tr>
<tr>
<td class='status info' title='info' alt='info'><i class='mdi-action-info-outline'></i></td>
<td class='timestamp'>15:12:11</td>
<td class='step-details'>Clicking on Display Name Link</td>
</tr>
<tr>
<td class='status info' title='info' alt='info'><i class='mdi-action-info-outline'></i></td>
<td class='timestamp'>15:12:13</td>
<td class='step-details'>Clicking on User Action Dropdown</td>
</tr>
<tr>
<td class='status info' title='info' alt='info'><i class='mdi-action-info-outline'></i></td>
<td class='timestamp'>15:12:14</td>
<td class='step-details'>Clicking on User Detail Link</td>
</tr>
<tr>
<td class='status info' title='info' alt='info'><i class='mdi-action-info-outline'></i></td>
<td class='timestamp'>15:12:15</td>
<td class='step-details'>Clicking on LogIn Button</td>
</tr>
<tr>
<td class='status pass' title='pass' alt='pass'><i class='mdi-action-check-circle'></i></td>
<td class='timestamp'>15:12:17</td>
<td class='step-details'>Text value - Logged in as Livvy Button (livvy.button@finecast.com.fcqa2) exist as expected on Home Page</td>
</tr>
<tr>
<td class='status info' title='info' alt='info'><i class='mdi-action-info-outline'></i></td>
<td class='timestamp'>15:12:17</td>
<td class='step-details'>Total Execution Time for Test Suite: : 0:00:18</td>
</tr>
<tr>
<td class='status info' title='info' alt='info'><i class='mdi-action-info-outline'></i></td>
<td class='timestamp'>15:12:17</td>
<td class='step-details'>********************* END OF AUTOMATION TEST *********************</td>
</tr>
<tr>
<td class='status info' title='info' alt='info'><i class='mdi-action-info-outline'></i></td>
<td class='timestamp'>15:12:17</td>
<td class='step-details'>TEST RESULT SAVED IN: FitNesseRoot/files/testResults/ExtentReport/STAGING/AutomationReport191001-0307.html</td>
</tr>
</tbody>
</table>
<ul class='collapsible node-list' data-collapsible='accordion'>
</ul>
</div>
</div>
</li>
<li class='collection-item test displayed active fail ' extentid='409138ba-3559-41df-b0c9-f0566f81b9e6'>
<div class='test-head'>
<span class='test-name'>Finecast_UK_Suite_Test07cVerifyAllButtonsOnOppTest </span>
<span class='test-status label right outline capitalize fail'>fail</span>
<span class='category-assigned hide  test07cfncast-verifyallbuttonsonopportunity'></span>
</div>
<div class='test-body'>
<div class='test-info'>
<span title='Test started time' alt='Test started time' class='test-started-time label green lighten-1 text-white'>2019-10-01 15:12:18</span>
<span title='Test ended time' alt='Test ended time' class='test-ended-time label red lighten-1 text-white'>2019-10-01 15:12:31</span>
<span title='Time taken to finish' alt='Time taken to finish' class='test-time-taken label blue-grey lighten-3 text-white'>0h 0m 13s+0ms</span>
</div>
<div class='test-desc'></div>
<div class='test-attributes'>
<div class='categories'>
<span class='category text-white'>Test07cFncast-Verify all buttons on Opportunity</span>
</div>
</div>
<div class='test-steps'>
<table class='bordered table-results'>
<thead>
<tr>
<th>Status</th>
<th>Timestamp</th>
<th>Details</th>
</tr>
</thead>
<tbody>
<tr>
<td class='status info' title='info' alt='info'><i class='mdi-action-info-outline'></i></td>
<td class='timestamp'>15:12:18</td>
<td class='step-details'>TEST STARTED:</td>
</tr>
<tr>
<td class='status info' title='info' alt='info'><i class='mdi-action-info-outline'></i></td>
<td class='timestamp'>15:12:18</td>
<td class='step-details'>Navigating to url $finecastOppPageUrl</td>
</tr>
<tr>
<td class='status info' title='info' alt='info'><i class='mdi-action-info-outline'></i></td>
<td class='timestamp'>15:12:18</td>
<td class='step-details'>Clicking on Edit Button</td>
</tr>
<tr>
<td class='status fail' title='fail' alt='fail'><i class='mdi-navigation-cancel'></i></td>
<td class='timestamp'>15:12:29</td>
<td class='step-details'>Unable to click on Edit Button Exception: org.openqa.selenium.TimeoutException: Timed out after 7 seconds waiting for visibility of element located by By.xpath: //*[@title="Edit"] Build info: version: '2.53.0', revision: '35ae25b1534ae328c771e0856c93e187490ca824', time: '2016-03-15 10:43:46' System info: host: 'EC2AMAZ-FEFP0OS', ip: '10.199.140.93', os.name: 'Windows NT (unknown)', os.arch: 'amd64', os.version: '10.0', java.version: '1.8.0_91' Driver info: org.openqa.selenium.chrome.ChromeDriver Capabilities [{mobileEmulationEnabled=false, hasTouchScreen=false, platform=XP, acceptSslCerts=false, goog:chromeOptions={debuggerAddress=localhost:50372}, acceptInsecureCerts=false, webStorageEnabled=true, browserName=chrome, takesScreenshot=true, javascriptEnabled=true, setWindowRect=true, unexpectedAlertBehaviour=ignore, applicationCacheEnabled=false, rotatable=false, networkConnectionEnabled=false, chrome={chromedriverVersion=2.44.609538 (b655c5a60b0b544917107a59d4153d4bf78e1b90), userDataDir=C:\Users\SumonK\AppData\Local\Temp\2\scoped_dir3384_28382}, takesHeapSnapshot=true, pageLoadStrategy=normal, databaseEnabled=false, handlesAlerts=true, version=77.0.3865.90, browserConnectionEnabled=false, nativeEvents=true, locationContextEnabled=true, cssSelectorsEnabled=true}] Session ID: 50c4aab5d61f8341150acfc17b20508e</td>
</tr>
<tr>
<td class='status fail' title='fail' alt='fail'><i class='mdi-navigation-cancel'></i></td>
<td class='timestamp'>15:12:31</td>
<td class='step-details'><img class="report-img" data-featherlight="Screenshots//ScreenShotsl8zvw78o1f5.png" src="Screenshots//ScreenShotsl8zvw78o1f5.png"></td>
</tr>
<tr>
<td class='status info' title='info' alt='info'><i class='mdi-action-info-outline'></i></td>
<td class='timestamp'>15:12:31</td>
<td class='step-details'>Total Execution Time for Test Suite: : 0:00:12</td>
</tr>
<tr>
<td class='status info' title='info' alt='info'><i class='mdi-action-info-outline'></i></td>
<td class='timestamp'>15:12:31</td>
<td class='step-details'>********************* END OF AUTOMATION TEST *********************</td>
</tr>
<tr>
<td class='status info' title='info' alt='info'><i class='mdi-action-info-outline'></i></td>
<td class='timestamp'>15:12:31</td>
<td class='step-details'>TEST RESULT SAVED IN: FitNesseRoot/files/testResults/ExtentReport/STAGING/AutomationReport191001-0307.html</td>
</tr>
</tbody>
</table>
<ul class='collapsible node-list' data-collapsible='accordion'>
</ul>
</div>
</div>
</li>
<li class='collection-item test displayed active fail ' extentid='09e04c51-b1c8-4377-a06c-f5d911fcec74'>
<div class='test-head'>
<span class='test-name'>Finecast_UK_Suite_Test08AddOpportunityTeamTest </span>
<span class='test-status label right outline capitalize fail'>fail</span>
<span class='category-assigned hide  test08fncast-addanopportunityteam'></span>
</div>
<div class='test-body'>
<div class='test-info'>
<span title='Test started time' alt='Test started time' class='test-started-time label green lighten-1 text-white'>2019-10-01 15:12:33</span>
<span title='Test ended time' alt='Test ended time' class='test-ended-time label red lighten-1 text-white'>2019-10-01 15:12:41</span>
<span title='Time taken to finish' alt='Time taken to finish' class='test-time-taken label blue-grey lighten-3 text-white'>0h 0m 8s+0ms</span>
</div>
<div class='test-desc'></div>
<div class='test-attributes'>
<div class='categories'>
<span class='category text-white'>Test08Fncast-Add an opportunity team</span>
</div>
</div>
<div class='test-steps'>
<table class='bordered table-results'>
<thead>
<tr>
<th>Status</th>
<th>Timestamp</th>
<th>Details</th>
</tr>
</thead>
<tbody>
<tr>
<td class='status info' title='info' alt='info'><i class='mdi-action-info-outline'></i></td>
<td class='timestamp'>15:12:33</td>
<td class='step-details'>TEST STARTED:</td>
</tr>
<tr>
<td class='status info' title='info' alt='info'><i class='mdi-action-info-outline'></i></td>
<td class='timestamp'>15:12:33</td>
<td class='step-details'>Navigating to url $finecastOppPageUrl</td>
</tr>
<tr>
<td class='status info' title='info' alt='info'><i class='mdi-action-info-outline'></i></td>
<td class='timestamp'>15:12:33</td>
<td class='step-details'>Waiting 1500 milliseconds on a page</td>
</tr>
<tr>
<td class='status info' title='info' alt='info'><i class='mdi-action-info-outline'></i></td>
<td class='timestamp'>15:12:35</td>
<td class='step-details'>Switching to Opp Team IFrame Iframe</td>
</tr>
<tr>
<td class='status fail' title='fail' alt='fail'><i class='mdi-navigation-cancel'></i></td>
<td class='timestamp'>15:12:38</td>
<td class='step-details'>Can't switch Opp Team IFrame Iframe</td>
</tr>
<tr>
<td class='status fail' title='fail' alt='fail'><i class='mdi-navigation-cancel'></i></td>
<td class='timestamp'>15:12:41</td>
<td class='step-details'><img class="report-img" data-featherlight="Screenshots//ScreenShot1hv602qs17qk3.png" src="Screenshots//ScreenShot1hv602qs17qk3.png"></td>
</tr>
<tr>
<td class='status info' title='info' alt='info'><i class='mdi-action-info-outline'></i></td>
<td class='timestamp'>15:12:41</td>
<td class='step-details'>Total Execution Time for Test Suite: : 0:00:08</td>
</tr>
<tr>
<td class='status info' title='info' alt='info'><i class='mdi-action-info-outline'></i></td>
<td class='timestamp'>15:12:41</td>
<td class='step-details'>********************* END OF AUTOMATION TEST *********************</td>
</tr>
<tr>
<td class='status info' title='info' alt='info'><i class='mdi-action-info-outline'></i></td>
<td class='timestamp'>15:12:41</td>
<td class='step-details'>TEST RESULT SAVED IN: FitNesseRoot/files/testResults/ExtentReport/STAGING/AutomationReport191001-0307.html</td>
</tr>
</tbody>
</table>
<ul class='collapsible node-list' data-collapsible='accordion'>
</ul>
</div>
</div>
</li>
<li class='collection-item test displayed active fail ' extentid='a02fab14-c3b4-45f1-a368-4e44d64804a3'>
<div class='test-head'>
<span class='test-name'>Finecast_UK_Suite_Test09aCreateCaseAvailsTest </span>
<span class='test-status label right outline capitalize fail'>fail</span>
<span class='category-assigned hide  test09afncast-createa'newavails'case'></span>
</div>
<div class='test-body'>
<div class='test-info'>
<span title='Test started time' alt='Test started time' class='test-started-time label green lighten-1 text-white'>2019-10-01 15:12:42</span>
<span title='Test ended time' alt='Test ended time' class='test-ended-time label red lighten-1 text-white'>2019-10-01 15:12:58</span>
<span title='Time taken to finish' alt='Time taken to finish' class='test-time-taken label blue-grey lighten-3 text-white'>0h 0m 16s+0ms</span>
</div>
<div class='test-desc'></div>
<div class='test-attributes'>
<div class='categories'>
<span class='category text-white'>Test09aFncast-Create a 'New Avails' Case</span>
</div>
</div>
<div class='test-steps'>
<table class='bordered table-results'>
<thead>
<tr>
<th>Status</th>
<th>Timestamp</th>
<th>Details</th>
</tr>
</thead>
<tbody>
<tr>
<td class='status info' title='info' alt='info'><i class='mdi-action-info-outline'></i></td>
<td class='timestamp'>15:12:42</td>
<td class='step-details'>TEST STARTED:</td>
</tr>
<tr>
<td class='status info' title='info' alt='info'><i class='mdi-action-info-outline'></i></td>
<td class='timestamp'>15:12:42</td>
<td class='step-details'>Navigating to url $finecastOppPageUrl</td>
</tr>
<tr>
<td class='status info' title='info' alt='info'><i class='mdi-action-info-outline'></i></td>
<td class='timestamp'>15:12:46</td>
<td class='step-details'>Clicking on New Avails Case Button</td>
</tr>
<tr>
<td class='status fail' title='fail' alt='fail'><i class='mdi-navigation-cancel'></i></td>
<td class='timestamp'>15:12:56</td>
<td class='step-details'>Unable to click on New Avails Case Button Exception: org.openqa.selenium.TimeoutException: Timed out after 7 seconds waiting for visibility of element located by By.xpath: //*[@name="new_avails_case"] Build info: version: '2.53.0', revision: '35ae25b1534ae328c771e0856c93e187490ca824', time: '2016-03-15 10:43:46' System info: host: 'EC2AMAZ-FEFP0OS', ip: '10.199.140.93', os.name: 'Windows NT (unknown)', os.arch: 'amd64', os.version: '10.0', java.version: '1.8.0_91' Driver info: org.openqa.selenium.chrome.ChromeDriver Capabilities [{mobileEmulationEnabled=false, hasTouchScreen=false, platform=XP, acceptSslCerts=false, goog:chromeOptions={debuggerAddress=localhost:50372}, acceptInsecureCerts=false, webStorageEnabled=true, browserName=chrome, takesScreenshot=true, javascriptEnabled=true, setWindowRect=true, unexpectedAlertBehaviour=ignore, applicationCacheEnabled=false, rotatable=false, networkConnectionEnabled=false, chrome={chromedriverVersion=2.44.609538 (b655c5a60b0b544917107a59d4153d4bf78e1b90), userDataDir=C:\Users\SumonK\AppData\Local\Temp\2\scoped_dir3384_28382}, takesHeapSnapshot=true, pageLoadStrategy=normal, databaseEnabled=false, handlesAlerts=true, version=77.0.3865.90, browserConnectionEnabled=false, nativeEvents=true, locationContextEnabled=true, cssSelectorsEnabled=true}] Session ID: 50c4aab5d61f8341150acfc17b20508e</td>
</tr>
<tr>
<td class='status fail' title='fail' alt='fail'><i class='mdi-navigation-cancel'></i></td>
<td class='timestamp'>15:12:58</td>
<td class='step-details'><img class="report-img" data-featherlight="Screenshots//ScreenShotqhtdlakgrlma.png" src="Screenshots//ScreenShotqhtdlakgrlma.png"></td>
</tr>
<tr>
<td class='status info' title='info' alt='info'><i class='mdi-action-info-outline'></i></td>
<td class='timestamp'>15:12:58</td>
<td class='step-details'>Total Execution Time for Test Suite: : 0:00:15</td>
</tr>
<tr>
<td class='status info' title='info' alt='info'><i class='mdi-action-info-outline'></i></td>
<td class='timestamp'>15:12:58</td>
<td class='step-details'>********************* END OF AUTOMATION TEST *********************</td>
</tr>
<tr>
<td class='status info' title='info' alt='info'><i class='mdi-action-info-outline'></i></td>
<td class='timestamp'>15:12:58</td>
<td class='step-details'>TEST RESULT SAVED IN: FitNesseRoot/files/testResults/ExtentReport/STAGING/AutomationReport191001-0307.html</td>
</tr>
</tbody>
</table>
<ul class='collapsible node-list' data-collapsible='accordion'>
</ul>
</div>
</div>
</li>
<li class='collection-item test displayed active fail ' extentid='640137f9-14df-4556-a00b-67ac131c06a3'>
<div class='test-head'>
<span class='test-name'>Finecast_UK_Suite_Test09bCloseCaseAvailsTest </span>
<span class='test-status label right outline capitalize fail'>fail</span>
<span class='category-assigned hide  test09bfncast-close'newavails'case'></span>
</div>
<div class='test-body'>
<div class='test-info'>
<span title='Test started time' alt='Test started time' class='test-started-time label green lighten-1 text-white'>2019-10-01 15:13:00</span>
<span title='Test ended time' alt='Test ended time' class='test-ended-time label red lighten-1 text-white'>2019-10-01 15:13:12</span>
<span title='Time taken to finish' alt='Time taken to finish' class='test-time-taken label blue-grey lighten-3 text-white'>0h 0m 12s+0ms</span>
</div>
<div class='test-desc'></div>
<div class='test-attributes'>
<div class='categories'>
<span class='category text-white'>Test09bFncast-Close 'New Avails' Case</span>
</div>
</div>
<div class='test-steps'>
<table class='bordered table-results'>
<thead>
<tr>
<th>Status</th>
<th>Timestamp</th>
<th>Details</th>
</tr>
</thead>
<tbody>
<tr>
<td class='status info' title='info' alt='info'><i class='mdi-action-info-outline'></i></td>
<td class='timestamp'>15:13:00</td>
<td class='step-details'>TEST STARTED:</td>
</tr>
<tr>
<td class='status info' title='info' alt='info'><i class='mdi-action-info-outline'></i></td>
<td class='timestamp'>15:13:00</td>
<td class='step-details'>Navigating to url $newAvailsCasePageUrl</td>
</tr>
<tr>
<td class='status info' title='info' alt='info'><i class='mdi-action-info-outline'></i></td>
<td class='timestamp'>15:13:00</td>
<td class='step-details'>Clicking on Close Case Button</td>
</tr>
<tr>
<td class='status fail' title='fail' alt='fail'><i class='mdi-navigation-cancel'></i></td>
<td class='timestamp'>15:13:11</td>
<td class='step-details'>Unable to click on Close Case Button Exception: org.openqa.selenium.TimeoutException: Timed out after 7 seconds waiting for visibility of element located by By.xpath: //*[@title="Close Case"] Build info: version: '2.53.0', revision: '35ae25b1534ae328c771e0856c93e187490ca824', time: '2016-03-15 10:43:46' System info: host: 'EC2AMAZ-FEFP0OS', ip: '10.199.140.93', os.name: 'Windows NT (unknown)', os.arch: 'amd64', os.version: '10.0', java.version: '1.8.0_91' Driver info: org.openqa.selenium.chrome.ChromeDriver Capabilities [{mobileEmulationEnabled=false, hasTouchScreen=false, platform=XP, acceptSslCerts=false, goog:chromeOptions={debuggerAddress=localhost:50372}, acceptInsecureCerts=false, webStorageEnabled=true, browserName=chrome, takesScreenshot=true, javascriptEnabled=true, setWindowRect=true, unexpectedAlertBehaviour=ignore, applicationCacheEnabled=false, rotatable=false, networkConnectionEnabled=false, chrome={chromedriverVersion=2.44.609538 (b655c5a60b0b544917107a59d4153d4bf78e1b90), userDataDir=C:\Users\SumonK\AppData\Local\Temp\2\scoped_dir3384_28382}, takesHeapSnapshot=true, pageLoadStrategy=normal, databaseEnabled=false, handlesAlerts=true, version=77.0.3865.90, browserConnectionEnabled=false, nativeEvents=true, locationContextEnabled=true, cssSelectorsEnabled=true}] Session ID: 50c4aab5d61f8341150acfc17b20508e</td>
</tr>
<tr>
<td class='status fail' title='fail' alt='fail'><i class='mdi-navigation-cancel'></i></td>
<td class='timestamp'>15:13:12</td>
<td class='step-details'><img class="report-img" data-featherlight="Screenshots//ScreenShott89m58yrngvo.png" src="Screenshots//ScreenShott89m58yrngvo.png"></td>
</tr>
<tr>
<td class='status info' title='info' alt='info'><i class='mdi-action-info-outline'></i></td>
<td class='timestamp'>15:13:12</td>
<td class='step-details'>Total Execution Time for Test Suite: : 0:00:12</td>
</tr>
<tr>
<td class='status info' title='info' alt='info'><i class='mdi-action-info-outline'></i></td>
<td class='timestamp'>15:13:12</td>
<td class='step-details'>********************* END OF AUTOMATION TEST *********************</td>
</tr>
<tr>
<td class='status info' title='info' alt='info'><i class='mdi-action-info-outline'></i></td>
<td class='timestamp'>15:13:12</td>
<td class='step-details'>TEST RESULT SAVED IN: FitNesseRoot/files/testResults/ExtentReport/STAGING/AutomationReport191001-0307.html</td>
</tr>
</tbody>
</table>
<ul class='collapsible node-list' data-collapsible='accordion'>
</ul>
</div>
</div>
</li>
<li class='collection-item test displayed active fail ' extentid='b93630b2-fdc0-4846-a691-156e015f0ebd'>
<div class='test-head'>
<span class='test-name'>Finecast_UK_Suite_Test09cCreateCaseAvailsFromCaseSectionTest </span>
<span class='test-status label right outline capitalize fail'>fail</span>
<span class='category-assigned hide  test09cfncast-createa'newavails'caseoncasesection'></span>
</div>
<div class='test-body'>
<div class='test-info'>
<span title='Test started time' alt='Test started time' class='test-started-time label green lighten-1 text-white'>2019-10-01 15:13:14</span>
<span title='Test ended time' alt='Test ended time' class='test-ended-time label red lighten-1 text-white'>2019-10-01 15:13:20</span>
<span title='Time taken to finish' alt='Time taken to finish' class='test-time-taken label blue-grey lighten-3 text-white'>0h 0m 6s+0ms</span>
</div>
<div class='test-desc'></div>
<div class='test-attributes'>
<div class='categories'>
<span class='category text-white'>Test09cFncast-Create a 'New Avails' Case on Case Section</span>
</div>
</div>
<div class='test-steps'>
<table class='bordered table-results'>
<thead>
<tr>
<th>Status</th>
<th>Timestamp</th>
<th>Details</th>
</tr>
</thead>
<tbody>
<tr>
<td class='status info' title='info' alt='info'><i class='mdi-action-info-outline'></i></td>
<td class='timestamp'>15:13:14</td>
<td class='step-details'>TEST STARTED:</td>
</tr>
<tr>
<td class='status info' title='info' alt='info'><i class='mdi-action-info-outline'></i></td>
<td class='timestamp'>15:13:14</td>
<td class='step-details'>Navigating to url $finecastOppPageUrl</td>
</tr>
<tr>
<td class='status info' title='info' alt='info'><i class='mdi-action-info-outline'></i></td>
<td class='timestamp'>15:13:14</td>
<td class='step-details'>Clicking on New Avails Case Button with index number 1 by using JavaScript</td>
</tr>
<tr>
<td class='status fail' title='fail' alt='fail'><i class='mdi-navigation-cancel'></i></td>
<td class='timestamp'>15:13:17</td>
<td class='step-details'>Unable to click on New Avails Case Button with index number 1 by using script</td>
</tr>
<tr>
<td class='status fail' title='fail' alt='fail'><i class='mdi-navigation-cancel'></i></td>
<td class='timestamp'>15:13:20</td>
<td class='step-details'><img class="report-img" data-featherlight="Screenshots//ScreenShot1k1r6ekewzvj7.png" src="Screenshots//ScreenShot1k1r6ekewzvj7.png"></td>
</tr>
<tr>
<td class='status info' title='info' alt='info'><i class='mdi-action-info-outline'></i></td>
<td class='timestamp'>15:13:20</td>
<td class='step-details'>Total Execution Time for Test Suite: : 0:00:05</td>
</tr>
<tr>
<td class='status info' title='info' alt='info'><i class='mdi-action-info-outline'></i></td>
<td class='timestamp'>15:13:20</td>
<td class='step-details'>********************* END OF AUTOMATION TEST *********************</td>
</tr>
<tr>
<td class='status info' title='info' alt='info'><i class='mdi-action-info-outline'></i></td>
<td class='timestamp'>15:13:20</td>
<td class='step-details'>TEST RESULT SAVED IN: FitNesseRoot/files/testResults/ExtentReport/STAGING/AutomationReport191001-0307.html</td>
</tr>
</tbody>
</table>
<ul class='collapsible node-list' data-collapsible='accordion'>
</ul>
</div>
</div>
</li>
<li class='collection-item test displayed active fail ' extentid='22e635a1-f398-4f00-855d-1c07ac63c90b'>
<div class='test-head'>
<span class='test-name'>Finecast_UK_Suite_Test10aCreateCaseCampaignManagementTest </span>
<span class='test-status label right outline capitalize fail'>fail</span>
<span class='category-assigned hide  test10afncast-createa'newcampaignmanagement'case'></span>
</div>
<div class='test-body'>
<div class='test-info'>
<span title='Test started time' alt='Test started time' class='test-started-time label green lighten-1 text-white'>2019-10-01 15:13:21</span>
<span title='Test ended time' alt='Test ended time' class='test-ended-time label red lighten-1 text-white'>2019-10-01 15:13:37</span>
<span title='Time taken to finish' alt='Time taken to finish' class='test-time-taken label blue-grey lighten-3 text-white'>0h 0m 16s+0ms</span>
</div>
<div class='test-desc'></div>
<div class='test-attributes'>
<div class='categories'>
<span class='category text-white'>Test10aFncast-Create a 'New Campaign Management' Case</span>
</div>
</div>
<div class='test-steps'>
<table class='bordered table-results'>
<thead>
<tr>
<th>Status</th>
<th>Timestamp</th>
<th>Details</th>
</tr>
</thead>
<tbody>
<tr>
<td class='status info' title='info' alt='info'><i class='mdi-action-info-outline'></i></td>
<td class='timestamp'>15:13:21</td>
<td class='step-details'>TEST STARTED:</td>
</tr>
<tr>
<td class='status info' title='info' alt='info'><i class='mdi-action-info-outline'></i></td>
<td class='timestamp'>15:13:21</td>
<td class='step-details'>Navigating to url $finecastOppPageUrl</td>
</tr>
<tr>
<td class='status info' title='info' alt='info'><i class='mdi-action-info-outline'></i></td>
<td class='timestamp'>15:13:24</td>
<td class='step-details'>Clicking on New Campaign Management Case Button</td>
</tr>
<tr>
<td class='status fail' title='fail' alt='fail'><i class='mdi-navigation-cancel'></i></td>
<td class='timestamp'>15:13:35</td>
<td class='step-details'>Unable to click on New Campaign Management Case Button Exception: org.openqa.selenium.TimeoutException: Timed out after 7 seconds waiting for visibility of element located by By.xpath: //*[@name="new_campaign_management_case"] Build info: version: '2.53.0', revision: '35ae25b1534ae328c771e0856c93e187490ca824', time: '2016-03-15 10:43:46' System info: host: 'EC2AMAZ-FEFP0OS', ip: '10.199.140.93', os.name: 'Windows NT (unknown)', os.arch: 'amd64', os.version: '10.0', java.version: '1.8.0_91' Driver info: org.openqa.selenium.chrome.ChromeDriver Capabilities [{mobileEmulationEnabled=false, hasTouchScreen=false, platform=XP, acceptSslCerts=false, goog:chromeOptions={debuggerAddress=localhost:50372}, acceptInsecureCerts=false, webStorageEnabled=true, browserName=chrome, takesScreenshot=true, javascriptEnabled=true, setWindowRect=true, unexpectedAlertBehaviour=ignore, applicationCacheEnabled=false, rotatable=false, networkConnectionEnabled=false, chrome={chromedriverVersion=2.44.609538 (b655c5a60b0b544917107a59d4153d4bf78e1b90), userDataDir=C:\Users\SumonK\AppData\Local\Temp\2\scoped_dir3384_28382}, takesHeapSnapshot=true, pageLoadStrategy=normal, databaseEnabled=false, handlesAlerts=true, version=77.0.3865.90, browserConnectionEnabled=false, nativeEvents=true, locationContextEnabled=true, cssSelectorsEnabled=true}] Session ID: 50c4aab5d61f8341150acfc17b20508e</td>
</tr>
<tr>
<td class='status fail' title='fail' alt='fail'><i class='mdi-navigation-cancel'></i></td>
<td class='timestamp'>15:13:37</td>
<td class='step-details'><img class="report-img" data-featherlight="Screenshots//ScreenShot1ib0gvbxt4qpl.png" src="Screenshots//ScreenShot1ib0gvbxt4qpl.png"></td>
</tr>
<tr>
<td class='status info' title='info' alt='info'><i class='mdi-action-info-outline'></i></td>
<td class='timestamp'>15:13:37</td>
<td class='step-details'>Total Execution Time for Test Suite: : 0:00:15</td>
</tr>
<tr>
<td class='status info' title='info' alt='info'><i class='mdi-action-info-outline'></i></td>
<td class='timestamp'>15:13:37</td>
<td class='step-details'>********************* END OF AUTOMATION TEST *********************</td>
</tr>
<tr>
<td class='status info' title='info' alt='info'><i class='mdi-action-info-outline'></i></td>
<td class='timestamp'>15:13:37</td>
<td class='step-details'>TEST RESULT SAVED IN: FitNesseRoot/files/testResults/ExtentReport/STAGING/AutomationReport191001-0307.html</td>
</tr>
</tbody>
</table>
<ul class='collapsible node-list' data-collapsible='accordion'>
</ul>
</div>
</div>
</li>
<li class='collection-item test displayed active fail ' extentid='c5e1a9ea-eea0-4b14-bb27-d22413de241e'>
<div class='test-head'>
<span class='test-name'>Finecast_UK_Suite_Test10bCloseCaseCampaignManagementTest </span>
<span class='test-status label right outline capitalize fail'>fail</span>
<span class='category-assigned hide  test10bfncast-close'newcampaignmanagement'case'></span>
</div>
<div class='test-body'>
<div class='test-info'>
<span title='Test started time' alt='Test started time' class='test-started-time label green lighten-1 text-white'>2019-10-01 15:13:39</span>
<span title='Test ended time' alt='Test ended time' class='test-ended-time label red lighten-1 text-white'>2019-10-01 15:13:51</span>
<span title='Time taken to finish' alt='Time taken to finish' class='test-time-taken label blue-grey lighten-3 text-white'>0h 0m 12s+0ms</span>
</div>
<div class='test-desc'></div>
<div class='test-attributes'>
<div class='categories'>
<span class='category text-white'>Test10bFncast-Close 'New Campaign Management' Case</span>
</div>
</div>
<div class='test-steps'>
<table class='bordered table-results'>
<thead>
<tr>
<th>Status</th>
<th>Timestamp</th>
<th>Details</th>
</tr>
</thead>
<tbody>
<tr>
<td class='status info' title='info' alt='info'><i class='mdi-action-info-outline'></i></td>
<td class='timestamp'>15:13:39</td>
<td class='step-details'>TEST STARTED:</td>
</tr>
<tr>
<td class='status info' title='info' alt='info'><i class='mdi-action-info-outline'></i></td>
<td class='timestamp'>15:13:39</td>
<td class='step-details'>Navigating to url $newCampManagementCasePageUrl</td>
</tr>
<tr>
<td class='status info' title='info' alt='info'><i class='mdi-action-info-outline'></i></td>
<td class='timestamp'>15:13:39</td>
<td class='step-details'>Clicking on Close Case Button</td>
</tr>
<tr>
<td class='status fail' title='fail' alt='fail'><i class='mdi-navigation-cancel'></i></td>
<td class='timestamp'>15:13:50</td>
<td class='step-details'>Unable to click on Close Case Button Exception: org.openqa.selenium.TimeoutException: Timed out after 7 seconds waiting for visibility of element located by By.xpath: //*[@title="Close Case"] Build info: version: '2.53.0', revision: '35ae25b1534ae328c771e0856c93e187490ca824', time: '2016-03-15 10:43:46' System info: host: 'EC2AMAZ-FEFP0OS', ip: '10.199.140.93', os.name: 'Windows NT (unknown)', os.arch: 'amd64', os.version: '10.0', java.version: '1.8.0_91' Driver info: org.openqa.selenium.chrome.ChromeDriver Capabilities [{mobileEmulationEnabled=false, hasTouchScreen=false, platform=XP, acceptSslCerts=false, goog:chromeOptions={debuggerAddress=localhost:50372}, acceptInsecureCerts=false, webStorageEnabled=true, browserName=chrome, takesScreenshot=true, javascriptEnabled=true, setWindowRect=true, unexpectedAlertBehaviour=ignore, applicationCacheEnabled=false, rotatable=false, networkConnectionEnabled=false, chrome={chromedriverVersion=2.44.609538 (b655c5a60b0b544917107a59d4153d4bf78e1b90), userDataDir=C:\Users\SumonK\AppData\Local\Temp\2\scoped_dir3384_28382}, takesHeapSnapshot=true, pageLoadStrategy=normal, databaseEnabled=false, handlesAlerts=true, version=77.0.3865.90, browserConnectionEnabled=false, nativeEvents=true, locationContextEnabled=true, cssSelectorsEnabled=true}] Session ID: 50c4aab5d61f8341150acfc17b20508e</td>
</tr>
<tr>
<td class='status fail' title='fail' alt='fail'><i class='mdi-navigation-cancel'></i></td>
<td class='timestamp'>15:13:51</td>
<td class='step-details'><img class="report-img" data-featherlight="Screenshots//ScreenShot1jyaiynv9av6t.png" src="Screenshots//ScreenShot1jyaiynv9av6t.png"></td>
</tr>
<tr>
<td class='status info' title='info' alt='info'><i class='mdi-action-info-outline'></i></td>
<td class='timestamp'>15:13:51</td>
<td class='step-details'>Total Execution Time for Test Suite: : 0:00:12</td>
</tr>
<tr>
<td class='status info' title='info' alt='info'><i class='mdi-action-info-outline'></i></td>
<td class='timestamp'>15:13:51</td>
<td class='step-details'>********************* END OF AUTOMATION TEST *********************</td>
</tr>
<tr>
<td class='status info' title='info' alt='info'><i class='mdi-action-info-outline'></i></td>
<td class='timestamp'>15:13:51</td>
<td class='step-details'>TEST RESULT SAVED IN: FitNesseRoot/files/testResults/ExtentReport/STAGING/AutomationReport191001-0307.html</td>
</tr>
</tbody>
</table>
<ul class='collapsible node-list' data-collapsible='accordion'>
</ul>
</div>
</div>
</li>
<li class='collection-item test displayed active fail ' extentid='48122c33-f7a9-4442-82e1-2fa454a5d1f6'>
<div class='test-head'>
<span class='test-name'>Finecast_UK_Suite_Test10cCreateCaseCampaignManagementFromCaseSectionTest </span>
<span class='test-status label right outline capitalize fail'>fail</span>
<span class='category-assigned hide  test10cfncast-createa'newcampaignmanagement'caseoncasesection'></span>
</div>
<div class='test-body'>
<div class='test-info'>
<span title='Test started time' alt='Test started time' class='test-started-time label green lighten-1 text-white'>2019-10-01 15:13:53</span>
<span title='Test ended time' alt='Test ended time' class='test-ended-time label red lighten-1 text-white'>2019-10-01 15:13:58</span>
<span title='Time taken to finish' alt='Time taken to finish' class='test-time-taken label blue-grey lighten-3 text-white'>0h 0m 5s+0ms</span>
</div>
<div class='test-desc'></div>
<div class='test-attributes'>
<div class='categories'>
<span class='category text-white'>Test10cFncast-Create a 'New Campaign Management' Case on Case Section</span>
</div>
</div>
<div class='test-steps'>
<table class='bordered table-results'>
<thead>
<tr>
<th>Status</th>
<th>Timestamp</th>
<th>Details</th>
</tr>
</thead>
<tbody>
<tr>
<td class='status info' title='info' alt='info'><i class='mdi-action-info-outline'></i></td>
<td class='timestamp'>15:13:53</td>
<td class='step-details'>TEST STARTED:</td>
</tr>
<tr>
<td class='status info' title='info' alt='info'><i class='mdi-action-info-outline'></i></td>
<td class='timestamp'>15:13:53</td>
<td class='step-details'>Navigating to url $finecastOppPageUrl</td>
</tr>
<tr>
<td class='status info' title='info' alt='info'><i class='mdi-action-info-outline'></i></td>
<td class='timestamp'>15:13:53</td>
<td class='step-details'>Clicking on New Campaign Management Case Button with index number 1 by using JavaScript</td>
</tr>
<tr>
<td class='status fail' title='fail' alt='fail'><i class='mdi-navigation-cancel'></i></td>
<td class='timestamp'>15:13:56</td>
<td class='step-details'>Unable to click on New Campaign Management Case Button with index number 1 by using script</td>
</tr>
<tr>
<td class='status fail' title='fail' alt='fail'><i class='mdi-navigation-cancel'></i></td>
<td class='timestamp'>15:13:58</td>
<td class='step-details'><img class="report-img" data-featherlight="Screenshots//ScreenShotrhit3q86dyli.png" src="Screenshots//ScreenShotrhit3q86dyli.png"></td>
</tr>
<tr>
<td class='status info' title='info' alt='info'><i class='mdi-action-info-outline'></i></td>
<td class='timestamp'>15:13:58</td>
<td class='step-details'>Total Execution Time for Test Suite: : 0:00:05</td>
</tr>
<tr>
<td class='status info' title='info' alt='info'><i class='mdi-action-info-outline'></i></td>
<td class='timestamp'>15:13:58</td>
<td class='step-details'>********************* END OF AUTOMATION TEST *********************</td>
</tr>
<tr>
<td class='status info' title='info' alt='info'><i class='mdi-action-info-outline'></i></td>
<td class='timestamp'>15:13:58</td>
<td class='step-details'>TEST RESULT SAVED IN: FitNesseRoot/files/testResults/ExtentReport/STAGING/AutomationReport191001-0307.html</td>
</tr>
</tbody>
</table>
<ul class='collapsible node-list' data-collapsible='accordion'>
</ul>
</div>
</div>
</li>
<li class='collection-item test displayed active fail ' extentid='f647ef77-87b3-4081-94e9-473b78e54bbf'>
<div class='test-head'>
<span class='test-name'>Finecast_UK_Suite_Test11aCreateCaseCreativesTest </span>
<span class='test-status label right outline capitalize fail'>fail</span>
<span class='category-assigned hide  test11afncast-createa'newcreatives'case'></span>
</div>
<div class='test-body'>
<div class='test-info'>
<span title='Test started time' alt='Test started time' class='test-started-time label green lighten-1 text-white'>2019-10-01 15:14:00</span>
<span title='Test ended time' alt='Test ended time' class='test-ended-time label red lighten-1 text-white'>2019-10-01 15:14:16</span>
<span title='Time taken to finish' alt='Time taken to finish' class='test-time-taken label blue-grey lighten-3 text-white'>0h 0m 16s+0ms</span>
</div>
<div class='test-desc'></div>
<div class='test-attributes'>
<div class='categories'>
<span class='category text-white'>Test11aFncast-Create a 'New Creatives' Case</span>
</div>
</div>
<div class='test-steps'>
<table class='bordered table-results'>
<thead>
<tr>
<th>Status</th>
<th>Timestamp</th>
<th>Details</th>
</tr>
</thead>
<tbody>
<tr>
<td class='status info' title='info' alt='info'><i class='mdi-action-info-outline'></i></td>
<td class='timestamp'>15:14:00</td>
<td class='step-details'>TEST STARTED:</td>
</tr>
<tr>
<td class='status info' title='info' alt='info'><i class='mdi-action-info-outline'></i></td>
<td class='timestamp'>15:14:00</td>
<td class='step-details'>Navigating to url $finecastOppPageUrl</td>
</tr>
<tr>
<td class='status info' title='info' alt='info'><i class='mdi-action-info-outline'></i></td>
<td class='timestamp'>15:14:03</td>
<td class='step-details'>Clicking on New Creatives Case Button</td>
</tr>
<tr>
<td class='status fail' title='fail' alt='fail'><i class='mdi-navigation-cancel'></i></td>
<td class='timestamp'>15:14:14</td>
<td class='step-details'>Unable to click on New Creatives Case Button Exception: org.openqa.selenium.TimeoutException: Timed out after 7 seconds waiting for visibility of element located by By.xpath: //*[@name="new_creatives_case"] Build info: version: '2.53.0', revision: '35ae25b1534ae328c771e0856c93e187490ca824', time: '2016-03-15 10:43:46' System info: host: 'EC2AMAZ-FEFP0OS', ip: '10.199.140.93', os.name: 'Windows NT (unknown)', os.arch: 'amd64', os.version: '10.0', java.version: '1.8.0_91' Driver info: org.openqa.selenium.chrome.ChromeDriver Capabilities [{mobileEmulationEnabled=false, hasTouchScreen=false, platform=XP, acceptSslCerts=false, goog:chromeOptions={debuggerAddress=localhost:50372}, acceptInsecureCerts=false, webStorageEnabled=true, browserName=chrome, takesScreenshot=true, javascriptEnabled=true, setWindowRect=true, unexpectedAlertBehaviour=ignore, applicationCacheEnabled=false, rotatable=false, networkConnectionEnabled=false, chrome={chromedriverVersion=2.44.609538 (b655c5a60b0b544917107a59d4153d4bf78e1b90), userDataDir=C:\Users\SumonK\AppData\Local\Temp\2\scoped_dir3384_28382}, takesHeapSnapshot=true, pageLoadStrategy=normal, databaseEnabled=false, handlesAlerts=true, version=77.0.3865.90, browserConnectionEnabled=false, nativeEvents=true, locationContextEnabled=true, cssSelectorsEnabled=true}] Session ID: 50c4aab5d61f8341150acfc17b20508e</td>
</tr>
<tr>
<td class='status fail' title='fail' alt='fail'><i class='mdi-navigation-cancel'></i></td>
<td class='timestamp'>15:14:16</td>
<td class='step-details'><img class="report-img" data-featherlight="Screenshots//ScreenShots1jyd3qq1bu8.png" src="Screenshots//ScreenShots1jyd3qq1bu8.png"></td>
</tr>
<tr>
<td class='status info' title='info' alt='info'><i class='mdi-action-info-outline'></i></td>
<td class='timestamp'>15:14:16</td>
<td class='step-details'>Total Execution Time for Test Suite: : 0:00:15</td>
</tr>
<tr>
<td class='status info' title='info' alt='info'><i class='mdi-action-info-outline'></i></td>
<td class='timestamp'>15:14:16</td>
<td class='step-details'>********************* END OF AUTOMATION TEST *********************</td>
</tr>
<tr>
<td class='status info' title='info' alt='info'><i class='mdi-action-info-outline'></i></td>
<td class='timestamp'>15:14:16</td>
<td class='step-details'>TEST RESULT SAVED IN: FitNesseRoot/files/testResults/ExtentReport/STAGING/AutomationReport191001-0307.html</td>
</tr>
</tbody>
</table>
<ul class='collapsible node-list' data-collapsible='accordion'>
</ul>
</div>
</div>
</li>
<li class='collection-item test displayed active fail ' extentid='12df842c-b94c-470d-b359-b90798913348'>
<div class='test-head'>
<span class='test-name'>Finecast_UK_Suite_Test11bCloseCaseCreativesTest </span>
<span class='test-status label right outline capitalize fail'>fail</span>
<span class='category-assigned hide  test11bfncast-close'newcreatives'case'></span>
</div>
<div class='test-body'>
<div class='test-info'>
<span title='Test started time' alt='Test started time' class='test-started-time label green lighten-1 text-white'>2019-10-01 15:14:17</span>
<span title='Test ended time' alt='Test ended time' class='test-ended-time label red lighten-1 text-white'>2019-10-01 15:14:30</span>
<span title='Time taken to finish' alt='Time taken to finish' class='test-time-taken label blue-grey lighten-3 text-white'>0h 0m 13s+0ms</span>
</div>
<div class='test-desc'></div>
<div class='test-attributes'>
<div class='categories'>
<span class='category text-white'>Test11bFncast-Close 'New Creatives' Case</span>
</div>
</div>
<div class='test-steps'>
<table class='bordered table-results'>
<thead>
<tr>
<th>Status</th>
<th>Timestamp</th>
<th>Details</th>
</tr>
</thead>
<tbody>
<tr>
<td class='status info' title='info' alt='info'><i class='mdi-action-info-outline'></i></td>
<td class='timestamp'>15:14:17</td>
<td class='step-details'>TEST STARTED:</td>
</tr>
<tr>
<td class='status info' title='info' alt='info'><i class='mdi-action-info-outline'></i></td>
<td class='timestamp'>15:14:17</td>
<td class='step-details'>Navigating to url $newCreativesCasePageUrl</td>
</tr>
<tr>
<td class='status info' title='info' alt='info'><i class='mdi-action-info-outline'></i></td>
<td class='timestamp'>15:14:17</td>
<td class='step-details'>Clicking on Close Case Button</td>
</tr>
<tr>
<td class='status fail' title='fail' alt='fail'><i class='mdi-navigation-cancel'></i></td>
<td class='timestamp'>15:14:28</td>
<td class='step-details'>Unable to click on Close Case Button Exception: org.openqa.selenium.TimeoutException: Timed out after 7 seconds waiting for visibility of element located by By.xpath: //*[@title="Close Case"] Build info: version: '2.53.0', revision: '35ae25b1534ae328c771e0856c93e187490ca824', time: '2016-03-15 10:43:46' System info: host: 'EC2AMAZ-FEFP0OS', ip: '10.199.140.93', os.name: 'Windows NT (unknown)', os.arch: 'amd64', os.version: '10.0', java.version: '1.8.0_91' Driver info: org.openqa.selenium.chrome.ChromeDriver Capabilities [{mobileEmulationEnabled=false, hasTouchScreen=false, platform=XP, acceptSslCerts=false, goog:chromeOptions={debuggerAddress=localhost:50372}, acceptInsecureCerts=false, webStorageEnabled=true, browserName=chrome, takesScreenshot=true, javascriptEnabled=true, setWindowRect=true, unexpectedAlertBehaviour=ignore, applicationCacheEnabled=false, rotatable=false, networkConnectionEnabled=false, chrome={chromedriverVersion=2.44.609538 (b655c5a60b0b544917107a59d4153d4bf78e1b90), userDataDir=C:\Users\SumonK\AppData\Local\Temp\2\scoped_dir3384_28382}, takesHeapSnapshot=true, pageLoadStrategy=normal, databaseEnabled=false, handlesAlerts=true, version=77.0.3865.90, browserConnectionEnabled=false, nativeEvents=true, locationContextEnabled=true, cssSelectorsEnabled=true}] Session ID: 50c4aab5d61f8341150acfc17b20508e</td>
</tr>
<tr>
<td class='status fail' title='fail' alt='fail'><i class='mdi-navigation-cancel'></i></td>
<td class='timestamp'>15:14:30</td>
<td class='step-details'><img class="report-img" data-featherlight="Screenshots//ScreenShott81d5ipbbcq8.png" src="Screenshots//ScreenShott81d5ipbbcq8.png"></td>
</tr>
<tr>
<td class='status info' title='info' alt='info'><i class='mdi-action-info-outline'></i></td>
<td class='timestamp'>15:14:30</td>
<td class='step-details'>Total Execution Time for Test Suite: : 0:00:12</td>
</tr>
<tr>
<td class='status info' title='info' alt='info'><i class='mdi-action-info-outline'></i></td>
<td class='timestamp'>15:14:30</td>
<td class='step-details'>********************* END OF AUTOMATION TEST *********************</td>
</tr>
<tr>
<td class='status info' title='info' alt='info'><i class='mdi-action-info-outline'></i></td>
<td class='timestamp'>15:14:30</td>
<td class='step-details'>TEST RESULT SAVED IN: FitNesseRoot/files/testResults/ExtentReport/STAGING/AutomationReport191001-0307.html</td>
</tr>
</tbody>
</table>
<ul class='collapsible node-list' data-collapsible='accordion'>
</ul>
</div>
</div>
</li>
<li class='collection-item test displayed active fail ' extentid='498f4c52-2d40-4195-98c3-894b8baf4904'>
<div class='test-head'>
<span class='test-name'>Finecast_UK_Suite_Test11cCreateCaseCreativesFromCaseSectionTest </span>
<span class='test-status label right outline capitalize fail'>fail</span>
<span class='category-assigned hide  test11cfncast-createa'newcreatives'caseoncasesection'></span>
</div>
<div class='test-body'>
<div class='test-info'>
<span title='Test started time' alt='Test started time' class='test-started-time label green lighten-1 text-white'>2019-10-01 15:14:32</span>
<span title='Test ended time' alt='Test ended time' class='test-ended-time label red lighten-1 text-white'>2019-10-01 15:14:37</span>
<span title='Time taken to finish' alt='Time taken to finish' class='test-time-taken label blue-grey lighten-3 text-white'>0h 0m 5s+0ms</span>
</div>
<div class='test-desc'></div>
<div class='test-attributes'>
<div class='categories'>
<span class='category text-white'>Test11cFncast-Create a 'New Creatives' Case on Case Section</span>
</div>
</div>
<div class='test-steps'>
<table class='bordered table-results'>
<thead>
<tr>
<th>Status</th>
<th>Timestamp</th>
<th>Details</th>
</tr>
</thead>
<tbody>
<tr>
<td class='status info' title='info' alt='info'><i class='mdi-action-info-outline'></i></td>
<td class='timestamp'>15:14:32</td>
<td class='step-details'>TEST STARTED:</td>
</tr>
<tr>
<td class='status info' title='info' alt='info'><i class='mdi-action-info-outline'></i></td>
<td class='timestamp'>15:14:32</td>
<td class='step-details'>Navigating to url $finecastOppPageUrl</td>
</tr>
<tr>
<td class='status info' title='info' alt='info'><i class='mdi-action-info-outline'></i></td>
<td class='timestamp'>15:14:32</td>
<td class='step-details'>Clicking on New Creatives Case Button with index number 1 by using JavaScript</td>
</tr>
<tr>
<td class='status fail' title='fail' alt='fail'><i class='mdi-navigation-cancel'></i></td>
<td class='timestamp'>15:14:35</td>
<td class='step-details'>Unable to click on New Creatives Case Button with index number 1 by using script</td>
</tr>
<tr>
<td class='status fail' title='fail' alt='fail'><i class='mdi-navigation-cancel'></i></td>
<td class='timestamp'>15:14:37</td>
<td class='step-details'><img class="report-img" data-featherlight="Screenshots//ScreenShotu7ulh1adg5de.png" src="Screenshots//ScreenShotu7ulh1adg5de.png"></td>
</tr>
<tr>
<td class='status info' title='info' alt='info'><i class='mdi-action-info-outline'></i></td>
<td class='timestamp'>15:14:37</td>
<td class='step-details'>Total Execution Time for Test Suite: : 0:00:05</td>
</tr>
<tr>
<td class='status info' title='info' alt='info'><i class='mdi-action-info-outline'></i></td>
<td class='timestamp'>15:14:37</td>
<td class='step-details'>********************* END OF AUTOMATION TEST *********************</td>
</tr>
<tr>
<td class='status info' title='info' alt='info'><i class='mdi-action-info-outline'></i></td>
<td class='timestamp'>15:14:37</td>
<td class='step-details'>TEST RESULT SAVED IN: FitNesseRoot/files/testResults/ExtentReport/STAGING/AutomationReport191001-0307.html</td>
</tr>
</tbody>
</table>
<ul class='collapsible node-list' data-collapsible='accordion'>
</ul>
</div>
</div>
</li>
<li class='collection-item test displayed active fail ' extentid='fddfd9dc-de99-45c4-a85d-f142d8d53517'>
<div class='test-head'>
<span class='test-name'>Finecast_UK_Suite_Test13aOppValidationRulesTest </span>
<span class='test-status label right outline capitalize fail'>fail</span>
<span class='category-assigned hide  test13afncast-oppvalidationrulesshouldaccessadvertiseropt-in'></span>
</div>
<div class='test-body'>
<div class='test-info'>
<span title='Test started time' alt='Test started time' class='test-started-time label green lighten-1 text-white'>2019-10-01 15:14:39</span>
<span title='Test ended time' alt='Test ended time' class='test-ended-time label red lighten-1 text-white'>2019-10-01 15:14:55</span>
<span title='Time taken to finish' alt='Time taken to finish' class='test-time-taken label blue-grey lighten-3 text-white'>0h 0m 16s+0ms</span>
</div>
<div class='test-desc'></div>
<div class='test-attributes'>
<div class='categories'>
<span class='category text-white'>Test13aFncast-Opp Validation Rules should access Advertiser Opt-In</span>
</div>
</div>
<div class='test-steps'>
<table class='bordered table-results'>
<thead>
<tr>
<th>Status</th>
<th>Timestamp</th>
<th>Details</th>
</tr>
</thead>
<tbody>
<tr>
<td class='status info' title='info' alt='info'><i class='mdi-action-info-outline'></i></td>
<td class='timestamp'>15:14:39</td>
<td class='step-details'>TEST STARTED:</td>
</tr>
<tr>
<td class='status info' title='info' alt='info'><i class='mdi-action-info-outline'></i></td>
<td class='timestamp'>15:14:39</td>
<td class='step-details'>Navigating to url https://finecast--fcqa2.my.salesforce.com/a011F00000BJypc</td>
</tr>
<tr>
<td class='status info' title='info' alt='info'><i class='mdi-action-info-outline'></i></td>
<td class='timestamp'>15:14:43</td>
<td class='step-details'>Double clicking on Opt-in Status Field by using mouse movement</td>
</tr>
<tr>
<td class='status info' title='info' alt='info'><i class='mdi-action-info-outline'></i></td>
<td class='timestamp'>15:14:44</td>
<td class='step-details'>selecting value Credit Exceeded on Opt-in Status Dropdown</td>
</tr>
<tr>
<td class='status info' title='info' alt='info'><i class='mdi-action-info-outline'></i></td>
<td class='timestamp'>15:14:44</td>
<td class='step-details'>Clicking on Save Button</td>
</tr>
<tr>
<td class='status info' title='info' alt='info'><i class='mdi-action-info-outline'></i></td>
<td class='timestamp'>15:14:44</td>
<td class='step-details'>Waiting 2500 milliseconds on a page</td>
</tr>
<tr>
<td class='status info' title='info' alt='info'><i class='mdi-action-info-outline'></i></td>
<td class='timestamp'>15:14:47</td>
<td class='step-details'>Navigating to url $finecastOppPageUrl</td>
</tr>
<tr>
<td class='status info' title='info' alt='info'><i class='mdi-action-info-outline'></i></td>
<td class='timestamp'>15:14:50</td>
<td class='step-details'>Double clicking on Stage Field by using mouse movement</td>
</tr>
<tr>
<td class='status fail' title='fail' alt='fail'><i class='mdi-navigation-cancel'></i></td>
<td class='timestamp'>15:14:53</td>
<td class='step-details'>Unable to double click on Stage Field by mouse movement</td>
</tr>
<tr>
<td class='status fail' title='fail' alt='fail'><i class='mdi-navigation-cancel'></i></td>
<td class='timestamp'>15:14:55</td>
<td class='step-details'><img class="report-img" data-featherlight="Screenshots//ScreenShot1iut8v22cztpx.png" src="Screenshots//ScreenShot1iut8v22cztpx.png"></td>
</tr>
<tr>
<td class='status info' title='info' alt='info'><i class='mdi-action-info-outline'></i></td>
<td class='timestamp'>15:14:55</td>
<td class='step-details'>Total Execution Time for Test Suite: : 0:00:16</td>
</tr>
<tr>
<td class='status info' title='info' alt='info'><i class='mdi-action-info-outline'></i></td>
<td class='timestamp'>15:14:55</td>
<td class='step-details'>********************* END OF AUTOMATION TEST *********************</td>
</tr>
<tr>
<td class='status info' title='info' alt='info'><i class='mdi-action-info-outline'></i></td>
<td class='timestamp'>15:14:55</td>
<td class='step-details'>TEST RESULT SAVED IN: FitNesseRoot/files/testResults/ExtentReport/STAGING/AutomationReport191001-0307.html</td>
</tr>
</tbody>
</table>
<ul class='collapsible node-list' data-collapsible='accordion'>
</ul>
</div>
</div>
</li>
<li class='collection-item test displayed active fail ' extentid='e2fc9e39-0204-44bb-885e-3fa8a85c14e9'>
<div class='test-head'>
<span class='test-name'>Finecast_UK_Suite_Test15aDeleteCaseAvailsTest </span>
<span class='test-status label right outline capitalize fail'>fail</span>
<span class='category-assigned hide  test15afncast-deleteavailscase'></span>
</div>
<div class='test-body'>
<div class='test-info'>
<span title='Test started time' alt='Test started time' class='test-started-time label green lighten-1 text-white'>2019-10-01 15:14:57</span>
<span title='Test ended time' alt='Test ended time' class='test-ended-time label red lighten-1 text-white'>2019-10-01 15:15:12</span>
<span title='Time taken to finish' alt='Time taken to finish' class='test-time-taken label blue-grey lighten-3 text-white'>0h 0m 15s+0ms</span>
</div>
<div class='test-desc'></div>
<div class='test-attributes'>
<div class='categories'>
<span class='category text-white'>Test15aFncast-Delete Avails Case</span>
</div>
</div>
<div class='test-steps'>
<table class='bordered table-results'>
<thead>
<tr>
<th>Status</th>
<th>Timestamp</th>
<th>Details</th>
</tr>
</thead>
<tbody>
<tr>
<td class='status info' title='info' alt='info'><i class='mdi-action-info-outline'></i></td>
<td class='timestamp'>15:14:57</td>
<td class='step-details'>TEST STARTED:</td>
</tr>
<tr>
<td class='status info' title='info' alt='info'><i class='mdi-action-info-outline'></i></td>
<td class='timestamp'>15:14:57</td>
<td class='step-details'>Clicking on User Nav Arrow</td>
</tr>
<tr>
<td class='status info' title='info' alt='info'><i class='mdi-action-info-outline'></i></td>
<td class='timestamp'>15:14:57</td>
<td class='step-details'>Clicking on Log Out Button</td>
</tr>
<tr>
<td class='status info' title='info' alt='info'><i class='mdi-action-info-outline'></i></td>
<td class='timestamp'>15:14:59</td>
<td class='step-details'>Navigating to url $newAvailsCasePageUrl</td>
</tr>
<tr>
<td class='status info' title='info' alt='info'><i class='mdi-action-info-outline'></i></td>
<td class='timestamp'>15:14:59</td>
<td class='step-details'>Clicking on Delete Button</td>
</tr>
<tr>
<td class='status fail' title='fail' alt='fail'><i class='mdi-navigation-cancel'></i></td>
<td class='timestamp'>15:15:10</td>
<td class='step-details'>Unable to click on Delete Button Exception: org.openqa.selenium.TimeoutException: Timed out after 7 seconds waiting for visibility of element located by By.xpath: //*[@value="Delete"] Build info: version: '2.53.0', revision: '35ae25b1534ae328c771e0856c93e187490ca824', time: '2016-03-15 10:43:46' System info: host: 'EC2AMAZ-FEFP0OS', ip: '10.199.140.93', os.name: 'Windows NT (unknown)', os.arch: 'amd64', os.version: '10.0', java.version: '1.8.0_91' Driver info: org.openqa.selenium.chrome.ChromeDriver Capabilities [{mobileEmulationEnabled=false, hasTouchScreen=false, platform=XP, acceptSslCerts=false, goog:chromeOptions={debuggerAddress=localhost:50372}, acceptInsecureCerts=false, webStorageEnabled=true, browserName=chrome, takesScreenshot=true, javascriptEnabled=true, setWindowRect=true, unexpectedAlertBehaviour=ignore, applicationCacheEnabled=false, rotatable=false, networkConnectionEnabled=false, chrome={chromedriverVersion=2.44.609538 (b655c5a60b0b544917107a59d4153d4bf78e1b90), userDataDir=C:\Users\SumonK\AppData\Local\Temp\2\scoped_dir3384_28382}, takesHeapSnapshot=true, pageLoadStrategy=normal, databaseEnabled=false, handlesAlerts=true, version=77.0.3865.90, browserConnectionEnabled=false, nativeEvents=true, locationContextEnabled=true, cssSelectorsEnabled=true}] Session ID: 50c4aab5d61f8341150acfc17b20508e</td>
</tr>
<tr>
<td class='status fail' title='fail' alt='fail'><i class='mdi-navigation-cancel'></i></td>
<td class='timestamp'>15:15:12</td>
<td class='step-details'><img class="report-img" data-featherlight="Screenshots//ScreenShotubgbdr5gwbp2.png" src="Screenshots//ScreenShotubgbdr5gwbp2.png"></td>
</tr>
<tr>
<td class='status info' title='info' alt='info'><i class='mdi-action-info-outline'></i></td>
<td class='timestamp'>15:15:12</td>
<td class='step-details'>Total Execution Time for Test Suite: : 0:00:14</td>
</tr>
<tr>
<td class='status info' title='info' alt='info'><i class='mdi-action-info-outline'></i></td>
<td class='timestamp'>15:15:12</td>
<td class='step-details'>********************* END OF AUTOMATION TEST *********************</td>
</tr>
<tr>
<td class='status info' title='info' alt='info'><i class='mdi-action-info-outline'></i></td>
<td class='timestamp'>15:15:12</td>
<td class='step-details'>TEST RESULT SAVED IN: FitNesseRoot/files/testResults/ExtentReport/STAGING/AutomationReport191001-0307.html</td>
</tr>
</tbody>
</table>
<ul class='collapsible node-list' data-collapsible='accordion'>
</ul>
</div>
</div>
</li>
<li class='collection-item test displayed active fail ' extentid='7f0b8749-e1a2-471f-8a9b-a209e125c912'>
<div class='test-head'>
<span class='test-name'>Finecast_UK_Suite_Test15bDeleteCaseCampaignManagementTest </span>
<span class='test-status label right outline capitalize fail'>fail</span>
<span class='category-assigned hide  test15bfncast-deletecampaignmanagementcase'></span>
</div>
<div class='test-body'>
<div class='test-info'>
<span title='Test started time' alt='Test started time' class='test-started-time label green lighten-1 text-white'>2019-10-01 15:15:13</span>
<span title='Test ended time' alt='Test ended time' class='test-ended-time label red lighten-1 text-white'>2019-10-01 15:15:26</span>
<span title='Time taken to finish' alt='Time taken to finish' class='test-time-taken label blue-grey lighten-3 text-white'>0h 0m 13s+0ms</span>
</div>
<div class='test-desc'></div>
<div class='test-attributes'>
<div class='categories'>
<span class='category text-white'>Test15bFncast-Delete Campaign Management Case</span>
</div>
</div>
<div class='test-steps'>
<table class='bordered table-results'>
<thead>
<tr>
<th>Status</th>
<th>Timestamp</th>
<th>Details</th>
</tr>
</thead>
<tbody>
<tr>
<td class='status info' title='info' alt='info'><i class='mdi-action-info-outline'></i></td>
<td class='timestamp'>15:15:13</td>
<td class='step-details'>TEST STARTED:</td>
</tr>
<tr>
<td class='status info' title='info' alt='info'><i class='mdi-action-info-outline'></i></td>
<td class='timestamp'>15:15:13</td>
<td class='step-details'>Navigating to url $newCampManagementCasePageUrl</td>
</tr>
<tr>
<td class='status info' title='info' alt='info'><i class='mdi-action-info-outline'></i></td>
<td class='timestamp'>15:15:13</td>
<td class='step-details'>Clicking on Delete Button</td>
</tr>
<tr>
<td class='status fail' title='fail' alt='fail'><i class='mdi-navigation-cancel'></i></td>
<td class='timestamp'>15:15:24</td>
<td class='step-details'>Unable to click on Delete Button Exception: org.openqa.selenium.TimeoutException: Timed out after 7 seconds waiting for visibility of element located by By.xpath: //*[@value="Delete"] Build info: version: '2.53.0', revision: '35ae25b1534ae328c771e0856c93e187490ca824', time: '2016-03-15 10:43:46' System info: host: 'EC2AMAZ-FEFP0OS', ip: '10.199.140.93', os.name: 'Windows NT (unknown)', os.arch: 'amd64', os.version: '10.0', java.version: '1.8.0_91' Driver info: org.openqa.selenium.chrome.ChromeDriver Capabilities [{mobileEmulationEnabled=false, hasTouchScreen=false, platform=XP, acceptSslCerts=false, goog:chromeOptions={debuggerAddress=localhost:50372}, acceptInsecureCerts=false, webStorageEnabled=true, browserName=chrome, takesScreenshot=true, javascriptEnabled=true, setWindowRect=true, unexpectedAlertBehaviour=ignore, applicationCacheEnabled=false, rotatable=false, networkConnectionEnabled=false, chrome={chromedriverVersion=2.44.609538 (b655c5a60b0b544917107a59d4153d4bf78e1b90), userDataDir=C:\Users\SumonK\AppData\Local\Temp\2\scoped_dir3384_28382}, takesHeapSnapshot=true, pageLoadStrategy=normal, databaseEnabled=false, handlesAlerts=true, version=77.0.3865.90, browserConnectionEnabled=false, nativeEvents=true, locationContextEnabled=true, cssSelectorsEnabled=true}] Session ID: 50c4aab5d61f8341150acfc17b20508e</td>
</tr>
<tr>
<td class='status fail' title='fail' alt='fail'><i class='mdi-navigation-cancel'></i></td>
<td class='timestamp'>15:15:26</td>
<td class='step-details'><img class="report-img" data-featherlight="Screenshots//ScreenShot1h7zrxz1xirmp.png" src="Screenshots//ScreenShot1h7zrxz1xirmp.png"></td>
</tr>
<tr>
<td class='status info' title='info' alt='info'><i class='mdi-action-info-outline'></i></td>
<td class='timestamp'>15:15:26</td>
<td class='step-details'>Total Execution Time for Test Suite: : 0:00:12</td>
</tr>
<tr>
<td class='status info' title='info' alt='info'><i class='mdi-action-info-outline'></i></td>
<td class='timestamp'>15:15:26</td>
<td class='step-details'>********************* END OF AUTOMATION TEST *********************</td>
</tr>
<tr>
<td class='status info' title='info' alt='info'><i class='mdi-action-info-outline'></i></td>
<td class='timestamp'>15:15:26</td>
<td class='step-details'>TEST RESULT SAVED IN: FitNesseRoot/files/testResults/ExtentReport/STAGING/AutomationReport191001-0307.html</td>
</tr>
</tbody>
</table>
<ul class='collapsible node-list' data-collapsible='accordion'>
</ul>
</div>
</div>
</li>
<li class='collection-item test displayed active fail ' extentid='60ec60c4-d172-41b4-b4c7-1d9ccdf9aada'>
<div class='test-head'>
<span class='test-name'>Finecast_UK_Suite_Test15cDeleteCaseCreativesTest </span>
<span class='test-status label right outline capitalize fail'>fail</span>
<span class='category-assigned hide  test15cfncast-deletecreativescase'></span>
</div>
<div class='test-body'>
<div class='test-info'>
<span title='Test started time' alt='Test started time' class='test-started-time label green lighten-1 text-white'>2019-10-01 15:15:28</span>
<span title='Test ended time' alt='Test ended time' class='test-ended-time label red lighten-1 text-white'>2019-10-01 15:15:40</span>
<span title='Time taken to finish' alt='Time taken to finish' class='test-time-taken label blue-grey lighten-3 text-white'>0h 0m 12s+0ms</span>
</div>
<div class='test-desc'></div>
<div class='test-attributes'>
<div class='categories'>
<span class='category text-white'>Test15cFncast-Delete Creatives Case</span>
</div>
</div>
<div class='test-steps'>
<table class='bordered table-results'>
<thead>
<tr>
<th>Status</th>
<th>Timestamp</th>
<th>Details</th>
</tr>
</thead>
<tbody>
<tr>
<td class='status info' title='info' alt='info'><i class='mdi-action-info-outline'></i></td>
<td class='timestamp'>15:15:28</td>
<td class='step-details'>TEST STARTED:</td>
</tr>
<tr>
<td class='status info' title='info' alt='info'><i class='mdi-action-info-outline'></i></td>
<td class='timestamp'>15:15:28</td>
<td class='step-details'>Navigating to url $newCreativesCasePageUrl</td>
</tr>
<tr>
<td class='status info' title='info' alt='info'><i class='mdi-action-info-outline'></i></td>
<td class='timestamp'>15:15:28</td>
<td class='step-details'>Clicking on Delete Button</td>
</tr>
<tr>
<td class='status fail' title='fail' alt='fail'><i class='mdi-navigation-cancel'></i></td>
<td class='timestamp'>15:15:39</td>
<td class='step-details'>Unable to click on Delete Button Exception: org.openqa.selenium.TimeoutException: Timed out after 7 seconds waiting for visibility of element located by By.xpath: //*[@value="Delete"] Build info: version: '2.53.0', revision: '35ae25b1534ae328c771e0856c93e187490ca824', time: '2016-03-15 10:43:46' System info: host: 'EC2AMAZ-FEFP0OS', ip: '10.199.140.93', os.name: 'Windows NT (unknown)', os.arch: 'amd64', os.version: '10.0', java.version: '1.8.0_91' Driver info: org.openqa.selenium.chrome.ChromeDriver Capabilities [{mobileEmulationEnabled=false, hasTouchScreen=false, platform=XP, acceptSslCerts=false, goog:chromeOptions={debuggerAddress=localhost:50372}, acceptInsecureCerts=false, webStorageEnabled=true, browserName=chrome, takesScreenshot=true, javascriptEnabled=true, setWindowRect=true, unexpectedAlertBehaviour=ignore, applicationCacheEnabled=false, rotatable=false, networkConnectionEnabled=false, chrome={chromedriverVersion=2.44.609538 (b655c5a60b0b544917107a59d4153d4bf78e1b90), userDataDir=C:\Users\SumonK\AppData\Local\Temp\2\scoped_dir3384_28382}, takesHeapSnapshot=true, pageLoadStrategy=normal, databaseEnabled=false, handlesAlerts=true, version=77.0.3865.90, browserConnectionEnabled=false, nativeEvents=true, locationContextEnabled=true, cssSelectorsEnabled=true}] Session ID: 50c4aab5d61f8341150acfc17b20508e</td>
</tr>
<tr>
<td class='status fail' title='fail' alt='fail'><i class='mdi-navigation-cancel'></i></td>
<td class='timestamp'>15:15:40</td>
<td class='step-details'><img class="report-img" data-featherlight="Screenshots//ScreenShots0v0e7nzq1k3.png" src="Screenshots//ScreenShots0v0e7nzq1k3.png"></td>
</tr>
<tr>
<td class='status info' title='info' alt='info'><i class='mdi-action-info-outline'></i></td>
<td class='timestamp'>15:15:40</td>
<td class='step-details'>Total Execution Time for Test Suite: : 0:00:12</td>
</tr>
<tr>
<td class='status info' title='info' alt='info'><i class='mdi-action-info-outline'></i></td>
<td class='timestamp'>15:15:40</td>
<td class='step-details'>********************* END OF AUTOMATION TEST *********************</td>
</tr>
<tr>
<td class='status info' title='info' alt='info'><i class='mdi-action-info-outline'></i></td>
<td class='timestamp'>15:15:40</td>
<td class='step-details'>TEST RESULT SAVED IN: FitNesseRoot/files/testResults/ExtentReport/STAGING/AutomationReport191001-0307.html</td>
</tr>
</tbody>
</table>
<ul class='collapsible node-list' data-collapsible='accordion'>
</ul>
</div>
</div>
</li>
<li class='collection-item test displayed active fail ' extentid='0b92afd0-aa38-4b47-96ba-a12bfd6ae1d6'>
<div class='test-head'>
<span class='test-name'>Finecast_UK_Suite_Test15dDeleteCaseAvailsFromCasesTest </span>
<span class='test-status label right outline capitalize fail'>fail</span>
<span class='category-assigned hide  test15dfncast-deleteavailscasefromcases'></span>
</div>
<div class='test-body'>
<div class='test-info'>
<span title='Test started time' alt='Test started time' class='test-started-time label green lighten-1 text-white'>2019-10-01 15:15:42</span>
<span title='Test ended time' alt='Test ended time' class='test-ended-time label red lighten-1 text-white'>2019-10-01 15:15:55</span>
<span title='Time taken to finish' alt='Time taken to finish' class='test-time-taken label blue-grey lighten-3 text-white'>0h 0m 13s+0ms</span>
</div>
<div class='test-desc'></div>
<div class='test-attributes'>
<div class='categories'>
<span class='category text-white'>Test15dFncast-Delete Avails Case from cases</span>
</div>
</div>
<div class='test-steps'>
<table class='bordered table-results'>
<thead>
<tr>
<th>Status</th>
<th>Timestamp</th>
<th>Details</th>
</tr>
</thead>
<tbody>
<tr>
<td class='status info' title='info' alt='info'><i class='mdi-action-info-outline'></i></td>
<td class='timestamp'>15:15:42</td>
<td class='step-details'>TEST STARTED:</td>
</tr>
<tr>
<td class='status info' title='info' alt='info'><i class='mdi-action-info-outline'></i></td>
<td class='timestamp'>15:15:42</td>
<td class='step-details'>Navigating to url $newAvailsCase2PageUrl</td>
</tr>
<tr>
<td class='status info' title='info' alt='info'><i class='mdi-action-info-outline'></i></td>
<td class='timestamp'>15:15:42</td>
<td class='step-details'>Clicking on Delete Button</td>
</tr>
<tr>
<td class='status fail' title='fail' alt='fail'><i class='mdi-navigation-cancel'></i></td>
<td class='timestamp'>15:15:53</td>
<td class='step-details'>Unable to click on Delete Button Exception: org.openqa.selenium.TimeoutException: Timed out after 7 seconds waiting for visibility of element located by By.xpath: //*[@value="Delete"] Build info: version: '2.53.0', revision: '35ae25b1534ae328c771e0856c93e187490ca824', time: '2016-03-15 10:43:46' System info: host: 'EC2AMAZ-FEFP0OS', ip: '10.199.140.93', os.name: 'Windows NT (unknown)', os.arch: 'amd64', os.version: '10.0', java.version: '1.8.0_91' Driver info: org.openqa.selenium.chrome.ChromeDriver Capabilities [{mobileEmulationEnabled=false, hasTouchScreen=false, platform=XP, acceptSslCerts=false, goog:chromeOptions={debuggerAddress=localhost:50372}, acceptInsecureCerts=false, webStorageEnabled=true, browserName=chrome, takesScreenshot=true, javascriptEnabled=true, setWindowRect=true, unexpectedAlertBehaviour=ignore, applicationCacheEnabled=false, rotatable=false, networkConnectionEnabled=false, chrome={chromedriverVersion=2.44.609538 (b655c5a60b0b544917107a59d4153d4bf78e1b90), userDataDir=C:\Users\SumonK\AppData\Local\Temp\2\scoped_dir3384_28382}, takesHeapSnapshot=true, pageLoadStrategy=normal, databaseEnabled=false, handlesAlerts=true, version=77.0.3865.90, browserConnectionEnabled=false, nativeEvents=true, locationContextEnabled=true, cssSelectorsEnabled=true}] Session ID: 50c4aab5d61f8341150acfc17b20508e</td>
</tr>
<tr>
<td class='status fail' title='fail' alt='fail'><i class='mdi-navigation-cancel'></i></td>
<td class='timestamp'>15:15:55</td>
<td class='step-details'><img class="report-img" data-featherlight="Screenshots//ScreenShot1jecoym0udaw3.png" src="Screenshots//ScreenShot1jecoym0udaw3.png"></td>
</tr>
<tr>
<td class='status info' title='info' alt='info'><i class='mdi-action-info-outline'></i></td>
<td class='timestamp'>15:15:55</td>
<td class='step-details'>Total Execution Time for Test Suite: : 0:00:12</td>
</tr>
<tr>
<td class='status info' title='info' alt='info'><i class='mdi-action-info-outline'></i></td>
<td class='timestamp'>15:15:55</td>
<td class='step-details'>********************* END OF AUTOMATION TEST *********************</td>
</tr>
<tr>
<td class='status info' title='info' alt='info'><i class='mdi-action-info-outline'></i></td>
<td class='timestamp'>15:15:55</td>
<td class='step-details'>TEST RESULT SAVED IN: FitNesseRoot/files/testResults/ExtentReport/STAGING/AutomationReport191001-0307.html</td>
</tr>
</tbody>
</table>
<ul class='collapsible node-list' data-collapsible='accordion'>
</ul>
</div>
</div>
</li>
<li class='collection-item test displayed active fail ' extentid='611af984-6704-49a2-ac80-f6eae716e0e0'>
<div class='test-head'>
<span class='test-name'>Finecast_UK_Suite_Test15eDeleteCaseCampaignManagementFromCasesTest </span>
<span class='test-status label right outline capitalize fail'>fail</span>
<span class='category-assigned hide  test15efncast-deletecampaignmanagementcasefromcases'></span>
</div>
<div class='test-body'>
<div class='test-info'>
<span title='Test started time' alt='Test started time' class='test-started-time label green lighten-1 text-white'>2019-10-01 15:15:56</span>
<span title='Test ended time' alt='Test ended time' class='test-ended-time label red lighten-1 text-white'>2019-10-01 15:16:09</span>
<span title='Time taken to finish' alt='Time taken to finish' class='test-time-taken label blue-grey lighten-3 text-white'>0h 0m 13s+0ms</span>
</div>
<div class='test-desc'></div>
<div class='test-attributes'>
<div class='categories'>
<span class='category text-white'>Test15eFncast-Delete Campaign Management Case from cases</span>
</div>
</div>
<div class='test-steps'>
<table class='bordered table-results'>
<thead>
<tr>
<th>Status</th>
<th>Timestamp</th>
<th>Details</th>
</tr>
</thead>
<tbody>
<tr>
<td class='status info' title='info' alt='info'><i class='mdi-action-info-outline'></i></td>
<td class='timestamp'>15:15:56</td>
<td class='step-details'>TEST STARTED:</td>
</tr>
<tr>
<td class='status info' title='info' alt='info'><i class='mdi-action-info-outline'></i></td>
<td class='timestamp'>15:15:56</td>
<td class='step-details'>Navigating to url $newCampManagementCase2PageUrl</td>
</tr>
<tr>
<td class='status info' title='info' alt='info'><i class='mdi-action-info-outline'></i></td>
<td class='timestamp'>15:15:56</td>
<td class='step-details'>Clicking on Delete Button</td>
</tr>
<tr>
<td class='status fail' title='fail' alt='fail'><i class='mdi-navigation-cancel'></i></td>
<td class='timestamp'>15:16:07</td>
<td class='step-details'>Unable to click on Delete Button Exception: org.openqa.selenium.TimeoutException: Timed out after 7 seconds waiting for visibility of element located by By.xpath: //*[@value="Delete"] Build info: version: '2.53.0', revision: '35ae25b1534ae328c771e0856c93e187490ca824', time: '2016-03-15 10:43:46' System info: host: 'EC2AMAZ-FEFP0OS', ip: '10.199.140.93', os.name: 'Windows NT (unknown)', os.arch: 'amd64', os.version: '10.0', java.version: '1.8.0_91' Driver info: org.openqa.selenium.chrome.ChromeDriver Capabilities [{mobileEmulationEnabled=false, hasTouchScreen=false, platform=XP, acceptSslCerts=false, goog:chromeOptions={debuggerAddress=localhost:50372}, acceptInsecureCerts=false, webStorageEnabled=true, browserName=chrome, takesScreenshot=true, javascriptEnabled=true, setWindowRect=true, unexpectedAlertBehaviour=ignore, applicationCacheEnabled=false, rotatable=false, networkConnectionEnabled=false, chrome={chromedriverVersion=2.44.609538 (b655c5a60b0b544917107a59d4153d4bf78e1b90), userDataDir=C:\Users\SumonK\AppData\Local\Temp\2\scoped_dir3384_28382}, takesHeapSnapshot=true, pageLoadStrategy=normal, databaseEnabled=false, handlesAlerts=true, version=77.0.3865.90, browserConnectionEnabled=false, nativeEvents=true, locationContextEnabled=true, cssSelectorsEnabled=true}] Session ID: 50c4aab5d61f8341150acfc17b20508e</td>
</tr>
<tr>
<td class='status fail' title='fail' alt='fail'><i class='mdi-navigation-cancel'></i></td>
<td class='timestamp'>15:16:09</td>
<td class='step-details'><img class="report-img" data-featherlight="Screenshots//ScreenShotqeex6uuji1ip.png" src="Screenshots//ScreenShotqeex6uuji1ip.png"></td>
</tr>
<tr>
<td class='status info' title='info' alt='info'><i class='mdi-action-info-outline'></i></td>
<td class='timestamp'>15:16:09</td>
<td class='step-details'>Total Execution Time for Test Suite: : 0:00:12</td>
</tr>
<tr>
<td class='status info' title='info' alt='info'><i class='mdi-action-info-outline'></i></td>
<td class='timestamp'>15:16:09</td>
<td class='step-details'>********************* END OF AUTOMATION TEST *********************</td>
</tr>
<tr>
<td class='status info' title='info' alt='info'><i class='mdi-action-info-outline'></i></td>
<td class='timestamp'>15:16:09</td>
<td class='step-details'>TEST RESULT SAVED IN: FitNesseRoot/files/testResults/ExtentReport/STAGING/AutomationReport191001-0307.html</td>
</tr>
</tbody>
</table>
<ul class='collapsible node-list' data-collapsible='accordion'>
</ul>
</div>
</div>
</li>
<li class='collection-item test displayed active fail ' extentid='b3e6853a-87f6-4205-8e8d-b940097b3371'>
<div class='test-head'>
<span class='test-name'>Finecast_UK_Suite_Test15fDeleteCaseCreativesFromCasesTest </span>
<span class='test-status label right outline capitalize fail'>fail</span>
<span class='category-assigned hide  test15ffncast-deletecreativescasefromcases'></span>
</div>
<div class='test-body'>
<div class='test-info'>
<span title='Test started time' alt='Test started time' class='test-started-time label green lighten-1 text-white'>2019-10-01 15:16:11</span>
<span title='Test ended time' alt='Test ended time' class='test-ended-time label red lighten-1 text-white'>2019-10-01 15:16:24</span>
<span title='Time taken to finish' alt='Time taken to finish' class='test-time-taken label blue-grey lighten-3 text-white'>0h 0m 13s+0ms</span>
</div>
<div class='test-desc'></div>
<div class='test-attributes'>
<div class='categories'>
<span class='category text-white'>Test15fFncast-Delete Creatives Case from cases</span>
</div>
</div>
<div class='test-steps'>
<table class='bordered table-results'>
<thead>
<tr>
<th>Status</th>
<th>Timestamp</th>
<th>Details</th>
</tr>
</thead>
<tbody>
<tr>
<td class='status info' title='info' alt='info'><i class='mdi-action-info-outline'></i></td>
<td class='timestamp'>15:16:11</td>
<td class='step-details'>TEST STARTED:</td>
</tr>
<tr>
<td class='status info' title='info' alt='info'><i class='mdi-action-info-outline'></i></td>
<td class='timestamp'>15:16:11</td>
<td class='step-details'>Navigating to url $newCreativesCase2PageUrl</td>
</tr>
<tr>
<td class='status info' title='info' alt='info'><i class='mdi-action-info-outline'></i></td>
<td class='timestamp'>15:16:11</td>
<td class='step-details'>Clicking on Delete Button</td>
</tr>
<tr>
<td class='status fail' title='fail' alt='fail'><i class='mdi-navigation-cancel'></i></td>
<td class='timestamp'>15:16:22</td>
<td class='step-details'>Unable to click on Delete Button Exception: org.openqa.selenium.TimeoutException: Timed out after 7 seconds waiting for visibility of element located by By.xpath: //*[@value="Delete"] Build info: version: '2.53.0', revision: '35ae25b1534ae328c771e0856c93e187490ca824', time: '2016-03-15 10:43:46' System info: host: 'EC2AMAZ-FEFP0OS', ip: '10.199.140.93', os.name: 'Windows NT (unknown)', os.arch: 'amd64', os.version: '10.0', java.version: '1.8.0_91' Driver info: org.openqa.selenium.chrome.ChromeDriver Capabilities [{mobileEmulationEnabled=false, hasTouchScreen=false, platform=XP, acceptSslCerts=false, goog:chromeOptions={debuggerAddress=localhost:50372}, acceptInsecureCerts=false, webStorageEnabled=true, browserName=chrome, takesScreenshot=true, javascriptEnabled=true, setWindowRect=true, unexpectedAlertBehaviour=ignore, applicationCacheEnabled=false, rotatable=false, networkConnectionEnabled=false, chrome={chromedriverVersion=2.44.609538 (b655c5a60b0b544917107a59d4153d4bf78e1b90), userDataDir=C:\Users\SumonK\AppData\Local\Temp\2\scoped_dir3384_28382}, takesHeapSnapshot=true, pageLoadStrategy=normal, databaseEnabled=false, handlesAlerts=true, version=77.0.3865.90, browserConnectionEnabled=false, nativeEvents=true, locationContextEnabled=true, cssSelectorsEnabled=true}] Session ID: 50c4aab5d61f8341150acfc17b20508e</td>
</tr>
<tr>
<td class='status fail' title='fail' alt='fail'><i class='mdi-navigation-cancel'></i></td>
<td class='timestamp'>15:16:24</td>
<td class='step-details'><img class="report-img" data-featherlight="Screenshots//ScreenShotqe3uy239jnsp.png" src="Screenshots//ScreenShotqe3uy239jnsp.png"></td>
</tr>
<tr>
<td class='status info' title='info' alt='info'><i class='mdi-action-info-outline'></i></td>
<td class='timestamp'>15:16:24</td>
<td class='step-details'>Total Execution Time for Test Suite: : 0:00:12</td>
</tr>
<tr>
<td class='status info' title='info' alt='info'><i class='mdi-action-info-outline'></i></td>
<td class='timestamp'>15:16:24</td>
<td class='step-details'>********************* END OF AUTOMATION TEST *********************</td>
</tr>
<tr>
<td class='status info' title='info' alt='info'><i class='mdi-action-info-outline'></i></td>
<td class='timestamp'>15:16:24</td>
<td class='step-details'>TEST RESULT SAVED IN: FitNesseRoot/files/testResults/ExtentReport/STAGING/AutomationReport191001-0307.html</td>
</tr>
</tbody>
</table>
<ul class='collapsible node-list' data-collapsible='accordion'>
</ul>
</div>
</div>
</li>
<li class='collection-item test displayed active fail ' extentid='d4e90e3f-4c96-4ab6-b183-3b6b70b43f53'>
<div class='test-head'>
<span class='test-name'>Finecast_UK_Suite_Test15hUpdateOppStagesTest </span>
<span class='test-status label right outline capitalize fail'>fail</span>
<span class='category-assigned hide  test15hfncast-updatedifferentoppstages'></span>
</div>
<div class='test-body'>
<div class='test-info'>
<span title='Test started time' alt='Test started time' class='test-started-time label green lighten-1 text-white'>2019-10-01 15:16:25</span>
<span title='Test ended time' alt='Test ended time' class='test-ended-time label red lighten-1 text-white'>2019-10-01 15:16:36</span>
<span title='Time taken to finish' alt='Time taken to finish' class='test-time-taken label blue-grey lighten-3 text-white'>0h 0m 11s+0ms</span>
</div>
<div class='test-desc'></div>
<div class='test-attributes'>
<div class='categories'>
<span class='category text-white'>Test15hFncast-Update different Opp stages</span>
</div>
</div>
<div class='test-steps'>
<table class='bordered table-results'>
<thead>
<tr>
<th>Status</th>
<th>Timestamp</th>
<th>Details</th>
</tr>
</thead>
<tbody>
<tr>
<td class='status info' title='info' alt='info'><i class='mdi-action-info-outline'></i></td>
<td class='timestamp'>15:16:25</td>
<td class='step-details'>TEST STARTED:</td>
</tr>
<tr>
<td class='status info' title='info' alt='info'><i class='mdi-action-info-outline'></i></td>
<td class='timestamp'>15:16:25</td>
<td class='step-details'>Navigating to url $finecastOppPageUrl</td>
</tr>
<tr>
<td class='status info' title='info' alt='info'><i class='mdi-action-info-outline'></i></td>
<td class='timestamp'>15:16:25</td>
<td class='step-details'>Clicking on Edit Button</td>
</tr>
<tr>
<td class='status fail' title='fail' alt='fail'><i class='mdi-navigation-cancel'></i></td>
<td class='timestamp'>15:16:33</td>
<td class='step-details'>Unable to select element from Stage Dropdown</td>
</tr>
<tr>
<td class='status fail' title='fail' alt='fail'><i class='mdi-navigation-cancel'></i></td>
<td class='timestamp'>15:16:36</td>
<td class='step-details'><img class="report-img" data-featherlight="Screenshots//ScreenShotsocaug2omx4k.png" src="Screenshots//ScreenShotsocaug2omx4k.png"></td>
</tr>
<tr>
<td class='status info' title='info' alt='info'><i class='mdi-action-info-outline'></i></td>
<td class='timestamp'>15:16:36</td>
<td class='step-details'>Total Execution Time for Test Suite: : 0:00:10</td>
</tr>
<tr>
<td class='status info' title='info' alt='info'><i class='mdi-action-info-outline'></i></td>
<td class='timestamp'>15:16:36</td>
<td class='step-details'>********************* END OF AUTOMATION TEST *********************</td>
</tr>
<tr>
<td class='status info' title='info' alt='info'><i class='mdi-action-info-outline'></i></td>
<td class='timestamp'>15:16:36</td>
<td class='step-details'>TEST RESULT SAVED IN: FitNesseRoot/files/testResults/ExtentReport/STAGING/AutomationReport191001-0307.html</td>
</tr>
</tbody>
</table>
<ul class='collapsible node-list' data-collapsible='accordion'>
</ul>
</div>
</div>
</li>
<li class='collection-item test displayed active fail ' extentid='0e958809-3262-4cfe-a555-2eab2548477b'>
<div class='test-head'>
<span class='test-name'>Finecast_UK_Suite_Test16aDeleteOpportunityTest </span>
<span class='test-status label right outline capitalize fail'>fail</span>
<span class='category-assigned hide  test16afncast-deleteanopportunity'></span>
</div>
<div class='test-body'>
<div class='test-info'>
<span title='Test started time' alt='Test started time' class='test-started-time label green lighten-1 text-white'>2019-10-01 15:16:38</span>
<span title='Test ended time' alt='Test ended time' class='test-ended-time label red lighten-1 text-white'>2019-10-01 15:16:53</span>
<span title='Time taken to finish' alt='Time taken to finish' class='test-time-taken label blue-grey lighten-3 text-white'>0h 0m 15s+0ms</span>
</div>
<div class='test-desc'></div>
<div class='test-attributes'>
<div class='categories'>
<span class='category text-white'>Test16aFncast-Delete an Opportunity</span>
</div>
</div>
<div class='test-steps'>
<table class='bordered table-results'>
<thead>
<tr>
<th>Status</th>
<th>Timestamp</th>
<th>Details</th>
</tr>
</thead>
<tbody>
<tr>
<td class='status info' title='info' alt='info'><i class='mdi-action-info-outline'></i></td>
<td class='timestamp'>15:16:38</td>
<td class='step-details'>TEST STARTED:</td>
</tr>
<tr>
<td class='status info' title='info' alt='info'><i class='mdi-action-info-outline'></i></td>
<td class='timestamp'>15:16:38</td>
<td class='step-details'>Navigating to url $finecastOppPageUrl</td>
</tr>
<tr>
<td class='status info' title='info' alt='info'><i class='mdi-action-info-outline'></i></td>
<td class='timestamp'>15:16:38</td>
<td class='step-details'>Waiting 2000 milliseconds on a page</td>
</tr>
<tr>
<td class='status info' title='info' alt='info'><i class='mdi-action-info-outline'></i></td>
<td class='timestamp'>15:16:40</td>
<td class='step-details'>Clicking on Delete Button</td>
</tr>
<tr>
<td class='status fail' title='fail' alt='fail'><i class='mdi-navigation-cancel'></i></td>
<td class='timestamp'>15:16:51</td>
<td class='step-details'>Unable to click on Delete Button Exception: org.openqa.selenium.TimeoutException: Timed out after 7 seconds waiting for visibility of element located by By.xpath: //*[@value="Delete"] Build info: version: '2.53.0', revision: '35ae25b1534ae328c771e0856c93e187490ca824', time: '2016-03-15 10:43:46' System info: host: 'EC2AMAZ-FEFP0OS', ip: '10.199.140.93', os.name: 'Windows NT (unknown)', os.arch: 'amd64', os.version: '10.0', java.version: '1.8.0_91' Driver info: org.openqa.selenium.chrome.ChromeDriver Capabilities [{mobileEmulationEnabled=false, hasTouchScreen=false, platform=XP, acceptSslCerts=false, goog:chromeOptions={debuggerAddress=localhost:50372}, acceptInsecureCerts=false, webStorageEnabled=true, browserName=chrome, takesScreenshot=true, javascriptEnabled=true, setWindowRect=true, unexpectedAlertBehaviour=ignore, applicationCacheEnabled=false, rotatable=false, networkConnectionEnabled=false, chrome={chromedriverVersion=2.44.609538 (b655c5a60b0b544917107a59d4153d4bf78e1b90), userDataDir=C:\Users\SumonK\AppData\Local\Temp\2\scoped_dir3384_28382}, takesHeapSnapshot=true, pageLoadStrategy=normal, databaseEnabled=false, handlesAlerts=true, version=77.0.3865.90, browserConnectionEnabled=false, nativeEvents=true, locationContextEnabled=true, cssSelectorsEnabled=true}] Session ID: 50c4aab5d61f8341150acfc17b20508e</td>
</tr>
<tr>
<td class='status fail' title='fail' alt='fail'><i class='mdi-navigation-cancel'></i></td>
<td class='timestamp'>15:16:53</td>
<td class='step-details'><img class="report-img" data-featherlight="Screenshots//ScreenShotrlao0ctnln4y.png" src="Screenshots//ScreenShotrlao0ctnln4y.png"></td>
</tr>
<tr>
<td class='status info' title='info' alt='info'><i class='mdi-action-info-outline'></i></td>
<td class='timestamp'>15:16:53</td>
<td class='step-details'>Total Execution Time for Test Suite: : 0:00:14</td>
</tr>
<tr>
<td class='status info' title='info' alt='info'><i class='mdi-action-info-outline'></i></td>
<td class='timestamp'>15:16:53</td>
<td class='step-details'>********************* END OF AUTOMATION TEST *********************</td>
</tr>
<tr>
<td class='status info' title='info' alt='info'><i class='mdi-action-info-outline'></i></td>
<td class='timestamp'>15:16:53</td>
<td class='step-details'>TEST RESULT SAVED IN: FitNesseRoot/files/testResults/ExtentReport/STAGING/AutomationReport191001-0307.html</td>
</tr>
</tbody>
</table>
<ul class='collapsible node-list' data-collapsible='accordion'>
</ul>
</div>
</div>
</li>
<li class='collection-item test displayed active fail ' extentid='12d94dd9-67c9-4ff3-8151-8f81025faf7a'>
<div class='test-head'>
<span class='test-name'>Finecast_UK_Suite_Test16bDeleteAccountTest </span>
<span class='test-status label right outline capitalize fail'>fail</span>
<span class='category-assigned hide  test16bfncast-deleteanaccount'></span>
</div>
<div class='test-body'>
<div class='test-info'>
<span title='Test started time' alt='Test started time' class='test-started-time label green lighten-1 text-white'>2019-10-01 15:16:55</span>
<span title='Test ended time' alt='Test ended time' class='test-ended-time label red lighten-1 text-white'>2019-10-01 15:17:08</span>
<span title='Time taken to finish' alt='Time taken to finish' class='test-time-taken label blue-grey lighten-3 text-white'>0h 0m 13s+0ms</span>
</div>
<div class='test-desc'></div>
<div class='test-attributes'>
<div class='categories'>
<span class='category text-white'>Test16bFncast-Delete an Account</span>
</div>
</div>
<div class='test-steps'>
<table class='bordered table-results'>
<thead>
<tr>
<th>Status</th>
<th>Timestamp</th>
<th>Details</th>
</tr>
</thead>
<tbody>
<tr>
<td class='status info' title='info' alt='info'><i class='mdi-action-info-outline'></i></td>
<td class='timestamp'>15:16:55</td>
<td class='step-details'>TEST STARTED:</td>
</tr>
<tr>
<td class='status info' title='info' alt='info'><i class='mdi-action-info-outline'></i></td>
<td class='timestamp'>15:16:55</td>
<td class='step-details'>Navigating to url $finecastAccountPageUrl</td>
</tr>
<tr>
<td class='status info' title='info' alt='info'><i class='mdi-action-info-outline'></i></td>
<td class='timestamp'>15:16:55</td>
<td class='step-details'>Clicking on Delete Button</td>
</tr>
<tr>
<td class='status fail' title='fail' alt='fail'><i class='mdi-navigation-cancel'></i></td>
<td class='timestamp'>15:17:06</td>
<td class='step-details'>Unable to click on Delete Button Exception: org.openqa.selenium.TimeoutException: Timed out after 7 seconds waiting for visibility of element located by By.xpath: //*[@value="Delete"] Build info: version: '2.53.0', revision: '35ae25b1534ae328c771e0856c93e187490ca824', time: '2016-03-15 10:43:46' System info: host: 'EC2AMAZ-FEFP0OS', ip: '10.199.140.93', os.name: 'Windows NT (unknown)', os.arch: 'amd64', os.version: '10.0', java.version: '1.8.0_91' Driver info: org.openqa.selenium.chrome.ChromeDriver Capabilities [{mobileEmulationEnabled=false, hasTouchScreen=false, platform=XP, acceptSslCerts=false, goog:chromeOptions={debuggerAddress=localhost:50372}, acceptInsecureCerts=false, webStorageEnabled=true, browserName=chrome, takesScreenshot=true, javascriptEnabled=true, setWindowRect=true, unexpectedAlertBehaviour=ignore, applicationCacheEnabled=false, rotatable=false, networkConnectionEnabled=false, chrome={chromedriverVersion=2.44.609538 (b655c5a60b0b544917107a59d4153d4bf78e1b90), userDataDir=C:\Users\SumonK\AppData\Local\Temp\2\scoped_dir3384_28382}, takesHeapSnapshot=true, pageLoadStrategy=normal, databaseEnabled=false, handlesAlerts=true, version=77.0.3865.90, browserConnectionEnabled=false, nativeEvents=true, locationContextEnabled=true, cssSelectorsEnabled=true}] Session ID: 50c4aab5d61f8341150acfc17b20508e</td>
</tr>
<tr>
<td class='status fail' title='fail' alt='fail'><i class='mdi-navigation-cancel'></i></td>
<td class='timestamp'>15:17:08</td>
<td class='step-details'><img class="report-img" data-featherlight="Screenshots//ScreenShot1jer1otezx4yt.png" src="Screenshots//ScreenShot1jer1otezx4yt.png"></td>
</tr>
<tr>
<td class='status info' title='info' alt='info'><i class='mdi-action-info-outline'></i></td>
<td class='timestamp'>15:17:08</td>
<td class='step-details'>Total Execution Time for Test Suite: : 0:00:12</td>
</tr>
<tr>
<td class='status info' title='info' alt='info'><i class='mdi-action-info-outline'></i></td>
<td class='timestamp'>15:17:08</td>
<td class='step-details'>********************* END OF AUTOMATION TEST *********************</td>
</tr>
<tr>
<td class='status info' title='info' alt='info'><i class='mdi-action-info-outline'></i></td>
<td class='timestamp'>15:17:08</td>
<td class='step-details'>TEST RESULT SAVED IN: FitNesseRoot/files/testResults/ExtentReport/STAGING/AutomationReport191001-0307.html</td>
</tr>
</tbody>
</table>
<ul class='collapsible node-list' data-collapsible='accordion'>
</ul>
</div>
</div>
</li>
<li class='collection-item test displayed active pass ' extentid='feaa6254-48d6-4e6b-972a-f3d591446b33'>
<div class='test-head'>
<span class='test-name'>Finecast_UK_Suite_Test16cDeleteChildAgencyTest </span>
<span class='test-status label right outline capitalize pass'>pass</span>
<span class='category-assigned hide  test16cfncast-deletechildagency'></span>
</div>
<div class='test-body'>
<div class='test-info'>
<span title='Test started time' alt='Test started time' class='test-started-time label green lighten-1 text-white'>2019-10-01 15:17:09</span>
<span title='Test ended time' alt='Test ended time' class='test-ended-time label red lighten-1 text-white'>2019-10-01 15:17:13</span>
<span title='Time taken to finish' alt='Time taken to finish' class='test-time-taken label blue-grey lighten-3 text-white'>0h 0m 4s+0ms</span>
</div>
<div class='test-desc'></div>
<div class='test-attributes'>
<div class='categories'>
<span class='category text-white'>Test16cFncast-Delete Child agency</span>
</div>
</div>
<div class='test-steps'>
<table class='bordered table-results'>
<thead>
<tr>
<th>Status</th>
<th>Timestamp</th>
<th>Details</th>
</tr>
</thead>
<tbody>
<tr>
<td class='status info' title='info' alt='info'><i class='mdi-action-info-outline'></i></td>
<td class='timestamp'>15:17:09</td>
<td class='step-details'>TEST STARTED:</td>
</tr>
<tr>
<td class='status info' title='info' alt='info'><i class='mdi-action-info-outline'></i></td>
<td class='timestamp'>15:17:09</td>
<td class='step-details'>Navigating to url https://finecast--fcqa2.my.salesforce.com/a011F00000BJypS</td>
</tr>
<tr>
<td class='status info' title='info' alt='info'><i class='mdi-action-info-outline'></i></td>
<td class='timestamp'>15:17:10</td>
<td class='step-details'>Clicking on Delete Button</td>
</tr>
<tr>
<td class='status info' title='info' alt='info'><i class='mdi-action-info-outline'></i></td>
<td class='timestamp'>15:17:11</td>
<td class='step-details'>Waiting 1000 milliseconds on a page</td>
</tr>
<tr>
<td class='status info' title='info' alt='info'><i class='mdi-action-info-outline'></i></td>
<td class='timestamp'>15:17:13</td>
<td class='step-details'>Total Execution Time for Test Suite: : 0:00:03</td>
</tr>
<tr>
<td class='status info' title='info' alt='info'><i class='mdi-action-info-outline'></i></td>
<td class='timestamp'>15:17:13</td>
<td class='step-details'>********************* END OF AUTOMATION TEST *********************</td>
</tr>
<tr>
<td class='status info' title='info' alt='info'><i class='mdi-action-info-outline'></i></td>
<td class='timestamp'>15:17:13</td>
<td class='step-details'>TEST RESULT SAVED IN: FitNesseRoot/files/testResults/ExtentReport/STAGING/AutomationReport191001-0307.html</td>
</tr>
</tbody>
</table>
<ul class='collapsible node-list' data-collapsible='accordion'>
</ul>
</div>
</div>
</li>
<li class='collection-item test displayed active pass ' extentid='587b9503-bbda-4a33-a12c-4df3e2e805ef'>
<div class='test-head'>
<span class='test-name'>Finecast_UK_Suite_Test16dDeleteChildAdvertiserTest </span>
<span class='test-status label right outline capitalize pass'>pass</span>
<span class='category-assigned hide  test16dfncast-deletechildadvertiser'></span>
</div>
<div class='test-body'>
<div class='test-info'>
<span title='Test started time' alt='Test started time' class='test-started-time label green lighten-1 text-white'>2019-10-01 15:17:14</span>
<span title='Test ended time' alt='Test ended time' class='test-ended-time label red lighten-1 text-white'>2019-10-01 15:17:18</span>
<span title='Time taken to finish' alt='Time taken to finish' class='test-time-taken label blue-grey lighten-3 text-white'>0h 0m 4s+0ms</span>
</div>
<div class='test-desc'></div>
<div class='test-attributes'>
<div class='categories'>
<span class='category text-white'>Test16dFncast-Delete Child advertiser</span>
</div>
</div>
<div class='test-steps'>
<table class='bordered table-results'>
<thead>
<tr>
<th>Status</th>
<th>Timestamp</th>
<th>Details</th>
</tr>
</thead>
<tbody>
<tr>
<td class='status info' title='info' alt='info'><i class='mdi-action-info-outline'></i></td>
<td class='timestamp'>15:17:14</td>
<td class='step-details'>TEST STARTED:</td>
</tr>
<tr>
<td class='status info' title='info' alt='info'><i class='mdi-action-info-outline'></i></td>
<td class='timestamp'>15:17:14</td>
<td class='step-details'>Navigating to url https://finecast--fcqa2.my.salesforce.com/a011F00000BJypc</td>
</tr>
<tr>
<td class='status info' title='info' alt='info'><i class='mdi-action-info-outline'></i></td>
<td class='timestamp'>15:17:16</td>
<td class='step-details'>Clicking on Delete Button</td>
</tr>
<tr>
<td class='status info' title='info' alt='info'><i class='mdi-action-info-outline'></i></td>
<td class='timestamp'>15:17:16</td>
<td class='step-details'>Waiting 1000 milliseconds on a page</td>
</tr>
<tr>
<td class='status info' title='info' alt='info'><i class='mdi-action-info-outline'></i></td>
<td class='timestamp'>15:17:18</td>
<td class='step-details'>Total Execution Time for Test Suite: : 0:00:03</td>
</tr>
<tr>
<td class='status info' title='info' alt='info'><i class='mdi-action-info-outline'></i></td>
<td class='timestamp'>15:17:18</td>
<td class='step-details'>********************* END OF AUTOMATION TEST *********************</td>
</tr>
<tr>
<td class='status info' title='info' alt='info'><i class='mdi-action-info-outline'></i></td>
<td class='timestamp'>15:17:18</td>
<td class='step-details'>TEST RESULT SAVED IN: FitNesseRoot/files/testResults/ExtentReport/STAGING/AutomationReport191001-0307.html</td>
</tr>
</tbody>
</table>
<ul class='collapsible node-list' data-collapsible='accordion'>
</ul>
</div>
</div>
</li>
<li class='collection-item test displayed active pass ' extentid='b6623452-ebe4-445d-9f35-71bd999366c3'>
<div class='test-head'>
<span class='test-name'>Finecast_UK_Suite_Test16eDeleteAusChildAdvertiserTest </span>
<span class='test-status label right outline capitalize pass'>pass</span>
<span class='category-assigned hide  test16ffncast-deleteaustraliachildadvertiser'></span>
</div>
<div class='test-body'>
<div class='test-info'>
<span title='Test started time' alt='Test started time' class='test-started-time label green lighten-1 text-white'>2019-10-01 15:17:20</span>
<span title='Test ended time' alt='Test ended time' class='test-ended-time label red lighten-1 text-white'>2019-10-01 15:17:23</span>
<span title='Time taken to finish' alt='Time taken to finish' class='test-time-taken label blue-grey lighten-3 text-white'>0h 0m 3s+0ms</span>
</div>
<div class='test-desc'></div>
<div class='test-attributes'>
<div class='categories'>
<span class='category text-white'>Test16fFncast-Delete Australia Child advertiser</span>
</div>
</div>
<div class='test-steps'>
<table class='bordered table-results'>
<thead>
<tr>
<th>Status</th>
<th>Timestamp</th>
<th>Details</th>
</tr>
</thead>
<tbody>
<tr>
<td class='status info' title='info' alt='info'><i class='mdi-action-info-outline'></i></td>
<td class='timestamp'>15:17:20</td>
<td class='step-details'>TEST STARTED:</td>
</tr>
<tr>
<td class='status info' title='info' alt='info'><i class='mdi-action-info-outline'></i></td>
<td class='timestamp'>15:17:20</td>
<td class='step-details'>Navigating to url https://finecast--fcqa2.my.salesforce.com/a011F00000BJyph</td>
</tr>
<tr>
<td class='status info' title='info' alt='info'><i class='mdi-action-info-outline'></i></td>
<td class='timestamp'>15:17:21</td>
<td class='step-details'>Clicking on Delete Button</td>
</tr>
<tr>
<td class='status info' title='info' alt='info'><i class='mdi-action-info-outline'></i></td>
<td class='timestamp'>15:17:21</td>
<td class='step-details'>Waiting 1000 milliseconds on a page</td>
</tr>
<tr>
<td class='status info' title='info' alt='info'><i class='mdi-action-info-outline'></i></td>
<td class='timestamp'>15:17:23</td>
<td class='step-details'>Total Execution Time for Test Suite: : 0:00:02</td>
</tr>
<tr>
<td class='status info' title='info' alt='info'><i class='mdi-action-info-outline'></i></td>
<td class='timestamp'>15:17:23</td>
<td class='step-details'>********************* END OF AUTOMATION TEST *********************</td>
</tr>
<tr>
<td class='status info' title='info' alt='info'><i class='mdi-action-info-outline'></i></td>
<td class='timestamp'>15:17:23</td>
<td class='step-details'>TEST RESULT SAVED IN: FitNesseRoot/files/testResults/ExtentReport/STAGING/AutomationReport191001-0307.html</td>
</tr>
</tbody>
</table>
<ul class='collapsible node-list' data-collapsible='accordion'>
</ul>
</div>
</div>
</li>
<li class='collection-item test displayed active pass ' extentid='2f0f0bd5-4727-4a7f-a332-b28fe745ca4b'>
<div class='test-head'>
<span class='test-name'>Finecast_UK_Suite_Test16fDeleteParentAgencyTest </span>
<span class='test-status label right outline capitalize pass'>pass</span>
<span class='category-assigned hide  test16efncast-deleteparentagency'></span>
</div>
<div class='test-body'>
<div class='test-info'>
<span title='Test started time' alt='Test started time' class='test-started-time label green lighten-1 text-white'>2019-10-01 15:17:25</span>
<span title='Test ended time' alt='Test ended time' class='test-ended-time label red lighten-1 text-white'>2019-10-01 15:17:28</span>
<span title='Time taken to finish' alt='Time taken to finish' class='test-time-taken label blue-grey lighten-3 text-white'>0h 0m 3s+0ms</span>
</div>
<div class='test-desc'></div>
<div class='test-attributes'>
<div class='categories'>
<span class='category text-white'>Test16eFncast-Delete Parent agency</span>
</div>
</div>
<div class='test-steps'>
<table class='bordered table-results'>
<thead>
<tr>
<th>Status</th>
<th>Timestamp</th>
<th>Details</th>
</tr>
</thead>
<tbody>
<tr>
<td class='status info' title='info' alt='info'><i class='mdi-action-info-outline'></i></td>
<td class='timestamp'>15:17:25</td>
<td class='step-details'>TEST STARTED:</td>
</tr>
<tr>
<td class='status info' title='info' alt='info'><i class='mdi-action-info-outline'></i></td>
<td class='timestamp'>15:17:25</td>
<td class='step-details'>Navigating to url https://finecast--fcqa2.my.salesforce.com/a011F00000BJypN</td>
</tr>
<tr>
<td class='status info' title='info' alt='info'><i class='mdi-action-info-outline'></i></td>
<td class='timestamp'>15:17:26</td>
<td class='step-details'>Clicking on Delete Button</td>
</tr>
<tr>
<td class='status info' title='info' alt='info'><i class='mdi-action-info-outline'></i></td>
<td class='timestamp'>15:17:26</td>
<td class='step-details'>Waiting 1000 milliseconds on a page</td>
</tr>
<tr>
<td class='status info' title='info' alt='info'><i class='mdi-action-info-outline'></i></td>
<td class='timestamp'>15:17:28</td>
<td class='step-details'>Total Execution Time for Test Suite: : 0:00:02</td>
</tr>
<tr>
<td class='status info' title='info' alt='info'><i class='mdi-action-info-outline'></i></td>
<td class='timestamp'>15:17:28</td>
<td class='step-details'>********************* END OF AUTOMATION TEST *********************</td>
</tr>
<tr>
<td class='status info' title='info' alt='info'><i class='mdi-action-info-outline'></i></td>
<td class='timestamp'>15:17:28</td>
<td class='step-details'>TEST RESULT SAVED IN: FitNesseRoot/files/testResults/ExtentReport/STAGING/AutomationReport191001-0307.html</td>
</tr>
</tbody>
</table>
<ul class='collapsible node-list' data-collapsible='accordion'>
</ul>
</div>
</div>
</li>
<li class='collection-item test displayed active pass ' extentid='db1c4275-822d-4dac-b1a6-0e0c76d6455d'>
<div class='test-head'>
<span class='test-name'>Finecast_UK_Suite_Test16gDeleteParentAdvertiserTest </span>
<span class='test-status label right outline capitalize pass'>pass</span>
<span class='category-assigned hide  test16ffncast-deleteparentadvetiser'></span>
</div>
<div class='test-body'>
<div class='test-info'>
<span title='Test started time' alt='Test started time' class='test-started-time label green lighten-1 text-white'>2019-10-01 15:17:30</span>
<span title='Test ended time' alt='Test ended time' class='test-ended-time label red lighten-1 text-white'>2019-10-01 15:17:33</span>
<span title='Time taken to finish' alt='Time taken to finish' class='test-time-taken label blue-grey lighten-3 text-white'>0h 0m 3s+155ms</span>
</div>
<div class='test-desc'></div>
<div class='test-attributes'>
<div class='categories'>
<span class='category text-white'>Test16fFncast-Delete Parent advetiser</span>
</div>
</div>
<div class='test-steps'>
<table class='bordered table-results'>
<thead>
<tr>
<th>Status</th>
<th>Timestamp</th>
<th>Details</th>
</tr>
</thead>
<tbody>
<tr>
<td class='status info' title='info' alt='info'><i class='mdi-action-info-outline'></i></td>
<td class='timestamp'>15:17:30</td>
<td class='step-details'>TEST STARTED:</td>
</tr>
<tr>
<td class='status info' title='info' alt='info'><i class='mdi-action-info-outline'></i></td>
<td class='timestamp'>15:17:30</td>
<td class='step-details'>Navigating to url https://finecast--fcqa2.my.salesforce.com/a011F00000BJypX</td>
</tr>
<tr>
<td class='status info' title='info' alt='info'><i class='mdi-action-info-outline'></i></td>
<td class='timestamp'>15:17:31</td>
<td class='step-details'>Clicking on Delete Button</td>
</tr>
<tr>
<td class='status info' title='info' alt='info'><i class='mdi-action-info-outline'></i></td>
<td class='timestamp'>15:17:31</td>
<td class='step-details'>Waiting 1000 milliseconds on a page</td>
</tr>
<tr>
<td class='status info' title='info' alt='info'><i class='mdi-action-info-outline'></i></td>
<td class='timestamp'>15:17:33</td>
<td class='step-details'>Total Execution Time for Test Suite: : 0:00:03</td>
</tr>
<tr>
<td class='status info' title='info' alt='info'><i class='mdi-action-info-outline'></i></td>
<td class='timestamp'>15:17:33</td>
<td class='step-details'>********************* END OF AUTOMATION TEST *********************</td>
</tr>
<tr>
<td class='status info' title='info' alt='info'><i class='mdi-action-info-outline'></i></td>
<td class='timestamp'>15:17:33</td>
<td class='step-details'>TEST RESULT SAVED IN: FitNesseRoot/files/testResults/ExtentReport/STAGING/AutomationReport191001-0307.html</td>
</tr>
</tbody>
</table>
<ul class='collapsible node-list' data-collapsible='accordion'>
</ul>
</div>
</div>
</li>
</ul>
</div>
</div>
</div>
</div>
<div id='test-details-wrapper' class='col _addedCell2'>
<div class='contents'>
<div class='card-panel details-view'>
<h5 class='details-name'></h5>
<div class='details-container'>
</div>
</div>
</div>
</div>
</div>
<!-- /tests -->

<!-- categories -->
<div id='categories-view' class='row _addedTable hide'>
<div class='col _addedCell1'>
<div class='contents'>
<div class='card-panel heading'>
<h5>Categories</h5>
</div>
<div class='card-panel filters'>
<div class='search' alt='Search tests' title='Search tests'>
<div class='input-field left'>
<input id='searchTests' type='text' class='validate' placeholder='Search tests...'>
</div>
<i class='mdi-action-search icon'></i>
</div>
</div>
<div class='card-panel no-padding-h no-padding-v'>
<div class='wrapper'>
<ul id='cat-collection' class='cat-collection'>
<li class='category-item displayed'>
<div class='cat-head'>
<span class='category-name'>Test01Fncast-Log In as an Finecast Global User</span>
</div>
<div class='category-status-counts'>
<span class='pass label dot'>Pass: 2</span>
</div>
<div class='cat-body'>
<div class='category-status-counts'>
<div class='button-group'>
<a href='#!' class='pass label filter'>Pass <span class='icon'>2</span></a>
<a href='#!' class='fail label filter'>Fail <span class='icon'>0</span></a>
<a href='#!' class='other label filter'>Others <span class='icon'>0</span></a>
</div>
</div>
<div class='cat-tests'>
<table class='bordered'>
<thead>
<tr>
<th>RunDate</th>
<th>Test Name</th>
<th>Status</th>
</tr>
</thead>
<tbody>
<tr class='pass'>
<td>2019-10-01 15:07:40</td>
<td><span class='category-link linked' extentid='5653b82c-31bd-4d13-af43-9ed71e3f6722'>Finecast_UK_Suite_Test01LogInUserTest</span></td>
<td><div class='status label capitalize pass'>pass</div></td>
</tr>
<tr class='pass'>
<td>2019-10-01 15:11:58</td>
<td><span class='category-link linked' extentid='61bb956a-ab55-4d09-a485-c426fe120ca4'>Finecast_UK_Suite_Test01LogInUserTest</span></td>
<td><div class='status label capitalize pass'>pass</div></td>
</tr>
<tbody>
</table>
</div>
</div> 
</li>
<li class='category-item displayed'>
<div class='cat-head'>
<span class='category-name'>Test02Fncast-Create a Parent agency</span>
</div>
<div class='category-status-counts'>
<span class='pass label dot'>Pass: 1</span>
</div>
<div class='cat-body'>
<div class='category-status-counts'>
<div class='button-group'>
<a href='#!' class='pass label filter'>Pass <span class='icon'>1</span></a>
<a href='#!' class='fail label filter'>Fail <span class='icon'>0</span></a>
<a href='#!' class='other label filter'>Others <span class='icon'>0</span></a>
</div>
</div>
<div class='cat-tests'>
<table class='bordered'>
<thead>
<tr>
<th>RunDate</th>
<th>Test Name</th>
<th>Status</th>
</tr>
</thead>
<tbody>
<tr class='pass'>
<td>2019-10-01 15:08:00</td>
<td><span class='category-link linked' extentid='9ab24076-9b5c-47e5-9426-452dbe11cb67'>Finecast_UK_Suite_Test02CreateParentAgencyTest</span></td>
<td><div class='status label capitalize pass'>pass</div></td>
</tr>
<tbody>
</table>
</div>
</div> 
</li>
<li class='category-item displayed'>
<div class='cat-head'>
<span class='category-name'>Test02bFncast-Create a Child agency</span>
</div>
<div class='category-status-counts'>
<span class='pass label dot'>Pass: 1</span>
</div>
<div class='cat-body'>
<div class='category-status-counts'>
<div class='button-group'>
<a href='#!' class='pass label filter'>Pass <span class='icon'>1</span></a>
<a href='#!' class='fail label filter'>Fail <span class='icon'>0</span></a>
<a href='#!' class='other label filter'>Others <span class='icon'>0</span></a>
</div>
</div>
<div class='cat-tests'>
<table class='bordered'>
<thead>
<tr>
<th>RunDate</th>
<th>Test Name</th>
<th>Status</th>
</tr>
</thead>
<tbody>
<tr class='pass'>
<td>2019-10-01 15:08:11</td>
<td><span class='category-link linked' extentid='291b2607-345b-46e5-8186-02c1844cc601'>Finecast_UK_Suite_Test02bCreateChildAgencyTest</span></td>
<td><div class='status label capitalize pass'>pass</div></td>
</tr>
<tbody>
</table>
</div>
</div> 
</li>
<li class='category-item displayed'>
<div class='cat-head'>
<span class='category-name'>Test03Fncast-Create a Parent Advertiser</span>
</div>
<div class='category-status-counts'>
<span class='pass label dot'>Pass: 1</span>
</div>
<div class='cat-body'>
<div class='category-status-counts'>
<div class='button-group'>
<a href='#!' class='pass label filter'>Pass <span class='icon'>1</span></a>
<a href='#!' class='fail label filter'>Fail <span class='icon'>0</span></a>
<a href='#!' class='other label filter'>Others <span class='icon'>0</span></a>
</div>
</div>
<div class='cat-tests'>
<table class='bordered'>
<thead>
<tr>
<th>RunDate</th>
<th>Test Name</th>
<th>Status</th>
</tr>
</thead>
<tbody>
<tr class='pass'>
<td>2019-10-01 15:08:22</td>
<td><span class='category-link linked' extentid='6cbfce36-86bd-4afc-b35b-cf2592719f15'>Finecast_UK_Suite_Test03CreateParentAdvertiserTest</span></td>
<td><div class='status label capitalize pass'>pass</div></td>
</tr>
<tbody>
</table>
</div>
</div> 
</li>
<li class='category-item displayed'>
<div class='cat-head'>
<span class='category-name'>Test03bFncast-Create a Child advertiser</span>
</div>
<div class='category-status-counts'>
<span class='pass label dot'>Pass: 1</span>
</div>
<div class='cat-body'>
<div class='category-status-counts'>
<div class='button-group'>
<a href='#!' class='pass label filter'>Pass <span class='icon'>1</span></a>
<a href='#!' class='fail label filter'>Fail <span class='icon'>0</span></a>
<a href='#!' class='other label filter'>Others <span class='icon'>0</span></a>
</div>
</div>
<div class='cat-tests'>
<table class='bordered'>
<thead>
<tr>
<th>RunDate</th>
<th>Test Name</th>
<th>Status</th>
</tr>
</thead>
<tbody>
<tr class='pass'>
<td>2019-10-01 15:08:33</td>
<td><span class='category-link linked' extentid='6d771d61-87ad-438f-998d-4234d1508ca6'>Finecast_UK_Suite_Test03bCreateChildAdvertiserTest</span></td>
<td><div class='status label capitalize pass'>pass</div></td>
</tr>
<tbody>
</table>
</div>
</div> 
</li>
<li class='category-item displayed'>
<div class='cat-head'>
<span class='category-name'>Test03cFncast-Create a Australia Child advertiser</span>
</div>
<div class='category-status-counts'>
<span class='pass label dot'>Pass: 1</span>
</div>
<div class='cat-body'>
<div class='category-status-counts'>
<div class='button-group'>
<a href='#!' class='pass label filter'>Pass <span class='icon'>1</span></a>
<a href='#!' class='fail label filter'>Fail <span class='icon'>0</span></a>
<a href='#!' class='other label filter'>Others <span class='icon'>0</span></a>
</div>
</div>
<div class='cat-tests'>
<table class='bordered'>
<thead>
<tr>
<th>RunDate</th>
<th>Test Name</th>
<th>Status</th>
</tr>
</thead>
<tbody>
<tr class='pass'>
<td>2019-10-01 15:08:48</td>
<td><span class='category-link linked' extentid='98939e7c-a631-4ed3-a2f3-e5bceef88a74'>Finecast_UK_Suite_Test03cCreateAusChildAdvertiserTest</span></td>
<td><div class='status label capitalize pass'>pass</div></td>
</tr>
<tbody>
</table>
</div>
</div> 
</li>
<li class='category-item displayed'>
<div class='cat-head'>
<span class='category-name'>Test04Fncast-Create an APAC Account</span>
</div>
<div class='category-status-counts'>
<span class='fail label dot'>Fail: 1</span>
</div>
<div class='cat-body'>
<div class='category-status-counts'>
<div class='button-group'>
<a href='#!' class='pass label filter'>Pass <span class='icon'>0</span></a>
<a href='#!' class='fail label filter'>Fail <span class='icon'>1</span></a>
<a href='#!' class='other label filter'>Others <span class='icon'>0</span></a>
</div>
</div>
<div class='cat-tests'>
<table class='bordered'>
<thead>
<tr>
<th>RunDate</th>
<th>Test Name</th>
<th>Status</th>
</tr>
</thead>
<tbody>
<tr class='fail'>
<td>2019-10-01 15:09:02</td>
<td><span class='category-link linked' extentid='88434a80-8f9c-4f3f-93bf-f03a0f9fb309'>Finecast_UK_Suite_Test04CreateFinecastAccountTest</span></td>
<td><div class='status label capitalize fail'>fail</div></td>
</tr>
<tbody>
</table>
</div>
</div> 
</li>
<li class='category-item displayed'>
<div class='cat-head'>
<span class='category-name'>Test04bFncast-Verify all buttons on Account</span>
</div>
<div class='category-status-counts'>
<span class='fail label dot'>Fail: 1</span>
</div>
<div class='cat-body'>
<div class='category-status-counts'>
<div class='button-group'>
<a href='#!' class='pass label filter'>Pass <span class='icon'>0</span></a>
<a href='#!' class='fail label filter'>Fail <span class='icon'>1</span></a>
<a href='#!' class='other label filter'>Others <span class='icon'>0</span></a>
</div>
</div>
<div class='cat-tests'>
<table class='bordered'>
<thead>
<tr>
<th>RunDate</th>
<th>Test Name</th>
<th>Status</th>
</tr>
</thead>
<tbody>
<tr class='fail'>
<td>2019-10-01 15:09:45</td>
<td><span class='category-link linked' extentid='c677c0e7-13cb-46f0-ad40-de0ae6b43b11'>Finecast_UK_Suite_Test04bVerifyAllButtonsOnAccountTest</span></td>
<td><div class='status label capitalize fail'>fail</div></td>
</tr>
<tbody>
</table>
</div>
</div> 
</li>
<li class='category-item displayed'>
<div class='cat-head'>
<span class='category-name'>Test05Fncast-Create a Finecast Opportunity</span>
</div>
<div class='category-status-counts'>
<span class='fail label dot'>Fail: 2</span>
</div>
<div class='cat-body'>
<div class='category-status-counts'>
<div class='button-group'>
<a href='#!' class='pass label filter'>Pass <span class='icon'>0</span></a>
<a href='#!' class='fail label filter'>Fail <span class='icon'>2</span></a>
<a href='#!' class='other label filter'>Others <span class='icon'>0</span></a>
</div>
</div>
<div class='cat-tests'>
<table class='bordered'>
<thead>
<tr>
<th>RunDate</th>
<th>Test Name</th>
<th>Status</th>
</tr>
</thead>
<tbody>
<tr class='fail'>
<td>2019-10-01 15:10:00</td>
<td><span class='category-link linked' extentid='58133418-643a-49d1-900e-fdb6b1007580'>Finecast_UK_Suite_Test05CreateFinecastOpportunityTest</span></td>
<td><div class='status label capitalize fail'>fail</div></td>
</tr>
<tr class='fail'>
<td>2019-10-01 15:10:14</td>
<td><span class='category-link linked' extentid='3db26ac2-c00d-4409-a051-8c8e7eadedcb'>Finecast_UK_Suite_Test05bCreateFinecastAlertsVerificationOpportunityTest</span></td>
<td><div class='status label capitalize fail'>fail</div></td>
</tr>
<tbody>
</table>
</div>
</div> 
</li>
<li class='category-item displayed'>
<div class='cat-head'>
<span class='category-name'>Test06aFncast-Create New Finecast Contact</span>
</div>
<div class='category-status-counts'>
<span class='fail label dot'>Fail: 1</span>
</div>
<div class='cat-body'>
<div class='category-status-counts'>
<div class='button-group'>
<a href='#!' class='pass label filter'>Pass <span class='icon'>0</span></a>
<a href='#!' class='fail label filter'>Fail <span class='icon'>1</span></a>
<a href='#!' class='other label filter'>Others <span class='icon'>0</span></a>
</div>
</div>
<div class='cat-tests'>
<table class='bordered'>
<thead>
<tr>
<th>RunDate</th>
<th>Test Name</th>
<th>Status</th>
</tr>
</thead>
<tbody>
<tr class='fail'>
<td>2019-10-01 15:10:28</td>
<td><span class='category-link linked' extentid='b928f2bd-39b8-4720-8aea-5cd718d7fd73'>Finecast_UK_Suite_Test06aCreateNewFinecastContactsTest</span></td>
<td><div class='status label capitalize fail'>fail</div></td>
</tr>
<tbody>
</table>
</div>
</div> 
</li>
<li class='category-item displayed'>
<div class='cat-head'>
<span class='category-name'>Test06bFncast-Create a Contact Role From Opp</span>
</div>
<div class='category-status-counts'>
<span class='fail label dot'>Fail: 1</span>
</div>
<div class='cat-body'>
<div class='category-status-counts'>
<div class='button-group'>
<a href='#!' class='pass label filter'>Pass <span class='icon'>0</span></a>
<a href='#!' class='fail label filter'>Fail <span class='icon'>1</span></a>
<a href='#!' class='other label filter'>Others <span class='icon'>0</span></a>
</div>
</div>
<div class='cat-tests'>
<table class='bordered'>
<thead>
<tr>
<th>RunDate</th>
<th>Test Name</th>
<th>Status</th>
</tr>
</thead>
<tbody>
<tr class='fail'>
<td>2019-10-01 15:10:45</td>
<td><span class='category-link linked' extentid='cf780140-3941-4084-b573-4d79ad2d7cd8'>Finecast_UK_Suite_Test06bCreateContactRolesTest</span></td>
<td><div class='status label capitalize fail'>fail</div></td>
</tr>
<tbody>
</table>
</div>
</div> 
</li>
<li class='category-item displayed'>
<div class='cat-head'>
<span class='category-name'>Test07bFncast-Create a Finecast Buy Line</span>
</div>
<div class='category-status-counts'>
<span class='fail label dot'>Fail: 1</span>
</div>
<div class='cat-body'>
<div class='category-status-counts'>
<div class='button-group'>
<a href='#!' class='pass label filter'>Pass <span class='icon'>0</span></a>
<a href='#!' class='fail label filter'>Fail <span class='icon'>1</span></a>
<a href='#!' class='other label filter'>Others <span class='icon'>0</span></a>
</div>
</div>
<div class='cat-tests'>
<table class='bordered'>
<thead>
<tr>
<th>RunDate</th>
<th>Test Name</th>
<th>Status</th>
</tr>
</thead>
<tbody>
<tr class='fail'>
<td>2019-10-01 15:11:02</td>
<td><span class='category-link linked' extentid='10190196-9bce-476a-a0c6-a626bdac61db'>Finecast_UK_Suite_Test07bCreateFinecastSellLineTest</span></td>
<td><div class='status label capitalize fail'>fail</div></td>
</tr>
<tbody>
</table>
</div>
</div> 
</li>
<li class='category-item displayed'>
<div class='cat-head'>
<span class='category-name'>Test07baFncast-Create a Finecast Buy Line with current day + 1 Start Date</span>
</div>
<div class='category-status-counts'>
<span class='fail label dot'>Fail: 1</span>
</div>
<div class='cat-body'>
<div class='category-status-counts'>
<div class='button-group'>
<a href='#!' class='pass label filter'>Pass <span class='icon'>0</span></a>
<a href='#!' class='fail label filter'>Fail <span class='icon'>1</span></a>
<a href='#!' class='other label filter'>Others <span class='icon'>0</span></a>
</div>
</div>
<div class='cat-tests'>
<table class='bordered'>
<thead>
<tr>
<th>RunDate</th>
<th>Test Name</th>
<th>Status</th>
</tr>
</thead>
<tbody>
<tr class='fail'>
<td>2019-10-01 15:11:20</td>
<td><span class='category-link linked' extentid='d626eaca-9a00-4044-9384-46d3d193cbc7'>Finecast_UK_Suite_Test07baCreateCurrPlusFifteenStartDateSellLineTest</span></td>
<td><div class='status label capitalize fail'>fail</div></td>
</tr>
<tbody>
</table>
</div>
</div> 
</li>
<li class='category-item displayed'>
<div class='cat-head'>
<span class='category-name'>Test07cFncast-Verify all buttons on Opportunity</span>
</div>
<div class='category-status-counts'>
<span class='fail label dot'>Fail: 1</span>
</div>
<div class='cat-body'>
<div class='category-status-counts'>
<div class='button-group'>
<a href='#!' class='pass label filter'>Pass <span class='icon'>0</span></a>
<a href='#!' class='fail label filter'>Fail <span class='icon'>1</span></a>
<a href='#!' class='other label filter'>Others <span class='icon'>0</span></a>
</div>
</div>
<div class='cat-tests'>
<table class='bordered'>
<thead>
<tr>
<th>RunDate</th>
<th>Test Name</th>
<th>Status</th>
</tr>
</thead>
<tbody>
<tr class='fail'>
<td>2019-10-01 15:12:18</td>
<td><span class='category-link linked' extentid='409138ba-3559-41df-b0c9-f0566f81b9e6'>Finecast_UK_Suite_Test07cVerifyAllButtonsOnOppTest</span></td>
<td><div class='status label capitalize fail'>fail</div></td>
</tr>
<tbody>
</table>
</div>
</div> 
</li>
<li class='category-item displayed'>
<div class='cat-head'>
<span class='category-name'>Test08Fncast-Add an opportunity team</span>
</div>
<div class='category-status-counts'>
<span class='fail label dot'>Fail: 1</span>
</div>
<div class='cat-body'>
<div class='category-status-counts'>
<div class='button-group'>
<a href='#!' class='pass label filter'>Pass <span class='icon'>0</span></a>
<a href='#!' class='fail label filter'>Fail <span class='icon'>1</span></a>
<a href='#!' class='other label filter'>Others <span class='icon'>0</span></a>
</div>
</div>
<div class='cat-tests'>
<table class='bordered'>
<thead>
<tr>
<th>RunDate</th>
<th>Test Name</th>
<th>Status</th>
</tr>
</thead>
<tbody>
<tr class='fail'>
<td>2019-10-01 15:12:33</td>
<td><span class='category-link linked' extentid='09e04c51-b1c8-4377-a06c-f5d911fcec74'>Finecast_UK_Suite_Test08AddOpportunityTeamTest</span></td>
<td><div class='status label capitalize fail'>fail</div></td>
</tr>
<tbody>
</table>
</div>
</div> 
</li>
<li class='category-item displayed'>
<div class='cat-head'>
<span class='category-name'>Test09aFncast-Create a 'New Avails' Case</span>
</div>
<div class='category-status-counts'>
<span class='fail label dot'>Fail: 1</span>
</div>
<div class='cat-body'>
<div class='category-status-counts'>
<div class='button-group'>
<a href='#!' class='pass label filter'>Pass <span class='icon'>0</span></a>
<a href='#!' class='fail label filter'>Fail <span class='icon'>1</span></a>
<a href='#!' class='other label filter'>Others <span class='icon'>0</span></a>
</div>
</div>
<div class='cat-tests'>
<table class='bordered'>
<thead>
<tr>
<th>RunDate</th>
<th>Test Name</th>
<th>Status</th>
</tr>
</thead>
<tbody>
<tr class='fail'>
<td>2019-10-01 15:12:42</td>
<td><span class='category-link linked' extentid='a02fab14-c3b4-45f1-a368-4e44d64804a3'>Finecast_UK_Suite_Test09aCreateCaseAvailsTest</span></td>
<td><div class='status label capitalize fail'>fail</div></td>
</tr>
<tbody>
</table>
</div>
</div> 
</li>
<li class='category-item displayed'>
<div class='cat-head'>
<span class='category-name'>Test09bFncast-Close 'New Avails' Case</span>
</div>
<div class='category-status-counts'>
<span class='fail label dot'>Fail: 1</span>
</div>
<div class='cat-body'>
<div class='category-status-counts'>
<div class='button-group'>
<a href='#!' class='pass label filter'>Pass <span class='icon'>0</span></a>
<a href='#!' class='fail label filter'>Fail <span class='icon'>1</span></a>
<a href='#!' class='other label filter'>Others <span class='icon'>0</span></a>
</div>
</div>
<div class='cat-tests'>
<table class='bordered'>
<thead>
<tr>
<th>RunDate</th>
<th>Test Name</th>
<th>Status</th>
</tr>
</thead>
<tbody>
<tr class='fail'>
<td>2019-10-01 15:13:00</td>
<td><span class='category-link linked' extentid='640137f9-14df-4556-a00b-67ac131c06a3'>Finecast_UK_Suite_Test09bCloseCaseAvailsTest</span></td>
<td><div class='status label capitalize fail'>fail</div></td>
</tr>
<tbody>
</table>
</div>
</div> 
</li>
<li class='category-item displayed'>
<div class='cat-head'>
<span class='category-name'>Test09cFncast-Create a 'New Avails' Case on Case Section</span>
</div>
<div class='category-status-counts'>
<span class='fail label dot'>Fail: 1</span>
</div>
<div class='cat-body'>
<div class='category-status-counts'>
<div class='button-group'>
<a href='#!' class='pass label filter'>Pass <span class='icon'>0</span></a>
<a href='#!' class='fail label filter'>Fail <span class='icon'>1</span></a>
<a href='#!' class='other label filter'>Others <span class='icon'>0</span></a>
</div>
</div>
<div class='cat-tests'>
<table class='bordered'>
<thead>
<tr>
<th>RunDate</th>
<th>Test Name</th>
<th>Status</th>
</tr>
</thead>
<tbody>
<tr class='fail'>
<td>2019-10-01 15:13:14</td>
<td><span class='category-link linked' extentid='b93630b2-fdc0-4846-a691-156e015f0ebd'>Finecast_UK_Suite_Test09cCreateCaseAvailsFromCaseSectionTest</span></td>
<td><div class='status label capitalize fail'>fail</div></td>
</tr>
<tbody>
</table>
</div>
</div> 
</li>
<li class='category-item displayed'>
<div class='cat-head'>
<span class='category-name'>Test10aFncast-Create a 'New Campaign Management' Case</span>
</div>
<div class='category-status-counts'>
<span class='fail label dot'>Fail: 1</span>
</div>
<div class='cat-body'>
<div class='category-status-counts'>
<div class='button-group'>
<a href='#!' class='pass label filter'>Pass <span class='icon'>0</span></a>
<a href='#!' class='fail label filter'>Fail <span class='icon'>1</span></a>
<a href='#!' class='other label filter'>Others <span class='icon'>0</span></a>
</div>
</div>
<div class='cat-tests'>
<table class='bordered'>
<thead>
<tr>
<th>RunDate</th>
<th>Test Name</th>
<th>Status</th>
</tr>
</thead>
<tbody>
<tr class='fail'>
<td>2019-10-01 15:13:21</td>
<td><span class='category-link linked' extentid='22e635a1-f398-4f00-855d-1c07ac63c90b'>Finecast_UK_Suite_Test10aCreateCaseCampaignManagementTest</span></td>
<td><div class='status label capitalize fail'>fail</div></td>
</tr>
<tbody>
</table>
</div>
</div> 
</li>
<li class='category-item displayed'>
<div class='cat-head'>
<span class='category-name'>Test10bFncast-Close 'New Campaign Management' Case</span>
</div>
<div class='category-status-counts'>
<span class='fail label dot'>Fail: 1</span>
</div>
<div class='cat-body'>
<div class='category-status-counts'>
<div class='button-group'>
<a href='#!' class='pass label filter'>Pass <span class='icon'>0</span></a>
<a href='#!' class='fail label filter'>Fail <span class='icon'>1</span></a>
<a href='#!' class='other label filter'>Others <span class='icon'>0</span></a>
</div>
</div>
<div class='cat-tests'>
<table class='bordered'>
<thead>
<tr>
<th>RunDate</th>
<th>Test Name</th>
<th>Status</th>
</tr>
</thead>
<tbody>
<tr class='fail'>
<td>2019-10-01 15:13:39</td>
<td><span class='category-link linked' extentid='c5e1a9ea-eea0-4b14-bb27-d22413de241e'>Finecast_UK_Suite_Test10bCloseCaseCampaignManagementTest</span></td>
<td><div class='status label capitalize fail'>fail</div></td>
</tr>
<tbody>
</table>
</div>
</div> 
</li>
<li class='category-item displayed'>
<div class='cat-head'>
<span class='category-name'>Test10cFncast-Create a 'New Campaign Management' Case on Case Section</span>
</div>
<div class='category-status-counts'>
<span class='fail label dot'>Fail: 1</span>
</div>
<div class='cat-body'>
<div class='category-status-counts'>
<div class='button-group'>
<a href='#!' class='pass label filter'>Pass <span class='icon'>0</span></a>
<a href='#!' class='fail label filter'>Fail <span class='icon'>1</span></a>
<a href='#!' class='other label filter'>Others <span class='icon'>0</span></a>
</div>
</div>
<div class='cat-tests'>
<table class='bordered'>
<thead>
<tr>
<th>RunDate</th>
<th>Test Name</th>
<th>Status</th>
</tr>
</thead>
<tbody>
<tr class='fail'>
<td>2019-10-01 15:13:53</td>
<td><span class='category-link linked' extentid='48122c33-f7a9-4442-82e1-2fa454a5d1f6'>Finecast_UK_Suite_Test10cCreateCaseCampaignManagementFromCaseSectionTest</span></td>
<td><div class='status label capitalize fail'>fail</div></td>
</tr>
<tbody>
</table>
</div>
</div> 
</li>
<li class='category-item displayed'>
<div class='cat-head'>
<span class='category-name'>Test11aFncast-Create a 'New Creatives' Case</span>
</div>
<div class='category-status-counts'>
<span class='fail label dot'>Fail: 1</span>
</div>
<div class='cat-body'>
<div class='category-status-counts'>
<div class='button-group'>
<a href='#!' class='pass label filter'>Pass <span class='icon'>0</span></a>
<a href='#!' class='fail label filter'>Fail <span class='icon'>1</span></a>
<a href='#!' class='other label filter'>Others <span class='icon'>0</span></a>
</div>
</div>
<div class='cat-tests'>
<table class='bordered'>
<thead>
<tr>
<th>RunDate</th>
<th>Test Name</th>
<th>Status</th>
</tr>
</thead>
<tbody>
<tr class='fail'>
<td>2019-10-01 15:14:00</td>
<td><span class='category-link linked' extentid='f647ef77-87b3-4081-94e9-473b78e54bbf'>Finecast_UK_Suite_Test11aCreateCaseCreativesTest</span></td>
<td><div class='status label capitalize fail'>fail</div></td>
</tr>
<tbody>
</table>
</div>
</div> 
</li>
<li class='category-item displayed'>
<div class='cat-head'>
<span class='category-name'>Test11bFncast-Close 'New Creatives' Case</span>
</div>
<div class='category-status-counts'>
<span class='fail label dot'>Fail: 1</span>
</div>
<div class='cat-body'>
<div class='category-status-counts'>
<div class='button-group'>
<a href='#!' class='pass label filter'>Pass <span class='icon'>0</span></a>
<a href='#!' class='fail label filter'>Fail <span class='icon'>1</span></a>
<a href='#!' class='other label filter'>Others <span class='icon'>0</span></a>
</div>
</div>
<div class='cat-tests'>
<table class='bordered'>
<thead>
<tr>
<th>RunDate</th>
<th>Test Name</th>
<th>Status</th>
</tr>
</thead>
<tbody>
<tr class='fail'>
<td>2019-10-01 15:14:17</td>
<td><span class='category-link linked' extentid='12df842c-b94c-470d-b359-b90798913348'>Finecast_UK_Suite_Test11bCloseCaseCreativesTest</span></td>
<td><div class='status label capitalize fail'>fail</div></td>
</tr>
<tbody>
</table>
</div>
</div> 
</li>
<li class='category-item displayed'>
<div class='cat-head'>
<span class='category-name'>Test11cFncast-Create a 'New Creatives' Case on Case Section</span>
</div>
<div class='category-status-counts'>
<span class='fail label dot'>Fail: 1</span>
</div>
<div class='cat-body'>
<div class='category-status-counts'>
<div class='button-group'>
<a href='#!' class='pass label filter'>Pass <span class='icon'>0</span></a>
<a href='#!' class='fail label filter'>Fail <span class='icon'>1</span></a>
<a href='#!' class='other label filter'>Others <span class='icon'>0</span></a>
</div>
</div>
<div class='cat-tests'>
<table class='bordered'>
<thead>
<tr>
<th>RunDate</th>
<th>Test Name</th>
<th>Status</th>
</tr>
</thead>
<tbody>
<tr class='fail'>
<td>2019-10-01 15:14:32</td>
<td><span class='category-link linked' extentid='498f4c52-2d40-4195-98c3-894b8baf4904'>Finecast_UK_Suite_Test11cCreateCaseCreativesFromCaseSectionTest</span></td>
<td><div class='status label capitalize fail'>fail</div></td>
</tr>
<tbody>
</table>
</div>
</div> 
</li>
<li class='category-item displayed'>
<div class='cat-head'>
<span class='category-name'>Test13aFncast-Opp Validation Rules should access Advertiser Opt-In</span>
</div>
<div class='category-status-counts'>
<span class='fail label dot'>Fail: 1</span>
</div>
<div class='cat-body'>
<div class='category-status-counts'>
<div class='button-group'>
<a href='#!' class='pass label filter'>Pass <span class='icon'>0</span></a>
<a href='#!' class='fail label filter'>Fail <span class='icon'>1</span></a>
<a href='#!' class='other label filter'>Others <span class='icon'>0</span></a>
</div>
</div>
<div class='cat-tests'>
<table class='bordered'>
<thead>
<tr>
<th>RunDate</th>
<th>Test Name</th>
<th>Status</th>
</tr>
</thead>
<tbody>
<tr class='fail'>
<td>2019-10-01 15:14:39</td>
<td><span class='category-link linked' extentid='fddfd9dc-de99-45c4-a85d-f142d8d53517'>Finecast_UK_Suite_Test13aOppValidationRulesTest</span></td>
<td><div class='status label capitalize fail'>fail</div></td>
</tr>
<tbody>
</table>
</div>
</div> 
</li>
<li class='category-item displayed'>
<div class='cat-head'>
<span class='category-name'>Test15aFncast-Delete Avails Case</span>
</div>
<div class='category-status-counts'>
<span class='fail label dot'>Fail: 1</span>
</div>
<div class='cat-body'>
<div class='category-status-counts'>
<div class='button-group'>
<a href='#!' class='pass label filter'>Pass <span class='icon'>0</span></a>
<a href='#!' class='fail label filter'>Fail <span class='icon'>1</span></a>
<a href='#!' class='other label filter'>Others <span class='icon'>0</span></a>
</div>
</div>
<div class='cat-tests'>
<table class='bordered'>
<thead>
<tr>
<th>RunDate</th>
<th>Test Name</th>
<th>Status</th>
</tr>
</thead>
<tbody>
<tr class='fail'>
<td>2019-10-01 15:14:57</td>
<td><span class='category-link linked' extentid='e2fc9e39-0204-44bb-885e-3fa8a85c14e9'>Finecast_UK_Suite_Test15aDeleteCaseAvailsTest</span></td>
<td><div class='status label capitalize fail'>fail</div></td>
</tr>
<tbody>
</table>
</div>
</div> 
</li>
<li class='category-item displayed'>
<div class='cat-head'>
<span class='category-name'>Test15bFncast-Delete Campaign Management Case</span>
</div>
<div class='category-status-counts'>
<span class='fail label dot'>Fail: 1</span>
</div>
<div class='cat-body'>
<div class='category-status-counts'>
<div class='button-group'>
<a href='#!' class='pass label filter'>Pass <span class='icon'>0</span></a>
<a href='#!' class='fail label filter'>Fail <span class='icon'>1</span></a>
<a href='#!' class='other label filter'>Others <span class='icon'>0</span></a>
</div>
</div>
<div class='cat-tests'>
<table class='bordered'>
<thead>
<tr>
<th>RunDate</th>
<th>Test Name</th>
<th>Status</th>
</tr>
</thead>
<tbody>
<tr class='fail'>
<td>2019-10-01 15:15:13</td>
<td><span class='category-link linked' extentid='7f0b8749-e1a2-471f-8a9b-a209e125c912'>Finecast_UK_Suite_Test15bDeleteCaseCampaignManagementTest</span></td>
<td><div class='status label capitalize fail'>fail</div></td>
</tr>
<tbody>
</table>
</div>
</div> 
</li>
<li class='category-item displayed'>
<div class='cat-head'>
<span class='category-name'>Test15cFncast-Delete Creatives Case</span>
</div>
<div class='category-status-counts'>
<span class='fail label dot'>Fail: 1</span>
</div>
<div class='cat-body'>
<div class='category-status-counts'>
<div class='button-group'>
<a href='#!' class='pass label filter'>Pass <span class='icon'>0</span></a>
<a href='#!' class='fail label filter'>Fail <span class='icon'>1</span></a>
<a href='#!' class='other label filter'>Others <span class='icon'>0</span></a>
</div>
</div>
<div class='cat-tests'>
<table class='bordered'>
<thead>
<tr>
<th>RunDate</th>
<th>Test Name</th>
<th>Status</th>
</tr>
</thead>
<tbody>
<tr class='fail'>
<td>2019-10-01 15:15:28</td>
<td><span class='category-link linked' extentid='60ec60c4-d172-41b4-b4c7-1d9ccdf9aada'>Finecast_UK_Suite_Test15cDeleteCaseCreativesTest</span></td>
<td><div class='status label capitalize fail'>fail</div></td>
</tr>
<tbody>
</table>
</div>
</div> 
</li>
<li class='category-item displayed'>
<div class='cat-head'>
<span class='category-name'>Test15dFncast-Delete Avails Case from cases</span>
</div>
<div class='category-status-counts'>
<span class='fail label dot'>Fail: 1</span>
</div>
<div class='cat-body'>
<div class='category-status-counts'>
<div class='button-group'>
<a href='#!' class='pass label filter'>Pass <span class='icon'>0</span></a>
<a href='#!' class='fail label filter'>Fail <span class='icon'>1</span></a>
<a href='#!' class='other label filter'>Others <span class='icon'>0</span></a>
</div>
</div>
<div class='cat-tests'>
<table class='bordered'>
<thead>
<tr>
<th>RunDate</th>
<th>Test Name</th>
<th>Status</th>
</tr>
</thead>
<tbody>
<tr class='fail'>
<td>2019-10-01 15:15:42</td>
<td><span class='category-link linked' extentid='0b92afd0-aa38-4b47-96ba-a12bfd6ae1d6'>Finecast_UK_Suite_Test15dDeleteCaseAvailsFromCasesTest</span></td>
<td><div class='status label capitalize fail'>fail</div></td>
</tr>
<tbody>
</table>
</div>
</div> 
</li>
<li class='category-item displayed'>
<div class='cat-head'>
<span class='category-name'>Test15eFncast-Delete Campaign Management Case from cases</span>
</div>
<div class='category-status-counts'>
<span class='fail label dot'>Fail: 1</span>
</div>
<div class='cat-body'>
<div class='category-status-counts'>
<div class='button-group'>
<a href='#!' class='pass label filter'>Pass <span class='icon'>0</span></a>
<a href='#!' class='fail label filter'>Fail <span class='icon'>1</span></a>
<a href='#!' class='other label filter'>Others <span class='icon'>0</span></a>
</div>
</div>
<div class='cat-tests'>
<table class='bordered'>
<thead>
<tr>
<th>RunDate</th>
<th>Test Name</th>
<th>Status</th>
</tr>
</thead>
<tbody>
<tr class='fail'>
<td>2019-10-01 15:15:56</td>
<td><span class='category-link linked' extentid='611af984-6704-49a2-ac80-f6eae716e0e0'>Finecast_UK_Suite_Test15eDeleteCaseCampaignManagementFromCasesTest</span></td>
<td><div class='status label capitalize fail'>fail</div></td>
</tr>
<tbody>
</table>
</div>
</div> 
</li>
<li class='category-item displayed'>
<div class='cat-head'>
<span class='category-name'>Test15fFncast-Delete Creatives Case from cases</span>
</div>
<div class='category-status-counts'>
<span class='fail label dot'>Fail: 1</span>
</div>
<div class='cat-body'>
<div class='category-status-counts'>
<div class='button-group'>
<a href='#!' class='pass label filter'>Pass <span class='icon'>0</span></a>
<a href='#!' class='fail label filter'>Fail <span class='icon'>1</span></a>
<a href='#!' class='other label filter'>Others <span class='icon'>0</span></a>
</div>
</div>
<div class='cat-tests'>
<table class='bordered'>
<thead>
<tr>
<th>RunDate</th>
<th>Test Name</th>
<th>Status</th>
</tr>
</thead>
<tbody>
<tr class='fail'>
<td>2019-10-01 15:16:11</td>
<td><span class='category-link linked' extentid='b3e6853a-87f6-4205-8e8d-b940097b3371'>Finecast_UK_Suite_Test15fDeleteCaseCreativesFromCasesTest</span></td>
<td><div class='status label capitalize fail'>fail</div></td>
</tr>
<tbody>
</table>
</div>
</div> 
</li>
<li class='category-item displayed'>
<div class='cat-head'>
<span class='category-name'>Test15gFncast-Alerts Verificaiton</span>
</div>
<div class='category-status-counts'>
<span class='fail label dot'>Fail: 1</span>
</div>
<div class='cat-body'>
<div class='category-status-counts'>
<div class='button-group'>
<a href='#!' class='pass label filter'>Pass <span class='icon'>0</span></a>
<a href='#!' class='fail label filter'>Fail <span class='icon'>1</span></a>
<a href='#!' class='other label filter'>Others <span class='icon'>0</span></a>
</div>
</div>
<div class='cat-tests'>
<table class='bordered'>
<thead>
<tr>
<th>RunDate</th>
<th>Test Name</th>
<th>Status</th>
</tr>
</thead>
<tbody>
<tr class='fail'>
<td>2019-10-01 15:11:37</td>
<td><span class='category-link linked' extentid='008aa470-82bc-4319-a4cf-0a14475f1304'>Finecast_UK_Suite_Test07bcOppAlertsTest</span></td>
<td><div class='status label capitalize fail'>fail</div></td>
</tr>
<tbody>
</table>
</div>
</div> 
</li>
<li class='category-item displayed'>
<div class='cat-head'>
<span class='category-name'>Test15hFncast-Update different Opp stages</span>
</div>
<div class='category-status-counts'>
<span class='fail label dot'>Fail: 1</span>
</div>
<div class='cat-body'>
<div class='category-status-counts'>
<div class='button-group'>
<a href='#!' class='pass label filter'>Pass <span class='icon'>0</span></a>
<a href='#!' class='fail label filter'>Fail <span class='icon'>1</span></a>
<a href='#!' class='other label filter'>Others <span class='icon'>0</span></a>
</div>
</div>
<div class='cat-tests'>
<table class='bordered'>
<thead>
<tr>
<th>RunDate</th>
<th>Test Name</th>
<th>Status</th>
</tr>
</thead>
<tbody>
<tr class='fail'>
<td>2019-10-01 15:16:25</td>
<td><span class='category-link linked' extentid='d4e90e3f-4c96-4ab6-b183-3b6b70b43f53'>Finecast_UK_Suite_Test15hUpdateOppStagesTest</span></td>
<td><div class='status label capitalize fail'>fail</div></td>
</tr>
<tbody>
</table>
</div>
</div> 
</li>
<li class='category-item displayed'>
<div class='cat-head'>
<span class='category-name'>Test16aFncast-Delete an Opportunity</span>
</div>
<div class='category-status-counts'>
<span class='fail label dot'>Fail: 1</span>
</div>
<div class='cat-body'>
<div class='category-status-counts'>
<div class='button-group'>
<a href='#!' class='pass label filter'>Pass <span class='icon'>0</span></a>
<a href='#!' class='fail label filter'>Fail <span class='icon'>1</span></a>
<a href='#!' class='other label filter'>Others <span class='icon'>0</span></a>
</div>
</div>
<div class='cat-tests'>
<table class='bordered'>
<thead>
<tr>
<th>RunDate</th>
<th>Test Name</th>
<th>Status</th>
</tr>
</thead>
<tbody>
<tr class='fail'>
<td>2019-10-01 15:16:38</td>
<td><span class='category-link linked' extentid='0e958809-3262-4cfe-a555-2eab2548477b'>Finecast_UK_Suite_Test16aDeleteOpportunityTest</span></td>
<td><div class='status label capitalize fail'>fail</div></td>
</tr>
<tbody>
</table>
</div>
</div> 
</li>
<li class='category-item displayed'>
<div class='cat-head'>
<span class='category-name'>Test16bFncast-Delete an Account</span>
</div>
<div class='category-status-counts'>
<span class='fail label dot'>Fail: 1</span>
</div>
<div class='cat-body'>
<div class='category-status-counts'>
<div class='button-group'>
<a href='#!' class='pass label filter'>Pass <span class='icon'>0</span></a>
<a href='#!' class='fail label filter'>Fail <span class='icon'>1</span></a>
<a href='#!' class='other label filter'>Others <span class='icon'>0</span></a>
</div>
</div>
<div class='cat-tests'>
<table class='bordered'>
<thead>
<tr>
<th>RunDate</th>
<th>Test Name</th>
<th>Status</th>
</tr>
</thead>
<tbody>
<tr class='fail'>
<td>2019-10-01 15:16:55</td>
<td><span class='category-link linked' extentid='12d94dd9-67c9-4ff3-8151-8f81025faf7a'>Finecast_UK_Suite_Test16bDeleteAccountTest</span></td>
<td><div class='status label capitalize fail'>fail</div></td>
</tr>
<tbody>
</table>
</div>
</div> 
</li>
<li class='category-item displayed'>
<div class='cat-head'>
<span class='category-name'>Test16cFncast-Delete Child agency</span>
</div>
<div class='category-status-counts'>
<span class='pass label dot'>Pass: 1</span>
</div>
<div class='cat-body'>
<div class='category-status-counts'>
<div class='button-group'>
<a href='#!' class='pass label filter'>Pass <span class='icon'>1</span></a>
<a href='#!' class='fail label filter'>Fail <span class='icon'>0</span></a>
<a href='#!' class='other label filter'>Others <span class='icon'>0</span></a>
</div>
</div>
<div class='cat-tests'>
<table class='bordered'>
<thead>
<tr>
<th>RunDate</th>
<th>Test Name</th>
<th>Status</th>
</tr>
</thead>
<tbody>
<tr class='pass'>
<td>2019-10-01 15:17:09</td>
<td><span class='category-link linked' extentid='feaa6254-48d6-4e6b-972a-f3d591446b33'>Finecast_UK_Suite_Test16cDeleteChildAgencyTest</span></td>
<td><div class='status label capitalize pass'>pass</div></td>
</tr>
<tbody>
</table>
</div>
</div> 
</li>
<li class='category-item displayed'>
<div class='cat-head'>
<span class='category-name'>Test16dFncast-Delete Child advertiser</span>
</div>
<div class='category-status-counts'>
<span class='pass label dot'>Pass: 1</span>
</div>
<div class='cat-body'>
<div class='category-status-counts'>
<div class='button-group'>
<a href='#!' class='pass label filter'>Pass <span class='icon'>1</span></a>
<a href='#!' class='fail label filter'>Fail <span class='icon'>0</span></a>
<a href='#!' class='other label filter'>Others <span class='icon'>0</span></a>
</div>
</div>
<div class='cat-tests'>
<table class='bordered'>
<thead>
<tr>
<th>RunDate</th>
<th>Test Name</th>
<th>Status</th>
</tr>
</thead>
<tbody>
<tr class='pass'>
<td>2019-10-01 15:17:14</td>
<td><span class='category-link linked' extentid='587b9503-bbda-4a33-a12c-4df3e2e805ef'>Finecast_UK_Suite_Test16dDeleteChildAdvertiserTest</span></td>
<td><div class='status label capitalize pass'>pass</div></td>
</tr>
<tbody>
</table>
</div>
</div> 
</li>
<li class='category-item displayed'>
<div class='cat-head'>
<span class='category-name'>Test16eFncast-Delete Parent agency</span>
</div>
<div class='category-status-counts'>
<span class='pass label dot'>Pass: 1</span>
</div>
<div class='cat-body'>
<div class='category-status-counts'>
<div class='button-group'>
<a href='#!' class='pass label filter'>Pass <span class='icon'>1</span></a>
<a href='#!' class='fail label filter'>Fail <span class='icon'>0</span></a>
<a href='#!' class='other label filter'>Others <span class='icon'>0</span></a>
</div>
</div>
<div class='cat-tests'>
<table class='bordered'>
<thead>
<tr>
<th>RunDate</th>
<th>Test Name</th>
<th>Status</th>
</tr>
</thead>
<tbody>
<tr class='pass'>
<td>2019-10-01 15:17:25</td>
<td><span class='category-link linked' extentid='2f0f0bd5-4727-4a7f-a332-b28fe745ca4b'>Finecast_UK_Suite_Test16fDeleteParentAgencyTest</span></td>
<td><div class='status label capitalize pass'>pass</div></td>
</tr>
<tbody>
</table>
</div>
</div> 
</li>
<li class='category-item displayed'>
<div class='cat-head'>
<span class='category-name'>Test16fFncast-Delete Australia Child advertiser</span>
</div>
<div class='category-status-counts'>
<span class='pass label dot'>Pass: 1</span>
</div>
<div class='cat-body'>
<div class='category-status-counts'>
<div class='button-group'>
<a href='#!' class='pass label filter'>Pass <span class='icon'>1</span></a>
<a href='#!' class='fail label filter'>Fail <span class='icon'>0</span></a>
<a href='#!' class='other label filter'>Others <span class='icon'>0</span></a>
</div>
</div>
<div class='cat-tests'>
<table class='bordered'>
<thead>
<tr>
<th>RunDate</th>
<th>Test Name</th>
<th>Status</th>
</tr>
</thead>
<tbody>
<tr class='pass'>
<td>2019-10-01 15:17:20</td>
<td><span class='category-link linked' extentid='b6623452-ebe4-445d-9f35-71bd999366c3'>Finecast_UK_Suite_Test16eDeleteAusChildAdvertiserTest</span></td>
<td><div class='status label capitalize pass'>pass</div></td>
</tr>
<tbody>
</table>
</div>
</div> 
</li>
<li class='category-item displayed'>
<div class='cat-head'>
<span class='category-name'>Test16fFncast-Delete Parent advetiser</span>
</div>
<div class='category-status-counts'>
<span class='pass label dot'>Pass: 1</span>
</div>
<div class='cat-body'>
<div class='category-status-counts'>
<div class='button-group'>
<a href='#!' class='pass label filter'>Pass <span class='icon'>1</span></a>
<a href='#!' class='fail label filter'>Fail <span class='icon'>0</span></a>
<a href='#!' class='other label filter'>Others <span class='icon'>0</span></a>
</div>
</div>
<div class='cat-tests'>
<table class='bordered'>
<thead>
<tr>
<th>RunDate</th>
<th>Test Name</th>
<th>Status</th>
</tr>
</thead>
<tbody>
<tr class='pass'>
<td>2019-10-01 15:17:30</td>
<td><span class='category-link linked' extentid='db1c4275-822d-4dac-b1a6-0e0c76d6455d'>Finecast_UK_Suite_Test16gDeleteParentAdvertiserTest</span></td>
<td><div class='status label capitalize pass'>pass</div></td>
</tr>
<tbody>
</table>
</div>
</div> 
</li>
</ul>
</div>
</div>
</div>
</div>
<div id='cat-details-wrapper' class='col _addedCell2'>
<div class='contents'>
<div class='card-panel details-view'>
<h5 class='cat-name'></h5>
<div class='cat-container'>
</div>
</div>
</div>
</div>
</div>
<!-- /categories -->

<!-- exceptions -->
<!-- /exceptions -->

<!-- testrunner logs -->
<!-- /testrunner logs -->

</div>
<!-- /container -->

<!-- test dashboard counts setting -->
<div id='test-count-setting' class='modal bottom-sheet'> 
<div class='modal-content'> 
<h5>Configure Tests Count Setting</h5> 
<input name='test-count-setting' type='radio' id='parentWithoutNodes' class='with-gap'> 
<label for='parentWithoutNodes'>Parent Tests Only (Does not include child nodes in counts)</label> 
<br> 
<input name='test-count-setting' type='radio' id='parentWithoutNodesAndNodes' class='with-gap'> 
<label for='parentWithoutNodesAndNodes'>Parent Tests Without Child Tests + Child Tests</label> 
<br> 
<input name='test-count-setting' type='radio' id='childNodes' class='with-gap'> 
<label for='childNodes'>Child Tests Only</label> 
</div> 
<div class='modal-footer'> 
<a href='#!' class='modal-action modal-close waves-effect waves-green btn'>Save</a> 
</div> 
</div>
<!-- /test dashboard counts setting -->

<!-- filter for step status -->
<div id='step-status-filter' class='modal bottom-sheet'> 
<div class='modal-content'> 
<h5>Select status</h5> 
<input checked class='filled-in' type='checkbox' id='step-dashboard-filter-pass'> 
<label for='step-dashboard-filter-pass'>Pass</label> 
<br> 
<input checked class='filled-in' type='checkbox' id='step-dashboard-filter-fail'> 
<label for='step-dashboard-filter-fail'>Fail</label> 
<br> 
<input checked class='filled-in' type='checkbox' id='step-dashboard-filter-fatal'> 
<label for='step-dashboard-filter-fatal'>Fatal</label> 
<br> 
<input checked class='filled-in' type='checkbox' id='step-dashboard-filter-error'> 
<label for='step-dashboard-filter-error'>Error</label> 
<br> 
<input checked class='filled-in' type='checkbox' id='step-dashboard-filter-warning'> 
<label for='step-dashboard-filter-warning'>Warning</label> 
<br> 
<input checked class='filled-in' type='checkbox' id='step-dashboard-filter-skip'> 
<label for='step-dashboard-filter-skip'>Skipped</label> 
<br> 
<input checked class='filled-in' type='checkbox' id='step-dashboard-filter-info'> 
<label for='step-dashboard-filter-info'>Info</label> 
<br> 
<input checked class='filled-in' type='checkbox' id='step-dashboard-filter-unknown'> 
<label for='step-dashboard-filter-unknown'>Unknown</label> 
</div>
<div class='modal-footer'> 
<a href='#!' class='modal-action modal-close waves-effect waves-green btn'>Save</a> 
</div> 
</div>
<!-- /filter for step status -->

<script src='https://cdn.rawgit.com/anshooarora/extentreports/c936a26fc8bb9c5fc0253b5bc6f289e1d14bb595/cdn/extent.js' type='text/javascript'></script>

<script>$(document).ready(function() { $('.logo span').html('ExtentReports'); });</script>
<script>

            
                $(document).ready(function() {
                    
                });
            
        
</script>
</body>
</html>
