<?xml version="1.0"?>
<suiteResults>
  <FitNesseVersion>v20151230</FitNesseVersion>
  <rootPath>BizOpsAutomation.SalesForce.FinecastRegressionSuite.UnitedKingdomSuite</rootPath>
  <pageHistoryReference>
    <name>BizOpsAutomation.SalesForce.FinecastRegressionSuite.UnitedKingdomSuite.Test01LogInUserTest</name>
    <date>2019-09-24T16:06:45-04:00</date>
    <pageHistoryLink>BizOpsAutomation.SalesForce.FinecastRegressionSuite.UnitedKingdomSuite.Test01LogInUserTest?pageHistory&amp;resultDate=20190924160645</pageHistoryLink>
    <counts>
      <right>13</right>
      <wrong>0</wrong>
      <ignores>0</ignores>
      <exceptions>0</exceptions>
    </counts>
    <runTimeInMillis>39688</runTimeInMillis>
  </pageHistoryReference>
  <pageHistoryReference>
    <name>BizOpsAutomation.SalesForce.FinecastRegressionSuite.UnitedKingdomSuite.Test02CreateParentAgencyTest</name>
    <date>2019-09-24T16:07:25-04:00</date>
    <pageHistoryLink>BizOpsAutomation.SalesForce.FinecastRegressionSuite.UnitedKingdomSuite.Test02CreateParentAgencyTest?pageHistory&amp;resultDate=20190924160725</pageHistoryLink>
    <counts>
      <right>14</right>
      <wrong>0</wrong>
      <ignores>0</ignores>
      <exceptions>0</exceptions>
    </counts>
    <runTimeInMillis>14292</runTimeInMillis>
  </pageHistoryReference>
  <pageHistoryReference>
    <name>BizOpsAutomation.SalesForce.FinecastRegressionSuite.UnitedKingdomSuite.Test02bCreateChildAgencyTest</name>
    <date>2019-09-24T16:07:39-04:00</date>
    <pageHistoryLink>BizOpsAutomation.SalesForce.FinecastRegressionSuite.UnitedKingdomSuite.Test02bCreateChildAgencyTest?pageHistory&amp;resultDate=20190924160739</pageHistoryLink>
    <counts>
      <right>14</right>
      <wrong>0</wrong>
      <ignores>0</ignores>
      <exceptions>0</exceptions>
    </counts>
    <runTimeInMillis>14435</runTimeInMillis>
  </pageHistoryReference>
  <pageHistoryReference>
    <name>BizOpsAutomation.SalesForce.FinecastRegressionSuite.UnitedKingdomSuite.Test03CreateParentAdvertiserTest</name>
    <date>2019-09-24T16:07:53-04:00</date>
    <pageHistoryLink>BizOpsAutomation.SalesForce.FinecastRegressionSuite.UnitedKingdomSuite.Test03CreateParentAdvertiserTest?pageHistory&amp;resultDate=20190924160753</pageHistoryLink>
    <counts>
      <right>11</right>
      <wrong>0</wrong>
      <ignores>0</ignores>
      <exceptions>0</exceptions>
    </counts>
    <runTimeInMillis>13251</runTimeInMillis>
  </pageHistoryReference>
  <pageHistoryReference>
    <name>BizOpsAutomation.SalesForce.FinecastRegressionSuite.UnitedKingdomSuite.Test03bCreateChildAdvertiserTest</name>
    <date>2019-09-24T16:08:07-04:00</date>
    <pageHistoryLink>BizOpsAutomation.SalesForce.FinecastRegressionSuite.UnitedKingdomSuite.Test03bCreateChildAdvertiserTest?pageHistory&amp;resultDate=20190924160807</pageHistoryLink>
    <counts>
      <right>17</right>
      <wrong>0</wrong>
      <ignores>0</ignores>
      <exceptions>0</exceptions>
    </counts>
    <runTimeInMillis>17759</runTimeInMillis>
  </pageHistoryReference>
  <pageHistoryReference>
    <name>BizOpsAutomation.SalesForce.FinecastRegressionSuite.UnitedKingdomSuite.Test04CreateFinecastAccountTest</name>
    <date>2019-09-24T16:08:25-04:00</date>
    <pageHistoryLink>BizOpsAutomation.SalesForce.FinecastRegressionSuite.UnitedKingdomSuite.Test04CreateFinecastAccountTest?pageHistory&amp;resultDate=20190924160825</pageHistoryLink>
    <counts>
      <right>21</right>
      <wrong>0</wrong>
      <ignores>0</ignores>
      <exceptions>0</exceptions>
    </counts>
    <runTimeInMillis>22374</runTimeInMillis>
  </pageHistoryReference>
  <pageHistoryReference>
    <name>BizOpsAutomation.SalesForce.FinecastRegressionSuite.UnitedKingdomSuite.Test05CreateFinecastOpportunityTest</name>
    <date>2019-09-24T16:08:47-04:00</date>
    <pageHistoryLink>BizOpsAutomation.SalesForce.FinecastRegressionSuite.UnitedKingdomSuite.Test05CreateFinecastOpportunityTest?pageHistory&amp;resultDate=20190924160847</pageHistoryLink>
    <counts>
      <right>16</right>
      <wrong>0</wrong>
      <ignores>0</ignores>
      <exceptions>0</exceptions>
    </counts>
    <runTimeInMillis>16410</runTimeInMillis>
  </pageHistoryReference>
  <pageHistoryReference>
    <name>BizOpsAutomation.SalesForce.FinecastRegressionSuite.UnitedKingdomSuite.Test06bCreateContactRolesTest</name>
    <date>2019-09-24T16:09:04-04:00</date>
    <pageHistoryLink>BizOpsAutomation.SalesForce.FinecastRegressionSuite.UnitedKingdomSuite.Test06bCreateContactRolesTest?pageHistory&amp;resultDate=20190924160904</pageHistoryLink>
    <counts>
      <right>10</right>
      <wrong>0</wrong>
      <ignores>0</ignores>
      <exceptions>0</exceptions>
    </counts>
    <runTimeInMillis>17706</runTimeInMillis>
  </pageHistoryReference>
  <pageHistoryReference>
    <name>BizOpsAutomation.SalesForce.FinecastRegressionSuite.UnitedKingdomSuite.Test07bCreateFinecastSellLineTest</name>
    <date>2019-09-24T16:09:21-04:00</date>
    <pageHistoryLink>BizOpsAutomation.SalesForce.FinecastRegressionSuite.UnitedKingdomSuite.Test07bCreateFinecastSellLineTest?pageHistory&amp;resultDate=20190924160921</pageHistoryLink>
    <counts>
      <right>17</right>
      <wrong>0</wrong>
      <ignores>0</ignores>
      <exceptions>0</exceptions>
    </counts>
    <runTimeInMillis>15915</runTimeInMillis>
  </pageHistoryReference>
  <pageHistoryReference>
    <name>BizOpsAutomation.SalesForce.FinecastRegressionSuite.UnitedKingdomSuite.Test08AddOpportunityTeamTest</name>
    <date>2019-09-24T16:09:37-04:00</date>
    <pageHistoryLink>BizOpsAutomation.SalesForce.FinecastRegressionSuite.UnitedKingdomSuite.Test08AddOpportunityTeamTest?pageHistory&amp;resultDate=20190924160937</pageHistoryLink>
    <counts>
      <right>11</right>
      <wrong>0</wrong>
      <ignores>0</ignores>
      <exceptions>0</exceptions>
    </counts>
    <runTimeInMillis>14853</runTimeInMillis>
  </pageHistoryReference>
  <pageHistoryReference>
    <name>BizOpsAutomation.SalesForce.FinecastRegressionSuite.UnitedKingdomSuite.Test09aCreateCaseAvailsTest</name>
    <date>2019-09-24T16:09:52-04:00</date>
    <pageHistoryLink>BizOpsAutomation.SalesForce.FinecastRegressionSuite.UnitedKingdomSuite.Test09aCreateCaseAvailsTest?pageHistory&amp;resultDate=20190924160952</pageHistoryLink>
    <counts>
      <right>13</right>
      <wrong>0</wrong>
      <ignores>0</ignores>
      <exceptions>0</exceptions>
    </counts>
    <runTimeInMillis>15817</runTimeInMillis>
  </pageHistoryReference>
  <pageHistoryReference>
    <name>BizOpsAutomation.SalesForce.FinecastRegressionSuite.UnitedKingdomSuite.Test09bCloseCaseAvailsTest</name>
    <date>2019-09-24T16:10:08-04:00</date>
    <pageHistoryLink>BizOpsAutomation.SalesForce.FinecastRegressionSuite.UnitedKingdomSuite.Test09bCloseCaseAvailsTest?pageHistory&amp;resultDate=20190924161008</pageHistoryLink>
    <counts>
      <right>5</right>
      <wrong>0</wrong>
      <ignores>0</ignores>
      <exceptions>0</exceptions>
    </counts>
    <runTimeInMillis>9704</runTimeInMillis>
  </pageHistoryReference>
  <pageHistoryReference>
    <name>BizOpsAutomation.SalesForce.FinecastRegressionSuite.UnitedKingdomSuite.Test09cCreateCaseAvailsFromCaseSectionTest</name>
    <date>2019-09-24T16:10:18-04:00</date>
    <pageHistoryLink>BizOpsAutomation.SalesForce.FinecastRegressionSuite.UnitedKingdomSuite.Test09cCreateCaseAvailsFromCaseSectionTest?pageHistory&amp;resultDate=20190924161018</pageHistoryLink>
    <counts>
      <right>14</right>
      <wrong>0</wrong>
      <ignores>0</ignores>
      <exceptions>0</exceptions>
    </counts>
    <runTimeInMillis>14510</runTimeInMillis>
  </pageHistoryReference>
  <pageHistoryReference>
    <name>BizOpsAutomation.SalesForce.FinecastRegressionSuite.UnitedKingdomSuite.Test10aCreateCaseCampaignManagementTest</name>
    <date>2019-09-24T16:10:32-04:00</date>
    <pageHistoryLink>BizOpsAutomation.SalesForce.FinecastRegressionSuite.UnitedKingdomSuite.Test10aCreateCaseCampaignManagementTest?pageHistory&amp;resultDate=20190924161032</pageHistoryLink>
    <counts>
      <right>11</right>
      <wrong>0</wrong>
      <ignores>0</ignores>
      <exceptions>0</exceptions>
    </counts>
    <runTimeInMillis>15917</runTimeInMillis>
  </pageHistoryReference>
  <pageHistoryReference>
    <name>BizOpsAutomation.SalesForce.FinecastRegressionSuite.UnitedKingdomSuite.Test10bCloseCaseCampaignManagementTest</name>
    <date>2019-09-24T16:10:48-04:00</date>
    <pageHistoryLink>BizOpsAutomation.SalesForce.FinecastRegressionSuite.UnitedKingdomSuite.Test10bCloseCaseCampaignManagementTest?pageHistory&amp;resultDate=20190924161048</pageHistoryLink>
    <counts>
      <right>5</right>
      <wrong>0</wrong>
      <ignores>0</ignores>
      <exceptions>0</exceptions>
    </counts>
    <runTimeInMillis>10351</runTimeInMillis>
  </pageHistoryReference>
  <pageHistoryReference>
    <name>BizOpsAutomation.SalesForce.FinecastRegressionSuite.UnitedKingdomSuite.Test10cCreateCaseCampaignManagementFromCaseSectionTest</name>
    <date>2019-09-24T16:10:59-04:00</date>
    <pageHistoryLink>BizOpsAutomation.SalesForce.FinecastRegressionSuite.UnitedKingdomSuite.Test10cCreateCaseCampaignManagementFromCaseSectionTest?pageHistory&amp;resultDate=20190924161059</pageHistoryLink>
    <counts>
      <right>12</right>
      <wrong>0</wrong>
      <ignores>0</ignores>
      <exceptions>0</exceptions>
    </counts>
    <runTimeInMillis>13430</runTimeInMillis>
  </pageHistoryReference>
  <pageHistoryReference>
    <name>BizOpsAutomation.SalesForce.FinecastRegressionSuite.UnitedKingdomSuite.Test11aCreateCaseCreativesTest</name>
    <date>2019-09-24T16:11:12-04:00</date>
    <pageHistoryLink>BizOpsAutomation.SalesForce.FinecastRegressionSuite.UnitedKingdomSuite.Test11aCreateCaseCreativesTest?pageHistory&amp;resultDate=20190924161112</pageHistoryLink>
    <counts>
      <right>15</right>
      <wrong>0</wrong>
      <ignores>0</ignores>
      <exceptions>0</exceptions>
    </counts>
    <runTimeInMillis>16180</runTimeInMillis>
  </pageHistoryReference>
  <pageHistoryReference>
    <name>BizOpsAutomation.SalesForce.FinecastRegressionSuite.UnitedKingdomSuite.Test11bCloseCaseCreativesTest</name>
    <date>2019-09-24T16:11:29-04:00</date>
    <pageHistoryLink>BizOpsAutomation.SalesForce.FinecastRegressionSuite.UnitedKingdomSuite.Test11bCloseCaseCreativesTest?pageHistory&amp;resultDate=20190924161129</pageHistoryLink>
    <counts>
      <right>5</right>
      <wrong>0</wrong>
      <ignores>0</ignores>
      <exceptions>0</exceptions>
    </counts>
    <runTimeInMillis>9230</runTimeInMillis>
  </pageHistoryReference>
  <pageHistoryReference>
    <name>BizOpsAutomation.SalesForce.FinecastRegressionSuite.UnitedKingdomSuite.Test11cCreateCaseCreativesFromCaseSectionTest</name>
    <date>2019-09-24T16:11:38-04:00</date>
    <pageHistoryLink>BizOpsAutomation.SalesForce.FinecastRegressionSuite.UnitedKingdomSuite.Test11cCreateCaseCreativesFromCaseSectionTest?pageHistory&amp;resultDate=20190924161138</pageHistoryLink>
    <counts>
      <right>16</right>
      <wrong>0</wrong>
      <ignores>0</ignores>
      <exceptions>0</exceptions>
    </counts>
    <runTimeInMillis>15471</runTimeInMillis>
  </pageHistoryReference>
  <pageHistoryReference>
    <name>BizOpsAutomation.SalesForce.FinecastRegressionSuite.UnitedKingdomSuite.Test13UpdateOppStagesTest</name>
    <date>2019-09-24T16:11:53-04:00</date>
    <pageHistoryLink>BizOpsAutomation.SalesForce.FinecastRegressionSuite.UnitedKingdomSuite.Test13UpdateOppStagesTest?pageHistory&amp;resultDate=20190924161153</pageHistoryLink>
    <counts>
      <right>19</right>
      <wrong>0</wrong>
      <ignores>0</ignores>
      <exceptions>1</exceptions>
    </counts>
    <runTimeInMillis>44193</runTimeInMillis>
  </pageHistoryReference>
  <pageHistoryReference>
    <name>BizOpsAutomation.SalesForce.FinecastRegressionSuite.UnitedKingdomSuite.Test15aDeleteCaseAvailsTest</name>
    <date>2019-09-24T16:12:38-04:00</date>
    <pageHistoryLink>BizOpsAutomation.SalesForce.FinecastRegressionSuite.UnitedKingdomSuite.Test15aDeleteCaseAvailsTest?pageHistory&amp;resultDate=20190924161238</pageHistoryLink>
    <counts>
      <right>6</right>
      <wrong>0</wrong>
      <ignores>0</ignores>
      <exceptions>0</exceptions>
    </counts>
    <runTimeInMillis>7431</runTimeInMillis>
  </pageHistoryReference>
  <pageHistoryReference>
    <name>BizOpsAutomation.SalesForce.FinecastRegressionSuite.UnitedKingdomSuite.Test15bDeleteCaseCampaignManagementTest</name>
    <date>2019-09-24T16:12:45-04:00</date>
    <pageHistoryLink>BizOpsAutomation.SalesForce.FinecastRegressionSuite.UnitedKingdomSuite.Test15bDeleteCaseCampaignManagementTest?pageHistory&amp;resultDate=20190924161245</pageHistoryLink>
    <counts>
      <right>4</right>
      <wrong>0</wrong>
      <ignores>0</ignores>
      <exceptions>0</exceptions>
    </counts>
    <runTimeInMillis>6461</runTimeInMillis>
  </pageHistoryReference>
  <pageHistoryReference>
    <name>BizOpsAutomation.SalesForce.FinecastRegressionSuite.UnitedKingdomSuite.Test15cDeleteCaseCreativesTest</name>
    <date>2019-09-24T16:12:52-04:00</date>
    <pageHistoryLink>BizOpsAutomation.SalesForce.FinecastRegressionSuite.UnitedKingdomSuite.Test15cDeleteCaseCreativesTest?pageHistory&amp;resultDate=20190924161252</pageHistoryLink>
    <counts>
      <right>4</right>
      <wrong>0</wrong>
      <ignores>0</ignores>
      <exceptions>0</exceptions>
    </counts>
    <runTimeInMillis>5766</runTimeInMillis>
  </pageHistoryReference>
  <pageHistoryReference>
    <name>BizOpsAutomation.SalesForce.FinecastRegressionSuite.UnitedKingdomSuite.Test15dDeleteCaseAvailsFromCasesTest</name>
    <date>2019-09-24T16:12:58-04:00</date>
    <pageHistoryLink>BizOpsAutomation.SalesForce.FinecastRegressionSuite.UnitedKingdomSuite.Test15dDeleteCaseAvailsFromCasesTest?pageHistory&amp;resultDate=20190924161258</pageHistoryLink>
    <counts>
      <right>4</right>
      <wrong>0</wrong>
      <ignores>0</ignores>
      <exceptions>0</exceptions>
    </counts>
    <runTimeInMillis>5778</runTimeInMillis>
  </pageHistoryReference>
  <pageHistoryReference>
    <name>BizOpsAutomation.SalesForce.FinecastRegressionSuite.UnitedKingdomSuite.Test15eDeleteCaseCampaignManagementFromCasesTest</name>
    <date>2019-09-24T16:13:04-04:00</date>
    <pageHistoryLink>BizOpsAutomation.SalesForce.FinecastRegressionSuite.UnitedKingdomSuite.Test15eDeleteCaseCampaignManagementFromCasesTest?pageHistory&amp;resultDate=20190924161304</pageHistoryLink>
    <counts>
      <right>4</right>
      <wrong>0</wrong>
      <ignores>0</ignores>
      <exceptions>0</exceptions>
    </counts>
    <runTimeInMillis>6624</runTimeInMillis>
  </pageHistoryReference>
  <pageHistoryReference>
    <name>BizOpsAutomation.SalesForce.FinecastRegressionSuite.UnitedKingdomSuite.Test15fDeleteCaseCreativesFromCasesTest</name>
    <date>2019-09-24T16:13:10-04:00</date>
    <pageHistoryLink>BizOpsAutomation.SalesForce.FinecastRegressionSuite.UnitedKingdomSuite.Test15fDeleteCaseCreativesFromCasesTest?pageHistory&amp;resultDate=20190924161310</pageHistoryLink>
    <counts>
      <right>4</right>
      <wrong>0</wrong>
      <ignores>0</ignores>
      <exceptions>0</exceptions>
    </counts>
    <runTimeInMillis>5526</runTimeInMillis>
  </pageHistoryReference>
  <pageHistoryReference>
    <name>BizOpsAutomation.SalesForce.FinecastRegressionSuite.UnitedKingdomSuite.Test16aDeleteOpportunityTest</name>
    <date>2019-09-24T16:13:16-04:00</date>
    <pageHistoryLink>BizOpsAutomation.SalesForce.FinecastRegressionSuite.UnitedKingdomSuite.Test16aDeleteOpportunityTest?pageHistory&amp;resultDate=20190924161316</pageHistoryLink>
    <counts>
      <right>8</right>
      <wrong>0</wrong>
      <ignores>0</ignores>
      <exceptions>0</exceptions>
    </counts>
    <runTimeInMillis>17143</runTimeInMillis>
  </pageHistoryReference>
  <pageHistoryReference>
    <name>BizOpsAutomation.SalesForce.FinecastRegressionSuite.UnitedKingdomSuite.Test16bDeleteAccountTest</name>
    <date>2019-09-24T16:13:33-04:00</date>
    <pageHistoryLink>BizOpsAutomation.SalesForce.FinecastRegressionSuite.UnitedKingdomSuite.Test16bDeleteAccountTest?pageHistory&amp;resultDate=20190924161333</pageHistoryLink>
    <counts>
      <right>0</right>
      <wrong>0</wrong>
      <ignores>0</ignores>
      <exceptions>2</exceptions>
    </counts>
    <runTimeInMillis>20795</runTimeInMillis>
  </pageHistoryReference>
  <pageHistoryReference>
    <name>BizOpsAutomation.SalesForce.FinecastRegressionSuite.UnitedKingdomSuite.Test16cDeleteChildAgencyTest</name>
    <date>2019-09-24T16:13:54-04:00</date>
    <pageHistoryLink>BizOpsAutomation.SalesForce.FinecastRegressionSuite.UnitedKingdomSuite.Test16cDeleteChildAgencyTest?pageHistory&amp;resultDate=20190924161354</pageHistoryLink>
    <counts>
      <right>0</right>
      <wrong>0</wrong>
      <ignores>0</ignores>
      <exceptions>2</exceptions>
    </counts>
    <runTimeInMillis>20713</runTimeInMillis>
  </pageHistoryReference>
  <pageHistoryReference>
    <name>BizOpsAutomation.SalesForce.FinecastRegressionSuite.UnitedKingdomSuite.Test16dDeleteChildAdvertiserTest</name>
    <date>2019-09-24T16:14:15-04:00</date>
    <pageHistoryLink>BizOpsAutomation.SalesForce.FinecastRegressionSuite.UnitedKingdomSuite.Test16dDeleteChildAdvertiserTest?pageHistory&amp;resultDate=20190924161415</pageHistoryLink>
    <counts>
      <right>0</right>
      <wrong>0</wrong>
      <ignores>0</ignores>
      <exceptions>2</exceptions>
    </counts>
    <runTimeInMillis>16630</runTimeInMillis>
  </pageHistoryReference>
  <pageHistoryReference>
    <name>BizOpsAutomation.SalesForce.FinecastRegressionSuite.UnitedKingdomSuite.Test16eDeleteParentAgencyTest</name>
    <date>2019-09-24T16:14:32-04:00</date>
    <pageHistoryLink>BizOpsAutomation.SalesForce.FinecastRegressionSuite.UnitedKingdomSuite.Test16eDeleteParentAgencyTest?pageHistory&amp;resultDate=20190924161432</pageHistoryLink>
    <counts>
      <right>0</right>
      <wrong>0</wrong>
      <ignores>0</ignores>
      <exceptions>2</exceptions>
    </counts>
    <runTimeInMillis>20621</runTimeInMillis>
  </pageHistoryReference>
  <pageHistoryReference>
    <name>BizOpsAutomation.SalesForce.FinecastRegressionSuite.UnitedKingdomSuite.Test16fDeleteParentAdvertiserTest</name>
    <date>2019-09-24T16:14:52-04:00</date>
    <pageHistoryLink>BizOpsAutomation.SalesForce.FinecastRegressionSuite.UnitedKingdomSuite.Test16fDeleteParentAdvertiserTest?pageHistory&amp;resultDate=20190924161452</pageHistoryLink>
    <counts>
      <right>0</right>
      <wrong>0</wrong>
      <ignores>0</ignores>
      <exceptions>2</exceptions>
    </counts>
    <runTimeInMillis>20708</runTimeInMillis>
  </pageHistoryReference>
  <executionLog>
    <testSystem>slim:fitnesse.slim.SlimService</testSystem>
    <command>"C:/Program Files/Java/jdk1.8.0_91\bin\java" -cp C:\Users\SumonK\.m2\repository\org\fitnesse\fitnesse\20151230\fitnesse-20151230.jar;C:\Users\SumonK\Desktop\FitNesseWithSelenium\target\classes;C:\Users\SumonK\.m2\repository\org\seleniumhq\selenium\selenium-remote-driver\2.53.0\selenium-remote-driver-2.53.0.jar;C:\Users\SumonK\.m2\repository\org\testng\testng\6.9.10\testng-6.9.10.jar;C:\Users\SumonK\.m2\repository\com\relevantcodes\extentreports\2.40.2\extentreports-2.40.2.jar;C:\Users\SumonK\.m2\repository\org\freemarker\freemarker\2.3.23\freemarker-2.3.23.jar;C:\Users\SumonK\.m2\repository\org\jsoup\jsoup\1.8.3\jsoup-1.8.3.jar;C:\Users\SumonK\.m2\repository\org\seleniumhq\selenium\selenium-server\2.53.0\selenium-server-2.53.0.jar;C:\Users\SumonK\.m2\repository\org\seleniumhq\selenium\selenium-java\2.53.0\selenium-java-2.53.0.jar;C:\Users\SumonK\.m2\repository\com\beust\jcommander\1.48\jcommander-1.48.jar;C:\Users\SumonK\.m2\repository\org\bouncycastle\bcprov-jdk15on\1.48\bcprov-jdk15on-1.48.jar;C:\Users\SumonK\.m2\repository\org\bouncycastle\bcpkix-jdk15on\1.48\bcpkix-jdk15on-1.48.jar;C:\Users\SumonK\.m2\repository\mx4j\mx4j-tools\3.0.1\mx4j-tools-3.0.1.jar;C:\Users\SumonK\.m2\repository\org\seleniumhq\selenium\jetty-repacked\9.2.13.v20150730\jetty-repacked-9.2.13.v20150730.jar;C:\Users\SumonK\.m2\repository\javax\servlet\javax.servlet-api\3.1.0\javax.servlet-api-3.1.0.jar;C:\Users\SumonK\.m2\repository\org\seleniumhq\selenium\jetty-rc-repacked\5\jetty-rc-repacked-5.jar;C:\Users\SumonK\.m2\repository\net\jcip\jcip-annotations\1.0\jcip-annotations-1.0.jar;C:\Users\SumonK\.m2\repository\org\yaml\snakeyaml\1.8\snakeyaml-1.8.jar;C:\Users\SumonK\.m2\repository\commons-codec\commons-codec\1.10\commons-codec-1.10.jar;C:\Users\SumonK\.m2\repository\org\seleniumhq\selenium\selenium-api\2.53.0\selenium-api-2.53.0.jar;C:\Users\SumonK\.m2\repository\com\google\code\gson\gson\2.3.1\gson-2.3.1.jar;C:\Users\SumonK\.m2\repository\org\apache\httpcomponents\httpclient\4.5.1\httpclient-4.5.1.jar;C:\Users\SumonK\.m2\repository\org\apache\httpcomponents\httpcore\4.4.3\httpcore-4.4.3.jar;C:\Users\SumonK\.m2\repository\commons-logging\commons-logging\1.2\commons-logging-1.2.jar;C:\Users\SumonK\.m2\repository\cglib\cglib-nodep\2.1_3\cglib-nodep-2.1_3.jar;C:\Users\SumonK\.m2\repository\org\apache\commons\commons-exec\1.3\commons-exec-1.3.jar;C:\Users\SumonK\.m2\repository\net\java\dev\jna\jna\4.1.0\jna-4.1.0.jar;C:\Users\SumonK\.m2\repository\net\java\dev\jna\jna-platform\4.1.0\jna-platform-4.1.0.jar;C:\Users\SumonK\.m2\repository\org\seleniumhq\selenium\selenium-chrome-driver\2.53.0\selenium-chrome-driver-2.53.0.jar;C:\Users\SumonK\.m2\repository\org\seleniumhq\selenium\selenium-edge-driver\2.53.0\selenium-edge-driver-2.53.0.jar;C:\Users\SumonK\.m2\repository\commons-io\commons-io\2.4\commons-io-2.4.jar;C:\Users\SumonK\.m2\repository\org\seleniumhq\selenium\selenium-htmlunit-driver\2.53.0\selenium-htmlunit-driver-2.53.0.jar;C:\Users\SumonK\.m2\repository\net\sourceforge\htmlunit\htmlunit\2.18\htmlunit-2.18.jar;C:\Users\SumonK\.m2\repository\xalan\xalan\2.7.2\xalan-2.7.2.jar;C:\Users\SumonK\.m2\repository\xalan\serializer\2.7.2\serializer-2.7.2.jar;C:\Users\SumonK\.m2\repository\org\apache\commons\commons-lang3\3.4\commons-lang3-3.4.jar;C:\Users\SumonK\.m2\repository\org\apache\httpcomponents\httpmime\4.5\httpmime-4.5.jar;C:\Users\SumonK\.m2\repository\net\sourceforge\htmlunit\htmlunit-core-js\2.17\htmlunit-core-js-2.17.jar;C:\Users\SumonK\.m2\repository\xerces\xercesImpl\2.11.0\xercesImpl-2.11.0.jar;C:\Users\SumonK\.m2\repository\xml-apis\xml-apis\1.4.01\xml-apis-1.4.01.jar;C:\Users\SumonK\.m2\repository\net\sourceforge\nekohtml\nekohtml\1.9.22\nekohtml-1.9.22.jar;C:\Users\SumonK\.m2\repository\net\sourceforge\cssparser\cssparser\0.9.16\cssparser-0.9.16.jar;C:\Users\SumonK\.m2\repository\org\w3c\css\sac\1.3\sac-1.3.jar;C:\Users\SumonK\.m2\repository\org\eclipse\jetty\websocket\websocket-client\9.2.12.v20150709\websocket-client-9.2.12.v20150709.jar;C:\Users\SumonK\.m2\repository\org\eclipse\jetty\jetty-util\9.2.12.v20150709\jetty-util-9.2.12.v20150709.jar;C:\Users\SumonK\.m2\repository\org\eclipse\jetty\jetty-io\9.2.12.v20150709\jetty-io-9.2.12.v20150709.jar;C:\Users\SumonK\.m2\repository\org\eclipse\jetty\websocket\websocket-common\9.2.12.v20150709\websocket-common-9.2.12.v20150709.jar;C:\Users\SumonK\.m2\repository\org\eclipse\jetty\websocket\websocket-api\9.2.12.v20150709\websocket-api-9.2.12.v20150709.jar;C:\Users\SumonK\.m2\repository\commons-collections\commons-collections\3.2.2\commons-collections-3.2.2.jar;C:\Users\SumonK\.m2\repository\org\seleniumhq\selenium\selenium-firefox-driver\2.53.0\selenium-firefox-driver-2.53.0.jar;C:\Users\SumonK\.m2\repository\org\seleniumhq\selenium\selenium-ie-driver\2.53.0\selenium-ie-driver-2.53.0.jar;C:\Users\SumonK\.m2\repository\org\seleniumhq\selenium\selenium-safari-driver\2.53.0\selenium-safari-driver-2.53.0.jar;C:\Users\SumonK\.m2\repository\org\seleniumhq\selenium\selenium-support\2.53.0\selenium-support-2.53.0.jar;C:\Users\SumonK\.m2\repository\org\webbitserver\webbit\0.4.14\webbit-0.4.14.jar;C:\Users\SumonK\.m2\repository\io\netty\netty\3.5.2.Final\netty-3.5.2.Final.jar;C:\Users\SumonK\.m2\repository\org\seleniumhq\selenium\selenium-leg-rc\2.53.0\selenium-leg-rc-2.53.0.jar;C:\Users\SumonK\.m2\repository\org\slf4j\slf4j-api\1.7.12\slf4j-api-1.7.12.jar;C:\Users\SumonK\.m2\repository\com\opera\operadriver\1.1\operadriver-1.1.jar;C:\Users\SumonK\.m2\repository\com\opera\operalaunchers\1.1\operalaunchers-1.1.jar;C:\Users\SumonK\.m2\repository\com\google\protobuf\protobuf-java\2.4.1\protobuf-java-2.4.1.jar;C:\Users\SumonK\.m2\repository\commons-jxpath\commons-jxpath\1.3\commons-jxpath-1.3.jar;C:\Users\SumonK\.m2\repository\org\ini4j\ini4j\0.5.2\ini4j-0.5.2.jar;C:\Users\SumonK\.m2\repository\com\codeborne\phantomjsdriver\1.2.1\phantomjsdriver-1.2.1.jar;C:\Users\SumonK\.m2\repository\commons-lang\commons-lang\2.6\commons-lang-2.6.jar;C:\Users\SumonK\.m2\repository\org\json\json\20140107\json-20140107.jar;C:\Users\SumonK\.m2\repository\com\google\guava\guava\14.0\guava-14.0.jar;C:\Users\SumonK\.m2\repository\org\fitnesse\fitnesse\20151230\fitnesse-20151230.jar;C:\Users\SumonK\.m2\repository\org\htmlparser\htmlparser\2.1\htmlparser-2.1.jar;C:\Users\SumonK\.m2\repository\org\htmlparser\htmllexer\2.1\htmllexer-2.1.jar;C:\Users\SumonK\.m2\repository\org\apache\velocity\velocity\1.7\velocity-1.7.jar;C:\Users\SumonK\.m2\repository\com\googlecode\java-diff-utils\diffutils\1.3.0\diffutils-1.3.0.jar;C:\Users\SumonK\.m2\repository\org\slf4j\slf4j-simple\1.7.12\slf4j-simple-1.7.12.jar;C:\Users\SumonK\.m2\repository\org\fitnesse\plugins\maven-classpath-plugin\1.9\maven-classpath-plugin-1.9.jar;C:\Users\SumonK\.m2\repository\org\apache\maven\maven-embedder\3.0.4\maven-embedder-3.0.4.jar;C:\Users\SumonK\.m2\repository\org\apache\maven\maven-settings\3.0.4\maven-settings-3.0.4.jar;C:\Users\SumonK\.m2\repository\org\apache\maven\maven-core\3.0.4\maven-core-3.0.4.jar;C:\Users\SumonK\.m2\repository\org\apache\maven\maven-model\3.0.4\maven-model-3.0.4.jar;C:\Users\SumonK\.m2\repository\org\apache\maven\maven-settings-builder\3.0.4\maven-settings-builder-3.0.4.jar;C:\Users\SumonK\.m2\repository\org\apache\maven\maven-repository-metadata\3.0.4\maven-repository-metadata-3.0.4.jar;C:\Users\SumonK\.m2\repository\org\apache\maven\maven-artifact\3.0.4\maven-artifact-3.0.4.jar;C:\Users\SumonK\.m2\repository\org\apache\maven\maven-aether-provider\3.0.4\maven-aether-provider-3.0.4.jar;C:\Users\SumonK\.m2\repository\org\sonatype\aether\aether-spi\1.13.1\aether-spi-1.13.1.jar;C:\Users\SumonK\.m2\repository\org\sonatype\aether\aether-impl\1.13.1\aether-impl-1.13.1.jar;C:\Users\SumonK\.m2\repository\org\sonatype\aether\aether-api\1.13.1\aether-api-1.13.1.jar;C:\Users\SumonK\.m2\repository\org\sonatype\aether\aether-util\1.13.1\aether-util-1.13.1.jar;C:\Users\SumonK\.m2\repository\org\codehaus\plexus\plexus-interpolation\1.14\plexus-interpolation-1.14.jar;C:\Users\SumonK\.m2\repository\org\apache\maven\maven-plugin-api\3.0.4\maven-plugin-api-3.0.4.jar;C:\Users\SumonK\.m2\repository\org\apache\maven\maven-model-builder\3.0.4\maven-model-builder-3.0.4.jar;C:\Users\SumonK\.m2\repository\org\apache\maven\maven-compat\3.0.4\maven-compat-3.0.4.jar;C:\Users\SumonK\.m2\repository\org\apache\maven\wagon\wagon-provider-api\2.2\wagon-provider-api-2.2.jar;C:\Users\SumonK\.m2\repository\org\codehaus\plexus\plexus-utils\2.0.6\plexus-utils-2.0.6.jar;C:\Users\SumonK\.m2\repository\org\codehaus\plexus\plexus-classworlds\2.4\plexus-classworlds-2.4.jar;C:\Users\SumonK\.m2\repository\org\sonatype\sisu\sisu-inject-plexus\2.3.0\sisu-inject-plexus-2.3.0.jar;C:\Users\SumonK\.m2\repository\org\sonatype\sisu\sisu-inject-bean\2.3.0\sisu-inject-bean-2.3.0.jar;C:\Users\SumonK\.m2\repository\org\sonatype\sisu\sisu-guice\3.1.0\sisu-guice-3.1.0-no_aop.jar;C:\Users\SumonK\.m2\repository\org\sonatype\sisu\sisu-guava\0.9.9\sisu-guava-0.9.9.jar;C:\Users\SumonK\.m2\repository\org\codehaus\plexus\plexus-component-annotations\1.5.5\plexus-component-annotations-1.5.5.jar;C:\Users\SumonK\.m2\repository\org\sonatype\plexus\plexus-sec-dispatcher\1.3\plexus-sec-dispatcher-1.3.jar;C:\Users\SumonK\.m2\repository\org\sonatype\plexus\plexus-cipher\1.7\plexus-cipher-1.7.jar;C:\Users\SumonK\.m2\repository\commons-cli\commons-cli\1.2\commons-cli-1.2.jar fitnesse.slim.SlimService 8086</command>
    <exitCode>0</exitCode>
    <stdOut>:::::::::::::::::: CLOSING ALL INSTANCES OF CHROME BROWSER AND DRIVER ::::::::::::::::::
================= STARTING AUTOMATION TEST ON ENVIRONMENT: STAGING =================
Chrome Browser is used
Navigating to url https://test.salesforce.com
Clicking on LogIn Button
Text value - Sumon Kashem exist as expected
Clicking on Search Button
Clicking on Display Name Link
Clicking on User Action Dropdown
Clicking on User Detail Link
Clicking on LogIn Button
Text value - Logged in as Livvy Button (livvy.button@finecast.com.fcqa2) exist as expected
Clicking on + icon Tab
Clicking on Companies Tab
Clicking on New Button
Clicking on Continue Button
Clicking on Save Button
Text value - QA Test Finecast Parent Agency-190924-0406 exist as expected
Clicking on + icon Tab
Clicking on Companies Tab
Clicking on New Button
Clicking on Continue Button
Clicking on Save Button
Text value - QA Test Finecast Child Agency-190924-0406 exist as expected
Clicking on + icon Tab
Clicking on Companies Tab
Clicking on New Button
Clicking on Continue Button
Clicking on Save Button
Text value - QA Test Finecast UK Parent Advertiser-190924-0406 exist as expected
Clicking on + icon Tab
Clicking on Companies Tab
Clicking on New Button
Clicking on Continue Button
Clicking on Opt-in Status Date Link
Clicking on Save Button
Text value - QA Test Finecast Child Advertiser-190924-0406 exist as expected
Clicking on Accounts Tab
Clicking on New Button
Clicking on Continue Button
Clicking on Create Account Button
Attribute value - QA Test Finecast Child Agency-190924-0406 - GRB - QA Test Finecast Child Advertiser-190924-0406 exist as expected
clearing field
Clicking on Save Button
Text value - Finecast exist as expected
Text value - QA Test Finecast UK Account-190924-0406 [View Hierarchy] exist as expected
Text value - United Kingdom exist as expected
Text value - Credit Exceeded exist as expected
Text value - Opt-In Notes Test exist as expected
Text value - 24/09/2019 exist as expected
Text value - Appliances exist as expected
Navigating to url https://finecast--fcqa2.my.salesforce.com/0011F00000VQKMK
Clicking on New Button
clearing field
clearing field
Clicking on Save Button
Text value - QA Test Finecast UK Opportunity-190924-0406 exist as expected
Text value - 25% exist as expected
Text value - Credit Exceeded exist as expected
Text value - Appliances exist as expected
Text value - FC-EMEA exist as expected
Navigating to url https://finecast--fcqa2.my.salesforce.com/0061F000007bhRZQAY?nooverride=1
Clicking on Contact Roles 'New' Button
clearing field
Clicking on Save Button
Clicking on Save Button
Navigating to url https://finecast--fcqa2.my.salesforce.com/0061F000007bhRZQAY?nooverride=1
Clicking on New Buy Line Button
Text value - QA Test Finecast UK Buy Line-190924-0406 exist as expected
Text value - 4,000 exist as expected
Text value - FC-EMEA exist as expected
Navigating to url https://finecast--fcqa2.my.salesforce.com/0061F000007bhRZQAY?nooverride=1
Clicking on Add Button
Clicking on Save Button
Navigating to url https://finecast--fcqa2.my.salesforce.com/0061F000007bhRZQAY?nooverride=1
Clicking on New Avails Case Button
Clicking on Opp Buyline Checkbox
Clicking on Add Selected Button
Clicking on Save Button
Text value - Finecast UK Ops [Change] exist as expected
Text value - Avails exist as expected
Navigating to url https://finecast--fcqa2.my.salesforce.com/5001F000003Tytb
Clicking on Close Case Button
Clicking on Save Button
Text value - Closed exist as expected
Navigating to url https://finecast--fcqa2.my.salesforce.com/0061F000007bhRZQAY?nooverride=1
Clicking on Opp Buyline Checkbox
Clicking on Add Selected Button
Clicking on Save Button
Text value - Finecast UK Ops [Change] exist as expected
Text value - Avails exist as expected
Navigating to url https://finecast--fcqa2.my.salesforce.com/0061F000007bhRZQAY?nooverride=1
Clicking on New Campaign Management Case Button
Clicking on Opp Buyline Checkbox
Clicking on Add Selected Button
Clicking on Save Button
Text value - Finecast UK Ops [Change] exist as expected
Text value - Campaign Managemen exist as expected
Navigating to url https://finecast--fcqa2.my.salesforce.com/5001F000003Tytl
Clicking on Close Case Button
Clicking on Save Button
Text value - Closed exist as expected
Navigating to url https://finecast--fcqa2.my.salesforce.com/0061F000007bhRZQAY?nooverride=1
Clicking on Opp Buyline Checkbox
Clicking on Add Selected Button
Clicking on Save Button
Text value - Finecast UK Ops [Change] exist as expected
Text value - Campaign Managemen exist as expected
Navigating to url https://finecast--fcqa2.my.salesforce.com/0061F000007bhRZQAY?nooverride=1
Clicking on New Creatives Case Button
Clicking on Opp Buyline Checkbox
Clicking on Add Selected Button
Clicking on Save Button
Text value - Finecast UK Ops [Change] exist as expected
Text value - Creatives exist as expected
Navigating to url https://finecast--fcqa2.my.salesforce.com/5001F000003Tytv
Clicking on Close Case Button
Clicking on Save Button
Text value - Closed exist as expected
Navigating to url https://finecast--fcqa2.my.salesforce.com/0061F000007bhRZQAY?nooverride=1
Clicking on Opp Buyline Checkbox
Clicking on Add Selected Button
Clicking on Save Button
Text value - Finecast UK Ops [Change] exist as expected
Text value - Creatives exist as expected
Navigating to url https://finecast--fcqa2.my.salesforce.com/0061F000007bhRZQAY?nooverride=1
Clicking on Edit Button
Clicking on Save Button
Text value - 10% exist as expected
Clicking on Edit Button
Clicking on Save Button
Text value - 25% exist as expected
Clicking on Edit Button
Clicking on Save Button
Text value - 50% exist as expected
Clicking on Edit Button
Clicking on Save Button
Text value - 75% exist as expected
Navigating to url https://finecast--fcqa2.my.salesforce.com/0011F00000VQKMK
Clicking on Edit Button
Fail - Unable to select an element by text
Clicking on User Nav Arrow
Clicking on Log Out Button
Navigating to url https://finecast--fcqa2.my.salesforce.com/5001F000003Tytb
Clicking on Delete Button
Navigating to url https://finecast--fcqa2.my.salesforce.com/5001F000003Tytl
Clicking on Delete Button
Navigating to url https://finecast--fcqa2.my.salesforce.com/5001F000003Tytv
Clicking on Delete Button
Navigating to url https://finecast--fcqa2.my.salesforce.com/5001F000003Tytg
Clicking on Delete Button
Navigating to url https://finecast--fcqa2.my.salesforce.com/5001F000003Tytq
Clicking on Delete Button
Navigating to url https://finecast--fcqa2.my.salesforce.com/5001F000003Tyu0
Clicking on Delete Button
Navigating to url https://finecast--fcqa2.my.salesforce.com/0061F000007bhRZQAY?nooverride=1
Clicking on Delete Button
Clicking on Delete Anyway Button
Navigating to url https://finecast--fcqa2.my.salesforce.com/0011F00000VQKMK
Clicking on Delete Button
Fail - Unable to click on button/link
Navigating to url https://finecast--fcqa2.my.salesforce.com/a011F00000B9vfe
Clicking on Delete Button
Fail - Unable to click on button/link
Navigating to url https://finecast--fcqa2.my.salesforce.com/a011F00000B9vfo
Clicking on Delete Button
Fail - Unable to click on button/link
Navigating to url https://finecast--fcqa2.my.salesforce.com/a011F00000B9vfZ
Clicking on Delete Button
Fail - Unable to click on button/link
Navigating to url https://finecast--fcqa2.my.salesforce.com/a011F00000B9vfj
Clicking on Delete Button
Fail - Unable to click on button/link
</stdOut>
    <stdErr>Starting ChromeDriver 2.44.609538 (b655c5a60b0b544917107a59d4153d4bf78e1b90) on port 6212
Only local connections are allowed.
[1569356017.513][WARNING]: Timed out connecting to Chrome, retrying...
[1569356023.572][WARNING]: Timed out connecting to Chrome, retrying...
Sep 24, 2019 4:13:47 PM org.openqa.selenium.support.ui.ExpectedConditions findElement
WARNING: WebDriverException thrown by findElement(By.xpath: //*[@value="Delete"])
org.openqa.selenium.WebDriverException: chrome not reachable
  (Session info: chrome=77.0.3865.90)
  (Driver info: chromedriver=2.44.609538 (b655c5a60b0b544917107a59d4153d4bf78e1b90),platform=Windows NT 10.0.17763 x86_64) (WARNING: The server did not provide any stacktrace information)
Command duration or timeout: 6.06 seconds
Build info: version: '2.53.0', revision: '35ae25b1534ae328c771e0856c93e187490ca824', time: '2016-03-15 10:43:46'
System info: host: 'EC2AMAZ-FEFP0OS', ip: '10.199.140.93', os.name: 'Windows NT (unknown)', os.arch: 'amd64', os.version: '10.0', java.version: '1.8.0_91'
Driver info: org.openqa.selenium.chrome.ChromeDriver
Capabilities [{mobileEmulationEnabled=false, hasTouchScreen=false, platform=XP, acceptSslCerts=false, goog:chromeOptions={debuggerAddress=localhost:52274}, acceptInsecureCerts=false, webStorageEnabled=true, browserName=chrome, takesScreenshot=true, javascriptEnabled=true, setWindowRect=true, unexpectedAlertBehaviour=ignore, applicationCacheEnabled=false, rotatable=false, networkConnectionEnabled=false, chrome={chromedriverVersion=2.44.609538 (b655c5a60b0b544917107a59d4153d4bf78e1b90), userDataDir=C:\Users\SumonK\AppData\Local\Temp\2\scoped_dir2880_1782}, takesHeapSnapshot=true, pageLoadStrategy=normal, databaseEnabled=false, handlesAlerts=true, version=77.0.3865.90, browserConnectionEnabled=false, nativeEvents=true, locationContextEnabled=true, cssSelectorsEnabled=true}]
Session ID: e98e06ddd80c47e9e1b0511ddecc3f59
*** Element info: {Using=xpath, value=//*[@value="Delete"]}
	at sun.reflect.NativeConstructorAccessorImpl.newInstance0(Native Method)
	at sun.reflect.NativeConstructorAccessorImpl.newInstance(NativeConstructorAccessorImpl.java:62)
	at sun.reflect.DelegatingConstructorAccessorImpl.newInstance(DelegatingConstructorAccessorImpl.java:45)
	at java.lang.reflect.Constructor.newInstance(Constructor.java:423)
	at org.openqa.selenium.remote.ErrorHandler.createThrowable(ErrorHandler.java:206)
	at org.openqa.selenium.remote.ErrorHandler.throwIfResponseFailed(ErrorHandler.java:158)
	at org.openqa.selenium.remote.RemoteWebDriver.execute(RemoteWebDriver.java:678)
	at org.openqa.selenium.remote.RemoteWebDriver.findElement(RemoteWebDriver.java:363)
	at org.openqa.selenium.remote.RemoteWebDriver.findElementByXPath(RemoteWebDriver.java:500)
	at org.openqa.selenium.By$ByXPath.findElement(By.java:361)
	at org.openqa.selenium.remote.RemoteWebDriver.findElement(RemoteWebDriver.java:355)
	at org.openqa.selenium.support.ui.ExpectedConditions.findElement(ExpectedConditions.java:899)
	at org.openqa.selenium.support.ui.ExpectedConditions.access$000(ExpectedConditions.java:41)
	at org.openqa.selenium.support.ui.ExpectedConditions$7.apply(ExpectedConditions.java:205)
	at org.openqa.selenium.support.ui.ExpectedConditions$7.apply(ExpectedConditions.java:201)
	at org.openqa.selenium.support.ui.FluentWait.until(FluentWait.java:238)
	at com.fitNesse.DriverClass.click(DriverClass.java:415)
	at sun.reflect.GeneratedMethodAccessor16.invoke(Unknown Source)
	at sun.reflect.DelegatingMethodAccessorImpl.invoke(DelegatingMethodAccessorImpl.java:43)
	at java.lang.reflect.Method.invoke(Method.java:498)
	at fitnesse.slim.fixtureInteraction.DefaultInteraction.methodInvoke(DefaultInteraction.java:81)
	at fitnesse.slim.MethodExecutor.callMethod(MethodExecutor.java:57)
	at fitnesse.slim.MethodExecutor.invokeMethod(MethodExecutor.java:38)
	at fitnesse.slim.MethodExecutor.findAndInvoke(MethodExecutor.java:72)
	at fitnesse.slim.FixtureMethodExecutor.execute(FixtureMethodExecutor.java:20)
	at fitnesse.slim.StatementExecutor.getMethodExecutionResult(StatementExecutor.java:135)
	at fitnesse.slim.StatementExecutor.call(StatementExecutor.java:108)
	at fitnesse.slim.instructions.CallInstruction.executeInternal(CallInstruction.java:35)
	at fitnesse.slim.instructions.Instruction.execute(Instruction.java:29)
	at fitnesse.slim.ListExecutor$Executive.executeStatement(ListExecutor.java:49)
	at fitnesse.slim.ListExecutor$Executive.executeStatements(ListExecutor.java:43)
	at fitnesse.slim.ListExecutor.execute(ListExecutor.java:85)
	at fitnesse.slim.SlimServer.executeInstructions(SlimServer.java:84)
	at fitnesse.slim.SlimServer.processOneSetOfInstructions(SlimServer.java:77)
	at fitnesse.slim.SlimServer.tryProcessInstructions(SlimServer.java:64)
	at fitnesse.slim.SlimServer.serve(SlimServer.java:49)
	at fitnesse.slim.SlimService.handle(SlimService.java:154)
	at fitnesse.slim.SlimService.acceptOne(SlimService.java:162)
	at fitnesse.slim.SlimService.accept(SlimService.java:124)
	at fitnesse.slim.SlimService.startWithFactory(SlimService.java:76)
	at fitnesse.slim.SlimService.main(SlimService.java:56)

[1569356030.443][WARNING]: Timed out connecting to Chrome, retrying...
org.openqa.selenium.WebDriverException: chrome not reachable
  (Session info: chrome=77.0.3865.90)
  (Driver info: chromedriver=2.44.609538 (b655c5a60b0b544917107a59d4153d4bf78e1b90),platform=Windows NT 10.0.17763 x86_64) (WARNING: The server did not provide any stacktrace information)
Command duration or timeout: 6.09 seconds
Build info: version: '2.53.0', revision: '35ae25b1534ae328c771e0856c93e187490ca824', time: '2016-03-15 10:43:46'
System info: host: 'EC2AMAZ-FEFP0OS', ip: '10.199.140.93', os.name: 'Windows NT (unknown)', os.arch: 'amd64', os.version: '10.0', java.version: '1.8.0_91'
Driver info: org.openqa.selenium.chrome.ChromeDriver
Capabilities [{mobileEmulationEnabled=false, hasTouchScreen=false, platform=XP, acceptSslCerts=false, goog:chromeOptions={debuggerAddress=localhost:52274}, acceptInsecureCerts=false, webStorageEnabled=true, browserName=chrome, takesScreenshot=true, javascriptEnabled=true, setWindowRect=true, unexpectedAlertBehaviour=ignore, applicationCacheEnabled=false, rotatable=false, networkConnectionEnabled=false, chrome={chromedriverVersion=2.44.609538 (b655c5a60b0b544917107a59d4153d4bf78e1b90), userDataDir=C:\Users\SumonK\AppData\Local\Temp\2\scoped_dir2880_1782}, takesHeapSnapshot=true, pageLoadStrategy=normal, databaseEnabled=false, handlesAlerts=true, version=77.0.3865.90, browserConnectionEnabled=false, nativeEvents=true, locationContextEnabled=true, cssSelectorsEnabled=true}]
Session ID: e98e06ddd80c47e9e1b0511ddecc3f59
	at sun.reflect.NativeConstructorAccessorImpl.newInstance0(Native Method)
	at sun.reflect.NativeConstructorAccessorImpl.newInstance(NativeConstructorAccessorImpl.java:62)
	at sun.reflect.DelegatingConstructorAccessorImpl.newInstance(DelegatingConstructorAccessorImpl.java:45)
	at java.lang.reflect.Constructor.newInstance(Constructor.java:423)
	at org.openqa.selenium.remote.ErrorHandler.createThrowable(ErrorHandler.java:206)
	at org.openqa.selenium.remote.ErrorHandler.throwIfResponseFailed(ErrorHandler.java:158)
	at org.openqa.selenium.remote.RemoteWebDriver.execute(RemoteWebDriver.java:678)
	at org.openqa.selenium.remote.RemoteWebDriver.execute(RemoteWebDriver.java:701)
	at org.openqa.selenium.remote.RemoteWebDriver.getScreenshotAs(RemoteWebDriver.java:335)
	at com.fitNesse.DriverClass.getScreenShot(DriverClass.java:2729)
	at com.fitNesse.DriverClass.click(DriverClass.java:421)
	at sun.reflect.GeneratedMethodAccessor16.invoke(Unknown Source)
	at sun.reflect.DelegatingMethodAccessorImpl.invoke(DelegatingMethodAccessorImpl.java:43)
	at java.lang.reflect.Method.invoke(Method.java:498)
	at fitnesse.slim.fixtureInteraction.DefaultInteraction.methodInvoke(DefaultInteraction.java:81)
	at fitnesse.slim.MethodExecutor.callMethod(MethodExecutor.java:57)
	at fitnesse.slim.MethodExecutor.invokeMethod(MethodExecutor.java:38)
	at fitnesse.slim.MethodExecutor.findAndInvoke(MethodExecutor.java:72)
	at fitnesse.slim.FixtureMethodExecutor.execute(FixtureMethodExecutor.java:20)
	at fitnesse.slim.StatementExecutor.getMethodExecutionResult(StatementExecutor.java:135)
	at fitnesse.slim.StatementExecutor.call(StatementExecutor.java:108)
	at fitnesse.slim.instructions.CallInstruction.executeInternal(CallInstruction.java:35)
	at fitnesse.slim.instructions.Instruction.execute(Instruction.java:29)
	at fitnesse.slim.ListExecutor$Executive.executeStatement(ListExecutor.java:49)
	at fitnesse.slim.ListExecutor$Executive.executeStatements(ListExecutor.java:43)
	at fitnesse.slim.ListExecutor.execute(ListExecutor.java:85)
	at fitnesse.slim.SlimServer.executeInstructions(SlimServer.java:84)
	at fitnesse.slim.SlimServer.processOneSetOfInstructions(SlimServer.java:77)
	at fitnesse.slim.SlimServer.tryProcessInstructions(SlimServer.java:64)
	at fitnesse.slim.SlimServer.serve(SlimServer.java:49)
	at fitnesse.slim.SlimService.handle(SlimService.java:154)
	at fitnesse.slim.SlimService.acceptOne(SlimService.java:162)
	at fitnesse.slim.SlimService.accept(SlimService.java:124)
	at fitnesse.slim.SlimService.startWithFactory(SlimService.java:76)
	at fitnesse.slim.SlimService.main(SlimService.java:56)
[1569356038.272][WARNING]: Timed out connecting to Chrome, retrying...
[1569356044.346][WARNING]: Timed out connecting to Chrome, retrying...
Sep 24, 2019 4:14:08 PM org.openqa.selenium.support.ui.ExpectedConditions findElement
WARNING: WebDriverException thrown by findElement(By.xpath: //*[@value="Delete"])
org.openqa.selenium.WebDriverException: chrome not reachable
  (Session info: chrome=77.0.3865.90)
  (Driver info: chromedriver=2.44.609538 (b655c5a60b0b544917107a59d4153d4bf78e1b90),platform=Windows NT 10.0.17763 x86_64) (WARNING: The server did not provide any stacktrace information)
Command duration or timeout: 6.09 seconds
Build info: version: '2.53.0', revision: '35ae25b1534ae328c771e0856c93e187490ca824', time: '2016-03-15 10:43:46'
System info: host: 'EC2AMAZ-FEFP0OS', ip: '10.199.140.93', os.name: 'Windows NT (unknown)', os.arch: 'amd64', os.version: '10.0', java.version: '1.8.0_91'
Driver info: org.openqa.selenium.chrome.ChromeDriver
Capabilities [{mobileEmulationEnabled=false, hasTouchScreen=false, platform=XP, acceptSslCerts=false, goog:chromeOptions={debuggerAddress=localhost:52274}, acceptInsecureCerts=false, webStorageEnabled=true, browserName=chrome, takesScreenshot=true, javascriptEnabled=true, setWindowRect=true, unexpectedAlertBehaviour=ignore, applicationCacheEnabled=false, rotatable=false, networkConnectionEnabled=false, chrome={chromedriverVersion=2.44.609538 (b655c5a60b0b544917107a59d4153d4bf78e1b90), userDataDir=C:\Users\SumonK\AppData\Local\Temp\2\scoped_dir2880_1782}, takesHeapSnapshot=true, pageLoadStrategy=normal, databaseEnabled=false, handlesAlerts=true, version=77.0.3865.90, browserConnectionEnabled=false, nativeEvents=true, locationContextEnabled=true, cssSelectorsEnabled=true}]
Session ID: e98e06ddd80c47e9e1b0511ddecc3f59
*** Element info: {Using=xpath, value=//*[@value="Delete"]}
	at sun.reflect.NativeConstructorAccessorImpl.newInstance0(Native Method)
	at sun.reflect.NativeConstructorAccessorImpl.newInstance(NativeConstructorAccessorImpl.java:62)
	at sun.reflect.DelegatingConstructorAccessorImpl.newInstance(DelegatingConstructorAccessorImpl.java:45)
	at java.lang.reflect.Constructor.newInstance(Constructor.java:423)
	at org.openqa.selenium.remote.ErrorHandler.createThrowable(ErrorHandler.java:206)
	at org.openqa.selenium.remote.ErrorHandler.throwIfResponseFailed(ErrorHandler.java:158)
	at org.openqa.selenium.remote.RemoteWebDriver.execute(RemoteWebDriver.java:678)
	at org.openqa.selenium.remote.RemoteWebDriver.findElement(RemoteWebDriver.java:363)
	at org.openqa.selenium.remote.RemoteWebDriver.findElementByXPath(RemoteWebDriver.java:500)
	at org.openqa.selenium.By$ByXPath.findElement(By.java:361)
	at org.openqa.selenium.remote.RemoteWebDriver.findElement(RemoteWebDriver.java:355)
	at org.openqa.selenium.support.ui.ExpectedConditions.findElement(ExpectedConditions.java:899)
	at org.openqa.selenium.support.ui.ExpectedConditions.access$000(ExpectedConditions.java:41)
	at org.openqa.selenium.support.ui.ExpectedConditions$7.apply(ExpectedConditions.java:205)
	at org.openqa.selenium.support.ui.ExpectedConditions$7.apply(ExpectedConditions.java:201)
	at org.openqa.selenium.support.ui.FluentWait.until(FluentWait.java:238)
	at com.fitNesse.DriverClass.click(DriverClass.java:415)
	at sun.reflect.GeneratedMethodAccessor16.invoke(Unknown Source)
	at sun.reflect.DelegatingMethodAccessorImpl.invoke(DelegatingMethodAccessorImpl.java:43)
	at java.lang.reflect.Method.invoke(Method.java:498)
	at fitnesse.slim.fixtureInteraction.DefaultInteraction.methodInvoke(DefaultInteraction.java:81)
	at fitnesse.slim.MethodExecutor.callMethod(MethodExecutor.java:57)
	at fitnesse.slim.MethodExecutor.invokeMethod(MethodExecutor.java:38)
	at fitnesse.slim.MethodExecutor.findAndInvoke(MethodExecutor.java:72)
	at fitnesse.slim.FixtureMethodExecutor.execute(FixtureMethodExecutor.java:20)
	at fitnesse.slim.StatementExecutor.getMethodExecutionResult(StatementExecutor.java:135)
	at fitnesse.slim.StatementExecutor.call(StatementExecutor.java:108)
	at fitnesse.slim.instructions.CallInstruction.executeInternal(CallInstruction.java:35)
	at fitnesse.slim.instructions.Instruction.execute(Instruction.java:29)
	at fitnesse.slim.ListExecutor$Executive.executeStatement(ListExecutor.java:49)
	at fitnesse.slim.ListExecutor$Executive.executeStatements(ListExecutor.java:43)
	at fitnesse.slim.ListExecutor.execute(ListExecutor.java:85)
	at fitnesse.slim.SlimServer.executeInstructions(SlimServer.java:84)
	at fitnesse.slim.SlimServer.processOneSetOfInstructions(SlimServer.java:77)
	at fitnesse.slim.SlimServer.tryProcessInstructions(SlimServer.java:64)
	at fitnesse.slim.SlimServer.serve(SlimServer.java:49)
	at fitnesse.slim.SlimService.handle(SlimService.java:154)
	at fitnesse.slim.SlimService.acceptOne(SlimService.java:162)
	at fitnesse.slim.SlimService.accept(SlimService.java:124)
	at fitnesse.slim.SlimService.startWithFactory(SlimService.java:76)
	at fitnesse.slim.SlimService.main(SlimService.java:56)

[1569356051.251][WARNING]: Timed out connecting to Chrome, retrying...
org.openqa.selenium.WebDriverException: chrome not reachable
  (Session info: chrome=77.0.3865.90)
  (Driver info: chromedriver=2.44.609538 (b655c5a60b0b544917107a59d4153d4bf78e1b90),platform=Windows NT 10.0.17763 x86_64) (WARNING: The server did not provide any stacktrace information)
Command duration or timeout: 6.07 seconds
Build info: version: '2.53.0', revision: '35ae25b1534ae328c771e0856c93e187490ca824', time: '2016-03-15 10:43:46'
System info: host: 'EC2AMAZ-FEFP0OS', ip: '10.199.140.93', os.name: 'Windows NT (unknown)', os.arch: 'amd64', os.version: '10.0', java.version: '1.8.0_91'
Driver info: org.openqa.selenium.chrome.ChromeDriver
Capabilities [{mobileEmulationEnabled=false, hasTouchScreen=false, platform=XP, acceptSslCerts=false, goog:chromeOptions={debuggerAddress=localhost:52274}, acceptInsecureCerts=false, webStorageEnabled=true, browserName=chrome, takesScreenshot=true, javascriptEnabled=true, setWindowRect=true, unexpectedAlertBehaviour=ignore, applicationCacheEnabled=false, rotatable=false, networkConnectionEnabled=false, chrome={chromedriverVersion=2.44.609538 (b655c5a60b0b544917107a59d4153d4bf78e1b90), userDataDir=C:\Users\SumonK\AppData\Local\Temp\2\scoped_dir2880_1782}, takesHeapSnapshot=true, pageLoadStrategy=normal, databaseEnabled=false, handlesAlerts=true, version=77.0.3865.90, browserConnectionEnabled=false, nativeEvents=true, locationContextEnabled=true, cssSelectorsEnabled=true}]
Session ID: e98e06ddd80c47e9e1b0511ddecc3f59
	at sun.reflect.NativeConstructorAccessorImpl.newInstance0(Native Method)
	at sun.reflect.NativeConstructorAccessorImpl.newInstance(NativeConstructorAccessorImpl.java:62)
	at sun.reflect.DelegatingConstructorAccessorImpl.newInstance(DelegatingConstructorAccessorImpl.java:45)
	at java.lang.reflect.Constructor.newInstance(Constructor.java:423)
	at org.openqa.selenium.remote.ErrorHandler.createThrowable(ErrorHandler.java:206)
	at org.openqa.selenium.remote.ErrorHandler.throwIfResponseFailed(ErrorHandler.java:158)
	at org.openqa.selenium.remote.RemoteWebDriver.execute(RemoteWebDriver.java:678)
	at org.openqa.selenium.remote.RemoteWebDriver.execute(RemoteWebDriver.java:701)
	at org.openqa.selenium.remote.RemoteWebDriver.getScreenshotAs(RemoteWebDriver.java:335)
	at com.fitNesse.DriverClass.getScreenShot(DriverClass.java:2729)
	at com.fitNesse.DriverClass.click(DriverClass.java:421)
	at sun.reflect.GeneratedMethodAccessor16.invoke(Unknown Source)
	at sun.reflect.DelegatingMethodAccessorImpl.invoke(DelegatingMethodAccessorImpl.java:43)
	at java.lang.reflect.Method.invoke(Method.java:498)
	at fitnesse.slim.fixtureInteraction.DefaultInteraction.methodInvoke(DefaultInteraction.java:81)
	at fitnesse.slim.MethodExecutor.callMethod(MethodExecutor.java:57)
	at fitnesse.slim.MethodExecutor.invokeMethod(MethodExecutor.java:38)
	at fitnesse.slim.MethodExecutor.findAndInvoke(MethodExecutor.java:72)
	at fitnesse.slim.FixtureMethodExecutor.execute(FixtureMethodExecutor.java:20)
	at fitnesse.slim.StatementExecutor.getMethodExecutionResult(StatementExecutor.java:135)
	at fitnesse.slim.StatementExecutor.call(StatementExecutor.java:108)
	at fitnesse.slim.instructions.CallInstruction.executeInternal(CallInstruction.java:35)
	at fitnesse.slim.instructions.Instruction.execute(Instruction.java:29)
	at fitnesse.slim.ListExecutor$Executive.executeStatement(ListExecutor.java:49)
	at fitnesse.slim.ListExecutor$Executive.executeStatements(ListExecutor.java:43)
	at fitnesse.slim.ListExecutor.execute(ListExecutor.java:85)
	at fitnesse.slim.SlimServer.executeInstructions(SlimServer.java:84)
	at fitnesse.slim.SlimServer.processOneSetOfInstructions(SlimServer.java:77)
	at fitnesse.slim.SlimServer.tryProcessInstructions(SlimServer.java:64)
	at fitnesse.slim.SlimServer.serve(SlimServer.java:49)
	at fitnesse.slim.SlimService.handle(SlimService.java:154)
	at fitnesse.slim.SlimService.acceptOne(SlimService.java:162)
	at fitnesse.slim.SlimService.accept(SlimService.java:124)
	at fitnesse.slim.SlimService.startWithFactory(SlimService.java:76)
	at fitnesse.slim.SlimService.main(SlimService.java:56)
[1569356059.044][WARNING]: Timed out connecting to Chrome, retrying...
[1569356065.106][WARNING]: Timed out connecting to Chrome, retrying...
Sep 24, 2019 4:14:27 PM org.openqa.selenium.support.ui.ExpectedConditions findElement
WARNING: WebDriverException thrown by findElement(By.xpath: //*[@value="Delete"])
org.openqa.selenium.WebDriverException: chrome not reachable
  (Session info: chrome=77.0.3865.90)
  (Driver info: chromedriver=2.44.609538 (b655c5a60b0b544917107a59d4153d4bf78e1b90),platform=Windows NT 10.0.17763 x86_64) (WARNING: The server did not provide any stacktrace information)
Command duration or timeout: 4.06 seconds
Build info: version: '2.53.0', revision: '35ae25b1534ae328c771e0856c93e187490ca824', time: '2016-03-15 10:43:46'
System info: host: 'EC2AMAZ-FEFP0OS', ip: '10.199.140.93', os.name: 'Windows NT (unknown)', os.arch: 'amd64', os.version: '10.0', java.version: '1.8.0_91'
Driver info: org.openqa.selenium.chrome.ChromeDriver
Capabilities [{mobileEmulationEnabled=false, hasTouchScreen=false, platform=XP, acceptSslCerts=false, goog:chromeOptions={debuggerAddress=localhost:52274}, acceptInsecureCerts=false, webStorageEnabled=true, browserName=chrome, takesScreenshot=true, javascriptEnabled=true, setWindowRect=true, unexpectedAlertBehaviour=ignore, applicationCacheEnabled=false, rotatable=false, networkConnectionEnabled=false, chrome={chromedriverVersion=2.44.609538 (b655c5a60b0b544917107a59d4153d4bf78e1b90), userDataDir=C:\Users\SumonK\AppData\Local\Temp\2\scoped_dir2880_1782}, takesHeapSnapshot=true, pageLoadStrategy=normal, databaseEnabled=false, handlesAlerts=true, version=77.0.3865.90, browserConnectionEnabled=false, nativeEvents=true, locationContextEnabled=true, cssSelectorsEnabled=true}]
Session ID: e98e06ddd80c47e9e1b0511ddecc3f59
*** Element info: {Using=xpath, value=//*[@value="Delete"]}
	at sun.reflect.NativeConstructorAccessorImpl.newInstance0(Native Method)
	at sun.reflect.NativeConstructorAccessorImpl.newInstance(NativeConstructorAccessorImpl.java:62)
	at sun.reflect.DelegatingConstructorAccessorImpl.newInstance(DelegatingConstructorAccessorImpl.java:45)
	at java.lang.reflect.Constructor.newInstance(Constructor.java:423)
	at org.openqa.selenium.remote.ErrorHandler.createThrowable(ErrorHandler.java:206)
	at org.openqa.selenium.remote.ErrorHandler.throwIfResponseFailed(ErrorHandler.java:158)
	at org.openqa.selenium.remote.RemoteWebDriver.execute(RemoteWebDriver.java:678)
	at org.openqa.selenium.remote.RemoteWebDriver.findElement(RemoteWebDriver.java:363)
	at org.openqa.selenium.remote.RemoteWebDriver.findElementByXPath(RemoteWebDriver.java:500)
	at org.openqa.selenium.By$ByXPath.findElement(By.java:361)
	at org.openqa.selenium.remote.RemoteWebDriver.findElement(RemoteWebDriver.java:355)
	at org.openqa.selenium.support.ui.ExpectedConditions.findElement(ExpectedConditions.java:899)
	at org.openqa.selenium.support.ui.ExpectedConditions.access$000(ExpectedConditions.java:41)
	at org.openqa.selenium.support.ui.ExpectedConditions$7.apply(ExpectedConditions.java:205)
	at org.openqa.selenium.support.ui.ExpectedConditions$7.apply(ExpectedConditions.java:201)
	at org.openqa.selenium.support.ui.FluentWait.until(FluentWait.java:238)
	at com.fitNesse.DriverClass.click(DriverClass.java:415)
	at sun.reflect.GeneratedMethodAccessor16.invoke(Unknown Source)
	at sun.reflect.DelegatingMethodAccessorImpl.invoke(DelegatingMethodAccessorImpl.java:43)
	at java.lang.reflect.Method.invoke(Method.java:498)
	at fitnesse.slim.fixtureInteraction.DefaultInteraction.methodInvoke(DefaultInteraction.java:81)
	at fitnesse.slim.MethodExecutor.callMethod(MethodExecutor.java:57)
	at fitnesse.slim.MethodExecutor.invokeMethod(MethodExecutor.java:38)
	at fitnesse.slim.MethodExecutor.findAndInvoke(MethodExecutor.java:72)
	at fitnesse.slim.FixtureMethodExecutor.execute(FixtureMethodExecutor.java:20)
	at fitnesse.slim.StatementExecutor.getMethodExecutionResult(StatementExecutor.java:135)
	at fitnesse.slim.StatementExecutor.call(StatementExecutor.java:108)
	at fitnesse.slim.instructions.CallInstruction.executeInternal(CallInstruction.java:35)
	at fitnesse.slim.instructions.Instruction.execute(Instruction.java:29)
	at fitnesse.slim.ListExecutor$Executive.executeStatement(ListExecutor.java:49)
	at fitnesse.slim.ListExecutor$Executive.executeStatements(ListExecutor.java:43)
	at fitnesse.slim.ListExecutor.execute(ListExecutor.java:85)
	at fitnesse.slim.SlimServer.executeInstructions(SlimServer.java:84)
	at fitnesse.slim.SlimServer.processOneSetOfInstructions(SlimServer.java:77)
	at fitnesse.slim.SlimServer.tryProcessInstructions(SlimServer.java:64)
	at fitnesse.slim.SlimServer.serve(SlimServer.java:49)
	at fitnesse.slim.SlimService.handle(SlimService.java:154)
	at fitnesse.slim.SlimService.acceptOne(SlimService.java:162)
	at fitnesse.slim.SlimService.accept(SlimService.java:124)
	at fitnesse.slim.SlimService.startWithFactory(SlimService.java:76)
	at fitnesse.slim.SlimService.main(SlimService.java:56)

[1569356069.978][WARNING]: Timed out connecting to Chrome, retrying...
org.openqa.selenium.WebDriverException: chrome not reachable
  (Session info: chrome=77.0.3865.90)
  (Driver info: chromedriver=2.44.609538 (b655c5a60b0b544917107a59d4153d4bf78e1b90),platform=Windows NT 10.0.17763 x86_64) (WARNING: The server did not provide any stacktrace information)
Command duration or timeout: 4.04 seconds
Build info: version: '2.53.0', revision: '35ae25b1534ae328c771e0856c93e187490ca824', time: '2016-03-15 10:43:46'
System info: host: 'EC2AMAZ-FEFP0OS', ip: '10.199.140.93', os.name: 'Windows NT (unknown)', os.arch: 'amd64', os.version: '10.0', java.version: '1.8.0_91'
Driver info: org.openqa.selenium.chrome.ChromeDriver
Capabilities [{mobileEmulationEnabled=false, hasTouchScreen=false, platform=XP, acceptSslCerts=false, goog:chromeOptions={debuggerAddress=localhost:52274}, acceptInsecureCerts=false, webStorageEnabled=true, browserName=chrome, takesScreenshot=true, javascriptEnabled=true, setWindowRect=true, unexpectedAlertBehaviour=ignore, applicationCacheEnabled=false, rotatable=false, networkConnectionEnabled=false, chrome={chromedriverVersion=2.44.609538 (b655c5a60b0b544917107a59d4153d4bf78e1b90), userDataDir=C:\Users\SumonK\AppData\Local\Temp\2\scoped_dir2880_1782}, takesHeapSnapshot=true, pageLoadStrategy=normal, databaseEnabled=false, handlesAlerts=true, version=77.0.3865.90, browserConnectionEnabled=false, nativeEvents=true, locationContextEnabled=true, cssSelectorsEnabled=true}]
Session ID: e98e06ddd80c47e9e1b0511ddecc3f59
	at sun.reflect.NativeConstructorAccessorImpl.newInstance0(Native Method)
	at sun.reflect.NativeConstructorAccessorImpl.newInstance(NativeConstructorAccessorImpl.java:62)
	at sun.reflect.DelegatingConstructorAccessorImpl.newInstance(DelegatingConstructorAccessorImpl.java:45)
	at java.lang.reflect.Constructor.newInstance(Constructor.java:423)
	at org.openqa.selenium.remote.ErrorHandler.createThrowable(ErrorHandler.java:206)
	at org.openqa.selenium.remote.ErrorHandler.throwIfResponseFailed(ErrorHandler.java:158)
	at org.openqa.selenium.remote.RemoteWebDriver.execute(RemoteWebDriver.java:678)
	at org.openqa.selenium.remote.RemoteWebDriver.execute(RemoteWebDriver.java:701)
	at org.openqa.selenium.remote.RemoteWebDriver.getScreenshotAs(RemoteWebDriver.java:335)
	at com.fitNesse.DriverClass.getScreenShot(DriverClass.java:2729)
	at com.fitNesse.DriverClass.click(DriverClass.java:421)
	at sun.reflect.GeneratedMethodAccessor16.invoke(Unknown Source)
	at sun.reflect.DelegatingMethodAccessorImpl.invoke(DelegatingMethodAccessorImpl.java:43)
	at java.lang.reflect.Method.invoke(Method.java:498)
	at fitnesse.slim.fixtureInteraction.DefaultInteraction.methodInvoke(DefaultInteraction.java:81)
	at fitnesse.slim.MethodExecutor.callMethod(MethodExecutor.java:57)
	at fitnesse.slim.MethodExecutor.invokeMethod(MethodExecutor.java:38)
	at fitnesse.slim.MethodExecutor.findAndInvoke(MethodExecutor.java:72)
	at fitnesse.slim.FixtureMethodExecutor.execute(FixtureMethodExecutor.java:20)
	at fitnesse.slim.StatementExecutor.getMethodExecutionResult(StatementExecutor.java:135)
	at fitnesse.slim.StatementExecutor.call(StatementExecutor.java:108)
	at fitnesse.slim.instructions.CallInstruction.executeInternal(CallInstruction.java:35)
	at fitnesse.slim.instructions.Instruction.execute(Instruction.java:29)
	at fitnesse.slim.ListExecutor$Executive.executeStatement(ListExecutor.java:49)
	at fitnesse.slim.ListExecutor$Executive.executeStatements(ListExecutor.java:43)
	at fitnesse.slim.ListExecutor.execute(ListExecutor.java:85)
	at fitnesse.slim.SlimServer.executeInstructions(SlimServer.java:84)
	at fitnesse.slim.SlimServer.processOneSetOfInstructions(SlimServer.java:77)
	at fitnesse.slim.SlimServer.tryProcessInstructions(SlimServer.java:64)
	at fitnesse.slim.SlimServer.serve(SlimServer.java:49)
	at fitnesse.slim.SlimService.handle(SlimService.java:154)
	at fitnesse.slim.SlimService.acceptOne(SlimService.java:162)
	at fitnesse.slim.SlimService.accept(SlimService.java:124)
	at fitnesse.slim.SlimService.startWithFactory(SlimService.java:76)
	at fitnesse.slim.SlimService.main(SlimService.java:56)
[1569356075.740][WARNING]: Timed out connecting to Chrome, retrying...
[1569356081.785][WARNING]: Timed out connecting to Chrome, retrying...
Sep 24, 2019 4:14:45 PM org.openqa.selenium.support.ui.ExpectedConditions findElement
WARNING: WebDriverException thrown by findElement(By.xpath: //*[@value="Delete"])
org.openqa.selenium.WebDriverException: chrome not reachable
  (Session info: chrome=77.0.3865.90)
  (Driver info: chromedriver=2.44.609538 (b655c5a60b0b544917107a59d4153d4bf78e1b90),platform=Windows NT 10.0.17763 x86_64) (WARNING: The server did not provide any stacktrace information)
Command duration or timeout: 6.04 seconds
Build info: version: '2.53.0', revision: '35ae25b1534ae328c771e0856c93e187490ca824', time: '2016-03-15 10:43:46'
System info: host: 'EC2AMAZ-FEFP0OS', ip: '10.199.140.93', os.name: 'Windows NT (unknown)', os.arch: 'amd64', os.version: '10.0', java.version: '1.8.0_91'
Driver info: org.openqa.selenium.chrome.ChromeDriver
Capabilities [{mobileEmulationEnabled=false, hasTouchScreen=false, platform=XP, acceptSslCerts=false, goog:chromeOptions={debuggerAddress=localhost:52274}, acceptInsecureCerts=false, webStorageEnabled=true, browserName=chrome, takesScreenshot=true, javascriptEnabled=true, setWindowRect=true, unexpectedAlertBehaviour=ignore, applicationCacheEnabled=false, rotatable=false, networkConnectionEnabled=false, chrome={chromedriverVersion=2.44.609538 (b655c5a60b0b544917107a59d4153d4bf78e1b90), userDataDir=C:\Users\SumonK\AppData\Local\Temp\2\scoped_dir2880_1782}, takesHeapSnapshot=true, pageLoadStrategy=normal, databaseEnabled=false, handlesAlerts=true, version=77.0.3865.90, browserConnectionEnabled=false, nativeEvents=true, locationContextEnabled=true, cssSelectorsEnabled=true}]
Session ID: e98e06ddd80c47e9e1b0511ddecc3f59
*** Element info: {Using=xpath, value=//*[@value="Delete"]}
	at sun.reflect.NativeConstructorAccessorImpl.newInstance0(Native Method)
	at sun.reflect.NativeConstructorAccessorImpl.newInstance(NativeConstructorAccessorImpl.java:62)
	at sun.reflect.DelegatingConstructorAccessorImpl.newInstance(DelegatingConstructorAccessorImpl.java:45)
	at java.lang.reflect.Constructor.newInstance(Constructor.java:423)
	at org.openqa.selenium.remote.ErrorHandler.createThrowable(ErrorHandler.java:206)
	at org.openqa.selenium.remote.ErrorHandler.throwIfResponseFailed(ErrorHandler.java:158)
	at org.openqa.selenium.remote.RemoteWebDriver.execute(RemoteWebDriver.java:678)
	at org.openqa.selenium.remote.RemoteWebDriver.findElement(RemoteWebDriver.java:363)
	at org.openqa.selenium.remote.RemoteWebDriver.findElementByXPath(RemoteWebDriver.java:500)
	at org.openqa.selenium.By$ByXPath.findElement(By.java:361)
	at org.openqa.selenium.remote.RemoteWebDriver.findElement(RemoteWebDriver.java:355)
	at org.openqa.selenium.support.ui.ExpectedConditions.findElement(ExpectedConditions.java:899)
	at org.openqa.selenium.support.ui.ExpectedConditions.access$000(ExpectedConditions.java:41)
	at org.openqa.selenium.support.ui.ExpectedConditions$7.apply(ExpectedConditions.java:205)
	at org.openqa.selenium.support.ui.ExpectedConditions$7.apply(ExpectedConditions.java:201)
	at org.openqa.selenium.support.ui.FluentWait.until(FluentWait.java:238)
	at com.fitNesse.DriverClass.click(DriverClass.java:415)
	at sun.reflect.GeneratedMethodAccessor16.invoke(Unknown Source)
	at sun.reflect.DelegatingMethodAccessorImpl.invoke(DelegatingMethodAccessorImpl.java:43)
	at java.lang.reflect.Method.invoke(Method.java:498)
	at fitnesse.slim.fixtureInteraction.DefaultInteraction.methodInvoke(DefaultInteraction.java:81)
	at fitnesse.slim.MethodExecutor.callMethod(MethodExecutor.java:57)
	at fitnesse.slim.MethodExecutor.invokeMethod(MethodExecutor.java:38)
	at fitnesse.slim.MethodExecutor.findAndInvoke(MethodExecutor.java:72)
	at fitnesse.slim.FixtureMethodExecutor.execute(FixtureMethodExecutor.java:20)
	at fitnesse.slim.StatementExecutor.getMethodExecutionResult(StatementExecutor.java:135)
	at fitnesse.slim.StatementExecutor.call(StatementExecutor.java:108)
	at fitnesse.slim.instructions.CallInstruction.executeInternal(CallInstruction.java:35)
	at fitnesse.slim.instructions.Instruction.execute(Instruction.java:29)
	at fitnesse.slim.ListExecutor$Executive.executeStatement(ListExecutor.java:49)
	at fitnesse.slim.ListExecutor$Executive.executeStatements(ListExecutor.java:43)
	at fitnesse.slim.ListExecutor.execute(ListExecutor.java:85)
	at fitnesse.slim.SlimServer.executeInstructions(SlimServer.java:84)
	at fitnesse.slim.SlimServer.processOneSetOfInstructions(SlimServer.java:77)
	at fitnesse.slim.SlimServer.tryProcessInstructions(SlimServer.java:64)
	at fitnesse.slim.SlimServer.serve(SlimServer.java:49)
	at fitnesse.slim.SlimService.handle(SlimService.java:154)
	at fitnesse.slim.SlimService.acceptOne(SlimService.java:162)
	at fitnesse.slim.SlimService.accept(SlimService.java:124)
	at fitnesse.slim.SlimService.startWithFactory(SlimService.java:76)
	at fitnesse.slim.SlimService.main(SlimService.java:56)

[1569356088.641][WARNING]: Timed out connecting to Chrome, retrying...
org.openqa.selenium.WebDriverException: chrome not reachable
  (Session info: chrome=77.0.3865.90)
  (Driver info: chromedriver=2.44.609538 (b655c5a60b0b544917107a59d4153d4bf78e1b90),platform=Windows NT 10.0.17763 x86_64) (WARNING: The server did not provide any stacktrace information)
Command duration or timeout: 6.06 seconds
Build info: version: '2.53.0', revision: '35ae25b1534ae328c771e0856c93e187490ca824', time: '2016-03-15 10:43:46'
System info: host: 'EC2AMAZ-FEFP0OS', ip: '10.199.140.93', os.name: 'Windows NT (unknown)', os.arch: 'amd64', os.version: '10.0', java.version: '1.8.0_91'
Driver info: org.openqa.selenium.chrome.ChromeDriver
Capabilities [{mobileEmulationEnabled=false, hasTouchScreen=false, platform=XP, acceptSslCerts=false, goog:chromeOptions={debuggerAddress=localhost:52274}, acceptInsecureCerts=false, webStorageEnabled=true, browserName=chrome, takesScreenshot=true, javascriptEnabled=true, setWindowRect=true, unexpectedAlertBehaviour=ignore, applicationCacheEnabled=false, rotatable=false, networkConnectionEnabled=false, chrome={chromedriverVersion=2.44.609538 (b655c5a60b0b544917107a59d4153d4bf78e1b90), userDataDir=C:\Users\SumonK\AppData\Local\Temp\2\scoped_dir2880_1782}, takesHeapSnapshot=true, pageLoadStrategy=normal, databaseEnabled=false, handlesAlerts=true, version=77.0.3865.90, browserConnectionEnabled=false, nativeEvents=true, locationContextEnabled=true, cssSelectorsEnabled=true}]
Session ID: e98e06ddd80c47e9e1b0511ddecc3f59
	at sun.reflect.NativeConstructorAccessorImpl.newInstance0(Native Method)
	at sun.reflect.NativeConstructorAccessorImpl.newInstance(NativeConstructorAccessorImpl.java:62)
	at sun.reflect.DelegatingConstructorAccessorImpl.newInstance(DelegatingConstructorAccessorImpl.java:45)
	at java.lang.reflect.Constructor.newInstance(Constructor.java:423)
	at org.openqa.selenium.remote.ErrorHandler.createThrowable(ErrorHandler.java:206)
	at org.openqa.selenium.remote.ErrorHandler.throwIfResponseFailed(ErrorHandler.java:158)
	at org.openqa.selenium.remote.RemoteWebDriver.execute(RemoteWebDriver.java:678)
	at org.openqa.selenium.remote.RemoteWebDriver.execute(RemoteWebDriver.java:701)
	at org.openqa.selenium.remote.RemoteWebDriver.getScreenshotAs(RemoteWebDriver.java:335)
	at com.fitNesse.DriverClass.getScreenShot(DriverClass.java:2729)
	at com.fitNesse.DriverClass.click(DriverClass.java:421)
	at sun.reflect.GeneratedMethodAccessor16.invoke(Unknown Source)
	at sun.reflect.DelegatingMethodAccessorImpl.invoke(DelegatingMethodAccessorImpl.java:43)
	at java.lang.reflect.Method.invoke(Method.java:498)
	at fitnesse.slim.fixtureInteraction.DefaultInteraction.methodInvoke(DefaultInteraction.java:81)
	at fitnesse.slim.MethodExecutor.callMethod(MethodExecutor.java:57)
	at fitnesse.slim.MethodExecutor.invokeMethod(MethodExecutor.java:38)
	at fitnesse.slim.MethodExecutor.findAndInvoke(MethodExecutor.java:72)
	at fitnesse.slim.FixtureMethodExecutor.execute(FixtureMethodExecutor.java:20)
	at fitnesse.slim.StatementExecutor.getMethodExecutionResult(StatementExecutor.java:135)
	at fitnesse.slim.StatementExecutor.call(StatementExecutor.java:108)
	at fitnesse.slim.instructions.CallInstruction.executeInternal(CallInstruction.java:35)
	at fitnesse.slim.instructions.Instruction.execute(Instruction.java:29)
	at fitnesse.slim.ListExecutor$Executive.executeStatement(ListExecutor.java:49)
	at fitnesse.slim.ListExecutor$Executive.executeStatements(ListExecutor.java:43)
	at fitnesse.slim.ListExecutor.execute(ListExecutor.java:85)
	at fitnesse.slim.SlimServer.executeInstructions(SlimServer.java:84)
	at fitnesse.slim.SlimServer.processOneSetOfInstructions(SlimServer.java:77)
	at fitnesse.slim.SlimServer.tryProcessInstructions(SlimServer.java:64)
	at fitnesse.slim.SlimServer.serve(SlimServer.java:49)
	at fitnesse.slim.SlimService.handle(SlimService.java:154)
	at fitnesse.slim.SlimService.acceptOne(SlimService.java:162)
	at fitnesse.slim.SlimService.accept(SlimService.java:124)
	at fitnesse.slim.SlimService.startWithFactory(SlimService.java:76)
	at fitnesse.slim.SlimService.main(SlimService.java:56)
[1569356096.408][WARNING]: Timed out connecting to Chrome, retrying...
[1569356102.507][WARNING]: Timed out connecting to Chrome, retrying...
Sep 24, 2019 4:15:06 PM org.openqa.selenium.support.ui.ExpectedConditions findElement
WARNING: WebDriverException thrown by findElement(By.xpath: //*[@value="Delete"])
org.openqa.selenium.WebDriverException: chrome not reachable
  (Session info: chrome=77.0.3865.90)
  (Driver info: chromedriver=2.44.609538 (b655c5a60b0b544917107a59d4153d4bf78e1b90),platform=Windows NT 10.0.17763 x86_64) (WARNING: The server did not provide any stacktrace information)
Command duration or timeout: 6.08 seconds
Build info: version: '2.53.0', revision: '35ae25b1534ae328c771e0856c93e187490ca824', time: '2016-03-15 10:43:46'
System info: host: 'EC2AMAZ-FEFP0OS', ip: '10.199.140.93', os.name: 'Windows NT (unknown)', os.arch: 'amd64', os.version: '10.0', java.version: '1.8.0_91'
Driver info: org.openqa.selenium.chrome.ChromeDriver
Capabilities [{mobileEmulationEnabled=false, hasTouchScreen=false, platform=XP, acceptSslCerts=false, goog:chromeOptions={debuggerAddress=localhost:52274}, acceptInsecureCerts=false, webStorageEnabled=true, browserName=chrome, takesScreenshot=true, javascriptEnabled=true, setWindowRect=true, unexpectedAlertBehaviour=ignore, applicationCacheEnabled=false, rotatable=false, networkConnectionEnabled=false, chrome={chromedriverVersion=2.44.609538 (b655c5a60b0b544917107a59d4153d4bf78e1b90), userDataDir=C:\Users\SumonK\AppData\Local\Temp\2\scoped_dir2880_1782}, takesHeapSnapshot=true, pageLoadStrategy=normal, databaseEnabled=false, handlesAlerts=true, version=77.0.3865.90, browserConnectionEnabled=false, nativeEvents=true, locationContextEnabled=true, cssSelectorsEnabled=true}]
Session ID: e98e06ddd80c47e9e1b0511ddecc3f59
*** Element info: {Using=xpath, value=//*[@value="Delete"]}
	at sun.reflect.NativeConstructorAccessorImpl.newInstance0(Native Method)
	at sun.reflect.NativeConstructorAccessorImpl.newInstance(NativeConstructorAccessorImpl.java:62)
	at sun.reflect.DelegatingConstructorAccessorImpl.newInstance(DelegatingConstructorAccessorImpl.java:45)
	at java.lang.reflect.Constructor.newInstance(Constructor.java:423)
	at org.openqa.selenium.remote.ErrorHandler.createThrowable(ErrorHandler.java:206)
	at org.openqa.selenium.remote.ErrorHandler.throwIfResponseFailed(ErrorHandler.java:158)
	at org.openqa.selenium.remote.RemoteWebDriver.execute(RemoteWebDriver.java:678)
	at org.openqa.selenium.remote.RemoteWebDriver.findElement(RemoteWebDriver.java:363)
	at org.openqa.selenium.remote.RemoteWebDriver.findElementByXPath(RemoteWebDriver.java:500)
	at org.openqa.selenium.By$ByXPath.findElement(By.java:361)
	at org.openqa.selenium.remote.RemoteWebDriver.findElement(RemoteWebDriver.java:355)
	at org.openqa.selenium.support.ui.ExpectedConditions.findElement(ExpectedConditions.java:899)
	at org.openqa.selenium.support.ui.ExpectedConditions.access$000(ExpectedConditions.java:41)
	at org.openqa.selenium.support.ui.ExpectedConditions$7.apply(ExpectedConditions.java:205)
	at org.openqa.selenium.support.ui.ExpectedConditions$7.apply(ExpectedConditions.java:201)
	at org.openqa.selenium.support.ui.FluentWait.until(FluentWait.java:238)
	at com.fitNesse.DriverClass.click(DriverClass.java:415)
	at sun.reflect.GeneratedMethodAccessor16.invoke(Unknown Source)
	at sun.reflect.DelegatingMethodAccessorImpl.invoke(DelegatingMethodAccessorImpl.java:43)
	at java.lang.reflect.Method.invoke(Method.java:498)
	at fitnesse.slim.fixtureInteraction.DefaultInteraction.methodInvoke(DefaultInteraction.java:81)
	at fitnesse.slim.MethodExecutor.callMethod(MethodExecutor.java:57)
	at fitnesse.slim.MethodExecutor.invokeMethod(MethodExecutor.java:38)
	at fitnesse.slim.MethodExecutor.findAndInvoke(MethodExecutor.java:72)
	at fitnesse.slim.FixtureMethodExecutor.execute(FixtureMethodExecutor.java:20)
	at fitnesse.slim.StatementExecutor.getMethodExecutionResult(StatementExecutor.java:135)
	at fitnesse.slim.StatementExecutor.call(StatementExecutor.java:108)
	at fitnesse.slim.instructions.CallInstruction.executeInternal(CallInstruction.java:35)
	at fitnesse.slim.instructions.Instruction.execute(Instruction.java:29)
	at fitnesse.slim.ListExecutor$Executive.executeStatement(ListExecutor.java:49)
	at fitnesse.slim.ListExecutor$Executive.executeStatements(ListExecutor.java:43)
	at fitnesse.slim.ListExecutor.execute(ListExecutor.java:85)
	at fitnesse.slim.SlimServer.executeInstructions(SlimServer.java:84)
	at fitnesse.slim.SlimServer.processOneSetOfInstructions(SlimServer.java:77)
	at fitnesse.slim.SlimServer.tryProcessInstructions(SlimServer.java:64)
	at fitnesse.slim.SlimServer.serve(SlimServer.java:49)
	at fitnesse.slim.SlimService.handle(SlimService.java:154)
	at fitnesse.slim.SlimService.acceptOne(SlimService.java:162)
	at fitnesse.slim.SlimService.accept(SlimService.java:124)
	at fitnesse.slim.SlimService.startWithFactory(SlimService.java:76)
	at fitnesse.slim.SlimService.main(SlimService.java:56)

[1569356109.396][WARNING]: Timed out connecting to Chrome, retrying...
org.openqa.selenium.WebDriverException: chrome not reachable
  (Session info: chrome=77.0.3865.90)
  (Driver info: chromedriver=2.44.609538 (b655c5a60b0b544917107a59d4153d4bf78e1b90),platform=Windows NT 10.0.17763 x86_64) (WARNING: The server did not provide any stacktrace information)
Command duration or timeout: 6.07 seconds
Build info: version: '2.53.0', revision: '35ae25b1534ae328c771e0856c93e187490ca824', time: '2016-03-15 10:43:46'
System info: host: 'EC2AMAZ-FEFP0OS', ip: '10.199.140.93', os.name: 'Windows NT (unknown)', os.arch: 'amd64', os.version: '10.0', java.version: '1.8.0_91'
Driver info: org.openqa.selenium.chrome.ChromeDriver
Capabilities [{mobileEmulationEnabled=false, hasTouchScreen=false, platform=XP, acceptSslCerts=false, goog:chromeOptions={debuggerAddress=localhost:52274}, acceptInsecureCerts=false, webStorageEnabled=true, browserName=chrome, takesScreenshot=true, javascriptEnabled=true, setWindowRect=true, unexpectedAlertBehaviour=ignore, applicationCacheEnabled=false, rotatable=false, networkConnectionEnabled=false, chrome={chromedriverVersion=2.44.609538 (b655c5a60b0b544917107a59d4153d4bf78e1b90), userDataDir=C:\Users\SumonK\AppData\Local\Temp\2\scoped_dir2880_1782}, takesHeapSnapshot=true, pageLoadStrategy=normal, databaseEnabled=false, handlesAlerts=true, version=77.0.3865.90, browserConnectionEnabled=false, nativeEvents=true, locationContextEnabled=true, cssSelectorsEnabled=true}]
Session ID: e98e06ddd80c47e9e1b0511ddecc3f59
	at sun.reflect.NativeConstructorAccessorImpl.newInstance0(Native Method)
	at sun.reflect.NativeConstructorAccessorImpl.newInstance(NativeConstructorAccessorImpl.java:62)
	at sun.reflect.DelegatingConstructorAccessorImpl.newInstance(DelegatingConstructorAccessorImpl.java:45)
	at java.lang.reflect.Constructor.newInstance(Constructor.java:423)
	at org.openqa.selenium.remote.ErrorHandler.createThrowable(ErrorHandler.java:206)
	at org.openqa.selenium.remote.ErrorHandler.throwIfResponseFailed(ErrorHandler.java:158)
	at org.openqa.selenium.remote.RemoteWebDriver.execute(RemoteWebDriver.java:678)
	at org.openqa.selenium.remote.RemoteWebDriver.execute(RemoteWebDriver.java:701)
	at org.openqa.selenium.remote.RemoteWebDriver.getScreenshotAs(RemoteWebDriver.java:335)
	at com.fitNesse.DriverClass.getScreenShot(DriverClass.java:2729)
	at com.fitNesse.DriverClass.click(DriverClass.java:421)
	at sun.reflect.GeneratedMethodAccessor16.invoke(Unknown Source)
	at sun.reflect.DelegatingMethodAccessorImpl.invoke(DelegatingMethodAccessorImpl.java:43)
	at java.lang.reflect.Method.invoke(Method.java:498)
	at fitnesse.slim.fixtureInteraction.DefaultInteraction.methodInvoke(DefaultInteraction.java:81)
	at fitnesse.slim.MethodExecutor.callMethod(MethodExecutor.java:57)
	at fitnesse.slim.MethodExecutor.invokeMethod(MethodExecutor.java:38)
	at fitnesse.slim.MethodExecutor.findAndInvoke(MethodExecutor.java:72)
	at fitnesse.slim.FixtureMethodExecutor.execute(FixtureMethodExecutor.java:20)
	at fitnesse.slim.StatementExecutor.getMethodExecutionResult(StatementExecutor.java:135)
	at fitnesse.slim.StatementExecutor.call(StatementExecutor.java:108)
	at fitnesse.slim.instructions.CallInstruction.executeInternal(CallInstruction.java:35)
	at fitnesse.slim.instructions.Instruction.execute(Instruction.java:29)
	at fitnesse.slim.ListExecutor$Executive.executeStatement(ListExecutor.java:49)
	at fitnesse.slim.ListExecutor$Executive.executeStatements(ListExecutor.java:43)
	at fitnesse.slim.ListExecutor.execute(ListExecutor.java:85)
	at fitnesse.slim.SlimServer.executeInstructions(SlimServer.java:84)
	at fitnesse.slim.SlimServer.processOneSetOfInstructions(SlimServer.java:77)
	at fitnesse.slim.SlimServer.tryProcessInstructions(SlimServer.java:64)
	at fitnesse.slim.SlimServer.serve(SlimServer.java:49)
	at fitnesse.slim.SlimService.handle(SlimService.java:154)
	at fitnesse.slim.SlimService.acceptOne(SlimService.java:162)
	at fitnesse.slim.SlimService.accept(SlimService.java:124)
	at fitnesse.slim.SlimService.startWithFactory(SlimService.java:76)
	at fitnesse.slim.SlimService.main(SlimService.java:56)
</stdErr>
  </executionLog>
  <finalCounts>
    <right>26</right>
    <wrong>0</wrong>
    <ignores>0</ignores>
    <exceptions>6</exceptions>
  </finalCounts>
  <totalRunTimeInMillis>509404</totalRunTimeInMillis>
</suiteResults>

