<?xml version="1.0"?>
<suiteResults>
  <FitNesseVersion>v20151230</FitNesseVersion>
  <rootPath>BizOpsAutomation.SalesForce.FinecastRegressionSuite.UnitedKingdomSuite</rootPath>
  <pageHistoryReference>
    <name>BizOpsAutomation.SalesForce.FinecastRegressionSuite.UnitedKingdomSuite.Test01LogInUserTest</name>
    <date>2019-09-26T15:58:33-04:00</date>
    <pageHistoryLink>BizOpsAutomation.SalesForce.FinecastRegressionSuite.UnitedKingdomSuite.Test01LogInUserTest?pageHistory&amp;resultDate=20190926155833</pageHistoryLink>
    <counts>
      <right>13</right>
      <wrong>0</wrong>
      <ignores>0</ignores>
      <exceptions>0</exceptions>
    </counts>
    <runTimeInMillis>35720</runTimeInMillis>
  </pageHistoryReference>
  <pageHistoryReference>
    <name>BizOpsAutomation.SalesForce.FinecastRegressionSuite.UnitedKingdomSuite.Test02CreateParentAgencyTest</name>
    <date>2019-09-26T15:59:09-04:00</date>
    <pageHistoryLink>BizOpsAutomation.SalesForce.FinecastRegressionSuite.UnitedKingdomSuite.Test02CreateParentAgencyTest?pageHistory&amp;resultDate=20190926155909</pageHistoryLink>
    <counts>
      <right>14</right>
      <wrong>0</wrong>
      <ignores>0</ignores>
      <exceptions>0</exceptions>
    </counts>
    <runTimeInMillis>14607</runTimeInMillis>
  </pageHistoryReference>
  <pageHistoryReference>
    <name>BizOpsAutomation.SalesForce.FinecastRegressionSuite.UnitedKingdomSuite.Test02bCreateChildAgencyTest</name>
    <date>2019-09-26T15:59:24-04:00</date>
    <pageHistoryLink>BizOpsAutomation.SalesForce.FinecastRegressionSuite.UnitedKingdomSuite.Test02bCreateChildAgencyTest?pageHistory&amp;resultDate=20190926155924</pageHistoryLink>
    <counts>
      <right>14</right>
      <wrong>0</wrong>
      <ignores>0</ignores>
      <exceptions>0</exceptions>
    </counts>
    <runTimeInMillis>15441</runTimeInMillis>
  </pageHistoryReference>
  <pageHistoryReference>
    <name>BizOpsAutomation.SalesForce.FinecastRegressionSuite.UnitedKingdomSuite.Test03CreateParentAdvertiserTest</name>
    <date>2019-09-26T15:59:39-04:00</date>
    <pageHistoryLink>BizOpsAutomation.SalesForce.FinecastRegressionSuite.UnitedKingdomSuite.Test03CreateParentAdvertiserTest?pageHistory&amp;resultDate=20190926155939</pageHistoryLink>
    <counts>
      <right>11</right>
      <wrong>0</wrong>
      <ignores>0</ignores>
      <exceptions>0</exceptions>
    </counts>
    <runTimeInMillis>14083</runTimeInMillis>
  </pageHistoryReference>
  <pageHistoryReference>
    <name>BizOpsAutomation.SalesForce.FinecastRegressionSuite.UnitedKingdomSuite.Test03bCreateChildAdvertiserTest</name>
    <date>2019-09-26T15:59:54-04:00</date>
    <pageHistoryLink>BizOpsAutomation.SalesForce.FinecastRegressionSuite.UnitedKingdomSuite.Test03bCreateChildAdvertiserTest?pageHistory&amp;resultDate=20190926155954</pageHistoryLink>
    <counts>
      <right>18</right>
      <wrong>0</wrong>
      <ignores>0</ignores>
      <exceptions>0</exceptions>
    </counts>
    <runTimeInMillis>18305</runTimeInMillis>
  </pageHistoryReference>
  <pageHistoryReference>
    <name>BizOpsAutomation.SalesForce.FinecastRegressionSuite.UnitedKingdomSuite.Test03cCreateAusChildAdvertiserTest</name>
    <date>2019-09-26T16:00:12-04:00</date>
    <pageHistoryLink>BizOpsAutomation.SalesForce.FinecastRegressionSuite.UnitedKingdomSuite.Test03cCreateAusChildAdvertiserTest?pageHistory&amp;resultDate=20190926160012</pageHistoryLink>
    <counts>
      <right>18</right>
      <wrong>0</wrong>
      <ignores>0</ignores>
      <exceptions>0</exceptions>
    </counts>
    <runTimeInMillis>18268</runTimeInMillis>
  </pageHistoryReference>
  <pageHistoryReference>
    <name>BizOpsAutomation.SalesForce.FinecastRegressionSuite.UnitedKingdomSuite.Test04CreateFinecastAccountTest</name>
    <date>2019-09-26T16:00:30-04:00</date>
    <pageHistoryLink>BizOpsAutomation.SalesForce.FinecastRegressionSuite.UnitedKingdomSuite.Test04CreateFinecastAccountTest?pageHistory&amp;resultDate=20190926160030</pageHistoryLink>
    <counts>
      <right>28</right>
      <wrong>0</wrong>
      <ignores>0</ignores>
      <exceptions>0</exceptions>
    </counts>
    <runTimeInMillis>37210</runTimeInMillis>
  </pageHistoryReference>
  <pageHistoryReference>
    <name>BizOpsAutomation.SalesForce.FinecastRegressionSuite.UnitedKingdomSuite.Test04bVerifyAllButtonsOnAccountTest</name>
    <date>2019-09-26T16:01:08-04:00</date>
    <pageHistoryLink>BizOpsAutomation.SalesForce.FinecastRegressionSuite.UnitedKingdomSuite.Test04bVerifyAllButtonsOnAccountTest?pageHistory&amp;resultDate=20190926160108</pageHistoryLink>
    <counts>
      <right>29</right>
      <wrong>0</wrong>
      <ignores>0</ignores>
      <exceptions>0</exceptions>
    </counts>
    <runTimeInMillis>55196</runTimeInMillis>
  </pageHistoryReference>
  <pageHistoryReference>
    <name>BizOpsAutomation.SalesForce.FinecastRegressionSuite.UnitedKingdomSuite.Test05CreateFinecastOpportunityTest</name>
    <date>2019-09-26T16:02:03-04:00</date>
    <pageHistoryLink>BizOpsAutomation.SalesForce.FinecastRegressionSuite.UnitedKingdomSuite.Test05CreateFinecastOpportunityTest?pageHistory&amp;resultDate=20190926160203</pageHistoryLink>
    <counts>
      <right>16</right>
      <wrong>0</wrong>
      <ignores>0</ignores>
      <exceptions>0</exceptions>
    </counts>
    <runTimeInMillis>16931</runTimeInMillis>
  </pageHistoryReference>
  <pageHistoryReference>
    <name>BizOpsAutomation.SalesForce.FinecastRegressionSuite.UnitedKingdomSuite.Test06aCreateNewFinecastContactsTest</name>
    <date>2019-09-26T16:02:20-04:00</date>
    <pageHistoryLink>BizOpsAutomation.SalesForce.FinecastRegressionSuite.UnitedKingdomSuite.Test06aCreateNewFinecastContactsTest?pageHistory&amp;resultDate=20190926160220</pageHistoryLink>
    <counts>
      <right>18</right>
      <wrong>0</wrong>
      <ignores>0</ignores>
      <exceptions>1</exceptions>
    </counts>
    <runTimeInMillis>29493</runTimeInMillis>
  </pageHistoryReference>
  <pageHistoryReference>
    <name>BizOpsAutomation.SalesForce.FinecastRegressionSuite.UnitedKingdomSuite.Test06bCreateContactRolesTest</name>
    <date>2019-09-26T16:02:49-04:00</date>
    <pageHistoryLink>BizOpsAutomation.SalesForce.FinecastRegressionSuite.UnitedKingdomSuite.Test06bCreateContactRolesTest?pageHistory&amp;resultDate=20190926160249</pageHistoryLink>
    <counts>
      <right>0</right>
      <wrong>0</wrong>
      <ignores>0</ignores>
      <exceptions>3</exceptions>
    </counts>
    <runTimeInMillis>10945</runTimeInMillis>
  </pageHistoryReference>
  <pageHistoryReference>
    <name>BizOpsAutomation.SalesForce.FinecastRegressionSuite.UnitedKingdomSuite.Test07bCreateFinecastSellLineTest</name>
    <date>2019-09-26T16:03:00-04:00</date>
    <pageHistoryLink>BizOpsAutomation.SalesForce.FinecastRegressionSuite.UnitedKingdomSuite.Test07bCreateFinecastSellLineTest?pageHistory&amp;resultDate=20190926160300</pageHistoryLink>
    <counts>
      <right>0</right>
      <wrong>0</wrong>
      <ignores>0</ignores>
      <exceptions>3</exceptions>
    </counts>
    <runTimeInMillis>10632</runTimeInMillis>
  </pageHistoryReference>
  <executionLog>
    <testSystem>slim:fitnesse.slim.SlimService</testSystem>
    <command>"C:/Program Files/Java/jdk1.8.0_91\bin\java" -cp C:\Users\SumonK\.m2\repository\org\fitnesse\fitnesse\20151230\fitnesse-20151230.jar;C:\Users\SumonK\Desktop\FitNesseWithSelenium\target\classes;C:\Users\SumonK\.m2\repository\org\seleniumhq\selenium\selenium-remote-driver\2.53.0\selenium-remote-driver-2.53.0.jar;C:\Users\SumonK\.m2\repository\org\testng\testng\6.9.10\testng-6.9.10.jar;C:\Users\SumonK\.m2\repository\com\relevantcodes\extentreports\2.40.2\extentreports-2.40.2.jar;C:\Users\SumonK\.m2\repository\org\freemarker\freemarker\2.3.23\freemarker-2.3.23.jar;C:\Users\SumonK\.m2\repository\org\jsoup\jsoup\1.8.3\jsoup-1.8.3.jar;C:\Users\SumonK\.m2\repository\org\seleniumhq\selenium\selenium-server\2.53.0\selenium-server-2.53.0.jar;C:\Users\SumonK\.m2\repository\org\seleniumhq\selenium\selenium-java\2.53.0\selenium-java-2.53.0.jar;C:\Users\SumonK\.m2\repository\com\beust\jcommander\1.48\jcommander-1.48.jar;C:\Users\SumonK\.m2\repository\org\bouncycastle\bcprov-jdk15on\1.48\bcprov-jdk15on-1.48.jar;C:\Users\SumonK\.m2\repository\org\bouncycastle\bcpkix-jdk15on\1.48\bcpkix-jdk15on-1.48.jar;C:\Users\SumonK\.m2\repository\mx4j\mx4j-tools\3.0.1\mx4j-tools-3.0.1.jar;C:\Users\SumonK\.m2\repository\org\seleniumhq\selenium\jetty-repacked\9.2.13.v20150730\jetty-repacked-9.2.13.v20150730.jar;C:\Users\SumonK\.m2\repository\javax\servlet\javax.servlet-api\3.1.0\javax.servlet-api-3.1.0.jar;C:\Users\SumonK\.m2\repository\org\seleniumhq\selenium\jetty-rc-repacked\5\jetty-rc-repacked-5.jar;C:\Users\SumonK\.m2\repository\net\jcip\jcip-annotations\1.0\jcip-annotations-1.0.jar;C:\Users\SumonK\.m2\repository\org\yaml\snakeyaml\1.8\snakeyaml-1.8.jar;C:\Users\SumonK\.m2\repository\commons-codec\commons-codec\1.10\commons-codec-1.10.jar;C:\Users\SumonK\.m2\repository\org\seleniumhq\selenium\selenium-api\2.53.0\selenium-api-2.53.0.jar;C:\Users\SumonK\.m2\repository\com\google\code\gson\gson\2.3.1\gson-2.3.1.jar;C:\Users\SumonK\.m2\repository\org\apache\httpcomponents\httpclient\4.5.1\httpclient-4.5.1.jar;C:\Users\SumonK\.m2\repository\org\apache\httpcomponents\httpcore\4.4.3\httpcore-4.4.3.jar;C:\Users\SumonK\.m2\repository\commons-logging\commons-logging\1.2\commons-logging-1.2.jar;C:\Users\SumonK\.m2\repository\cglib\cglib-nodep\2.1_3\cglib-nodep-2.1_3.jar;C:\Users\SumonK\.m2\repository\org\apache\commons\commons-exec\1.3\commons-exec-1.3.jar;C:\Users\SumonK\.m2\repository\net\java\dev\jna\jna\4.1.0\jna-4.1.0.jar;C:\Users\SumonK\.m2\repository\net\java\dev\jna\jna-platform\4.1.0\jna-platform-4.1.0.jar;C:\Users\SumonK\.m2\repository\org\seleniumhq\selenium\selenium-chrome-driver\2.53.0\selenium-chrome-driver-2.53.0.jar;C:\Users\SumonK\.m2\repository\org\seleniumhq\selenium\selenium-edge-driver\2.53.0\selenium-edge-driver-2.53.0.jar;C:\Users\SumonK\.m2\repository\commons-io\commons-io\2.4\commons-io-2.4.jar;C:\Users\SumonK\.m2\repository\org\seleniumhq\selenium\selenium-htmlunit-driver\2.53.0\selenium-htmlunit-driver-2.53.0.jar;C:\Users\SumonK\.m2\repository\net\sourceforge\htmlunit\htmlunit\2.18\htmlunit-2.18.jar;C:\Users\SumonK\.m2\repository\xalan\xalan\2.7.2\xalan-2.7.2.jar;C:\Users\SumonK\.m2\repository\xalan\serializer\2.7.2\serializer-2.7.2.jar;C:\Users\SumonK\.m2\repository\org\apache\commons\commons-lang3\3.4\commons-lang3-3.4.jar;C:\Users\SumonK\.m2\repository\org\apache\httpcomponents\httpmime\4.5\httpmime-4.5.jar;C:\Users\SumonK\.m2\repository\net\sourceforge\htmlunit\htmlunit-core-js\2.17\htmlunit-core-js-2.17.jar;C:\Users\SumonK\.m2\repository\xerces\xercesImpl\2.11.0\xercesImpl-2.11.0.jar;C:\Users\SumonK\.m2\repository\xml-apis\xml-apis\1.4.01\xml-apis-1.4.01.jar;C:\Users\SumonK\.m2\repository\net\sourceforge\nekohtml\nekohtml\1.9.22\nekohtml-1.9.22.jar;C:\Users\SumonK\.m2\repository\net\sourceforge\cssparser\cssparser\0.9.16\cssparser-0.9.16.jar;C:\Users\SumonK\.m2\repository\org\w3c\css\sac\1.3\sac-1.3.jar;C:\Users\SumonK\.m2\repository\org\eclipse\jetty\websocket\websocket-client\9.2.12.v20150709\websocket-client-9.2.12.v20150709.jar;C:\Users\SumonK\.m2\repository\org\eclipse\jetty\jetty-util\9.2.12.v20150709\jetty-util-9.2.12.v20150709.jar;C:\Users\SumonK\.m2\repository\org\eclipse\jetty\jetty-io\9.2.12.v20150709\jetty-io-9.2.12.v20150709.jar;C:\Users\SumonK\.m2\repository\org\eclipse\jetty\websocket\websocket-common\9.2.12.v20150709\websocket-common-9.2.12.v20150709.jar;C:\Users\SumonK\.m2\repository\org\eclipse\jetty\websocket\websocket-api\9.2.12.v20150709\websocket-api-9.2.12.v20150709.jar;C:\Users\SumonK\.m2\repository\commons-collections\commons-collections\3.2.2\commons-collections-3.2.2.jar;C:\Users\SumonK\.m2\repository\org\seleniumhq\selenium\selenium-firefox-driver\2.53.0\selenium-firefox-driver-2.53.0.jar;C:\Users\SumonK\.m2\repository\org\seleniumhq\selenium\selenium-ie-driver\2.53.0\selenium-ie-driver-2.53.0.jar;C:\Users\SumonK\.m2\repository\org\seleniumhq\selenium\selenium-safari-driver\2.53.0\selenium-safari-driver-2.53.0.jar;C:\Users\SumonK\.m2\repository\org\seleniumhq\selenium\selenium-support\2.53.0\selenium-support-2.53.0.jar;C:\Users\SumonK\.m2\repository\org\webbitserver\webbit\0.4.14\webbit-0.4.14.jar;C:\Users\SumonK\.m2\repository\io\netty\netty\3.5.2.Final\netty-3.5.2.Final.jar;C:\Users\SumonK\.m2\repository\org\seleniumhq\selenium\selenium-leg-rc\2.53.0\selenium-leg-rc-2.53.0.jar;C:\Users\SumonK\.m2\repository\org\slf4j\slf4j-api\1.7.12\slf4j-api-1.7.12.jar;C:\Users\SumonK\.m2\repository\com\opera\operadriver\1.1\operadriver-1.1.jar;C:\Users\SumonK\.m2\repository\com\opera\operalaunchers\1.1\operalaunchers-1.1.jar;C:\Users\SumonK\.m2\repository\com\google\protobuf\protobuf-java\2.4.1\protobuf-java-2.4.1.jar;C:\Users\SumonK\.m2\repository\commons-jxpath\commons-jxpath\1.3\commons-jxpath-1.3.jar;C:\Users\SumonK\.m2\repository\org\ini4j\ini4j\0.5.2\ini4j-0.5.2.jar;C:\Users\SumonK\.m2\repository\com\codeborne\phantomjsdriver\1.2.1\phantomjsdriver-1.2.1.jar;C:\Users\SumonK\.m2\repository\commons-lang\commons-lang\2.6\commons-lang-2.6.jar;C:\Users\SumonK\.m2\repository\org\json\json\20140107\json-20140107.jar;C:\Users\SumonK\.m2\repository\com\google\guava\guava\14.0\guava-14.0.jar;C:\Users\SumonK\.m2\repository\org\fitnesse\fitnesse\20151230\fitnesse-20151230.jar;C:\Users\SumonK\.m2\repository\org\htmlparser\htmlparser\2.1\htmlparser-2.1.jar;C:\Users\SumonK\.m2\repository\org\htmlparser\htmllexer\2.1\htmllexer-2.1.jar;C:\Users\SumonK\.m2\repository\org\apache\velocity\velocity\1.7\velocity-1.7.jar;C:\Users\SumonK\.m2\repository\com\googlecode\java-diff-utils\diffutils\1.3.0\diffutils-1.3.0.jar;C:\Users\SumonK\.m2\repository\org\slf4j\slf4j-simple\1.7.12\slf4j-simple-1.7.12.jar;C:\Users\SumonK\.m2\repository\org\fitnesse\plugins\maven-classpath-plugin\1.9\maven-classpath-plugin-1.9.jar;C:\Users\SumonK\.m2\repository\org\apache\maven\maven-embedder\3.0.4\maven-embedder-3.0.4.jar;C:\Users\SumonK\.m2\repository\org\apache\maven\maven-settings\3.0.4\maven-settings-3.0.4.jar;C:\Users\SumonK\.m2\repository\org\apache\maven\maven-core\3.0.4\maven-core-3.0.4.jar;C:\Users\SumonK\.m2\repository\org\apache\maven\maven-model\3.0.4\maven-model-3.0.4.jar;C:\Users\SumonK\.m2\repository\org\apache\maven\maven-settings-builder\3.0.4\maven-settings-builder-3.0.4.jar;C:\Users\SumonK\.m2\repository\org\apache\maven\maven-repository-metadata\3.0.4\maven-repository-metadata-3.0.4.jar;C:\Users\SumonK\.m2\repository\org\apache\maven\maven-artifact\3.0.4\maven-artifact-3.0.4.jar;C:\Users\SumonK\.m2\repository\org\apache\maven\maven-aether-provider\3.0.4\maven-aether-provider-3.0.4.jar;C:\Users\SumonK\.m2\repository\org\sonatype\aether\aether-spi\1.13.1\aether-spi-1.13.1.jar;C:\Users\SumonK\.m2\repository\org\sonatype\aether\aether-impl\1.13.1\aether-impl-1.13.1.jar;C:\Users\SumonK\.m2\repository\org\sonatype\aether\aether-api\1.13.1\aether-api-1.13.1.jar;C:\Users\SumonK\.m2\repository\org\sonatype\aether\aether-util\1.13.1\aether-util-1.13.1.jar;C:\Users\SumonK\.m2\repository\org\codehaus\plexus\plexus-interpolation\1.14\plexus-interpolation-1.14.jar;C:\Users\SumonK\.m2\repository\org\apache\maven\maven-plugin-api\3.0.4\maven-plugin-api-3.0.4.jar;C:\Users\SumonK\.m2\repository\org\apache\maven\maven-model-builder\3.0.4\maven-model-builder-3.0.4.jar;C:\Users\SumonK\.m2\repository\org\apache\maven\maven-compat\3.0.4\maven-compat-3.0.4.jar;C:\Users\SumonK\.m2\repository\org\apache\maven\wagon\wagon-provider-api\2.2\wagon-provider-api-2.2.jar;C:\Users\SumonK\.m2\repository\org\codehaus\plexus\plexus-utils\2.0.6\plexus-utils-2.0.6.jar;C:\Users\SumonK\.m2\repository\org\codehaus\plexus\plexus-classworlds\2.4\plexus-classworlds-2.4.jar;C:\Users\SumonK\.m2\repository\org\sonatype\sisu\sisu-inject-plexus\2.3.0\sisu-inject-plexus-2.3.0.jar;C:\Users\SumonK\.m2\repository\org\sonatype\sisu\sisu-inject-bean\2.3.0\sisu-inject-bean-2.3.0.jar;C:\Users\SumonK\.m2\repository\org\sonatype\sisu\sisu-guice\3.1.0\sisu-guice-3.1.0-no_aop.jar;C:\Users\SumonK\.m2\repository\org\sonatype\sisu\sisu-guava\0.9.9\sisu-guava-0.9.9.jar;C:\Users\SumonK\.m2\repository\org\codehaus\plexus\plexus-component-annotations\1.5.5\plexus-component-annotations-1.5.5.jar;C:\Users\SumonK\.m2\repository\org\sonatype\plexus\plexus-sec-dispatcher\1.3\plexus-sec-dispatcher-1.3.jar;C:\Users\SumonK\.m2\repository\org\sonatype\plexus\plexus-cipher\1.7\plexus-cipher-1.7.jar;C:\Users\SumonK\.m2\repository\commons-cli\commons-cli\1.2\commons-cli-1.2.jar fitnesse.slim.SlimService 8091</command>
    <exitCode>1</exitCode>
    <stdOut>:::::::::::::::::: CLOSING ALL INSTANCES OF CHROME BROWSER AND DRIVER ::::::::::::::::::
================= STARTING AUTOMATION TEST ON ENVIRONMENT: STAGING =================
Chrome Browser is used
Navigating to url https://test.salesforce.com
Clicking on LogIn Button
Text value - Sumon Kashem exist as expected
Clicking on Search Button
Clicking on Display Name Link
Clicking on User Action Dropdown
Clicking on User Detail Link
Clicking on LogIn Button
Text value - Logged in as Livvy Button (livvy.button@finecast.com.fcqa2) exist as expected
Clicking on + icon Tab
Clicking on Companies Tab
Clicking on New Button
Clicking on Continue Button
Clicking on Save Button
Text value - QA Test Finecast Parent Agency-190926-0358 exist as expected
Clicking on + icon Tab
Clicking on Companies Tab
Clicking on New Button
Clicking on Continue Button
Clicking on Save Button
Text value - QA Test Finecast Child Agency-190926-0358 exist as expected
Clicking on + icon Tab
Clicking on Companies Tab
Clicking on New Button
Clicking on Continue Button
Clicking on Save Button
Text value - QA Test Finecast UK Parent Advertiser-190926-0358 exist as expected
Clicking on + icon Tab
Clicking on Companies Tab
Clicking on New Button
Clicking on Continue Button
Clicking on Opt-in Status Date Link
Clicking on Save Button
Text value - QA Test Finecast Child Advertiser-190926-0358 exist as expected
Clicking on + icon Tab
Clicking on Companies Tab
Clicking on New Button
Clicking on Continue Button
Clicking on Opt-in Status Date Link
Clicking on Save Button
Text value - QA Test Finecast Child Advertiser-190926-0358 --AUS exist as expected
Clicking on Accounts Tab
Clicking on New Button
Clicking on Continue Button
Clicking on Create Account Button
Text value - Agency and Advertiser must be from same Market. exist as expected
Clicking on Create Account Button
Attribute value - QA Test Finecast Child Agency-190926-0358 - GRB - QA Test Finecast Child Advertiser-190926-0358 exist as expected
clearing field
Clicking on Save Button
Text value - Finecast exist as expected
Text value - QA Test Finecast UK Account-190926-0358 [View Hierarchy] exist as expected
Text value - United Kingdom exist as expected
Text value - 001 exist as expected
Text value - Credit Exceeded exist as expected
Text value - Opt-In Notes Test exist as expected
Text value - 26/09/2019 exist as expected
Text value - Appliances exist as expected
Navigating to url https://finecast--fcqa2.my.salesforce.com/0011F00000VRZ7c
Clicking on Edit Button
Clicking on Cancel Button
Clicking on Delete Button
Clicking on New Contact Button
Clicking on Cancel Button
Clicking on Merge Contacts Button
Navigating to url https://finecast--fcqa2.my.salesforce.com/0011F00000VRZ7c
Clicking on New Opportunity Button
Clicking on Cancel Button
Clicking on New Button
Clicking on Cancel Button
Clicking on New Case Button
Clicking on Cancel Button
Clicking on New Task Button
Clicking on Cancel Button
Clicking on New Event Button
Clicking on Cancel Button
Clicking on Log a Call Button
Clicking on Cancel Button
Clicking on New Note Button
Clicking on Cancel Button
Clicking on Add Team Button
Clicking on Cancel Button
Clicking on Attach File Button
Navigating to url https://finecast--fcqa2.my.salesforce.com/0011F00000VRZ7c
Clicking on New Button
clearing field
clearing field
Clicking on Save Button
Text value - QA Test Finecast UK Opportunity-190926-0358 exist as expected
Text value - 25% exist as expected
Text value - Credit Exceeded exist as expected
Text value - Appliances exist as expected
Text value - FC-EMEA exist as expected
Clicking on + icon Tab
Clicking on Contacts Tab
Clicking on New Button
Clicking on Save Button
Fail - Unable to click on button/link
Navigating to url https://finecast--fcqa2.my.salesforce.com/0061F000007cPNHQA2?nooverride=1
Clicking on Contact Roles 'New' Button
Fail - Unable to click on button/link
Navigating to url https://finecast--fcqa2.my.salesforce.com/0061F000007cPNHQA2?nooverride=1
Clicking on New Buy Line Button
Fail - Unable to click on button/link
Navigating to url https://finecast--fcqa2.my.salesforce.com/0061F000007cPNHQA2?nooverride=1
Clicking on Edit Button
</stdOut>
    <stdErr>Starting ChromeDriver 2.44.609538 (b655c5a60b0b544917107a59d4153d4bf78e1b90) on port 53134
Only local connections are allowed.
org.openqa.selenium.remote.UnreachableBrowserException: Error communicating with the remote browser. It may have died.
Build info: version: '2.53.0', revision: '35ae25b1534ae328c771e0856c93e187490ca824', time: '2016-03-15 10:43:46'
System info: host: 'EC2AMAZ-FEFP0OS', ip: '10.199.140.93', os.name: 'Windows NT (unknown)', os.arch: 'amd64', os.version: '10.0', java.version: '1.8.0_91'
Driver info: driver.version: RemoteWebDriver
Capabilities [{mobileEmulationEnabled=false, hasTouchScreen=false, platform=XP, acceptSslCerts=false, goog:chromeOptions={debuggerAddress=localhost:61841}, acceptInsecureCerts=false, webStorageEnabled=true, browserName=chrome, takesScreenshot=true, javascriptEnabled=true, setWindowRect=true, unexpectedAlertBehaviour=ignore, applicationCacheEnabled=false, rotatable=false, networkConnectionEnabled=false, chrome={chromedriverVersion=2.44.609538 (b655c5a60b0b544917107a59d4153d4bf78e1b90), userDataDir=C:\Users\SumonK\AppData\Local\Temp\2\scoped_dir2044_5257}, takesHeapSnapshot=true, pageLoadStrategy=normal, databaseEnabled=false, handlesAlerts=true, version=77.0.3865.90, browserConnectionEnabled=false, nativeEvents=true, locationContextEnabled=true, cssSelectorsEnabled=true}]
Session ID: de3bc83675314448abaa4689dec72432
	at org.openqa.selenium.remote.RemoteWebDriver.execute(RemoteWebDriver.java:665)
	at org.openqa.selenium.remote.RemoteWebDriver.execute(RemoteWebDriver.java:701)
	at org.openqa.selenium.remote.RemoteWebDriver.getScreenshotAs(RemoteWebDriver.java:335)
	at com.fitNesse.DriverClass.getScreenShot(DriverClass.java:2730)
	at com.fitNesse.DriverClass.click(DriverClass.java:422)
	at sun.reflect.GeneratedMethodAccessor16.invoke(Unknown Source)
	at sun.reflect.DelegatingMethodAccessorImpl.invoke(DelegatingMethodAccessorImpl.java:43)
	at java.lang.reflect.Method.invoke(Method.java:498)
	at fitnesse.slim.fixtureInteraction.DefaultInteraction.methodInvoke(DefaultInteraction.java:81)
	at fitnesse.slim.MethodExecutor.callMethod(MethodExecutor.java:57)
	at fitnesse.slim.MethodExecutor.invokeMethod(MethodExecutor.java:38)
	at fitnesse.slim.MethodExecutor.findAndInvoke(MethodExecutor.java:72)
	at fitnesse.slim.FixtureMethodExecutor.execute(FixtureMethodExecutor.java:20)
	at fitnesse.slim.StatementExecutor.getMethodExecutionResult(StatementExecutor.java:135)
	at fitnesse.slim.StatementExecutor.call(StatementExecutor.java:108)
	at fitnesse.slim.instructions.CallInstruction.executeInternal(CallInstruction.java:35)
	at fitnesse.slim.instructions.Instruction.execute(Instruction.java:29)
	at fitnesse.slim.ListExecutor$Executive.executeStatement(ListExecutor.java:49)
	at fitnesse.slim.ListExecutor$Executive.executeStatements(ListExecutor.java:43)
	at fitnesse.slim.ListExecutor.execute(ListExecutor.java:85)
	at fitnesse.slim.SlimServer.executeInstructions(SlimServer.java:84)
	at fitnesse.slim.SlimServer.processOneSetOfInstructions(SlimServer.java:77)
	at fitnesse.slim.SlimServer.tryProcessInstructions(SlimServer.java:64)
	at fitnesse.slim.SlimServer.serve(SlimServer.java:49)
	at fitnesse.slim.SlimService.handle(SlimService.java:154)
	at fitnesse.slim.SlimService.acceptOne(SlimService.java:162)
	at fitnesse.slim.SlimService.accept(SlimService.java:124)
	at fitnesse.slim.SlimService.startWithFactory(SlimService.java:76)
	at fitnesse.slim.SlimService.main(SlimService.java:56)
Caused by: org.openqa.selenium.WebDriverException: org.apache.http.conn.HttpHostConnectException: Connect to localhost:53134 [localhost/127.0.0.1, localhost/0:0:0:0:0:0:0:1] failed: Connection refused: connect
Build info: version: '2.53.0', revision: '35ae25b1534ae328c771e0856c93e187490ca824', time: '2016-03-15 10:43:46'
System info: host: 'EC2AMAZ-FEFP0OS', ip: '10.199.140.93', os.name: 'Windows NT (unknown)', os.arch: 'amd64', os.version: '10.0', java.version: '1.8.0_91'
Driver info: driver.version: RemoteWebDriver
	at org.openqa.selenium.remote.service.DriverCommandExecutor.execute(DriverCommandExecutor.java:91)
	at org.openqa.selenium.remote.RemoteWebDriver.execute(RemoteWebDriver.java:644)
	... 28 more
Caused by: org.apache.http.conn.HttpHostConnectException: Connect to localhost:53134 [localhost/127.0.0.1, localhost/0:0:0:0:0:0:0:1] failed: Connection refused: connect
	at org.apache.http.impl.conn.DefaultHttpClientConnectionOperator.connect(DefaultHttpClientConnectionOperator.java:151)
	at org.apache.http.impl.conn.PoolingHttpClientConnectionManager.connect(PoolingHttpClientConnectionManager.java:353)
	at org.apache.http.impl.execchain.MainClientExec.establishRoute(MainClientExec.java:380)
	at org.apache.http.impl.execchain.MainClientExec.execute(MainClientExec.java:236)
	at org.apache.http.impl.execchain.ProtocolExec.execute(ProtocolExec.java:184)
	at org.apache.http.impl.execchain.RetryExec.execute(RetryExec.java:88)
	at org.apache.http.impl.execchain.RedirectExec.execute(RedirectExec.java:110)
	at org.apache.http.impl.client.InternalHttpClient.doExecute(InternalHttpClient.java:184)
	at org.apache.http.impl.client.CloseableHttpClient.execute(CloseableHttpClient.java:71)
	at org.apache.http.impl.client.CloseableHttpClient.execute(CloseableHttpClient.java:55)
	at org.openqa.selenium.remote.internal.ApacheHttpClient.fallBackExecute(ApacheHttpClient.java:144)
	at org.openqa.selenium.remote.internal.ApacheHttpClient.execute(ApacheHttpClient.java:90)
	at org.openqa.selenium.remote.HttpCommandExecutor.execute(HttpCommandExecutor.java:142)
	at org.openqa.selenium.remote.service.DriverCommandExecutor.execute(DriverCommandExecutor.java:82)
	... 29 more
Caused by: java.net.ConnectException: Connection refused: connect
	at java.net.DualStackPlainSocketImpl.waitForConnect(Native Method)
	at java.net.DualStackPlainSocketImpl.socketConnect(DualStackPlainSocketImpl.java:85)
	at java.net.AbstractPlainSocketImpl.doConnect(AbstractPlainSocketImpl.java:350)
	at java.net.AbstractPlainSocketImpl.connectToAddress(AbstractPlainSocketImpl.java:206)
	at java.net.AbstractPlainSocketImpl.connect(AbstractPlainSocketImpl.java:188)
	at java.net.PlainSocketImpl.connect(PlainSocketImpl.java:172)
	at java.net.SocksSocketImpl.connect(SocksSocketImpl.java:392)
	at java.net.Socket.connect(Socket.java:589)
	at org.apache.http.conn.socket.PlainConnectionSocketFactory.connectSocket(PlainConnectionSocketFactory.java:74)
	at org.apache.http.impl.conn.DefaultHttpClientConnectionOperator.connect(DefaultHttpClientConnectionOperator.java:134)
	... 42 more
Sep 26, 2019 4:02:57 PM org.openqa.selenium.support.ui.ExpectedConditions findElement
WARNING: WebDriverException thrown by findElement(By.xpath: //*[@title="New Contact Roles"])
org.openqa.selenium.remote.UnreachableBrowserException: Error communicating with the remote browser. It may have died.
Build info: version: '2.53.0', revision: '35ae25b1534ae328c771e0856c93e187490ca824', time: '2016-03-15 10:43:46'
System info: host: 'EC2AMAZ-FEFP0OS', ip: '10.199.140.93', os.name: 'Windows NT (unknown)', os.arch: 'amd64', os.version: '10.0', java.version: '1.8.0_91'
Driver info: driver.version: RemoteWebDriver
Capabilities [{mobileEmulationEnabled=false, hasTouchScreen=false, platform=XP, acceptSslCerts=false, goog:chromeOptions={debuggerAddress=localhost:61841}, acceptInsecureCerts=false, webStorageEnabled=true, browserName=chrome, takesScreenshot=true, javascriptEnabled=true, setWindowRect=true, unexpectedAlertBehaviour=ignore, applicationCacheEnabled=false, rotatable=false, networkConnectionEnabled=false, chrome={chromedriverVersion=2.44.609538 (b655c5a60b0b544917107a59d4153d4bf78e1b90), userDataDir=C:\Users\SumonK\AppData\Local\Temp\2\scoped_dir2044_5257}, takesHeapSnapshot=true, pageLoadStrategy=normal, databaseEnabled=false, handlesAlerts=true, version=77.0.3865.90, browserConnectionEnabled=false, nativeEvents=true, locationContextEnabled=true, cssSelectorsEnabled=true}]
Session ID: de3bc83675314448abaa4689dec72432
	at org.openqa.selenium.remote.RemoteWebDriver.execute(RemoteWebDriver.java:665)
	at org.openqa.selenium.remote.RemoteWebDriver.findElement(RemoteWebDriver.java:363)
	at org.openqa.selenium.remote.RemoteWebDriver.findElementByXPath(RemoteWebDriver.java:500)
	at org.openqa.selenium.By$ByXPath.findElement(By.java:361)
	at org.openqa.selenium.remote.RemoteWebDriver.findElement(RemoteWebDriver.java:355)
	at org.openqa.selenium.support.ui.ExpectedConditions.findElement(ExpectedConditions.java:899)
	at org.openqa.selenium.support.ui.ExpectedConditions.access$000(ExpectedConditions.java:41)
	at org.openqa.selenium.support.ui.ExpectedConditions$7.apply(ExpectedConditions.java:205)
	at org.openqa.selenium.support.ui.ExpectedConditions$7.apply(ExpectedConditions.java:201)
	at org.openqa.selenium.support.ui.FluentWait.until(FluentWait.java:238)
	at com.fitNesse.DriverClass.click(DriverClass.java:416)
	at sun.reflect.GeneratedMethodAccessor16.invoke(Unknown Source)
	at sun.reflect.DelegatingMethodAccessorImpl.invoke(DelegatingMethodAccessorImpl.java:43)
	at java.lang.reflect.Method.invoke(Method.java:498)
	at fitnesse.slim.fixtureInteraction.DefaultInteraction.methodInvoke(DefaultInteraction.java:81)
	at fitnesse.slim.MethodExecutor.callMethod(MethodExecutor.java:57)
	at fitnesse.slim.MethodExecutor.invokeMethod(MethodExecutor.java:38)
	at fitnesse.slim.MethodExecutor.findAndInvoke(MethodExecutor.java:72)
	at fitnesse.slim.FixtureMethodExecutor.execute(FixtureMethodExecutor.java:20)
	at fitnesse.slim.StatementExecutor.getMethodExecutionResult(StatementExecutor.java:135)
	at fitnesse.slim.StatementExecutor.call(StatementExecutor.java:108)
	at fitnesse.slim.instructions.CallInstruction.executeInternal(CallInstruction.java:35)
	at fitnesse.slim.instructions.Instruction.execute(Instruction.java:29)
	at fitnesse.slim.ListExecutor$Executive.executeStatement(ListExecutor.java:49)
	at fitnesse.slim.ListExecutor$Executive.executeStatements(ListExecutor.java:43)
	at fitnesse.slim.ListExecutor.execute(ListExecutor.java:85)
	at fitnesse.slim.SlimServer.executeInstructions(SlimServer.java:84)
	at fitnesse.slim.SlimServer.processOneSetOfInstructions(SlimServer.java:77)
	at fitnesse.slim.SlimServer.tryProcessInstructions(SlimServer.java:64)
	at fitnesse.slim.SlimServer.serve(SlimServer.java:49)
	at fitnesse.slim.SlimService.handle(SlimService.java:154)
	at fitnesse.slim.SlimService.acceptOne(SlimService.java:162)
	at fitnesse.slim.SlimService.accept(SlimService.java:124)
	at fitnesse.slim.SlimService.startWithFactory(SlimService.java:76)
	at fitnesse.slim.SlimService.main(SlimService.java:56)
Caused by: org.openqa.selenium.WebDriverException: org.apache.http.conn.HttpHostConnectException: Connect to localhost:53134 [localhost/127.0.0.1, localhost/0:0:0:0:0:0:0:1] failed: Connection refused: connect
Build info: version: '2.53.0', revision: '35ae25b1534ae328c771e0856c93e187490ca824', time: '2016-03-15 10:43:46'
System info: host: 'EC2AMAZ-FEFP0OS', ip: '10.199.140.93', os.name: 'Windows NT (unknown)', os.arch: 'amd64', os.version: '10.0', java.version: '1.8.0_91'
Driver info: driver.version: RemoteWebDriver
	at org.openqa.selenium.remote.service.DriverCommandExecutor.execute(DriverCommandExecutor.java:91)
	at org.openqa.selenium.remote.RemoteWebDriver.execute(RemoteWebDriver.java:644)
	... 34 more
Caused by: org.apache.http.conn.HttpHostConnectException: Connect to localhost:53134 [localhost/127.0.0.1, localhost/0:0:0:0:0:0:0:1] failed: Connection refused: connect
	at org.apache.http.impl.conn.DefaultHttpClientConnectionOperator.connect(DefaultHttpClientConnectionOperator.java:151)
	at org.apache.http.impl.conn.PoolingHttpClientConnectionManager.connect(PoolingHttpClientConnectionManager.java:353)
	at org.apache.http.impl.execchain.MainClientExec.establishRoute(MainClientExec.java:380)
	at org.apache.http.impl.execchain.MainClientExec.execute(MainClientExec.java:236)
	at org.apache.http.impl.execchain.ProtocolExec.execute(ProtocolExec.java:184)
	at org.apache.http.impl.execchain.RetryExec.execute(RetryExec.java:88)
	at org.apache.http.impl.execchain.RedirectExec.execute(RedirectExec.java:110)
	at org.apache.http.impl.client.InternalHttpClient.doExecute(InternalHttpClient.java:184)
	at org.apache.http.impl.client.CloseableHttpClient.execute(CloseableHttpClient.java:71)
	at org.apache.http.impl.client.CloseableHttpClient.execute(CloseableHttpClient.java:55)
	at org.openqa.selenium.remote.internal.ApacheHttpClient.fallBackExecute(ApacheHttpClient.java:144)
	at org.openqa.selenium.remote.internal.ApacheHttpClient.execute(ApacheHttpClient.java:90)
	at org.openqa.selenium.remote.HttpCommandExecutor.execute(HttpCommandExecutor.java:142)
	at org.openqa.selenium.remote.service.DriverCommandExecutor.execute(DriverCommandExecutor.java:82)
	... 35 more
Caused by: java.net.ConnectException: Connection refused: connect
	at java.net.DualStackPlainSocketImpl.waitForConnect(Native Method)
	at java.net.DualStackPlainSocketImpl.socketConnect(DualStackPlainSocketImpl.java:85)
	at java.net.AbstractPlainSocketImpl.doConnect(AbstractPlainSocketImpl.java:350)
	at java.net.AbstractPlainSocketImpl.connectToAddress(AbstractPlainSocketImpl.java:206)
	at java.net.AbstractPlainSocketImpl.connect(AbstractPlainSocketImpl.java:188)
	at java.net.PlainSocketImpl.connect(PlainSocketImpl.java:172)
	at java.net.SocksSocketImpl.connect(SocksSocketImpl.java:392)
	at java.net.Socket.connect(Socket.java:589)
	at org.apache.http.conn.socket.PlainConnectionSocketFactory.connectSocket(PlainConnectionSocketFactory.java:74)
	at org.apache.http.impl.conn.DefaultHttpClientConnectionOperator.connect(DefaultHttpClientConnectionOperator.java:134)
	... 48 more

org.openqa.selenium.remote.UnreachableBrowserException: Error communicating with the remote browser. It may have died.
Build info: version: '2.53.0', revision: '35ae25b1534ae328c771e0856c93e187490ca824', time: '2016-03-15 10:43:46'
System info: host: 'EC2AMAZ-FEFP0OS', ip: '10.199.140.93', os.name: 'Windows NT (unknown)', os.arch: 'amd64', os.version: '10.0', java.version: '1.8.0_91'
Driver info: driver.version: RemoteWebDriver
Capabilities [{mobileEmulationEnabled=false, hasTouchScreen=false, platform=XP, acceptSslCerts=false, goog:chromeOptions={debuggerAddress=localhost:61841}, acceptInsecureCerts=false, webStorageEnabled=true, browserName=chrome, takesScreenshot=true, javascriptEnabled=true, setWindowRect=true, unexpectedAlertBehaviour=ignore, applicationCacheEnabled=false, rotatable=false, networkConnectionEnabled=false, chrome={chromedriverVersion=2.44.609538 (b655c5a60b0b544917107a59d4153d4bf78e1b90), userDataDir=C:\Users\SumonK\AppData\Local\Temp\2\scoped_dir2044_5257}, takesHeapSnapshot=true, pageLoadStrategy=normal, databaseEnabled=false, handlesAlerts=true, version=77.0.3865.90, browserConnectionEnabled=false, nativeEvents=true, locationContextEnabled=true, cssSelectorsEnabled=true}]
Session ID: de3bc83675314448abaa4689dec72432
	at org.openqa.selenium.remote.RemoteWebDriver.execute(RemoteWebDriver.java:665)
	at org.openqa.selenium.remote.RemoteWebDriver.execute(RemoteWebDriver.java:701)
	at org.openqa.selenium.remote.RemoteWebDriver.getScreenshotAs(RemoteWebDriver.java:335)
	at com.fitNesse.DriverClass.getScreenShot(DriverClass.java:2730)
	at com.fitNesse.DriverClass.click(DriverClass.java:422)
	at sun.reflect.GeneratedMethodAccessor16.invoke(Unknown Source)
	at sun.reflect.DelegatingMethodAccessorImpl.invoke(DelegatingMethodAccessorImpl.java:43)
	at java.lang.reflect.Method.invoke(Method.java:498)
	at fitnesse.slim.fixtureInteraction.DefaultInteraction.methodInvoke(DefaultInteraction.java:81)
	at fitnesse.slim.MethodExecutor.callMethod(MethodExecutor.java:57)
	at fitnesse.slim.MethodExecutor.invokeMethod(MethodExecutor.java:38)
	at fitnesse.slim.MethodExecutor.findAndInvoke(MethodExecutor.java:72)
	at fitnesse.slim.FixtureMethodExecutor.execute(FixtureMethodExecutor.java:20)
	at fitnesse.slim.StatementExecutor.getMethodExecutionResult(StatementExecutor.java:135)
	at fitnesse.slim.StatementExecutor.call(StatementExecutor.java:108)
	at fitnesse.slim.instructions.CallInstruction.executeInternal(CallInstruction.java:35)
	at fitnesse.slim.instructions.Instruction.execute(Instruction.java:29)
	at fitnesse.slim.ListExecutor$Executive.executeStatement(ListExecutor.java:49)
	at fitnesse.slim.ListExecutor$Executive.executeStatements(ListExecutor.java:43)
	at fitnesse.slim.ListExecutor.execute(ListExecutor.java:85)
	at fitnesse.slim.SlimServer.executeInstructions(SlimServer.java:84)
	at fitnesse.slim.SlimServer.processOneSetOfInstructions(SlimServer.java:77)
	at fitnesse.slim.SlimServer.tryProcessInstructions(SlimServer.java:64)
	at fitnesse.slim.SlimServer.serve(SlimServer.java:49)
	at fitnesse.slim.SlimService.handle(SlimService.java:154)
	at fitnesse.slim.SlimService.acceptOne(SlimService.java:162)
	at fitnesse.slim.SlimService.accept(SlimService.java:124)
	at fitnesse.slim.SlimService.startWithFactory(SlimService.java:76)
	at fitnesse.slim.SlimService.main(SlimService.java:56)
Caused by: org.openqa.selenium.WebDriverException: org.apache.http.conn.HttpHostConnectException: Connect to localhost:53134 [localhost/127.0.0.1, localhost/0:0:0:0:0:0:0:1] failed: Connection refused: connect
Build info: version: '2.53.0', revision: '35ae25b1534ae328c771e0856c93e187490ca824', time: '2016-03-15 10:43:46'
System info: host: 'EC2AMAZ-FEFP0OS', ip: '10.199.140.93', os.name: 'Windows NT (unknown)', os.arch: 'amd64', os.version: '10.0', java.version: '1.8.0_91'
Driver info: driver.version: RemoteWebDriver
	at org.openqa.selenium.remote.service.DriverCommandExecutor.execute(DriverCommandExecutor.java:91)
	at org.openqa.selenium.remote.RemoteWebDriver.execute(RemoteWebDriver.java:644)
	... 28 more
Caused by: org.apache.http.conn.HttpHostConnectException: Connect to localhost:53134 [localhost/127.0.0.1, localhost/0:0:0:0:0:0:0:1] failed: Connection refused: connect
	at org.apache.http.impl.conn.DefaultHttpClientConnectionOperator.connect(DefaultHttpClientConnectionOperator.java:151)
	at org.apache.http.impl.conn.PoolingHttpClientConnectionManager.connect(PoolingHttpClientConnectionManager.java:353)
	at org.apache.http.impl.execchain.MainClientExec.establishRoute(MainClientExec.java:380)
	at org.apache.http.impl.execchain.MainClientExec.execute(MainClientExec.java:236)
	at org.apache.http.impl.execchain.ProtocolExec.execute(ProtocolExec.java:184)
	at org.apache.http.impl.execchain.RetryExec.execute(RetryExec.java:88)
	at org.apache.http.impl.execchain.RedirectExec.execute(RedirectExec.java:110)
	at org.apache.http.impl.client.InternalHttpClient.doExecute(InternalHttpClient.java:184)
	at org.apache.http.impl.client.CloseableHttpClient.execute(CloseableHttpClient.java:71)
	at org.apache.http.impl.client.CloseableHttpClient.execute(CloseableHttpClient.java:55)
	at org.openqa.selenium.remote.internal.ApacheHttpClient.fallBackExecute(ApacheHttpClient.java:144)
	at org.openqa.selenium.remote.internal.ApacheHttpClient.execute(ApacheHttpClient.java:90)
	at org.openqa.selenium.remote.HttpCommandExecutor.execute(HttpCommandExecutor.java:142)
	at org.openqa.selenium.remote.service.DriverCommandExecutor.execute(DriverCommandExecutor.java:82)
	... 29 more
Caused by: java.net.ConnectException: Connection refused: connect
	at java.net.DualStackPlainSocketImpl.waitForConnect(Native Method)
	at java.net.DualStackPlainSocketImpl.socketConnect(DualStackPlainSocketImpl.java:85)
	at java.net.AbstractPlainSocketImpl.doConnect(AbstractPlainSocketImpl.java:350)
	at java.net.AbstractPlainSocketImpl.connectToAddress(AbstractPlainSocketImpl.java:206)
	at java.net.AbstractPlainSocketImpl.connect(AbstractPlainSocketImpl.java:188)
	at java.net.PlainSocketImpl.connect(PlainSocketImpl.java:172)
	at java.net.SocksSocketImpl.connect(SocksSocketImpl.java:392)
	at java.net.Socket.connect(Socket.java:589)
	at org.apache.http.conn.socket.PlainConnectionSocketFactory.connectSocket(PlainConnectionSocketFactory.java:74)
	at org.apache.http.impl.conn.DefaultHttpClientConnectionOperator.connect(DefaultHttpClientConnectionOperator.java:134)
	... 42 more
Sep 26, 2019 4:03:08 PM org.openqa.selenium.support.ui.ExpectedConditions findElement
WARNING: WebDriverException thrown by findElement(By.xpath: //*[@value="New Buy Line"])
org.openqa.selenium.remote.UnreachableBrowserException: Error communicating with the remote browser. It may have died.
Build info: version: '2.53.0', revision: '35ae25b1534ae328c771e0856c93e187490ca824', time: '2016-03-15 10:43:46'
System info: host: 'EC2AMAZ-FEFP0OS', ip: '10.199.140.93', os.name: 'Windows NT (unknown)', os.arch: 'amd64', os.version: '10.0', java.version: '1.8.0_91'
Driver info: driver.version: RemoteWebDriver
Capabilities [{mobileEmulationEnabled=false, hasTouchScreen=false, platform=XP, acceptSslCerts=false, goog:chromeOptions={debuggerAddress=localhost:61841}, acceptInsecureCerts=false, webStorageEnabled=true, browserName=chrome, takesScreenshot=true, javascriptEnabled=true, setWindowRect=true, unexpectedAlertBehaviour=ignore, applicationCacheEnabled=false, rotatable=false, networkConnectionEnabled=false, chrome={chromedriverVersion=2.44.609538 (b655c5a60b0b544917107a59d4153d4bf78e1b90), userDataDir=C:\Users\SumonK\AppData\Local\Temp\2\scoped_dir2044_5257}, takesHeapSnapshot=true, pageLoadStrategy=normal, databaseEnabled=false, handlesAlerts=true, version=77.0.3865.90, browserConnectionEnabled=false, nativeEvents=true, locationContextEnabled=true, cssSelectorsEnabled=true}]
Session ID: de3bc83675314448abaa4689dec72432
	at org.openqa.selenium.remote.RemoteWebDriver.execute(RemoteWebDriver.java:665)
	at org.openqa.selenium.remote.RemoteWebDriver.findElement(RemoteWebDriver.java:363)
	at org.openqa.selenium.remote.RemoteWebDriver.findElementByXPath(RemoteWebDriver.java:500)
	at org.openqa.selenium.By$ByXPath.findElement(By.java:361)
	at org.openqa.selenium.remote.RemoteWebDriver.findElement(RemoteWebDriver.java:355)
	at org.openqa.selenium.support.ui.ExpectedConditions.findElement(ExpectedConditions.java:899)
	at org.openqa.selenium.support.ui.ExpectedConditions.access$000(ExpectedConditions.java:41)
	at org.openqa.selenium.support.ui.ExpectedConditions$7.apply(ExpectedConditions.java:205)
	at org.openqa.selenium.support.ui.ExpectedConditions$7.apply(ExpectedConditions.java:201)
	at org.openqa.selenium.support.ui.FluentWait.until(FluentWait.java:238)
	at com.fitNesse.DriverClass.click(DriverClass.java:416)
	at sun.reflect.GeneratedMethodAccessor16.invoke(Unknown Source)
	at sun.reflect.DelegatingMethodAccessorImpl.invoke(DelegatingMethodAccessorImpl.java:43)
	at java.lang.reflect.Method.invoke(Method.java:498)
	at fitnesse.slim.fixtureInteraction.DefaultInteraction.methodInvoke(DefaultInteraction.java:81)
	at fitnesse.slim.MethodExecutor.callMethod(MethodExecutor.java:57)
	at fitnesse.slim.MethodExecutor.invokeMethod(MethodExecutor.java:38)
	at fitnesse.slim.MethodExecutor.findAndInvoke(MethodExecutor.java:72)
	at fitnesse.slim.FixtureMethodExecutor.execute(FixtureMethodExecutor.java:20)
	at fitnesse.slim.StatementExecutor.getMethodExecutionResult(StatementExecutor.java:135)
	at fitnesse.slim.StatementExecutor.call(StatementExecutor.java:108)
	at fitnesse.slim.instructions.CallInstruction.executeInternal(CallInstruction.java:35)
	at fitnesse.slim.instructions.Instruction.execute(Instruction.java:29)
	at fitnesse.slim.ListExecutor$Executive.executeStatement(ListExecutor.java:49)
	at fitnesse.slim.ListExecutor$Executive.executeStatements(ListExecutor.java:43)
	at fitnesse.slim.ListExecutor.execute(ListExecutor.java:85)
	at fitnesse.slim.SlimServer.executeInstructions(SlimServer.java:84)
	at fitnesse.slim.SlimServer.processOneSetOfInstructions(SlimServer.java:77)
	at fitnesse.slim.SlimServer.tryProcessInstructions(SlimServer.java:64)
	at fitnesse.slim.SlimServer.serve(SlimServer.java:49)
	at fitnesse.slim.SlimService.handle(SlimService.java:154)
	at fitnesse.slim.SlimService.acceptOne(SlimService.java:162)
	at fitnesse.slim.SlimService.accept(SlimService.java:124)
	at fitnesse.slim.SlimService.startWithFactory(SlimService.java:76)
	at fitnesse.slim.SlimService.main(SlimService.java:56)
Caused by: org.openqa.selenium.WebDriverException: org.apache.http.conn.HttpHostConnectException: Connect to localhost:53134 [localhost/127.0.0.1, localhost/0:0:0:0:0:0:0:1] failed: Connection refused: connect
Build info: version: '2.53.0', revision: '35ae25b1534ae328c771e0856c93e187490ca824', time: '2016-03-15 10:43:46'
System info: host: 'EC2AMAZ-FEFP0OS', ip: '10.199.140.93', os.name: 'Windows NT (unknown)', os.arch: 'amd64', os.version: '10.0', java.version: '1.8.0_91'
Driver info: driver.version: RemoteWebDriver
	at org.openqa.selenium.remote.service.DriverCommandExecutor.execute(DriverCommandExecutor.java:91)
	at org.openqa.selenium.remote.RemoteWebDriver.execute(RemoteWebDriver.java:644)
	... 34 more
Caused by: org.apache.http.conn.HttpHostConnectException: Connect to localhost:53134 [localhost/127.0.0.1, localhost/0:0:0:0:0:0:0:1] failed: Connection refused: connect
	at org.apache.http.impl.conn.DefaultHttpClientConnectionOperator.connect(DefaultHttpClientConnectionOperator.java:151)
	at org.apache.http.impl.conn.PoolingHttpClientConnectionManager.connect(PoolingHttpClientConnectionManager.java:353)
	at org.apache.http.impl.execchain.MainClientExec.establishRoute(MainClientExec.java:380)
	at org.apache.http.impl.execchain.MainClientExec.execute(MainClientExec.java:236)
	at org.apache.http.impl.execchain.ProtocolExec.execute(ProtocolExec.java:184)
	at org.apache.http.impl.execchain.RetryExec.execute(RetryExec.java:88)
	at org.apache.http.impl.execchain.RedirectExec.execute(RedirectExec.java:110)
	at org.apache.http.impl.client.InternalHttpClient.doExecute(InternalHttpClient.java:184)
	at org.apache.http.impl.client.CloseableHttpClient.execute(CloseableHttpClient.java:71)
	at org.apache.http.impl.client.CloseableHttpClient.execute(CloseableHttpClient.java:55)
	at org.openqa.selenium.remote.internal.ApacheHttpClient.fallBackExecute(ApacheHttpClient.java:144)
	at org.openqa.selenium.remote.internal.ApacheHttpClient.execute(ApacheHttpClient.java:90)
	at org.openqa.selenium.remote.HttpCommandExecutor.execute(HttpCommandExecutor.java:142)
	at org.openqa.selenium.remote.service.DriverCommandExecutor.execute(DriverCommandExecutor.java:82)
	... 35 more
Caused by: java.net.ConnectException: Connection refused: connect
	at java.net.DualStackPlainSocketImpl.waitForConnect(Native Method)
	at java.net.DualStackPlainSocketImpl.socketConnect(DualStackPlainSocketImpl.java:85)
	at java.net.AbstractPlainSocketImpl.doConnect(AbstractPlainSocketImpl.java:350)
	at java.net.AbstractPlainSocketImpl.connectToAddress(AbstractPlainSocketImpl.java:206)
	at java.net.AbstractPlainSocketImpl.connect(AbstractPlainSocketImpl.java:188)
	at java.net.PlainSocketImpl.connect(PlainSocketImpl.java:172)
	at java.net.SocksSocketImpl.connect(SocksSocketImpl.java:392)
	at java.net.Socket.connect(Socket.java:589)
	at org.apache.http.conn.socket.PlainConnectionSocketFactory.connectSocket(PlainConnectionSocketFactory.java:74)
	at org.apache.http.impl.conn.DefaultHttpClientConnectionOperator.connect(DefaultHttpClientConnectionOperator.java:134)
	... 48 more

org.openqa.selenium.remote.UnreachableBrowserException: Error communicating with the remote browser. It may have died.
Build info: version: '2.53.0', revision: '35ae25b1534ae328c771e0856c93e187490ca824', time: '2016-03-15 10:43:46'
System info: host: 'EC2AMAZ-FEFP0OS', ip: '10.199.140.93', os.name: 'Windows NT (unknown)', os.arch: 'amd64', os.version: '10.0', java.version: '1.8.0_91'
Driver info: driver.version: RemoteWebDriver
Capabilities [{mobileEmulationEnabled=false, hasTouchScreen=false, platform=XP, acceptSslCerts=false, goog:chromeOptions={debuggerAddress=localhost:61841}, acceptInsecureCerts=false, webStorageEnabled=true, browserName=chrome, takesScreenshot=true, javascriptEnabled=true, setWindowRect=true, unexpectedAlertBehaviour=ignore, applicationCacheEnabled=false, rotatable=false, networkConnectionEnabled=false, chrome={chromedriverVersion=2.44.609538 (b655c5a60b0b544917107a59d4153d4bf78e1b90), userDataDir=C:\Users\SumonK\AppData\Local\Temp\2\scoped_dir2044_5257}, takesHeapSnapshot=true, pageLoadStrategy=normal, databaseEnabled=false, handlesAlerts=true, version=77.0.3865.90, browserConnectionEnabled=false, nativeEvents=true, locationContextEnabled=true, cssSelectorsEnabled=true}]
Session ID: de3bc83675314448abaa4689dec72432
	at org.openqa.selenium.remote.RemoteWebDriver.execute(RemoteWebDriver.java:665)
	at org.openqa.selenium.remote.RemoteWebDriver.execute(RemoteWebDriver.java:701)
	at org.openqa.selenium.remote.RemoteWebDriver.getScreenshotAs(RemoteWebDriver.java:335)
	at com.fitNesse.DriverClass.getScreenShot(DriverClass.java:2730)
	at com.fitNesse.DriverClass.click(DriverClass.java:422)
	at sun.reflect.GeneratedMethodAccessor16.invoke(Unknown Source)
	at sun.reflect.DelegatingMethodAccessorImpl.invoke(DelegatingMethodAccessorImpl.java:43)
	at java.lang.reflect.Method.invoke(Method.java:498)
	at fitnesse.slim.fixtureInteraction.DefaultInteraction.methodInvoke(DefaultInteraction.java:81)
	at fitnesse.slim.MethodExecutor.callMethod(MethodExecutor.java:57)
	at fitnesse.slim.MethodExecutor.invokeMethod(MethodExecutor.java:38)
	at fitnesse.slim.MethodExecutor.findAndInvoke(MethodExecutor.java:72)
	at fitnesse.slim.FixtureMethodExecutor.execute(FixtureMethodExecutor.java:20)
	at fitnesse.slim.StatementExecutor.getMethodExecutionResult(StatementExecutor.java:135)
	at fitnesse.slim.StatementExecutor.call(StatementExecutor.java:108)
	at fitnesse.slim.instructions.CallInstruction.executeInternal(CallInstruction.java:35)
	at fitnesse.slim.instructions.Instruction.execute(Instruction.java:29)
	at fitnesse.slim.ListExecutor$Executive.executeStatement(ListExecutor.java:49)
	at fitnesse.slim.ListExecutor$Executive.executeStatements(ListExecutor.java:43)
	at fitnesse.slim.ListExecutor.execute(ListExecutor.java:85)
	at fitnesse.slim.SlimServer.executeInstructions(SlimServer.java:84)
	at fitnesse.slim.SlimServer.processOneSetOfInstructions(SlimServer.java:77)
	at fitnesse.slim.SlimServer.tryProcessInstructions(SlimServer.java:64)
	at fitnesse.slim.SlimServer.serve(SlimServer.java:49)
	at fitnesse.slim.SlimService.handle(SlimService.java:154)
	at fitnesse.slim.SlimService.acceptOne(SlimService.java:162)
	at fitnesse.slim.SlimService.accept(SlimService.java:124)
	at fitnesse.slim.SlimService.startWithFactory(SlimService.java:76)
	at fitnesse.slim.SlimService.main(SlimService.java:56)
Caused by: org.openqa.selenium.WebDriverException: org.apache.http.conn.HttpHostConnectException: Connect to localhost:53134 [localhost/127.0.0.1, localhost/0:0:0:0:0:0:0:1] failed: Connection refused: connect
Build info: version: '2.53.0', revision: '35ae25b1534ae328c771e0856c93e187490ca824', time: '2016-03-15 10:43:46'
System info: host: 'EC2AMAZ-FEFP0OS', ip: '10.199.140.93', os.name: 'Windows NT (unknown)', os.arch: 'amd64', os.version: '10.0', java.version: '1.8.0_91'
Driver info: driver.version: RemoteWebDriver
	at org.openqa.selenium.remote.service.DriverCommandExecutor.execute(DriverCommandExecutor.java:91)
	at org.openqa.selenium.remote.RemoteWebDriver.execute(RemoteWebDriver.java:644)
	... 28 more
Caused by: org.apache.http.conn.HttpHostConnectException: Connect to localhost:53134 [localhost/127.0.0.1, localhost/0:0:0:0:0:0:0:1] failed: Connection refused: connect
	at org.apache.http.impl.conn.DefaultHttpClientConnectionOperator.connect(DefaultHttpClientConnectionOperator.java:151)
	at org.apache.http.impl.conn.PoolingHttpClientConnectionManager.connect(PoolingHttpClientConnectionManager.java:353)
	at org.apache.http.impl.execchain.MainClientExec.establishRoute(MainClientExec.java:380)
	at org.apache.http.impl.execchain.MainClientExec.execute(MainClientExec.java:236)
	at org.apache.http.impl.execchain.ProtocolExec.execute(ProtocolExec.java:184)
	at org.apache.http.impl.execchain.RetryExec.execute(RetryExec.java:88)
	at org.apache.http.impl.execchain.RedirectExec.execute(RedirectExec.java:110)
	at org.apache.http.impl.client.InternalHttpClient.doExecute(InternalHttpClient.java:184)
	at org.apache.http.impl.client.CloseableHttpClient.execute(CloseableHttpClient.java:71)
	at org.apache.http.impl.client.CloseableHttpClient.execute(CloseableHttpClient.java:55)
	at org.openqa.selenium.remote.internal.ApacheHttpClient.fallBackExecute(ApacheHttpClient.java:144)
	at org.openqa.selenium.remote.internal.ApacheHttpClient.execute(ApacheHttpClient.java:90)
	at org.openqa.selenium.remote.HttpCommandExecutor.execute(HttpCommandExecutor.java:142)
	at org.openqa.selenium.remote.service.DriverCommandExecutor.execute(DriverCommandExecutor.java:82)
	... 29 more
Caused by: java.net.ConnectException: Connection refused: connect
	at java.net.DualStackPlainSocketImpl.waitForConnect(Native Method)
	at java.net.DualStackPlainSocketImpl.socketConnect(DualStackPlainSocketImpl.java:85)
	at java.net.AbstractPlainSocketImpl.doConnect(AbstractPlainSocketImpl.java:350)
	at java.net.AbstractPlainSocketImpl.connectToAddress(AbstractPlainSocketImpl.java:206)
	at java.net.AbstractPlainSocketImpl.connect(AbstractPlainSocketImpl.java:188)
	at java.net.PlainSocketImpl.connect(PlainSocketImpl.java:172)
	at java.net.SocksSocketImpl.connect(SocksSocketImpl.java:392)
	at java.net.Socket.connect(Socket.java:589)
	at org.apache.http.conn.socket.PlainConnectionSocketFactory.connectSocket(PlainConnectionSocketFactory.java:74)
	at org.apache.http.impl.conn.DefaultHttpClientConnectionOperator.connect(DefaultHttpClientConnectionOperator.java:134)
	... 42 more
</stdErr>
    <exception>Socket closed</exception>
  </executionLog>
  <finalCounts>
    <right>9</right>
    <wrong>0</wrong>
    <ignores>0</ignores>
    <exceptions>4</exceptions>
  </finalCounts>
  <totalRunTimeInMillis>283556</totalRunTimeInMillis>
</suiteResults>

